# Global Best Swaps Only - FIXED THREAD-SAFE DEBUG MODE
# Started on: 2025-08-03T11:47:22.727
# Format: Timestamp | Step | Particle | Operation | Indices | Local | Global | Status
# Note: Each global best S-box is saved in debug_sboxes/ directory
# FIXED: Thread-safe implementation to prevent race conditions

=================================================================================
2025-08-03T11:47:23.030 | Step 1 | Particle 6 | GLOBAL BEST ACHIEVED!
Global Improvement: 10.0
All moves in this step:
  Move 1: TRIPLE_SWAP | Indices: (214, 50, 146) | Local Improvement: 10.0
=================================================================================
=================================================================================
2025-08-03T11:47:23.061 | Step 1 | Particle 44 | GLOBAL BEST ACHIEVED!
Global Improvement: 12.0
All moves in this step:
  Move 1: TRIPLE_SWAP | Indices: (15, 98, 165) | Local Improvement: 12.0
=================================================================================
=================================================================================
2025-08-03T11:47:23.071 | Step 1 | Particle 92 | GLOBAL BEST ACHIEVED!
Global Improvement: 14.0
All moves in this step:
  Move 1: TRIPLE_SWAP | Indices: (35, 62, 85) | Local Improvement: 8.0
  Move 2: RANDOM_SWAP | Indices: (143, 38) | Local Improvement: 0.0
=================================================================================
=================================================================================
2025-08-03T11:47:23.251 | Step 2 | Particle 4 | GLOBAL BEST ACHIEVED!
Global Improvement: 4.0
All moves in this step:
  Move 1: GUIDED_SWAP_TO_GBEST | Indices: (62, 35) | Local Improvement: 0.0
  Move 2: GUIDED_SWAP_TO_GBEST | Indices: (38, 143) | Local Improvement: 0.0
  Move 3: GUIDED_SWAP_TO_GBEST | Indices: (85, 35) | Local Improvement: 0.0
  Move 4: GUIDED_SWAP_TO_PBEST | Indices: (143, 38) | Local Improvement: 0.0
  Move 5: GUIDED_SWAP_TO_PBEST | Indices: (85, 35) | Local Improvement: 0.0
  Move 6: GUIDED_SWAP_TO_PBEST | Indices: (35, 62) | Local Improvement: 0.0
  Move 7: GUIDED_SWAP_TO_GBEST | Indices: (143, 38) | Local Improvement: 0.0
  Move 8: GUIDED_SWAP_TO_GBEST | Indices: (85, 62) | Local Improvement: 0.0
  Move 9: GUIDED_SWAP_TO_GBEST | Indices: (35, 62) | Local Improvement: 0.0
  Move 10: GUIDED_SWAP_TO_PBEST | Indices: (143, 38) | Local Improvement: 0.0
  Move 11: GUIDED_SWAP_TO_PBEST | Indices: (85, 35) | Local Improvement: 0.0
  Move 12: GUIDED_SWAP_TO_PBEST | Indices: (35, 62) | Local Improvement: 0.0
  Move 13: GUIDED_SWAP_TO_GBEST | Indices: (38, 143) | Local Improvement: 0.0
  Move 14: GUIDED_SWAP_TO_GBEST | Indices: (85, 62) | Local Improvement: 0.0
  Move 15: GUIDED_SWAP_TO_GBEST | Indices: (35, 62) | Local Improvement: 0.0
  Move 16: TRIPLE_SWAP | Indices: (3, 253, 239) | Local Improvement: 4.0
=================================================================================
=================================================================================
2025-08-03T11:47:23.256 | Step 2 | Particle 32 | GLOBAL BEST ACHIEVED!
Global Improvement: 6.0
All moves in this step:
  Move 1: GUIDED_SWAP_TO_GBEST | Indices: (202, 150) | Local Improvement: 0.0
  Move 2: GUIDED_SWAP_TO_GBEST | Indices: (214, 150) | Local Improvement: 0.0
  Move 3: GUIDED_SWAP_TO_GBEST | Indices: (85, 62) | Local Improvement: 0.0
  Move 4: GUIDED_SWAP_TO_GBEST | Indices: (62, 35) | Local Improvement: 0.0
  Move 5: GUIDED_SWAP_TO_GBEST | Indices: (38, 143) | Local Improvement: 0.0
  Move 6: GUIDED_SWAP_TO_PBEST | Indices: (150, 202) | Local Improvement: 0.0
  Move 7: GUIDED_SWAP_TO_PBEST | Indices: (202, 214) | Local Improvement: 0.0
  Move 8: GUIDED_SWAP_TO_PBEST | Indices: (62, 85) | Local Improvement: 0.0
  Move 9: GUIDED_SWAP_TO_PBEST | Indices: (85, 35) | Local Improvement: 0.0
  Move 10: TRIPLE_SWAP | Indices: (125, 98, 189) | Local Improvement: 10.0
=================================================================================
=================================================================================
2025-08-03T11:47:23.487 | Step 3 | Particle 9 | GLOBAL BEST ACHIEVED!
Global Improvement: 2.0
All moves in this step:
  Move 1: GUIDED_SWAP_TO_GBEST | Indices: (98, 125) | Local Improvement: 0.0
  Move 2: GUIDED_SWAP_TO_GBEST | Indices: (189, 125) | Local Improvement: 0.0
  Move 3: GUIDED_SWAP_TO_GBEST | Indices: (143, 38) | Local Improvement: 0.0
  Move 4: GUIDED_SWAP_TO_GBEST | Indices: (99, 107) | Local Improvement: 0.0
  Move 5: GUIDED_SWAP_TO_GBEST | Indices: (150, 202) | Local Improvement: 0.0
  Move 6: GUIDED_SWAP_TO_PBEST | Indices: (189, 125) | Local Improvement: 0.0
  Move 7: GUIDED_SWAP_TO_PBEST | Indices: (38, 143) | Local Improvement: 0.0
  Move 8: GUIDED_SWAP_TO_PBEST | Indices: (125, 98) | Local Improvement: 0.0
  Move 9: GUIDED_SWAP_TO_GBEST | Indices: (38, 143) | Local Improvement: 0.0
  Move 10: GUIDED_SWAP_TO_GBEST | Indices: (62, 85) | Local Improvement: 0.0
  Move 11: GUIDED_SWAP_TO_GBEST | Indices: (107, 231) | Local Improvement: 0.0
  Move 12: GUIDED_SWAP_TO_GBEST | Indices: (35, 85) | Local Improvement: 0.0
  Move 13: GUIDED_SWAP_TO_GBEST | Indices: (189, 98) | Local Improvement: 0.0
  Move 14: GUIDED_SWAP_TO_GBEST | Indices: (202, 214) | Local Improvement: 0.0
  Move 15: GUIDED_SWAP_TO_GBEST | Indices: (125, 98) | Local Improvement: 0.0
  Move 16: TRIPLE_SWAP | Indices: (227, 48, 149) | Local Improvement: 2.0
=================================================================================
=================================================================================
2025-08-03T11:47:23.488 | Step 3 | Particle 14 | GLOBAL BEST ACHIEVED!
Global Improvement: 4.0
All moves in this step:
  Move 1: GUIDED_SWAP_TO_GBEST | Indices: (227, 103) | Local Improvement: 0.0
  Move 2: GUIDED_SWAP_TO_GBEST | Indices: (150, 202) | Local Improvement: 0.0
  Move 3: GUIDED_SWAP_TO_GBEST | Indices: (195, 76) | Local Improvement: 0.0
  Move 4: GUIDED_SWAP_TO_GBEST | Indices: (103, 233) | Local Improvement: 0.0
  Move 5: GUIDED_SWAP_TO_PBEST | Indices: (76, 195) | Local Improvement: 0.0
  Move 6: GUIDED_SWAP_TO_PBEST | Indices: (233, 103) | Local Improvement: 0.0
  Move 7: GUIDED_SWAP_TO_PBEST | Indices: (103, 227) | Local Improvement: 0.0
  Move 8: GUIDED_SWAP_TO_PBEST | Indices: (202, 150) | Local Improvement: 0.0
  Move 9: GUIDED_SWAP_TO_GBEST | Indices: (150, 202) | Local Improvement: 0.0
  Move 10: GUIDED_SWAP_TO_GBEST | Indices: (214, 202) | Local Improvement: 0.0
  Move 11: GUIDED_SWAP_TO_GBEST | Indices: (227, 103) | Local Improvement: 0.0
  Move 12: GUIDED_SWAP_TO_GBEST | Indices: (128, 239) | Local Improvement: 0.0
  Move 13: TRIPLE_SWAP | Indices: (122, 188, 140) | Local Improvement: 6.0
=================================================================================
=================================================================================
2025-08-03T11:47:23.695 | Step 4 | Particle 7 | GLOBAL BEST ACHIEVED!
Global Improvement: 4.0
All moves in this step:
  Move 1: GUIDED_SWAP_TO_GBEST | Indices: (76, 195) | Local Improvement: 0.0
  Move 2: GUIDED_SWAP_TO_GBEST | Indices: (122, 140) | Local Improvement: 0.0
  Move 3: GUIDED_SWAP_TO_GBEST | Indices: (160, 209) | Local Improvement: 0.0
  Move 4: GUIDED_SWAP_TO_GBEST | Indices: (85, 35) | Local Improvement: 0.0
  Move 5: GUIDED_SWAP_TO_GBEST | Indices: (189, 125) | Local Improvement: 0.0
  Move 6: GUIDED_SWAP_TO_PBEST | Indices: (122, 140) | Local Improvement: 0.0
  Move 7: GUIDED_SWAP_TO_PBEST | Indices: (125, 189) | Local Improvement: 0.0
  Move 8: GUIDED_SWAP_TO_PBEST | Indices: (85, 35) | Local Improvement: 0.0
  Move 9: GUIDED_SWAP_TO_PBEST | Indices: (195, 76) | Local Improvement: 0.0
  Move 10: GUIDED_SWAP_TO_GBEST | Indices: (35, 85) | Local Improvement: 0.0
  Move 11: GUIDED_SWAP_TO_GBEST | Indices: (233, 103) | Local Improvement: 0.0
  Move 12: GUIDED_SWAP_TO_GBEST | Indices: (189, 125) | Local Improvement: 0.0
  Move 13: GUIDED_SWAP_TO_GBEST | Indices: (188, 122) | Local Improvement: 0.0
  Move 14: GUIDED_SWAP_TO_PBEST | Indices: (160, 209) | Local Improvement: 0.0
  Move 15: GUIDED_SWAP_TO_PBEST | Indices: (125, 189) | Local Improvement: 0.0
  Move 16: GUIDED_SWAP_TO_PBEST | Indices: (122, 188) | Local Improvement: 0.0
  Move 17: GUIDED_SWAP_TO_PBEST | Indices: (85, 35) | Local Improvement: 0.0
  Move 18: GUIDED_SWAP_TO_GBEST | Indices: (140, 188) | Local Improvement: 0.0
  Move 19: GUIDED_SWAP_TO_GBEST | Indices: (195, 76) | Local Improvement: 0.0
  Move 20: GUIDED_SWAP_TO_GBEST | Indices: (125, 98) | Local Improvement: 0.0
  Move 21: GUIDED_SWAP_TO_GBEST | Indices: (209, 160) | Local Improvement: 0.0
  Move 22: GUIDED_SWAP_TO_GBEST | Indices: (35, 85) | Local Improvement: 0.0
  Move 23: TRIPLE_SWAP | Indices: (151, 188, 18) | Local Improvement: 6.0
=================================================================================
=================================================================================
2025-08-03T11:47:23.712 | Step 4 | Particle 92 | GLOBAL BEST ACHIEVED!
Global Improvement: 6.0
All moves in this step:
  Move 1: GUIDED_SWAP_TO_GBEST | Indices: (76, 195) | Local Improvement: 0.0
  Move 2: GUIDED_SWAP_TO_GBEST | Indices: (225, 53) | Local Improvement: 0.0
  Move 3: GUIDED_SWAP_TO_GBEST | Indices: (35, 85) | Local Improvement: 0.0
  Move 4: GUIDED_SWAP_TO_GBEST | Indices: (125, 98) | Local Improvement: 0.0
  Move 5: GUIDED_SWAP_TO_GBEST | Indices: (98, 189) | Local Improvement: 0.0
  Move 6: GUIDED_SWAP_TO_GBEST | Indices: (53, 64) | Local Improvement: 0.0
  Move 7: GUIDED_SWAP_TO_GBEST | Indices: (233, 103) | Local Improvement: 0.0
  Move 8: GUIDED_SWAP_TO_GBEST | Indices: (122, 140) | Local Improvement: 0.0
  Move 9: GUIDED_SWAP_TO_GBEST | Indices: (209, 160) | Local Improvement: 0.0
  Move 10: GUIDED_SWAP_TO_PBEST | Indices: (64, 53) | Local Improvement: 0.0
  Move 11: GUIDED_SWAP_TO_PBEST | Indices: (140, 122) | Local Improvement: 0.0
  Move 12: GUIDED_SWAP_TO_PBEST | Indices: (125, 189) | Local Improvement: 0.0
  Move 13: GUIDED_SWAP_TO_PBEST | Indices: (225, 53) | Local Improvement: 0.0
  Move 14: GUIDED_SWAP_TO_PBEST | Indices: (76, 195) | Local Improvement: 0.0
  Move 15: TRIPLE_SWAP | Indices: (209, 12, 87) | Local Improvement: 4.0
=================================================================================
=================================================================================
2025-08-03T11:47:23.757 | Step 5 | Particle 31 | GLOBAL BEST ACHIEVED!
Global Improvement: 2.0
All moves in this step:
  Move 1: GUIDED_SWAP_TO_GBEST | Indices: (12, 209) | Local Improvement: 0.0
  Move 2: GUIDED_SWAP_TO_GBEST | Indices: (53, 225) | Local Improvement: 0.0
  Move 3: GUIDED_SWAP_TO_GBEST | Indices: (87, 209) | Local Improvement: 0.0
  Move 4: GUIDED_SWAP_TO_GBEST | Indices: (64, 225) | Local Improvement: 0.0
  Move 5: GUIDED_SWAP_TO_GBEST | Indices: (125, 189) | Local Improvement: 0.0
  Move 6: GUIDED_SWAP_TO_PBEST | Indices: (189, 125) | Local Improvement: 0.0
  Move 7: GUIDED_SWAP_TO_PBEST | Indices: (225, 53) | Local Improvement: 0.0
  Move 8: GUIDED_SWAP_TO_PBEST | Indices: (87, 209) | Local Improvement: 0.0
  Move 9: GUIDED_SWAP_TO_PBEST | Indices: (64, 53) | Local Improvement: 0.0
  Move 10: GUIDED_SWAP_TO_PBEST | Indices: (12, 209) | Local Improvement: 0.0
  Move 11: GUIDED_SWAP_TO_GBEST | Indices: (225, 64) | Local Improvement: 0.0
  Move 12: GUIDED_SWAP_TO_GBEST | Indices: (64, 53) | Local Improvement: 0.0
  Move 13: GUIDED_SWAP_TO_GBEST | Indices: (12, 209) | Local Improvement: 0.0
  Move 14: GUIDED_SWAP_TO_GBEST | Indices: (209, 87) | Local Improvement: 0.0
  Move 15: GUIDED_SWAP_TO_GBEST | Indices: (76, 195) | Local Improvement: 0.0
  Move 16: GUIDED_SWAP_TO_GBEST | Indices: (125, 189) | Local Improvement: 0.0
  Move 17: GUIDED_SWAP_TO_GBEST | Indices: (156, 71) | Local Improvement: 0.0
  Move 18: GUIDED_SWAP_TO_GBEST | Indices: (71, 152) | Local Improvement: 0.0
  Move 19: TRIPLE_SWAP | Indices: (24, 212, 48) | Local Improvement: 2.0
=================================================================================
=================================================================================
2025-08-03T11:47:23.763 | Step 5 | Particle 61 | GLOBAL BEST ACHIEVED!
Global Improvement: 6.0
All moves in this step:
  Move 1: GUIDED_SWAP_TO_GBEST | Indices: (53, 225) | Local Improvement: 0.0
  Move 2: GUIDED_SWAP_TO_GBEST | Indices: (125, 189) | Local Improvement: 0.0
  Move 3: GUIDED_SWAP_TO_GBEST | Indices: (12, 160) | Local Improvement: 0.0
  Move 4: GUIDED_SWAP_TO_GBEST | Indices: (122, 188) | Local Improvement: 0.0
  Move 5: GUIDED_SWAP_TO_GBEST | Indices: (76, 195) | Local Improvement: 0.0
  Move 6: TRIPLE_SWAP | Indices: (131, 246, 122) | Local Improvement: 6.0
=================================================================================
=================================================================================
2025-08-03T11:47:23.809 | Step 6 | Particle 20 | GLOBAL BEST ACHIEVED!
Global Improvement: 2.0
All moves in this step:
  Move 1: GUIDED_SWAP_TO_GBEST | Indices: (12, 87) | Local Improvement: 0.0
  Move 2: GUIDED_SWAP_TO_GBEST | Indices: (125, 189) | Local Improvement: 0.0
  Move 3: GUIDED_SWAP_TO_GBEST | Indices: (122, 246) | Local Improvement: 0.0
  Move 4: GUIDED_SWAP_TO_GBEST | Indices: (76, 195) | Local Improvement: 0.0
  Move 5: GUIDED_SWAP_TO_GBEST | Indices: (239, 48) | Local Improvement: 0.0
  Move 6: GUIDED_SWAP_TO_PBEST | Indices: (239, 48) | Local Improvement: 0.0
  Move 7: GUIDED_SWAP_TO_PBEST | Indices: (149, 50) | Local Improvement: 0.0
  Move 8: GUIDED_SWAP_TO_PBEST | Indices: (140, 188) | Local Improvement: 0.0
  Move 9: GUIDED_SWAP_TO_PBEST | Indices: (125, 189) | Local Improvement: 0.0
  Move 10: GUIDED_SWAP_TO_GBEST | Indices: (50, 149) | Local Improvement: 0.0
  Move 11: GUIDED_SWAP_TO_GBEST | Indices: (209, 160) | Local Improvement: 0.0
  Move 12: GUIDED_SWAP_TO_GBEST | Indices: (188, 140) | Local Improvement: 0.0
  Move 13: GUIDED_SWAP_TO_GBEST | Indices: (189, 125) | Local Improvement: 0.0
  Move 14: GUIDED_SWAP_TO_GBEST | Indices: (239, 48) | Local Improvement: 0.0
  Move 15: GUIDED_SWAP_TO_PBEST | Indices: (246, 122) | Local Improvement: 0.0
  Move 16: GUIDED_SWAP_TO_PBEST | Indices: (122, 140) | Local Improvement: 0.0
  Move 17: GUIDED_SWAP_TO_PBEST | Indices: (87, 160) | Local Improvement: 0.0
  Move 18: GUIDED_SWAP_TO_PBEST | Indices: (76, 195) | Local Improvement: 0.0
  Move 19: GUIDED_SWAP_TO_PBEST | Indices: (225, 53) | Local Improvement: 0.0
  Move 20: GUIDED_SWAP_TO_GBEST | Indices: (53, 225) | Local Improvement: 0.0
  Move 21: GUIDED_SWAP_TO_GBEST | Indices: (122, 246) | Local Improvement: 0.0
  Move 22: GUIDED_SWAP_TO_GBEST | Indices: (140, 246) | Local Improvement: 0.0
  Move 23: GUIDED_SWAP_TO_GBEST | Indices: (76, 195) | Local Improvement: 0.0
  Move 24: GUIDED_SWAP_TO_GBEST | Indices: (246, 131) | Local Improvement: 0.0
=================================================================================
=================================================================================
2025-08-03T11:47:23.862 | Step 7 | Particle 20 | GLOBAL BEST ACHIEVED!
Global Improvement: 2.0
All moves in this step:
  Move 1: TRIPLE_SWAP | Indices: (143, 114, 230) | Local Improvement: 2.0
=================================================================================
=================================================================================
2025-08-03T11:47:23.867 | Step 7 | Particle 41 | GLOBAL BEST ACHIEVED!
Global Improvement: 4.0
All moves in this step:
  Move 1: GUIDED_SWAP_TO_GBEST | Indices: (122, 246) | Local Improvement: 0.0
  Move 2: GUIDED_SWAP_TO_GBEST | Indices: (62, 85) | Local Improvement: 0.0
  Move 3: GUIDED_SWAP_TO_GBEST | Indices: (54, 239) | Local Improvement: 0.0
  Move 4: GUIDED_SWAP_TO_GBEST | Indices: (225, 53) | Local Improvement: 0.0
  Move 5: GUIDED_SWAP_TO_PBEST | Indices: (122, 246) | Local Improvement: 0.0
  Move 6: GUIDED_SWAP_TO_PBEST | Indices: (239, 54) | Local Improvement: 0.0
  Move 7: GUIDED_SWAP_TO_PBEST | Indices: (53, 225) | Local Improvement: 0.0
  Move 8: GUIDED_SWAP_TO_PBEST | Indices: (87, 12) | Local Improvement: 0.0
  Move 9: GUIDED_SWAP_TO_PBEST | Indices: (21, 222) | Local Improvement: 0.0
  Move 10: GUIDED_SWAP_TO_GBEST | Indices: (194, 149) | Local Improvement: 0.0
  Move 11: GUIDED_SWAP_TO_GBEST | Indices: (131, 122) | Local Improvement: 0.0
  Move 12: GUIDED_SWAP_TO_GBEST | Indices: (122, 246) | Local Improvement: 0.0
  Move 13: GUIDED_SWAP_TO_GBEST | Indices: (225, 53) | Local Improvement: 0.0
  Move 14: GUIDED_SWAP_TO_GBEST | Indices: (12, 87) | Local Improvement: 0.0
  Move 15: GUIDED_SWAP_TO_GBEST | Indices: (54, 239) | Local Improvement: 0.0
  Move 16: GUIDED_SWAP_TO_GBEST | Indices: (21, 222) | Local Improvement: 0.0
  Move 17: GUIDED_SWAP_TO_GBEST | Indices: (87, 160) | Local Improvement: 0.0
  Move 18: TRIPLE_SWAP | Indices: (107, 185, 204) | Local Improvement: 4.0
=================================================================================
=================================================================================
2025-08-03T11:47:24 | Step 8 | Particle 44 | GLOBAL BEST ACHIEVED!
Global Improvement: 2.0
All moves in this step:
  Move 1: GUIDED_SWAP_TO_GBEST | Indices: (185, 107) | Local Improvement: 0.0
  Move 2: GUIDED_SWAP_TO_GBEST | Indices: (107, 204) | Local Improvement: 0.0
  Move 3: GUIDED_SWAP_TO_GBEST | Indices: (248, 96) | Local Improvement: 0.0
  Move 4: GUIDED_SWAP_TO_PBEST | Indices: (96, 248) | Local Improvement: 0.0
  Move 5: GUIDED_SWAP_TO_PBEST | Indices: (107, 185) | Local Improvement: 0.0
  Move 6: GUIDED_SWAP_TO_PBEST | Indices: (185, 204) | Local Improvement: 0.0
  Move 7: GUIDED_SWAP_TO_GBEST | Indices: (185, 107) | Local Improvement: 0.0
  Move 8: GUIDED_SWAP_TO_GBEST | Indices: (107, 204) | Local Improvement: 0.0
  Move 9: GUIDED_SWAP_TO_GBEST | Indices: (248, 96) | Local Improvement: 0.0
  Move 10: GUIDED_SWAP_TO_PBEST | Indices: (204, 107) | Local Improvement: 0.0
  Move 11: GUIDED_SWAP_TO_PBEST | Indices: (248, 96) | Local Improvement: 0.0
  Move 12: GUIDED_SWAP_TO_PBEST | Indices: (107, 185) | Local Improvement: 0.0
  Move 13: GUIDED_SWAP_TO_GBEST | Indices: (204, 185) | Local Improvement: 0.0
  Move 14: GUIDED_SWAP_TO_GBEST | Indices: (107, 185) | Local Improvement: 0.0
  Move 15: GUIDED_SWAP_TO_GBEST | Indices: (248, 96) | Local Improvement: 0.0
  Move 16: TRIPLE_SWAP | Indices: (182, 246, 70) | Local Improvement: 2.0
=================================================================================
=================================================================================
2025-08-03T11:47:24.286 | Step 10 | Particle 58 | GLOBAL BEST ACHIEVED!
Global Improvement: 2.0
All moves in this step:
  Move 1: TRIPLE_SWAP | Indices: (203, 47, 153) | Local Improvement: 2.0
=================================================================================
=================================================================================
2025-08-03T11:47:24.477 | Step 14 | Particle 4 | GLOBAL BEST ACHIEVED!
Global Improvement: 2.0
All moves in this step:
  Move 1: TRIPLE_SWAP | Indices: (174, 21, 78) | Local Improvement: 2.0
=================================================================================
=================================================================================
2025-08-03T11:47:24.568 | Step 16 | Particle 15 | GLOBAL BEST ACHIEVED!
Global Improvement: 2.0
All moves in this step:
  Move 1: GUIDED_SWAP_TO_PBEST | Indices: (7, 193) | Local Improvement: 0.0
  Move 2: GUIDED_SWAP_TO_PBEST | Indices: (129, 119) | Local Improvement: 0.0
  Move 3: GUIDED_SWAP_TO_PBEST | Indices: (78, 174) | Local Improvement: 0.0
  Move 4: GUIDED_SWAP_TO_PBEST | Indices: (131, 115) | Local Improvement: 0.0
  Move 5: GUIDED_SWAP_TO_GBEST | Indices: (174, 78) | Local Improvement: 0.0
  Move 6: GUIDED_SWAP_TO_GBEST | Indices: (244, 63) | Local Improvement: 0.0
  Move 7: GUIDED_SWAP_TO_GBEST | Indices: (190, 98) | Local Improvement: 0.0
  Move 8: GUIDED_SWAP_TO_PBEST | Indices: (21, 78) | Local Improvement: 0.0
  Move 9: GUIDED_SWAP_TO_PBEST | Indices: (78, 174) | Local Improvement: 0.0
  Move 10: GUIDED_SWAP_TO_GBEST | Indices: (21, 174) | Local Improvement: 0.0
  Move 11: GUIDED_SWAP_TO_GBEST | Indices: (78, 174) | Local Improvement: 0.0
  Move 12: TRIPLE_SWAP | Indices: (69, 71, 197) | Local Improvement: 2.0
=================================================================================
=================================================================================
2025-08-03T11:47:26.170 | Step 42 | Particle 41 | GLOBAL BEST ACHIEVED!
Global Improvement: 2.0
All moves in this step:
  Move 1: TRIPLE_SWAP | Indices: (15, 233, 158) | Local Improvement: 2.0
=================================================================================
=================================================================================
2025-08-03T11:47:48.834 | Step 296 | Particle 69 | GLOBAL BEST ACHIEVED!
Global Improvement: 2.0
All moves in this step:
  Move 1: TRIPLE_SWAP | Indices: (180, 92, 167) | Local Improvement: 2.0
=================================================================================
=================================================================================
2025-08-03T11:47:51.338 | Step 326 | Particle 40 | GLOBAL BEST ACHIEVED!
Global Improvement: 2.0
All moves in this step:
  Move 1: TRIPLE_SWAP | Indices: (147, 23, 249) | Local Improvement: 2.0
=================================================================================
=================================================================================
2025-08-03T11:48:49.251 | Step 1007 | Particle 29 | GLOBAL BEST ACHIEVED!
Global Improvement: 2.0
All moves in this step:
  Move 1: GUIDED_SWAP_TO_PBEST | Indices: (204, 184) | Local Improvement: 0.0
  Move 2: GUIDED_SWAP_TO_PBEST | Indices: (80, 219) | Local Improvement: 0.0
  Move 3: GUIDED_SWAP_TO_PBEST | Indices: (88, 158) | Local Improvement: 0.0
  Move 4: TRIPLE_SWAP | Indices: (245, 54, 150) | Local Improvement: 2.0
=================================================================================
=================================================================================
2025-08-03T11:49:12.969 | Step 1278 | Particle 9 | GLOBAL BEST ACHIEVED!
Global Improvement: 2.0
All moves in this step:
  Move 1: GUIDED_SWAP_TO_PBEST | Indices: (36, 143) | Local Improvement: 0.0
  Move 2: GUIDED_SWAP_TO_PBEST | Indices: (198, 67) | Local Improvement: 0.0
  Move 3: GUIDED_SWAP_TO_PBEST | Indices: (108, 228) | Local Improvement: 0.0
  Move 4: GUIDED_SWAP_TO_GBEST | Indices: (90, 6) | Local Improvement: 0.0
  Move 5: GUIDED_SWAP_TO_GBEST | Indices: (237, 71) | Local Improvement: 0.0
  Move 6: RANDOM_SWAP | Indices: (67, 80) | Local Improvement: 0.0
=================================================================================
=================================================================================
2025-08-03T11:49:23.767 | Step 1398 | Particle 83 | GLOBAL BEST ACHIEVED!
Global Improvement: 2.0
All moves in this step:
  Move 1: GUIDED_SWAP_TO_PBEST | Indices: (15, 253) | Local Improvement: 0.0
  Move 2: TRIPLE_SWAP | Indices: (79, 45, 175) | Local Improvement: 2.0
=================================================================================
=================================================================================
2025-08-03T11:50:05.825 | Step 1878 | Particle 17 | GLOBAL BEST ACHIEVED!
Global Improvement: 2.0
All moves in this step:
  Move 1: TRIPLE_SWAP | Indices: (59, 204, 109) | Local Improvement: 2.0
=================================================================================
=================================================================================
2025-08-03T11:50:54.941 | Step 2450 | Particle 44 | GLOBAL BEST ACHIEVED!
Global Improvement: 2.0
All moves in this step:
  Move 1: TRIPLE_SWAP | Indices: (141, 216, 182) | Local Improvement: 2.0
=================================================================================
=================================================================================
2025-08-03T11:52:46.422 | Step 3711 | Particle 16 | GLOBAL BEST ACHIEVED!
Global Improvement: 2.0
All moves in this step:
  Move 1: GUIDED_SWAP_TO_PBEST | Indices: (24, 198) | Local Improvement: 0.0
  Move 2: GUIDED_SWAP_TO_PBEST | Indices: (222, 8) | Local Improvement: 0.0
  Move 3: GUIDED_SWAP_TO_PBEST | Indices: (111, 133) | Local Improvement: 0.0
  Move 4: TRIPLE_SWAP | Indices: (232, 52, 176) | Local Improvement: 2.0
=================================================================================
