# V4: PERTURBATION KAPALI - Ablation Study
# Started on: 2026-01-20T21:40:43.563

=================================================================================
2026-01-20T21:40:43.719 | Step 1 | Particle 2 | GLOBAL BEST!
Global Improvement: 0.0048412698412698685
  Move 1: TRIPLE_SWAP | Indices: (153, 114, 141)
=================================================================================
=================================================================================
2026-01-20T21:40:43.742 | Step 1 | Particle 13 | GLOBAL BEST!
Global Improvement: 0.0014282614087299805
  Move 1: TRIPLE_SWAP | Indices: (7, 105, 23)
=================================================================================
=================================================================================
2026-01-20T21:40:43.745 | Step 1 | Particle 19 | GLOBAL BEST!
Global Improvement: 0.0007266865079367246
  Move 1: TRIPLE_SWAP | Indices: (179, 23, 245)
=================================================================================
=================================================================================
2026-01-20T21:40:43.760 | Step 1 | Particle 57 | GLOBAL BEST!
Global Improvement: 0.0011263020833331971
  Move 1: TRIPLE_SWAP | Indices: (52, 149, 94)
=================================================================================
=================================================================================
2026-01-20T21:40:43.917 | Step 2 | Particle 2 | GLOBAL BEST!
Global Improvement: 0.00033854166666680285
  Move 1: GUIDED_SWAP_TO_GBEST | Indices: (149, 52)
  Move 2: GUIDED_SWAP_TO_GBEST | Indices: (141, 153)
  Move 3: GUIDED_SWAP_TO_GBEST | Indices: (114, 153)
  Move 4: GUIDED_SWAP_TO_GBEST | Indices: (52, 94)
  Move 5: GUIDED_SWAP_TO_PBEST | Indices: (149, 94)
  Move 6: GUIDED_SWAP_TO_PBEST | Indices: (52, 94)
  Move 7: GUIDED_SWAP_TO_PBEST | Indices: (141, 114)
  Move 8: GUIDED_SWAP_TO_PBEST | Indices: (153, 114)
  Move 9: GUIDED_SWAP_TO_GBEST | Indices: (52, 94)
  Move 10: GUIDED_SWAP_TO_GBEST | Indices: (114, 141)
  Move 11: GUIDED_SWAP_TO_GBEST | Indices: (94, 149)
  Move 12: GUIDED_SWAP_TO_GBEST | Indices: (153, 141)
  Move 13: GUIDED_SWAP_TO_PBEST | Indices: (153, 141)
  Move 14: GUIDED_SWAP_TO_PBEST | Indices: (141, 114)
  Move 15: GUIDED_SWAP_TO_PBEST | Indices: (149, 94)
  Move 16: GUIDED_SWAP_TO_PBEST | Indices: (94, 52)
  Move 17: GUIDED_SWAP_TO_GBEST | Indices: (141, 153)
  Move 18: GUIDED_SWAP_TO_GBEST | Indices: (153, 114)
  Move 19: GUIDED_SWAP_TO_GBEST | Indices: (94, 149)
  Move 20: GUIDED_SWAP_TO_GBEST | Indices: (149, 52)
  Move 21: TRIPLE_SWAP | Indices: (110, 88, 21)
=================================================================================
=================================================================================
2026-01-20T21:40:43.930 | Step 2 | Particle 5 | GLOBAL BEST!
Global Improvement: 0.00034505208333324155
  Move 1: GUIDED_SWAP_TO_GBEST | Indices: (220, 235)
  Move 2: GUIDED_SWAP_TO_GBEST | Indices: (235, 46)
  Move 3: GUIDED_SWAP_TO_GBEST | Indices: (52, 94)
  Move 4: GUIDED_SWAP_TO_GBEST | Indices: (94, 149)
  Move 5: GUIDED_SWAP_TO_PBEST | Indices: (220, 46)
  Move 6: GUIDED_SWAP_TO_PBEST | Indices: (94, 52)
  Move 7: GUIDED_SWAP_TO_PBEST | Indices: (52, 149)
  Move 8: GUIDED_SWAP_TO_PBEST | Indices: (46, 235)
  Move 9: GUIDED_SWAP_TO_GBEST | Indices: (220, 235)
  Move 10: GUIDED_SWAP_TO_GBEST | Indices: (235, 46)
  Move 11: GUIDED_SWAP_TO_GBEST | Indices: (149, 52)
  Move 12: GUIDED_SWAP_TO_GBEST | Indices: (94, 52)
  Move 13: GUIDED_SWAP_TO_PBEST | Indices: (94, 52)
  Move 14: GUIDED_SWAP_TO_PBEST | Indices: (149, 52)
  Move 15: GUIDED_SWAP_TO_PBEST | Indices: (220, 46)
  Move 16: GUIDED_SWAP_TO_PBEST | Indices: (46, 235)
  Move 17: GUIDED_SWAP_TO_GBEST | Indices: (52, 94)
  Move 18: GUIDED_SWAP_TO_GBEST | Indices: (46, 220)
  Move 19: GUIDED_SWAP_TO_GBEST | Indices: (235, 220)
  Move 20: GUIDED_SWAP_TO_GBEST | Indices: (149, 94)
  Move 21: TRIPLE_SWAP | Indices: (49, 129, 90)
=================================================================================
=================================================================================
2026-01-20T21:40:43.934 | Step 2 | Particle 15 | GLOBAL BEST!
Global Improvement: 0.0007356770833333304
  Move 1: GUIDED_SWAP_TO_GBEST | Indices: (52, 94)
  Move 2: GUIDED_SWAP_TO_GBEST | Indices: (94, 149)
  Move 3: GUIDED_SWAP_TO_PBEST | Indices: (149, 94)
  Move 4: GUIDED_SWAP_TO_PBEST | Indices: (52, 94)
  Move 5: GUIDED_SWAP_TO_GBEST | Indices: (52, 94)
  Move 6: GUIDED_SWAP_TO_GBEST | Indices: (149, 94)
  Move 7: GUIDED_SWAP_TO_PBEST | Indices: (52, 149)
  Move 8: GUIDED_SWAP_TO_PBEST | Indices: (94, 149)
  Move 9: GUIDED_SWAP_TO_GBEST | Indices: (94, 149)
  Move 10: GUIDED_SWAP_TO_GBEST | Indices: (149, 52)
  Move 11: TRIPLE_SWAP | Indices: (130, 55, 107)
=================================================================================
=================================================================================
2026-01-20T21:40:43.941 | Step 2 | Particle 29 | GLOBAL BEST!
Global Improvement: 0.0007356770833333304
  Move 1: GUIDED_SWAP_TO_GBEST | Indices: (52, 94)
  Move 2: GUIDED_SWAP_TO_GBEST | Indices: (149, 94)
  Move 3: GUIDED_SWAP_TO_PBEST | Indices: (94, 52)
  Move 4: GUIDED_SWAP_TO_PBEST | Indices: (52, 149)
  Move 5: GUIDED_SWAP_TO_GBEST | Indices: (149, 52)
  Move 6: GUIDED_SWAP_TO_GBEST | Indices: (94, 52)
  Move 7: GUIDED_SWAP_TO_PBEST | Indices: (94, 52)
  Move 8: GUIDED_SWAP_TO_PBEST | Indices: (149, 52)
  Move 9: GUIDED_SWAP_TO_GBEST | Indices: (94, 149)
  Move 10: GUIDED_SWAP_TO_GBEST | Indices: (52, 149)
  Move 11: TRIPLE_SWAP | Indices: (72, 247, 132)
=================================================================================
=================================================================================
2026-01-20T21:40:43.985 | Step 2 | Particle 143 | GLOBAL BEST!
Global Improvement: 0.0012239583333333304
  Move 1: GUIDED_SWAP_TO_GBEST | Indices: (149, 52)
  Move 2: GUIDED_SWAP_TO_GBEST | Indices: (94, 52)
  Move 3: GUIDED_SWAP_TO_GBEST | Indices: (188, 19)
  Move 4: GUIDED_SWAP_TO_GBEST | Indices: (19, 41)
  Move 5: TRIPLE_SWAP | Indices: (83, 203, 126)
=================================================================================
=================================================================================
2026-01-20T21:40:44.263 | Step 3 | Particle 4 | GLOBAL BEST!
Global Improvement: 0.001028645833333286
  Move 1: GUIDED_SWAP_TO_GBEST | Indices: (126, 203)
  Move 2: GUIDED_SWAP_TO_GBEST | Indices: (83, 203)
  Move 3: TRIPLE_SWAP | Indices: (155, 146, 6)
=================================================================================
=================================================================================
2026-01-20T21:40:44.278 | Step 3 | Particle 41 | GLOBAL BEST!
Global Improvement: 0.0006380208333331971
  Move 1: GUIDED_SWAP_TO_GBEST | Indices: (83, 126)
  Move 2: GUIDED_SWAP_TO_GBEST | Indices: (214, 84)
  Move 3: GUIDED_SWAP_TO_GBEST | Indices: (84, 78)
  Move 4: GUIDED_SWAP_TO_GBEST | Indices: (126, 203)
  Move 5: GUIDED_SWAP_TO_PBEST | Indices: (214, 78)
  Move 6: GUIDED_SWAP_TO_PBEST | Indices: (83, 203)
  Move 7: GUIDED_SWAP_TO_PBEST | Indices: (126, 203)
  Move 8: GUIDED_SWAP_TO_PBEST | Indices: (84, 78)
  Move 9: GUIDED_SWAP_TO_GBEST | Indices: (83, 126)
  Move 10: GUIDED_SWAP_TO_GBEST | Indices: (203, 126)
  Move 11: GUIDED_SWAP_TO_GBEST | Indices: (214, 84)
  Move 12: GUIDED_SWAP_TO_GBEST | Indices: (84, 78)
  Move 13: GUIDED_SWAP_TO_PBEST | Indices: (84, 214)
  Move 14: GUIDED_SWAP_TO_PBEST | Indices: (203, 126)
  Move 15: GUIDED_SWAP_TO_PBEST | Indices: (78, 214)
  Move 16: GUIDED_SWAP_TO_PBEST | Indices: (83, 126)
  Move 17: GUIDED_SWAP_TO_GBEST | Indices: (203, 83)
  Move 18: GUIDED_SWAP_TO_GBEST | Indices: (126, 83)
  Move 19: GUIDED_SWAP_TO_GBEST | Indices: (214, 84)
  Move 20: GUIDED_SWAP_TO_GBEST | Indices: (84, 78)
  Move 21: TRIPLE_SWAP | Indices: (123, 255, 253)
=================================================================================
=================================================================================
2026-01-20T21:40:44.280 | Step 3 | Particle 47 | GLOBAL BEST!
Global Improvement: 0.0001953125000000444
  Move 1: GUIDED_SWAP_TO_GBEST | Indices: (126, 203)
  Move 2: GUIDED_SWAP_TO_GBEST | Indices: (203, 83)
  Move 3: GUIDED_SWAP_TO_PBEST | Indices: (83, 203)
  Move 4: GUIDED_SWAP_TO_PBEST | Indices: (203, 126)
  Move 5: GUIDED_SWAP_TO_GBEST | Indices: (83, 126)
  Move 6: GUIDED_SWAP_TO_GBEST | Indices: (203, 126)
  Move 7: GUIDED_SWAP_TO_PBEST | Indices: (83, 203)
  Move 8: GUIDED_SWAP_TO_PBEST | Indices: (203, 126)
  Move 9: GUIDED_SWAP_TO_GBEST | Indices: (126, 203)
  Move 10: GUIDED_SWAP_TO_GBEST | Indices: (83, 203)
  Move 11: TRIPLE_SWAP | Indices: (119, 129, 111)
=================================================================================
=================================================================================
2026-01-20T21:40:44.427 | Step 4 | Particle 9 | GLOBAL BEST!
Global Improvement: 0.0007356770833333304
  Move 1: GUIDED_SWAP_TO_GBEST | Indices: (88, 240)
  Move 2: GUIDED_SWAP_TO_GBEST | Indices: (240, 213)
  Move 3: GUIDED_SWAP_TO_GBEST | Indices: (111, 129)
  Move 4: GUIDED_SWAP_TO_GBEST | Indices: (129, 119)
  Move 5: GUIDED_SWAP_TO_PBEST | Indices: (88, 213)
  Move 6: GUIDED_SWAP_TO_PBEST | Indices: (240, 213)
  Move 7: GUIDED_SWAP_TO_PBEST | Indices: (111, 119)
  Move 8: GUIDED_SWAP_TO_PBEST | Indices: (129, 119)
  Move 9: GUIDED_SWAP_TO_GBEST | Indices: (111, 129)
  Move 10: GUIDED_SWAP_TO_GBEST | Indices: (119, 129)
  Move 11: GUIDED_SWAP_TO_GBEST | Indices: (240, 213)
  Move 12: GUIDED_SWAP_TO_GBEST | Indices: (213, 88)
  Move 13: GUIDED_SWAP_TO_PBEST | Indices: (88, 213)
  Move 14: GUIDED_SWAP_TO_PBEST | Indices: (213, 240)
  Move 15: GUIDED_SWAP_TO_PBEST | Indices: (129, 111)
  Move 16: GUIDED_SWAP_TO_PBEST | Indices: (111, 119)
  Move 17: GUIDED_SWAP_TO_GBEST | Indices: (129, 119)
  Move 18: GUIDED_SWAP_TO_GBEST | Indices: (111, 119)
  Move 19: GUIDED_SWAP_TO_GBEST | Indices: (88, 240)
  Move 20: GUIDED_SWAP_TO_GBEST | Indices: (240, 213)
  Move 21: TRIPLE_SWAP | Indices: (139, 235, 178)
=================================================================================
=================================================================================
2026-01-20T21:40:44.430 | Step 4 | Particle 16 | GLOBAL BEST!
Global Improvement: 0.0008333333333334636
  Move 1: GUIDED_SWAP_TO_GBEST | Indices: (119, 111)
  Move 2: GUIDED_SWAP_TO_GBEST | Indices: (111, 129)
  Move 3: GUIDED_SWAP_TO_PBEST | Indices: (119, 129)
  Move 4: GUIDED_SWAP_TO_PBEST | Indices: (111, 129)
  Move 5: GUIDED_SWAP_TO_GBEST | Indices: (111, 129)
  Move 6: GUIDED_SWAP_TO_GBEST | Indices: (129, 119)
  Move 7: TRIPLE_SWAP | Indices: (140, 228, 123)
=================================================================================
=================================================================================
2026-01-20T21:40:44.450 | Step 4 | Particle 66 | GLOBAL BEST!
Global Improvement: 0.0008333333333332416
  Move 1: GUIDED_SWAP_TO_GBEST | Indices: (111, 129)
  Move 2: GUIDED_SWAP_TO_GBEST | Indices: (129, 119)
  Move 3: GUIDED_SWAP_TO_PBEST | Indices: (129, 111)
  Move 4: GUIDED_SWAP_TO_PBEST | Indices: (111, 119)
  Move 5: GUIDED_SWAP_TO_GBEST | Indices: (129, 119)
  Move 6: GUIDED_SWAP_TO_GBEST | Indices: (111, 119)
  Move 7: GUIDED_SWAP_TO_PBEST | Indices: (111, 119)
  Move 8: GUIDED_SWAP_TO_PBEST | Indices: (119, 129)
  Move 9: GUIDED_SWAP_TO_GBEST | Indices: (119, 111)
  Move 10: GUIDED_SWAP_TO_GBEST | Indices: (111, 129)
  Move 11: TRIPLE_SWAP | Indices: (16, 255, 122)
=================================================================================
=================================================================================
2026-01-20T21:40:44.457 | Step 4 | Particle 84 | GLOBAL BEST!
Global Improvement: 9.765624999991118e-5
  Move 1: GUIDED_SWAP_TO_GBEST | Indices: (119, 111)
  Move 2: GUIDED_SWAP_TO_GBEST | Indices: (129, 111)
  Move 3: GUIDED_SWAP_TO_GBEST | Indices: (132, 62)
  Move 4: GUIDED_SWAP_TO_GBEST | Indices: (86, 62)
  Move 5: GUIDED_SWAP_TO_PBEST | Indices: (132, 86)
  Move 6: GUIDED_SWAP_TO_PBEST | Indices: (62, 86)
  Move 7: GUIDED_SWAP_TO_PBEST | Indices: (111, 119)
  Move 8: GUIDED_SWAP_TO_PBEST | Indices: (119, 129)
  Move 9: GUIDED_SWAP_TO_GBEST | Indices: (119, 111)
  Move 10: GUIDED_SWAP_TO_GBEST | Indices: (62, 86)
  Move 11: GUIDED_SWAP_TO_GBEST | Indices: (129, 111)
  Move 12: GUIDED_SWAP_TO_GBEST | Indices: (86, 132)
  Move 13: TRIPLE_SWAP | Indices: (39, 35, 140)
=================================================================================
=================================================================================
2026-01-20T21:40:44.593 | Step 5 | Particle 6 | GLOBAL BEST!
Global Improvement: 9.765624999991118e-5
  Move 1: GUIDED_SWAP_TO_GBEST | Indices: (83, 203)
  Move 2: GUIDED_SWAP_TO_GBEST | Indices: (12, 59)
  Move 3: GUIDED_SWAP_TO_GBEST | Indices: (35, 39)
  Move 4: GUIDED_SWAP_TO_GBEST | Indices: (72, 59)
  Move 5: GUIDED_SWAP_TO_PBEST | Indices: (59, 12)
  Move 6: GUIDED_SWAP_TO_PBEST | Indices: (72, 12)
  Move 7: GUIDED_SWAP_TO_PBEST | Indices: (83, 203)
  Move 8: GUIDED_SWAP_TO_GBEST | Indices: (59, 72)
  Move 9: GUIDED_SWAP_TO_GBEST | Indices: (39, 140)
  Move 10: GUIDED_SWAP_TO_GBEST | Indices: (12, 72)
  Move 11: GUIDED_SWAP_TO_GBEST | Indices: (203, 83)
  Move 12: TRIPLE_SWAP | Indices: (159, 17, 256)
=================================================================================
=================================================================================
2026-01-20T21:40:44.604 | Step 5 | Particle 32 | GLOBAL BEST!
Global Improvement: 9.765624999991118e-5
  Move 1: GUIDED_SWAP_TO_GBEST | Indices: (35, 39)
  Move 2: GUIDED_SWAP_TO_GBEST | Indices: (39, 140)
  Move 3: GUIDED_SWAP_TO_GBEST | Indices: (163, 59)
  Move 4: GUIDED_SWAP_TO_GBEST | Indices: (198, 59)
  Move 5: GUIDED_SWAP_TO_PBEST | Indices: (140, 39)
  Move 6: GUIDED_SWAP_TO_PBEST | Indices: (59, 163)
  Move 7: GUIDED_SWAP_TO_PBEST | Indices: (39, 35)
  Move 8: GUIDED_SWAP_TO_PBEST | Indices: (198, 163)
  Move 9: GUIDED_SWAP_TO_GBEST | Indices: (59, 198)
  Move 10: GUIDED_SWAP_TO_GBEST | Indices: (39, 140)
  Move 11: GUIDED_SWAP_TO_GBEST | Indices: (163, 198)
  Move 12: GUIDED_SWAP_TO_GBEST | Indices: (35, 140)
  Move 13: TRIPLE_SWAP | Indices: (151, 78, 88)
=================================================================================
=================================================================================
2026-01-20T21:40:44.616 | Step 5 | Particle 64 | GLOBAL BEST!
Global Improvement: 0.0001953125000000444
  Move 1: GUIDED_SWAP_TO_GBEST | Indices: (126, 83)
  Move 2: GUIDED_SWAP_TO_GBEST | Indices: (255, 144)
  Move 3: GUIDED_SWAP_TO_GBEST | Indices: (140, 35)
  Move 4: GUIDED_SWAP_TO_GBEST | Indices: (35, 39)
  Move 5: GUIDED_SWAP_TO_GBEST | Indices: (5, 19)
  Move 6: GUIDED_SWAP_TO_PBEST | Indices: (255, 144)
  Move 7: GUIDED_SWAP_TO_PBEST | Indices: (83, 126)
  Move 8: GUIDED_SWAP_TO_PBEST | Indices: (140, 39)
  Move 9: GUIDED_SWAP_TO_PBEST | Indices: (19, 5)
  Move 10: GUIDED_SWAP_TO_PBEST | Indices: (35, 39)
  Move 11: GUIDED_SWAP_TO_GBEST | Indices: (83, 126)
  Move 12: GUIDED_SWAP_TO_GBEST | Indices: (143, 5)
  Move 13: GUIDED_SWAP_TO_GBEST | Indices: (140, 35)
  Move 14: GUIDED_SWAP_TO_GBEST | Indices: (144, 34)
=================================================================================
=================================================================================
2026-01-20T21:40:44.621 | Step 5 | Particle 76 | GLOBAL BEST!
Global Improvement: 0.0008333333333334636
  Move 1: GUIDED_SWAP_TO_GBEST | Indices: (111, 129)
  Move 2: GUIDED_SWAP_TO_GBEST | Indices: (126, 203)
  Move 3: GUIDED_SWAP_TO_GBEST | Indices: (20, 197)
  Move 4: GUIDED_SWAP_TO_GBEST | Indices: (119, 129)
  Move 5: GUIDED_SWAP_TO_GBEST | Indices: (203, 83)
  Move 6: GUIDED_SWAP_TO_PBEST | Indices: (129, 111)
  Move 7: GUIDED_SWAP_TO_PBEST | Indices: (20, 197)
  Move 8: GUIDED_SWAP_TO_PBEST | Indices: (111, 119)
  Move 9: GUIDED_SWAP_TO_PBEST | Indices: (83, 203)
  Move 10: GUIDED_SWAP_TO_GBEST | Indices: (140, 35)
  Move 11: GUIDED_SWAP_TO_GBEST | Indices: (39, 35)
  Move 12: GUIDED_SWAP_TO_GBEST | Indices: (20, 197)
  Move 13: GUIDED_SWAP_TO_GBEST | Indices: (197, 195)
  Move 14: GUIDED_SWAP_TO_GBEST | Indices: (203, 83)
  Move 15: GUIDED_SWAP_TO_GBEST | Indices: (119, 111)
  Move 16: GUIDED_SWAP_TO_GBEST | Indices: (111, 129)
  Move 17: TRIPLE_SWAP | Indices: (187, 198, 206)
=================================================================================
=================================================================================
2026-01-20T21:40:44.623 | Step 5 | Particle 81 | GLOBAL BEST!
Global Improvement: 0.00034505208333324155
  Move 1: GUIDED_SWAP_TO_GBEST | Indices: (140, 35)
  Move 2: GUIDED_SWAP_TO_GBEST | Indices: (35, 39)
  Move 3: GUIDED_SWAP_TO_PBEST | Indices: (140, 39)
  Move 4: GUIDED_SWAP_TO_PBEST | Indices: (35, 39)
  Move 5: GUIDED_SWAP_TO_GBEST | Indices: (39, 140)
  Move 6: GUIDED_SWAP_TO_GBEST | Indices: (35, 140)
  Move 7: TRIPLE_SWAP | Indices: (34, 166, 36)
=================================================================================
=================================================================================
2026-01-20T21:40:44.767 | Step 6 | Particle 8 | GLOBAL BEST!
Global Improvement: 0.0006901041666667052
  Move 1: GUIDED_SWAP_TO_GBEST | Indices: (34, 36)
  Move 2: GUIDED_SWAP_TO_GBEST | Indices: (36, 166)
  Move 3: GUIDED_SWAP_TO_PBEST | Indices: (166, 36)
  Move 4: GUIDED_SWAP_TO_PBEST | Indices: (34, 36)
  Move 5: GUIDED_SWAP_TO_GBEST | Indices: (36, 166)
  Move 6: GUIDED_SWAP_TO_GBEST | Indices: (34, 166)
  Move 7: TRIPLE_SWAP | Indices: (219, 84, 105)
=================================================================================
=================================================================================
2026-01-20T21:40:44.769 | Step 6 | Particle 11 | GLOBAL BEST!
Global Improvement: 0.00014322916666675845
  Move 1: GUIDED_SWAP_TO_GBEST | Indices: (166, 34)
  Move 2: GUIDED_SWAP_TO_GBEST | Indices: (34, 36)
  Move 3: GUIDED_SWAP_TO_PBEST | Indices: (166, 36)
  Move 4: GUIDED_SWAP_TO_PBEST | Indices: (34, 36)
  Move 5: GUIDED_SWAP_TO_GBEST | Indices: (36, 166)
  Move 6: GUIDED_SWAP_TO_GBEST | Indices: (166, 34)
  Move 7: TRIPLE_SWAP | Indices: (1, 109, 73)
=================================================================================
=================================================================================
2026-01-20T21:40:44.769 | Step 6 | Particle 12 | GLOBAL BEST!
Global Improvement: 0.00034505208333324155
  Move 1: GUIDED_SWAP_TO_GBEST | Indices: (224, 63)
  Move 2: GUIDED_SWAP_TO_GBEST | Indices: (166, 34)
  Move 3: GUIDED_SWAP_TO_GBEST | Indices: (255, 63)
  Move 4: GUIDED_SWAP_TO_GBEST | Indices: (34, 36)
  Move 5: TRIPLE_SWAP | Indices: (102, 109, 19)
=================================================================================
=================================================================================
2026-01-20T21:40:44.770 | Step 6 | Particle 13 | GLOBAL BEST!
Global Improvement: 9.765624999991118e-5
  Move 1: GUIDED_SWAP_TO_GBEST | Indices: (166, 34)
  Move 2: GUIDED_SWAP_TO_GBEST | Indices: (34, 36)
  Move 3: TRIPLE_SWAP | Indices: (63, 246, 95)
=================================================================================
=================================================================================
2026-01-20T21:40:44.777 | Step 6 | Particle 32 | GLOBAL BEST!
Global Improvement: 0.0008854166666667496
  Move 1: GUIDED_SWAP_TO_GBEST | Indices: (78, 88)
  Move 2: GUIDED_SWAP_TO_GBEST | Indices: (151, 88)
  Move 3: GUIDED_SWAP_TO_GBEST | Indices: (34, 36)
  Move 4: GUIDED_SWAP_TO_GBEST | Indices: (166, 36)
  Move 5: GUIDED_SWAP_TO_PBEST | Indices: (36, 34)
  Move 6: GUIDED_SWAP_TO_PBEST | Indices: (78, 151)
  Move 7: GUIDED_SWAP_TO_PBEST | Indices: (151, 88)
  Move 8: GUIDED_SWAP_TO_PBEST | Indices: (166, 34)
  Move 9: GUIDED_SWAP_TO_GBEST | Indices: (151, 78)
  Move 10: GUIDED_SWAP_TO_GBEST | Indices: (78, 88)
  Move 11: GUIDED_SWAP_TO_GBEST | Indices: (166, 34)
  Move 12: GUIDED_SWAP_TO_GBEST | Indices: (36, 34)
  Move 13: TRIPLE_SWAP | Indices: (79, 72, 221)
=================================================================================
=================================================================================
2026-01-20T21:40:44.816 | Step 6 | Particle 130 | GLOBAL BEST!
Global Improvement: 0.0001432291666665364
  Move 1: GUIDED_SWAP_TO_GBEST | Indices: (35, 139)
  Move 2: GUIDED_SWAP_TO_GBEST | Indices: (36, 166)
  Move 3: GUIDED_SWAP_TO_GBEST | Indices: (139, 194)
  Move 4: GUIDED_SWAP_TO_GBEST | Indices: (34, 166)
  Move 5: GUIDED_SWAP_TO_PBEST | Indices: (36, 34)
  Move 6: GUIDED_SWAP_TO_PBEST | Indices: (194, 139)
  Move 7: GUIDED_SWAP_TO_PBEST | Indices: (139, 35)
  Move 8: GUIDED_SWAP_TO_PBEST | Indices: (166, 34)
  Move 9: GUIDED_SWAP_TO_GBEST | Indices: (139, 194)
  Move 10: GUIDED_SWAP_TO_GBEST | Indices: (34, 36)
  Move 11: GUIDED_SWAP_TO_GBEST | Indices: (166, 36)
  Move 12: GUIDED_SWAP_TO_GBEST | Indices: (194, 35)
  Move 13: GUIDED_SWAP_TO_PBEST | Indices: (34, 166)
  Move 14: GUIDED_SWAP_TO_PBEST | Indices: (35, 194)
  Move 15: GUIDED_SWAP_TO_PBEST | Indices: (194, 139)
  Move 16: GUIDED_SWAP_TO_PBEST | Indices: (36, 166)
  Move 17: GUIDED_SWAP_TO_GBEST | Indices: (36, 166)
  Move 18: GUIDED_SWAP_TO_GBEST | Indices: (166, 34)
  Move 19: GUIDED_SWAP_TO_GBEST | Indices: (139, 194)
  Move 20: GUIDED_SWAP_TO_GBEST | Indices: (35, 194)
  Move 21: TRIPLE_SWAP | Indices: (114, 88, 161)
=================================================================================
=================================================================================
2026-01-20T21:40:44.928 | Step 7 | Particle 2 | GLOBAL BEST!
Global Improvement: 0.001028645833333508
  Move 1: GUIDED_SWAP_TO_GBEST | Indices: (161, 88)
  Move 2: GUIDED_SWAP_TO_GBEST | Indices: (88, 114)
  Move 3: GUIDED_SWAP_TO_PBEST | Indices: (161, 114)
  Move 4: GUIDED_SWAP_TO_PBEST | Indices: (88, 114)
  Move 5: GUIDED_SWAP_TO_GBEST | Indices: (88, 114)
  Move 6: GUIDED_SWAP_TO_GBEST | Indices: (114, 161)
  Move 7: TRIPLE_SWAP | Indices: (193, 61, 216)
=================================================================================
=================================================================================
2026-01-20T21:40:44.930 | Step 7 | Particle 7 | GLOBAL BEST!
Global Improvement: 9.765624999991118e-5
  Move 1: GUIDED_SWAP_TO_GBEST | Indices: (161, 88)
  Move 2: GUIDED_SWAP_TO_GBEST | Indices: (114, 88)
  Move 3: GUIDED_SWAP_TO_PBEST | Indices: (161, 114)
  Move 4: GUIDED_SWAP_TO_PBEST | Indices: (114, 88)
  Move 5: GUIDED_SWAP_TO_GBEST | Indices: (88, 114)
  Move 6: GUIDED_SWAP_TO_GBEST | Indices: (114, 161)
  Move 7: TRIPLE_SWAP | Indices: (87, 4, 181)
=================================================================================
=================================================================================
2026-01-20T21:40:44.939 | Step 7 | Particle 29 | GLOBAL BEST!
Global Improvement: 0.000540364583333286
  Move 1: GUIDED_SWAP_TO_GBEST | Indices: (88, 114)
  Move 2: GUIDED_SWAP_TO_GBEST | Indices: (140, 35)
  Move 3: GUIDED_SWAP_TO_GBEST | Indices: (39, 35)
  Move 4: GUIDED_SWAP_TO_GBEST | Indices: (217, 26)
  Move 5: GUIDED_SWAP_TO_GBEST | Indices: (161, 114)
  Move 6: GUIDED_SWAP_TO_PBEST | Indices: (161, 114)
  Move 7: GUIDED_SWAP_TO_PBEST | Indices: (26, 217)
  Move 8: GUIDED_SWAP_TO_PBEST | Indices: (39, 35)
  Move 9: GUIDED_SWAP_TO_PBEST | Indices: (88, 114)
  Move 10: GUIDED_SWAP_TO_GBEST | Indices: (88, 114)
  Move 11: GUIDED_SWAP_TO_GBEST | Indices: (114, 161)
  Move 12: GUIDED_SWAP_TO_GBEST | Indices: (217, 26)
  Move 13: GUIDED_SWAP_TO_GBEST | Indices: (26, 107)
  Move 14: GUIDED_SWAP_TO_GBEST | Indices: (39, 35)
  Move 15: TRIPLE_SWAP | Indices: (212, 215, 59)
=================================================================================
=================================================================================
2026-01-20T21:40:44.946 | Step 7 | Particle 46 | GLOBAL BEST!
Global Improvement: 9.765625000013323e-5
  Move 1: GUIDED_SWAP_TO_GBEST | Indices: (88, 114)
  Move 2: GUIDED_SWAP_TO_GBEST | Indices: (140, 35)
  Move 3: GUIDED_SWAP_TO_GBEST | Indices: (114, 161)
  Move 4: GUIDED_SWAP_TO_GBEST | Indices: (248, 23)
  Move 5: TRIPLE_SWAP | Indices: (12, 222, 255)
=================================================================================
=================================================================================
2026-01-20T21:40:44.973 | Step 7 | Particle 116 | GLOBAL BEST!
Global Improvement: 9.765624999991118e-5
  Move 1: GUIDED_SWAP_TO_GBEST | Indices: (161, 88)
  Move 2: GUIDED_SWAP_TO_GBEST | Indices: (166, 34)
  Move 3: GUIDED_SWAP_TO_GBEST | Indices: (53, 26)
  Move 4: GUIDED_SWAP_TO_GBEST | Indices: (114, 88)
  Move 5: GUIDED_SWAP_TO_PBEST | Indices: (114, 88)
  Move 6: GUIDED_SWAP_TO_PBEST | Indices: (34, 166)
  Move 7: GUIDED_SWAP_TO_PBEST | Indices: (161, 88)
  Move 8: GUIDED_SWAP_TO_PBEST | Indices: (26, 53)
  Move 9: GUIDED_SWAP_TO_GBEST | Indices: (53, 26)
  Move 10: GUIDED_SWAP_TO_GBEST | Indices: (88, 114)
  Move 11: GUIDED_SWAP_TO_GBEST | Indices: (26, 198)
  Move 12: GUIDED_SWAP_TO_GBEST | Indices: (166, 34)
  Move 13: GUIDED_SWAP_TO_GBEST | Indices: (161, 114)
  Move 14: GUIDED_SWAP_TO_PBEST | Indices: (26, 53)
  Move 15: GUIDED_SWAP_TO_PBEST | Indices: (166, 34)
  Move 16: GUIDED_SWAP_TO_PBEST | Indices: (161, 114)
  Move 17: GUIDED_SWAP_TO_PBEST | Indices: (198, 53)
  Move 18: GUIDED_SWAP_TO_GBEST | Indices: (114, 161)
  Move 19: GUIDED_SWAP_TO_GBEST | Indices: (53, 26)
  Move 20: GUIDED_SWAP_TO_GBEST | Indices: (34, 166)
  Move 21: GUIDED_SWAP_TO_GBEST | Indices: (26, 198)
  Move 22: TRIPLE_SWAP | Indices: (176, 49, 26)
=================================================================================
=================================================================================
2026-01-20T21:40:44.987 | Step 7 | Particle 150 | GLOBAL BEST!
Global Improvement: 0.0001497395833334192
  Move 1: GUIDED_SWAP_TO_GBEST | Indices: (88, 114)
  Move 2: GUIDED_SWAP_TO_GBEST | Indices: (161, 114)
  Move 3: GUIDED_SWAP_TO_PBEST | Indices: (88, 161)
  Move 4: GUIDED_SWAP_TO_PBEST | Indices: (114, 161)
  Move 5: GUIDED_SWAP_TO_GBEST | Indices: (161, 88)
  Move 6: GUIDED_SWAP_TO_GBEST | Indices: (114, 88)
  Move 7: GUIDED_SWAP_TO_PBEST | Indices: (161, 114)
  Move 8: GUIDED_SWAP_TO_PBEST | Indices: (114, 88)
  Move 9: GUIDED_SWAP_TO_GBEST | Indices: (114, 161)
  Move 10: GUIDED_SWAP_TO_GBEST | Indices: (88, 161)
  Move 11: TRIPLE_SWAP | Indices: (198, 77, 55)
=================================================================================
=================================================================================
2026-01-20T21:40:45.002 | Step 7 | Particle 188 | GLOBAL BEST!
Global Improvement: 0.0006835937500000444
  Move 1: GUIDED_SWAP_TO_GBEST | Indices: (161, 88)
  Move 2: GUIDED_SWAP_TO_GBEST | Indices: (183, 188)
  Move 3: GUIDED_SWAP_TO_GBEST | Indices: (188, 51)
  Move 4: GUIDED_SWAP_TO_GBEST | Indices: (114, 88)
  Move 5: GUIDED_SWAP_TO_PBEST | Indices: (161, 114)
  Move 6: GUIDED_SWAP_TO_PBEST | Indices: (51, 188)
  Move 7: GUIDED_SWAP_TO_PBEST | Indices: (114, 88)
  Move 8: GUIDED_SWAP_TO_PBEST | Indices: (188, 183)
  Move 9: GUIDED_SWAP_TO_GBEST | Indices: (51, 183)
  Move 10: GUIDED_SWAP_TO_GBEST | Indices: (183, 188)
  Move 11: GUIDED_SWAP_TO_GBEST | Indices: (114, 161)
  Move 12: GUIDED_SWAP_TO_GBEST | Indices: (88, 161)
  Move 13: TRIPLE_SWAP | Indices: (255, 212, 16)
=================================================================================
=================================================================================
2026-01-20T21:40:45.076 | Step 8 | Particle 4 | GLOBAL BEST!
Global Improvement: 0.00034505208333324155
  Move 1: GUIDED_SWAP_TO_GBEST | Indices: (212, 255)
  Move 2: GUIDED_SWAP_TO_GBEST | Indices: (255, 16)
  Move 3: GUIDED_SWAP_TO_GBEST | Indices: (34, 36)
  Move 4: GUIDED_SWAP_TO_PBEST | Indices: (36, 34)
  Move 5: GUIDED_SWAP_TO_PBEST | Indices: (212, 16)
  Move 6: GUIDED_SWAP_TO_PBEST | Indices: (16, 255)
  Move 7: GUIDED_SWAP_TO_GBEST | Indices: (16, 212)
  Move 8: GUIDED_SWAP_TO_GBEST | Indices: (34, 36)
  Move 9: GUIDED_SWAP_TO_GBEST | Indices: (212, 255)
  Move 10: TRIPLE_SWAP | Indices: (108, 236, 120)
=================================================================================
=================================================================================
2026-01-20T21:40:45.077 | Step 8 | Particle 5 | GLOBAL BEST!
Global Improvement: 0.0003906250000000888
  Move 1: GUIDED_SWAP_TO_GBEST | Indices: (212, 255)
  Move 2: GUIDED_SWAP_TO_GBEST | Indices: (256, 153)
  Move 3: GUIDED_SWAP_TO_GBEST | Indices: (153, 232)
  Move 4: GUIDED_SWAP_TO_GBEST | Indices: (16, 255)
  Move 5: GUIDED_SWAP_TO_PBEST | Indices: (153, 256)
  Move 6: GUIDED_SWAP_TO_PBEST | Indices: (16, 255)
  Move 7: GUIDED_SWAP_TO_PBEST | Indices: (256, 232)
  Move 8: GUIDED_SWAP_TO_PBEST | Indices: (212, 255)
  Move 9: GUIDED_SWAP_TO_GBEST | Indices: (212, 255)
  Move 10: GUIDED_SWAP_TO_GBEST | Indices: (255, 16)
  Move 11: GUIDED_SWAP_TO_GBEST | Indices: (153, 232)
  Move 12: GUIDED_SWAP_TO_GBEST | Indices: (232, 256)
  Move 13: GUIDED_SWAP_TO_PBEST | Indices: (212, 16)
  Move 14: GUIDED_SWAP_TO_PBEST | Indices: (153, 256)
  Move 15: GUIDED_SWAP_TO_PBEST | Indices: (256, 232)
  Move 16: GUIDED_SWAP_TO_PBEST | Indices: (255, 16)
  Move 17: GUIDED_SWAP_TO_GBEST | Indices: (153, 232)
  Move 18: GUIDED_SWAP_TO_GBEST | Indices: (212, 255)
  Move 19: GUIDED_SWAP_TO_GBEST | Indices: (256, 232)
  Move 20: GUIDED_SWAP_TO_GBEST | Indices: (255, 16)
  Move 21: TRIPLE_SWAP | Indices: (119, 1, 165)
=================================================================================
=================================================================================
2026-01-20T21:40:45.083 | Step 8 | Particle 21 | GLOBAL BEST!
Global Improvement: 0.0009309895833333748
  Move 1: GUIDED_SWAP_TO_GBEST | Indices: (255, 16)
  Move 2: GUIDED_SWAP_TO_GBEST | Indices: (212, 16)
  Move 3: TRIPLE_SWAP | Indices: (178, 138, 76)
=================================================================================
=================================================================================
2026-01-20T21:40:45.154 | Step 8 | Particle 200 | GLOBAL BEST!
Global Improvement: 9.765624999991118e-5
  Move 1: GUIDED_SWAP_TO_GBEST | Indices: (16, 212)
  Move 2: GUIDED_SWAP_TO_GBEST | Indices: (212, 255)
  Move 3: GUIDED_SWAP_TO_PBEST | Indices: (16, 255)
  Move 4: GUIDED_SWAP_TO_PBEST | Indices: (255, 212)
  Move 5: GUIDED_SWAP_TO_GBEST | Indices: (255, 16)
  Move 6: GUIDED_SWAP_TO_GBEST | Indices: (16, 212)
  Move 7: TRIPLE_SWAP | Indices: (105, 77, 148)
=================================================================================
=================================================================================
2026-01-20T21:40:45.232 | Step 9 | Particle 14 | GLOBAL BEST!
Global Improvement: 0.0006380208333334192
  Move 1: GUIDED_SWAP_TO_GBEST | Indices: (61, 255)
  Move 2: GUIDED_SWAP_TO_GBEST | Indices: (212, 255)
  Move 3: GUIDED_SWAP_TO_GBEST | Indices: (148, 77)
  Move 4: GUIDED_SWAP_TO_GBEST | Indices: (105, 77)
  Move 5: GUIDED_SWAP_TO_PBEST | Indices: (77, 148)
  Move 6: GUIDED_SWAP_TO_PBEST | Indices: (255, 61)
  Move 7: GUIDED_SWAP_TO_PBEST | Indices: (212, 61)
  Move 8: GUIDED_SWAP_TO_PBEST | Indices: (105, 148)
  Move 9: GUIDED_SWAP_TO_GBEST | Indices: (61, 255)
  Move 10: GUIDED_SWAP_TO_GBEST | Indices: (77, 105)
  Move 11: GUIDED_SWAP_TO_GBEST | Indices: (105, 148)
  Move 12: GUIDED_SWAP_TO_GBEST | Indices: (255, 212)
  Move 13: GUIDED_SWAP_TO_PBEST | Indices: (255, 61)
  Move 14: GUIDED_SWAP_TO_PBEST | Indices: (105, 77)
  Move 15: GUIDED_SWAP_TO_PBEST | Indices: (212, 61)
  Move 16: GUIDED_SWAP_TO_PBEST | Indices: (148, 77)
  Move 17: GUIDED_SWAP_TO_GBEST | Indices: (105, 148)
  Move 18: GUIDED_SWAP_TO_GBEST | Indices: (212, 61)
  Move 19: GUIDED_SWAP_TO_GBEST | Indices: (255, 61)
  Move 20: GUIDED_SWAP_TO_GBEST | Indices: (77, 148)
  Move 21: TRIPLE_SWAP | Indices: (55, 19, 224)
=================================================================================
=================================================================================
2026-01-20T21:40:45.249 | Step 9 | Particle 59 | GLOBAL BEST!
Global Improvement: 0.000540364583333286
  Move 1: GUIDED_SWAP_TO_GBEST | Indices: (77, 105)
  Move 2: GUIDED_SWAP_TO_GBEST | Indices: (105, 148)
  Move 3: GUIDED_SWAP_TO_PBEST | Indices: (105, 77)
  Move 4: GUIDED_SWAP_TO_PBEST | Indices: (77, 148)
  Move 5: GUIDED_SWAP_TO_GBEST | Indices: (105, 148)
  Move 6: GUIDED_SWAP_TO_GBEST | Indices: (148, 77)
  Move 7: GUIDED_SWAP_TO_PBEST | Indices: (77, 148)
  Move 8: GUIDED_SWAP_TO_PBEST | Indices: (148, 105)
  Move 9: GUIDED_SWAP_TO_GBEST | Indices: (105, 148)
  Move 10: GUIDED_SWAP_TO_GBEST | Indices: (77, 148)
  Move 11: TRIPLE_SWAP | Indices: (131, 32, 95)
=================================================================================
=================================================================================
2026-01-20T21:40:45.296 | Step 9 | Particle 179 | GLOBAL BEST!
Global Improvement: 0.00019531249999982236
  Move 1: GUIDED_SWAP_TO_GBEST | Indices: (148, 77)
  Move 2: GUIDED_SWAP_TO_GBEST | Indices: (105, 77)
  Move 3: GUIDED_SWAP_TO_PBEST | Indices: (105, 77)
  Move 4: GUIDED_SWAP_TO_PBEST | Indices: (77, 148)
  Move 5: GUIDED_SWAP_TO_GBEST | Indices: (105, 148)
  Move 6: GUIDED_SWAP_TO_GBEST | Indices: (148, 77)
  Move 7: GUIDED_SWAP_TO_PBEST | Indices: (148, 105)
  Move 8: GUIDED_SWAP_TO_PBEST | Indices: (77, 105)
  Move 9: GUIDED_SWAP_TO_GBEST | Indices: (77, 105)
  Move 10: GUIDED_SWAP_TO_GBEST | Indices: (105, 148)
  Move 11: TRIPLE_SWAP | Indices: (215, 247, 240)
=================================================================================
=================================================================================
2026-01-20T21:40:45.393 | Step 10 | Particle 59 | GLOBAL BEST!
Global Improvement: 0.0001953125000000444
  Move 1: GUIDED_SWAP_TO_GBEST | Indices: (32, 95)
  Move 2: GUIDED_SWAP_TO_GBEST | Indices: (131, 95)
  Move 3: GUIDED_SWAP_TO_GBEST | Indices: (240, 247)
  Move 4: GUIDED_SWAP_TO_GBEST | Indices: (215, 247)
  Move 5: TRIPLE_SWAP | Indices: (112, 62, 164)
=================================================================================
=================================================================================
2026-01-20T21:40:45.394 | Step 10 | Particle 60 | GLOBAL BEST!
Global Improvement: 9.765625000013323e-5
  Move 1: GUIDED_SWAP_TO_GBEST | Indices: (240, 247)
  Move 2: GUIDED_SWAP_TO_GBEST | Indices: (215, 247)
  Move 3: GUIDED_SWAP_TO_PBEST | Indices: (240, 215)
  Move 4: GUIDED_SWAP_TO_PBEST | Indices: (247, 215)
  Move 5: GUIDED_SWAP_TO_GBEST | Indices: (240, 247)
  Move 6: GUIDED_SWAP_TO_GBEST | Indices: (215, 247)
  Move 7: TRIPLE_SWAP | Indices: (174, 30, 177)
=================================================================================
=================================================================================
2026-01-20T21:40:45.441 | Step 10 | Particle 179 | GLOBAL BEST!
Global Improvement: 0.000540364583333286
  Move 1: TRIPLE_SWAP | Indices: (213, 229, 246)
=================================================================================
=================================================================================
2026-01-20T21:40:45.517 | Step 11 | Particle 11 | GLOBAL BEST!
Global Improvement: 0.0001953125000000444
  Move 1: GUIDED_SWAP_TO_GBEST | Indices: (213, 246)
  Move 2: GUIDED_SWAP_TO_GBEST | Indices: (246, 229)
  Move 3: GUIDED_SWAP_TO_PBEST | Indices: (246, 213)
  Move 4: GUIDED_SWAP_TO_PBEST | Indices: (229, 213)
  Move 5: GUIDED_SWAP_TO_GBEST | Indices: (246, 229)
  Move 6: GUIDED_SWAP_TO_GBEST | Indices: (229, 213)
  Move 7: TRIPLE_SWAP | Indices: (81, 202, 29)
=================================================================================
=================================================================================
2026-01-20T21:40:45.526 | Step 11 | Particle 35 | GLOBAL BEST!
Global Improvement: 9.765624999991118e-5
  Move 1: GUIDED_SWAP_TO_GBEST | Indices: (246, 229)
  Move 2: GUIDED_SWAP_TO_GBEST | Indices: (213, 229)
  Move 3: GUIDED_SWAP_TO_PBEST | Indices: (213, 229)
  Move 4: GUIDED_SWAP_TO_PBEST | Indices: (229, 246)
  Move 5: GUIDED_SWAP_TO_GBEST | Indices: (213, 246)
  Move 6: GUIDED_SWAP_TO_GBEST | Indices: (246, 229)
  Move 7: TRIPLE_SWAP | Indices: (85, 4, 233)
=================================================================================
=================================================================================
2026-01-20T21:40:45.712 | Step 12 | Particle 86 | GLOBAL BEST!
Global Improvement: 0.0006380208333334192
  Move 1: GUIDED_SWAP_TO_GBEST | Indices: (233, 4)
  Move 2: GUIDED_SWAP_TO_GBEST | Indices: (85, 4)
  Move 3: GUIDED_SWAP_TO_PBEST | Indices: (85, 4)
  Move 4: GUIDED_SWAP_TO_PBEST | Indices: (233, 4)
  Move 5: GUIDED_SWAP_TO_GBEST | Indices: (85, 233)
  Move 6: GUIDED_SWAP_TO_GBEST | Indices: (233, 4)
  Move 7: TRIPLE_SWAP | Indices: (113, 130, 147)
=================================================================================
=================================================================================
2026-01-20T21:40:45.722 | Step 12 | Particle 112 | GLOBAL BEST!
Global Improvement: 9.765624999991118e-5
  Move 1: GUIDED_SWAP_TO_GBEST | Indices: (4, 85)
  Move 2: GUIDED_SWAP_TO_GBEST | Indices: (233, 85)
  Move 3: GUIDED_SWAP_TO_PBEST | Indices: (233, 85)
  Move 4: GUIDED_SWAP_TO_PBEST | Indices: (4, 85)
  Move 5: GUIDED_SWAP_TO_GBEST | Indices: (233, 4)
  Move 6: GUIDED_SWAP_TO_GBEST | Indices: (85, 4)
  Move 7: TRIPLE_SWAP | Indices: (196, 40, 195)
=================================================================================
=================================================================================
2026-01-20T21:40:45.897 | Step 13 | Particle 199 | GLOBAL BEST!
Global Improvement: 9.765624999991118e-5
  Move 1: GUIDED_SWAP_TO_GBEST | Indices: (40, 196)
  Move 2: GUIDED_SWAP_TO_GBEST | Indices: (196, 195)
  Move 3: GUIDED_SWAP_TO_PBEST | Indices: (196, 40)
  Move 4: GUIDED_SWAP_TO_PBEST | Indices: (195, 40)
  Move 5: GUIDED_SWAP_TO_GBEST | Indices: (195, 40)
  Move 6: GUIDED_SWAP_TO_GBEST | Indices: (40, 196)
  Move 7: GUIDED_SWAP_TO_PBEST | Indices: (40, 195)
  Move 8: GUIDED_SWAP_TO_PBEST | Indices: (196, 195)
  Move 9: GUIDED_SWAP_TO_GBEST | Indices: (195, 40)
  Move 10: GUIDED_SWAP_TO_GBEST | Indices: (40, 196)
  Move 11: TRIPLE_SWAP | Indices: (201, 198, 225)
=================================================================================
=================================================================================
2026-01-20T21:40:46.271 | Step 15 | Particle 93 | GLOBAL BEST!
Global Improvement: 0.0001953125000000444
  Move 1: GUIDED_SWAP_TO_GBEST | Indices: (30, 75)
  Move 2: GUIDED_SWAP_TO_GBEST | Indices: (230, 75)
  Move 3: GUIDED_SWAP_TO_PBEST | Indices: (30, 230)
  Move 4: GUIDED_SWAP_TO_PBEST | Indices: (75, 230)
  Move 5: GUIDED_SWAP_TO_GBEST | Indices: (230, 30)
  Move 6: GUIDED_SWAP_TO_GBEST | Indices: (30, 75)
  Move 7: TRIPLE_SWAP | Indices: (172, 146, 14)
=================================================================================
=================================================================================
2026-01-20T21:40:46.421 | Step 16 | Particle 145 | GLOBAL BEST!
Global Improvement: 0.0007356770833333304
  Move 1: GUIDED_SWAP_TO_GBEST | Indices: (14, 146)
  Move 2: GUIDED_SWAP_TO_GBEST | Indices: (146, 172)
  Move 3: GUIDED_SWAP_TO_PBEST | Indices: (146, 14)
  Move 4: GUIDED_SWAP_TO_PBEST | Indices: (172, 14)
  Move 5: GUIDED_SWAP_TO_GBEST | Indices: (14, 146)
  Move 6: GUIDED_SWAP_TO_GBEST | Indices: (146, 172)
  Move 7: GUIDED_SWAP_TO_PBEST | Indices: (14, 172)
  Move 8: GUIDED_SWAP_TO_PBEST | Indices: (146, 172)
  Move 9: TRIPLE_SWAP | Indices: (209, 77, 237)
=================================================================================
=================================================================================
2026-01-20T21:40:46.634 | Step 17 | Particle 95 | GLOBAL BEST!
Global Improvement: 9.765624999991118e-5
  Move 1: GUIDED_SWAP_TO_GBEST | Indices: (209, 237)
  Move 2: GUIDED_SWAP_TO_GBEST | Indices: (77, 237)
  Move 3: GUIDED_SWAP_TO_GBEST | Indices: (146, 14)
  Move 4: GUIDED_SWAP_TO_GBEST | Indices: (172, 14)
  Move 5: GUIDED_SWAP_TO_PBEST | Indices: (237, 209)
  Move 6: GUIDED_SWAP_TO_PBEST | Indices: (14, 146)
  Move 7: GUIDED_SWAP_TO_PBEST | Indices: (172, 146)
  Move 8: GUIDED_SWAP_TO_PBEST | Indices: (209, 77)
  Move 9: GUIDED_SWAP_TO_GBEST | Indices: (146, 14)
  Move 10: GUIDED_SWAP_TO_GBEST | Indices: (237, 77)
  Move 11: GUIDED_SWAP_TO_GBEST | Indices: (209, 77)
  Move 12: GUIDED_SWAP_TO_GBEST | Indices: (14, 172)
  Move 13: GUIDED_SWAP_TO_PBEST | Indices: (77, 237)
  Move 14: GUIDED_SWAP_TO_PBEST | Indices: (146, 172)
  Move 15: GUIDED_SWAP_TO_PBEST | Indices: (237, 209)
  Move 16: GUIDED_SWAP_TO_PBEST | Indices: (14, 172)
  Move 17: GUIDED_SWAP_TO_GBEST | Indices: (77, 209)
  Move 18: GUIDED_SWAP_TO_GBEST | Indices: (172, 146)
  Move 19: GUIDED_SWAP_TO_GBEST | Indices: (209, 237)
  Move 20: GUIDED_SWAP_TO_GBEST | Indices: (146, 14)
  Move 21: TRIPLE_SWAP | Indices: (181, 46, 17)
=================================================================================
=================================================================================
2026-01-20T21:40:47.119 | Step 21 | Particle 26 | GLOBAL BEST!
Global Improvement: 0.0006380208333334192
  Move 1: GUIDED_SWAP_TO_GBEST | Indices: (146, 14)
  Move 2: GUIDED_SWAP_TO_PBEST | Indices: (14, 146)
  Move 3: GUIDED_SWAP_TO_GBEST | Indices: (14, 146)
  Move 4: TRIPLE_SWAP | Indices: (41, 60, 19)
=================================================================================
=================================================================================
2026-01-20T21:40:47.240 | Step 22 | Particle 10 | GLOBAL BEST!
Global Improvement: 0.0001953125000000444
  Move 1: GUIDED_SWAP_TO_GBEST | Indices: (19, 60)
  Move 2: GUIDED_SWAP_TO_GBEST | Indices: (41, 60)
  Move 3: GUIDED_SWAP_TO_PBEST | Indices: (19, 41)
  Move 4: GUIDED_SWAP_TO_PBEST | Indices: (41, 60)
  Move 5: GUIDED_SWAP_TO_GBEST | Indices: (41, 19)
  Move 6: GUIDED_SWAP_TO_GBEST | Indices: (19, 60)
  Move 7: GUIDED_SWAP_TO_PBEST | Indices: (41, 60)
  Move 8: GUIDED_SWAP_TO_PBEST | Indices: (60, 19)
  Move 9: GUIDED_SWAP_TO_GBEST | Indices: (60, 41)
  Move 10: GUIDED_SWAP_TO_GBEST | Indices: (41, 19)
  Move 11: TRIPLE_SWAP | Indices: (198, 66, 129)
=================================================================================
=================================================================================
2026-01-20T21:40:47.521 | Step 24 | Particle 107 | GLOBAL BEST!
Global Improvement: 0.0008333333333332416
  Move 1: TRIPLE_SWAP | Indices: (181, 207, 22)
=================================================================================
=================================================================================
2026-01-20T21:40:48.508 | Step 31 | Particle 57 | GLOBAL BEST!
Global Improvement: 0.0008333333333332416
  Move 1: TRIPLE_SWAP | Indices: (10, 12, 132)
=================================================================================
=================================================================================
2026-01-20T21:40:49.569 | Step 38 | Particle 144 | GLOBAL BEST!
Global Improvement: 0.0007356770833335524
  Move 1: TRIPLE_SWAP | Indices: (196, 48, 81)
=================================================================================
=================================================================================
2026-01-20T21:40:50.209 | Step 42 | Particle 190 | GLOBAL BEST!
Global Improvement: 9.765624999991118e-5
  Move 1: GUIDED_SWAP_TO_GBEST | Indices: (48, 196)
  Move 2: GUIDED_SWAP_TO_GBEST | Indices: (196, 81)
  Move 3: GUIDED_SWAP_TO_PBEST | Indices: (48, 81)
  Move 4: GUIDED_SWAP_TO_PBEST | Indices: (196, 81)
  Move 5: GUIDED_SWAP_TO_GBEST | Indices: (81, 48)
  Move 6: GUIDED_SWAP_TO_GBEST | Indices: (196, 48)
  Move 7: GUIDED_SWAP_TO_PBEST | Indices: (81, 196)
  Move 8: GUIDED_SWAP_TO_PBEST | Indices: (48, 196)
  Move 9: GUIDED_SWAP_TO_GBEST | Indices: (81, 48)
  Move 10: GUIDED_SWAP_TO_GBEST | Indices: (48, 196)
  Move 11: TRIPLE_SWAP | Indices: (43, 196, 112)
=================================================================================
=================================================================================
2026-01-20T21:40:52.199 | Step 55 | Particle 187 | GLOBAL BEST!
Global Improvement: 0.0006380208333334192
  Move 1: TRIPLE_SWAP | Indices: (54, 32, 69)
=================================================================================
=================================================================================
2026-01-20T21:40:52.356 | Step 56 | Particle 113 | GLOBAL BEST!
Global Improvement: 0.00019531249999982236
  Move 1: GUIDED_SWAP_TO_GBEST | Indices: (32, 54)
  Move 2: GUIDED_SWAP_TO_GBEST | Indices: (54, 69)
  Move 3: GUIDED_SWAP_TO_PBEST | Indices: (69, 54)
  Move 4: GUIDED_SWAP_TO_PBEST | Indices: (32, 54)
  Move 5: GUIDED_SWAP_TO_GBEST | Indices: (69, 32)
  Move 6: GUIDED_SWAP_TO_GBEST | Indices: (54, 32)
  Move 7: GUIDED_SWAP_TO_PBEST | Indices: (32, 69)
  Move 8: GUIDED_SWAP_TO_PBEST | Indices: (69, 54)
  Move 9: GUIDED_SWAP_TO_GBEST | Indices: (54, 69)
  Move 10: GUIDED_SWAP_TO_GBEST | Indices: (69, 32)
  Move 11: TRIPLE_SWAP | Indices: (72, 78, 105)
=================================================================================
=================================================================================
2026-01-20T21:40:52.716 | Step 58 | Particle 77 | GLOBAL BEST!
Global Improvement: 0.000540364583333286
  Move 1: TRIPLE_SWAP | Indices: (101, 191, 213)
=================================================================================
=================================================================================
2026-01-20T21:40:53.051 | Step 60 | Particle 62 | GLOBAL BEST!
Global Improvement: 0.0001953125000000444
  Move 1: TRIPLE_SWAP | Indices: (213, 235, 184)
=================================================================================
=================================================================================
2026-01-20T21:40:53.078 | Step 60 | Particle 130 | GLOBAL BEST!
Global Improvement: 9.765625000013323e-5
  Move 1: TRIPLE_SWAP | Indices: (79, 52, 243)
=================================================================================
=================================================================================
2026-01-20T21:40:55.809 | Step 75 | Particle 115 | GLOBAL BEST!
Global Improvement: 0.0007356770833333304
  Move 1: TRIPLE_SWAP | Indices: (158, 57, 46)
=================================================================================
=================================================================================
2026-01-20T21:40:56.003 | Step 76 | Particle 63 | GLOBAL BEST!
Global Improvement: 9.765624999991118e-5
  Move 1: GUIDED_SWAP_TO_GBEST | Indices: (46, 57)
  Move 2: GUIDED_SWAP_TO_GBEST | Indices: (57, 158)
  Move 3: GUIDED_SWAP_TO_PBEST | Indices: (158, 57)
  Move 4: GUIDED_SWAP_TO_PBEST | Indices: (57, 46)
  Move 5: GUIDED_SWAP_TO_GBEST | Indices: (158, 46)
  Move 6: GUIDED_SWAP_TO_GBEST | Indices: (46, 57)
  Move 7: GUIDED_SWAP_TO_PBEST | Indices: (57, 46)
  Move 8: GUIDED_SWAP_TO_PBEST | Indices: (158, 46)
  Move 9: GUIDED_SWAP_TO_GBEST | Indices: (57, 158)
  Move 10: GUIDED_SWAP_TO_GBEST | Indices: (158, 46)
  Move 11: TRIPLE_SWAP | Indices: (129, 37, 11)
=================================================================================
=================================================================================
2026-01-20T21:41:02.594 | Step 107 | Particle 163 | GLOBAL BEST!
Global Improvement: 0.0007356770833333304
  Move 1: TRIPLE_SWAP | Indices: (56, 213, 249)
=================================================================================
=================================================================================
2026-01-20T21:41:02.786 | Step 108 | Particle 105 | GLOBAL BEST!
Global Improvement: 9.765625000013323e-5
  Move 1: GUIDED_SWAP_TO_GBEST | Indices: (249, 213)
  Move 2: GUIDED_SWAP_TO_GBEST | Indices: (213, 56)
  Move 3: GUIDED_SWAP_TO_PBEST | Indices: (56, 213)
  Move 4: GUIDED_SWAP_TO_PBEST | Indices: (249, 213)
  Move 5: GUIDED_SWAP_TO_GBEST | Indices: (249, 213)
  Move 6: GUIDED_SWAP_TO_GBEST | Indices: (56, 213)
  Move 7: GUIDED_SWAP_TO_PBEST | Indices: (213, 249)
  Move 8: GUIDED_SWAP_TO_PBEST | Indices: (56, 249)
  Move 9: GUIDED_SWAP_TO_GBEST | Indices: (56, 249)
  Move 10: GUIDED_SWAP_TO_GBEST | Indices: (249, 213)
  Move 11: TRIPLE_SWAP | Indices: (219, 56, 198)
=================================================================================
=================================================================================
2026-01-20T21:41:17.793 | Step 180 | Particle 92 | GLOBAL BEST!
Global Improvement: 0.0007356770833333304
  Move 1: TRIPLE_SWAP | Indices: (225, 168, 196)
=================================================================================
=================================================================================
2026-01-20T21:41:19.289 | Step 187 | Particle 106 | GLOBAL BEST!
Global Improvement: 9.765624999991118e-5
  Move 1: TRIPLE_SWAP | Indices: (18, 7, 28)
=================================================================================
=================================================================================
2026-01-20T21:43:13.081 | Step 698 | Particle 146 | GLOBAL BEST!
Global Improvement: 0.0006380208333334192
  Move 1: TRIPLE_SWAP | Indices: (104, 96, 252)
=================================================================================
=================================================================================
2026-01-20T21:43:16.428 | Step 713 | Particle 54 | GLOBAL BEST!
Global Improvement: 9.765624999991118e-5
  Move 1: TRIPLE_SWAP | Indices: (11, 137, 255)
=================================================================================
=================================================================================
2026-01-20T21:43:20.566 | Step 731 | Particle 150 | GLOBAL BEST!
Global Improvement: 9.765624999991118e-5
  Move 1: TRIPLE_SWAP | Indices: (26, 255, 140)
=================================================================================
=================================================================================
2026-01-20T21:44:25.334 | Step 1013 | Particle 139 | GLOBAL BEST!
Global Improvement: 0.0006380208333334192
  Move 1: TRIPLE_SWAP | Indices: (37, 115, 114)
=================================================================================
=================================================================================
2026-01-20T21:44:29.557 | Step 1032 | Particle 62 | GLOBAL BEST!
Global Improvement: 9.765625000013323e-5
  Move 1: TRIPLE_SWAP | Indices: (190, 204, 129)
=================================================================================
=================================================================================
2026-01-20T21:44:58.874 | Step 1162 | Particle 167 | GLOBAL BEST!
Global Improvement: 9.765624999991118e-5
  Move 1: TRIPLE_SWAP | Indices: (252, 170, 134)
=================================================================================
