# Global Best Swaps Only - COMPOSITE FITNESS MODE WITH EARLY STOPPING
# Started on: 2026-01-28T16:10:17.239
# Format: Timestamp | Step | Particle | Operation | Indices | Local | Global | Status
# Note: Each global best S-box is saved in debug_sboxes/ directory
# Using composite fitness function with NL, SAC, DDT, and Entropy
# Early stopping enabled based on NL threshold

=================================================================================
2026-01-28T16:10:17.443 | Step 1 | Particle 15 | GLOBAL BEST ACHIEVED!
Global Improvement: 0.009159536210317398
All moves in this step:
  Move 1: TRIPLE_SWAP | Indices: (98, 23, 228) | Local Improvement: 0.009159536210317398
=================================================================================
=================================================================================
2026-01-28T16:10:17.469 | Step 1 | Particle 26 | GLOBAL BEST ACHIEVED!
Global Improvement: 0.01080667162698401
All moves in this step:
  Move 1: TRIPLE_SWAP | Indices: (114, 153, 137) | Local Improvement: 0.005833333333333246
  Move 2: RANDOM_SWAP | Indices: (7, 29) | Local Improvement: 0.0
  Move 3: RANDOM_SWAP | Indices: (238, 151) | Local Improvement: 0.0
  Move 4: RANDOM_SWAP | Indices: (61, 103) | Local Improvement: 0.0
  Move 5: RANDOM_SWAP | Indices: (193, 236) | Local Improvement: 0.0
  Move 6: RANDOM_SWAP | Indices: (52, 134) | Local Improvement: 0.0
=================================================================================
=================================================================================
2026-01-28T16:10:17.483 | Step 1 | Particle 34 | GLOBAL BEST ACHIEVED!
Global Improvement: 0.011666666666666603
All moves in this step:
  Move 1: TRIPLE_SWAP | Indices: (94, 34, 49) | Local Improvement: 0.007096354166666541
  Move 2: RANDOM_SWAP | Indices: (48, 141) | Local Improvement: 0.0
  Move 3: RANDOM_SWAP | Indices: (52, 185) | Local Improvement: 0.0
  Move 4: RANDOM_SWAP | Indices: (162, 5) | Local Improvement: 0.0
=================================================================================
=================================================================================
2026-01-28T16:10:17.498 | Step 1 | Particle 72 | GLOBAL BEST ACHIEVED!
Global Improvement: 0.014296875000000098
All moves in this step:
  Move 1: TRIPLE_SWAP | Indices: (140, 247, 109) | Local Improvement: 0.009921874999999858
  Move 2: RANDOM_SWAP | Indices: (39, 20) | Local Improvement: 0.0
  Move 3: RANDOM_SWAP | Indices: (89, 172) | Local Improvement: 0.0
  Move 4: RANDOM_SWAP | Indices: (5, 209) | Local Improvement: 0.0
  Move 5: RANDOM_SWAP | Indices: (227, 13) | Local Improvement: 0.0
=================================================================================
=================================================================================
2026-01-28T16:10:17.499 | Step 1 | Particle 75 | GLOBAL BEST ACHIEVED!
Global Improvement: 0.01595052083333326
All moves in this step:
  Move 1: TRIPLE_SWAP | Indices: (153, 60, 112) | Local Improvement: 0.007975260416666519
  Move 2: RANDOM_SWAP | Indices: (198, 57) | Local Improvement: 0.0
  Move 3: RANDOM_SWAP | Indices: (47, 216) | Local Improvement: 0.0
  Move 4: RANDOM_SWAP | Indices: (238, 248) | Local Improvement: 0.0
  Move 5: RANDOM_SWAP | Indices: (106, 37) | Local Improvement: 0.0
  Move 6: RANDOM_SWAP | Indices: (164, 93) | Local Improvement: 0.0
=================================================================================
=================================================================================
2026-01-28T16:10:17.881 | Step 2 | Particle 2 | GLOBAL BEST ACHIEVED!
Global Improvement: 0.0032220362103174693
All moves in this step:
  Move 1: GUIDED_SWAP_TO_GBEST | Indices: (164, 93) | Local Improvement: 0.0
  Move 2: GUIDED_SWAP_TO_GBEST | Indices: (47, 216) | Local Improvement: 0.0
  Move 3: GUIDED_SWAP_TO_GBEST | Indices: (112, 60) | Local Improvement: 0.0
  Move 4: GUIDED_SWAP_TO_GBEST | Indices: (156, 37) | Local Improvement: 0.0
  Move 5: GUIDED_SWAP_TO_GBEST | Indices: (238, 248) | Local Improvement: 0.0
  Move 6: GUIDED_SWAP_TO_PBEST | Indices: (93, 164) | Local Improvement: 0.0
  Move 7: GUIDED_SWAP_TO_PBEST | Indices: (60, 112) | Local Improvement: 0.0
  Move 8: GUIDED_SWAP_TO_PBEST | Indices: (37, 156) | Local Improvement: 0.0
  Move 9: GUIDED_SWAP_TO_PBEST | Indices: (47, 216) | Local Improvement: 0.0
  Move 10: GUIDED_SWAP_TO_PBEST | Indices: (248, 238) | Local Improvement: 0.0
  Move 11: GUIDED_SWAP_TO_GBEST | Indices: (164, 93) | Local Improvement: 0.0
  Move 12: GUIDED_SWAP_TO_GBEST | Indices: (238, 248) | Local Improvement: 0.0
  Move 13: GUIDED_SWAP_TO_GBEST | Indices: (156, 37) | Local Improvement: 0.0
  Move 14: GUIDED_SWAP_TO_GBEST | Indices: (153, 112) | Local Improvement: 0.0
  Move 15: GUIDED_SWAP_TO_PBEST | Indices: (153, 112) | Local Improvement: 0.0
  Move 16: GUIDED_SWAP_TO_PBEST | Indices: (37, 156) | Local Improvement: 0.0
  Move 17: GUIDED_SWAP_TO_PBEST | Indices: (248, 238) | Local Improvement: 0.0
  Move 18: GUIDED_SWAP_TO_GBEST | Indices: (238, 248) | Local Improvement: 0.0
  Move 19: GUIDED_SWAP_TO_GBEST | Indices: (112, 60) | Local Improvement: 0.0
  Move 20: GUIDED_SWAP_TO_GBEST | Indices: (57, 198) | Local Improvement: 0.0
  Move 21: GUIDED_SWAP_TO_GBEST | Indices: (37, 106) | Local Improvement: 0.0
  Move 22: GUIDED_SWAP_TO_GBEST | Indices: (156, 106) | Local Improvement: 0.0
  Move 23: TRIPLE_SWAP | Indices: (92, 12, 203) | Local Improvement: 0.005735677083333224
  Move 24: RANDOM_SWAP | Indices: (5, 12) | Local Improvement: 0.0
  Move 25: RANDOM_SWAP | Indices: (61, 79) | Local Improvement: 0.0
  Move 26: RANDOM_SWAP | Indices: (16, 52) | Local Improvement: 0.0
  Move 27: RANDOM_SWAP | Indices: (252, 105) | Local Improvement: 0.0
=================================================================================
=================================================================================
2026-01-28T16:10:17.882 | Step 2 | Particle 5 | GLOBAL BEST ACHIEVED!
Global Improvement: 0.005559275793650786
All moves in this step:
  Move 1: GUIDED_SWAP_TO_GBEST | Indices: (216, 47) | Local Improvement: 0.0
  Move 2: GUIDED_SWAP_TO_GBEST | Indices: (37, 106) | Local Improvement: 0.0
  Move 3: GUIDED_SWAP_TO_GBEST | Indices: (60, 153) | Local Improvement: 0.0
  Move 4: GUIDED_SWAP_TO_GBEST | Indices: (38, 126) | Local Improvement: 0.0
  Move 5: GUIDED_SWAP_TO_GBEST | Indices: (226, 126) | Local Improvement: 0.0
  Move 6: GUIDED_SWAP_TO_PBEST | Indices: (60, 153) | Local Improvement: 0.0
  Move 7: GUIDED_SWAP_TO_PBEST | Indices: (226, 126) | Local Improvement: 0.0
  Move 8: GUIDED_SWAP_TO_PBEST | Indices: (47, 216) | Local Improvement: 0.0
  Move 9: GUIDED_SWAP_TO_PBEST | Indices: (38, 126) | Local Improvement: 0.0
  Move 10: GUIDED_SWAP_TO_GBEST | Indices: (126, 226) | Local Improvement: 0.0
  Move 11: GUIDED_SWAP_TO_GBEST | Indices: (153, 112) | Local Improvement: 0.0
  Move 12: GUIDED_SWAP_TO_GBEST | Indices: (93, 164) | Local Improvement: 0.0
  Move 13: GUIDED_SWAP_TO_GBEST | Indices: (60, 112) | Local Improvement: 0.0
  Move 14: GUIDED_SWAP_TO_PBEST | Indices: (93, 164) | Local Improvement: 0.0
  Move 15: GUIDED_SWAP_TO_PBEST | Indices: (226, 126) | Local Improvement: 0.0
  Move 16: GUIDED_SWAP_TO_PBEST | Indices: (37, 106) | Local Improvement: 0.0
  Move 17: GUIDED_SWAP_TO_PBEST | Indices: (153, 60) | Local Improvement: 0.0
  Move 18: GUIDED_SWAP_TO_GBEST | Indices: (106, 37) | Local Improvement: 0.0
  Move 19: GUIDED_SWAP_TO_GBEST | Indices: (47, 216) | Local Improvement: 0.0
  Move 20: GUIDED_SWAP_TO_GBEST | Indices: (38, 126) | Local Improvement: 0.0
  Move 21: GUIDED_SWAP_TO_GBEST | Indices: (57, 198) | Local Improvement: 0.0
  Move 22: RANDOM_SWAP | Indices: (117, 17) | Local Improvement: 0.0
  Move 23: RANDOM_SWAP | Indices: (153, 160) | Local Improvement: 0.0
  Move 24: RANDOM_SWAP | Indices: (81, 218) | Local Improvement: 0.0
  Move 25: RANDOM_SWAP | Indices: (16, 88) | Local Improvement: 0.0
  Move 26: RANDOM_SWAP | Indices: (52, 153) | Local Improvement: 0.0
=================================================================================
=================================================================================
2026-01-28T16:10:17.885 | Step 2 | Particle 11 | GLOBAL BEST ACHIEVED!
Global Improvement: 0.008280629960317532
All moves in this step:
  Move 1: GUIDED_SWAP_TO_GBEST | Indices: (60, 153) | Local Improvement: 0.0
  Move 2: GUIDED_SWAP_TO_GBEST | Indices: (106, 37) | Local Improvement: 0.0
  Move 3: GUIDED_SWAP_TO_GBEST | Indices: (216, 47) | Local Improvement: 0.0
  Move 4: GUIDED_SWAP_TO_GBEST | Indices: (238, 248) | Local Improvement: 0.0
  Move 5: GUIDED_SWAP_TO_GBEST | Indices: (164, 93) | Local Improvement: 0.0
  Move 6: GUIDED_SWAP_TO_PBEST | Indices: (60, 153) | Local Improvement: 0.0
  Move 7: GUIDED_SWAP_TO_PBEST | Indices: (47, 216) | Local Improvement: 0.0
  Move 8: GUIDED_SWAP_TO_PBEST | Indices: (106, 37) | Local Improvement: 0.0
  Move 9: GUIDED_SWAP_TO_GBEST | Indices: (37, 106) | Local Improvement: 0.0
  Move 10: GUIDED_SWAP_TO_GBEST | Indices: (216, 47) | Local Improvement: 0.0
  Move 11: GUIDED_SWAP_TO_GBEST | Indices: (198, 57) | Local Improvement: 0.0
  Move 12: GUIDED_SWAP_TO_GBEST | Indices: (112, 60) | Local Improvement: 0.0
  Move 13: GUIDED_SWAP_TO_PBEST | Indices: (93, 164) | Local Improvement: 0.0
  Move 14: GUIDED_SWAP_TO_PBEST | Indices: (37, 106) | Local Improvement: 0.0
  Move 15: GUIDED_SWAP_TO_PBEST | Indices: (238, 248) | Local Improvement: 0.0
  Move 16: GUIDED_SWAP_TO_PBEST | Indices: (198, 57) | Local Improvement: 0.0
  Move 17: GUIDED_SWAP_TO_GBEST | Indices: (37, 106) | Local Improvement: 0.0
  Move 18: GUIDED_SWAP_TO_GBEST | Indices: (57, 198) | Local Improvement: 0.0
  Move 19: GUIDED_SWAP_TO_GBEST | Indices: (153, 60) | Local Improvement: 0.0
  Move 20: GUIDED_SWAP_TO_GBEST | Indices: (93, 164) | Local Improvement: 0.0
  Move 21: GUIDED_SWAP_TO_GBEST | Indices: (238, 248) | Local Improvement: 0.0
  Move 22: TRIPLE_SWAP | Indices: (19, 26, 254) | Local Improvement: 0.008280629960317532
=================================================================================
=================================================================================
2026-01-28T16:10:17.886 | Step 2 | Particle 14 | GLOBAL BEST ACHIEVED!
Global Improvement: 0.012246093750000075
All moves in this step:
  Move 1: GUIDED_SWAP_TO_GBEST | Indices: (238, 248) | Local Improvement: 0.0
  Move 2: GUIDED_SWAP_TO_GBEST | Indices: (247, 34) | Local Improvement: 0.0
  Move 3: GUIDED_SWAP_TO_GBEST | Indices: (47, 216) | Local Improvement: 0.0
  Move 4: GUIDED_SWAP_TO_GBEST | Indices: (167, 108) | Local Improvement: 0.0
  Move 5: GUIDED_SWAP_TO_GBEST | Indices: (164, 93) | Local Improvement: 0.0
  Move 6: GUIDED_SWAP_TO_GBEST | Indices: (106, 37) | Local Improvement: 0.0
  Move 7: GUIDED_SWAP_TO_GBEST | Indices: (198, 57) | Local Improvement: 0.0
  Move 8: GUIDED_SWAP_TO_GBEST | Indices: (112, 60) | Local Improvement: 0.0
  Move 9: GUIDED_SWAP_TO_PBEST | Indices: (167, 108) | Local Improvement: 0.0
  Move 10: GUIDED_SWAP_TO_PBEST | Indices: (198, 57) | Local Improvement: 0.0
  Move 11: GUIDED_SWAP_TO_PBEST | Indices: (247, 34) | Local Improvement: 0.0
  Move 12: GUIDED_SWAP_TO_GBEST | Indices: (117, 12) | Local Improvement: 0.0
  Move 13: GUIDED_SWAP_TO_GBEST | Indices: (57, 198) | Local Improvement: 0.0
  Move 14: GUIDED_SWAP_TO_GBEST | Indices: (60, 153) | Local Improvement: 0.0
  Move 15: TRIPLE_SWAP | Indices: (177, 78, 206) | Local Improvement: 0.007682291666666674
  Move 16: RANDOM_SWAP | Indices: (4, 49) | Local Improvement: 0.0
  Move 17: RANDOM_SWAP | Indices: (140, 186) | Local Improvement: 0.0
  Move 18: RANDOM_SWAP | Indices: (218, 122) | Local Improvement: 0.0
  Move 19: RANDOM_SWAP | Indices: (42, 198) | Local Improvement: 0.0
  Move 20: RANDOM_SWAP | Indices: (135, 94) | Local Improvement: 0.0
=================================================================================
=================================================================================
2026-01-28T16:10:18.157 | Step 3 | Particle 24 | GLOBAL BEST ACHIEVED!
Global Improvement: 0.011399119543650804
All moves in this step:
  Move 1: GUIDED_SWAP_TO_GBEST | Indices: (47, 216) | Local Improvement: 0.0
  Move 2: GUIDED_SWAP_TO_GBEST | Indices: (135, 94) | Local Improvement: 0.0
  Move 3: GUIDED_SWAP_TO_GBEST | Indices: (153, 112) | Local Improvement: 0.0
  Move 4: GUIDED_SWAP_TO_GBEST | Indices: (177, 23) | Local Improvement: 0.0
  Move 5: GUIDED_SWAP_TO_PBEST | Indices: (23, 177) | Local Improvement: 0.0
  Move 6: GUIDED_SWAP_TO_PBEST | Indices: (216, 47) | Local Improvement: 0.0
  Move 7: GUIDED_SWAP_TO_PBEST | Indices: (112, 153) | Local Improvement: 0.0
  Move 8: GUIDED_SWAP_TO_GBEST | Indices: (4, 49) | Local Improvement: 0.0
  Move 9: GUIDED_SWAP_TO_GBEST | Indices: (34, 247) | Local Improvement: 0.0
  Move 10: GUIDED_SWAP_TO_GBEST | Indices: (153, 112) | Local Improvement: 0.0
  Move 11: GUIDED_SWAP_TO_GBEST | Indices: (42, 198) | Local Improvement: 0.0
  Move 12: GUIDED_SWAP_TO_GBEST | Indices: (247, 107) | Local Improvement: 0.0
  Move 13: TRIPLE_SWAP | Indices: (242, 101, 239) | Local Improvement: 0.0028190104166667673
=================================================================================
=================================================================================
2026-01-28T16:10:18.170 | Step 3 | Particle 59 | GLOBAL BEST ACHIEVED!
Global Improvement: 0.011666666666666714
All moves in this step:
  Move 1: GUIDED_SWAP_TO_GBEST | Indices: (37, 106) | Local Improvement: 0.0
  Move 2: GUIDED_SWAP_TO_GBEST | Indices: (247, 107) | Local Improvement: 0.0
  Move 3: GUIDED_SWAP_TO_GBEST | Indices: (107, 34) | Local Improvement: 0.0
  Move 4: GUIDED_SWAP_TO_GBEST | Indices: (42, 198) | Local Improvement: 0.0
  Move 5: GUIDED_SWAP_TO_PBEST | Indices: (247, 34) | Local Improvement: 0.0
  Move 6: GUIDED_SWAP_TO_PBEST | Indices: (107, 34) | Local Improvement: 0.0
  Move 7: GUIDED_SWAP_TO_PBEST | Indices: (42, 198) | Local Improvement: 0.0
  Move 8: GUIDED_SWAP_TO_GBEST | Indices: (167, 108) | Local Improvement: 0.0
  Move 9: GUIDED_SWAP_TO_GBEST | Indices: (94, 135) | Local Improvement: 0.0
  Move 10: GUIDED_SWAP_TO_GBEST | Indices: (186, 140) | Local Improvement: 0.0
  Move 11: GUIDED_SWAP_TO_GBEST | Indices: (177, 206) | Local Improvement: 0.0
  Move 12: GUIDED_SWAP_TO_GBEST | Indices: (122, 218) | Local Improvement: 0.0
  Move 13: GUIDED_SWAP_TO_PBEST | Indices: (167, 108) | Local Improvement: 0.0
  Move 14: GUIDED_SWAP_TO_PBEST | Indices: (140, 186) | Local Improvement: 0.0
  Move 15: GUIDED_SWAP_TO_PBEST | Indices: (37, 106) | Local Improvement: 0.0
  Move 16: GUIDED_SWAP_TO_PBEST | Indices: (122, 218) | Local Improvement: 0.0
  Move 17: GUIDED_SWAP_TO_GBEST | Indices: (107, 34) | Local Improvement: 0.0
  Move 18: GUIDED_SWAP_TO_GBEST | Indices: (167, 108) | Local Improvement: 0.0
  Move 19: GUIDED_SWAP_TO_GBEST | Indices: (247, 34) | Local Improvement: 0.0
  Move 20: GUIDED_SWAP_TO_GBEST | Indices: (4, 49) | Local Improvement: 0.0
  Move 21: GUIDED_SWAP_TO_GBEST | Indices: (106, 37) | Local Improvement: 0.0
  Move 22: TRIPLE_SWAP | Indices: (82, 203, 179) | Local Improvement: 0.0047656249999999956
=================================================================================
=================================================================================
2026-01-28T16:10:18.273 | Step 4 | Particle 13 | GLOBAL BEST ACHIEVED!
Global Improvement: 0.003313802083333206
All moves in this step:
  Move 1: GUIDED_SWAP_TO_GBEST | Indices: (251, 227) | Local Improvement: 0.0
  Move 2: GUIDED_SWAP_TO_GBEST | Indices: (122, 218) | Local Improvement: 0.0
  Move 3: GUIDED_SWAP_TO_GBEST | Indices: (140, 186) | Local Improvement: 0.0
  Move 4: GUIDED_SWAP_TO_GBEST | Indices: (107, 34) | Local Improvement: 0.0
  Move 5: GUIDED_SWAP_TO_GBEST | Indices: (203, 82) | Local Improvement: 0.0
  Move 6: GUIDED_SWAP_TO_PBEST | Indices: (186, 140) | Local Improvement: 0.0
  Move 7: GUIDED_SWAP_TO_PBEST | Indices: (203, 82) | Local Improvement: 0.0
  Move 8: GUIDED_SWAP_TO_PBEST | Indices: (218, 122) | Local Improvement: 0.0
  Move 9: GUIDED_SWAP_TO_PBEST | Indices: (251, 227) | Local Improvement: 0.0
  Move 10: GUIDED_SWAP_TO_GBEST | Indices: (26, 58) | Local Improvement: 0.0
  Move 11: GUIDED_SWAP_TO_GBEST | Indices: (179, 203) | Local Improvement: 0.0
  Move 12: GUIDED_SWAP_TO_GBEST | Indices: (203, 82) | Local Improvement: 0.0
  Move 13: GUIDED_SWAP_TO_GBEST | Indices: (58, 28) | Local Improvement: 0.0
  Move 14: GUIDED_SWAP_TO_GBEST | Indices: (206, 78) | Local Improvement: 0.0
  Move 15: GUIDED_SWAP_TO_PBEST | Indices: (28, 58) | Local Improvement: 0.0
  Move 16: GUIDED_SWAP_TO_PBEST | Indices: (107, 34) | Local Improvement: 0.0
  Move 17: GUIDED_SWAP_TO_PBEST | Indices: (58, 26) | Local Improvement: 0.0
  Move 18: GUIDED_SWAP_TO_PBEST | Indices: (203, 179) | Local Improvement: 0.0
  Move 19: GUIDED_SWAP_TO_GBEST | Indices: (43, 115) | Local Improvement: 0.0
  Move 20: GUIDED_SWAP_TO_GBEST | Indices: (227, 98) | Local Improvement: 0.0
  Move 21: GUIDED_SWAP_TO_GBEST | Indices: (28, 26) | Local Improvement: 0.0
  Move 22: GUIDED_SWAP_TO_GBEST | Indices: (203, 179) | Local Improvement: 0.0
  Move 23: GUIDED_SWAP_TO_GBEST | Indices: (198, 42) | Local Improvement: 0.0
  Move 24: TRIPLE_SWAP | Indices: (12, 10, 88) | Local Improvement: 0.004667968749999862
=================================================================================
=================================================================================
2026-01-28T16:10:18.282 | Step 4 | Particle 38 | GLOBAL BEST ACHIEVED!
Global Improvement: 0.0038079737103173805
All moves in this step:
  Move 1: GUIDED_SWAP_TO_GBEST | Indices: (28, 26) | Local Improvement: 0.0
  Move 2: GUIDED_SWAP_TO_GBEST | Indices: (233, 32) | Local Improvement: 0.0
  Move 3: GUIDED_SWAP_TO_GBEST | Indices: (82, 179) | Local Improvement: 0.0
  Move 4: GUIDED_SWAP_TO_GBEST | Indices: (19, 27) | Local Improvement: 0.0
  Move 5: GUIDED_SWAP_TO_GBEST | Indices: (215, 174) | Local Improvement: 0.0
  Move 6: GUIDED_SWAP_TO_PBEST | Indices: (233, 32) | Local Improvement: 0.0
  Move 7: GUIDED_SWAP_TO_PBEST | Indices: (19, 27) | Local Improvement: 0.0
  Move 8: GUIDED_SWAP_TO_PBEST | Indices: (215, 174) | Local Improvement: 0.0
  Move 9: GUIDED_SWAP_TO_GBEST | Indices: (112, 60) | Local Improvement: 0.0
  Move 10: GUIDED_SWAP_TO_GBEST | Indices: (203, 179) | Local Improvement: 0.0
  Move 11: GUIDED_SWAP_TO_GBEST | Indices: (215, 174) | Local Improvement: 0.0
  Move 12: GUIDED_SWAP_TO_GBEST | Indices: (32, 233) | Local Improvement: 0.0
  Move 13: GUIDED_SWAP_TO_GBEST | Indices: (27, 116) | Local Improvement: 0.0
=================================================================================
=================================================================================
2026-01-28T16:10:18.291 | Step 4 | Particle 59 | GLOBAL BEST ACHIEVED!
Global Improvement: 0.0047845362103173805
All moves in this step:
  Move 1: TRIPLE_SWAP | Indices: (79, 197, 95) | Local Improvement: 0.0047845362103173805
=================================================================================
=================================================================================
2026-01-28T16:10:18.293 | Step 4 | Particle 65 | GLOBAL BEST ACHIEVED!
Global Improvement: 0.006145213293650698
All moves in this step:
  Move 1: GUIDED_SWAP_TO_GBEST | Indices: (28, 26) | Local Improvement: 0.0
  Move 2: GUIDED_SWAP_TO_GBEST | Indices: (153, 112) | Local Improvement: 0.0
  Move 3: GUIDED_SWAP_TO_GBEST | Indices: (247, 34) | Local Improvement: 0.0
  Move 4: GUIDED_SWAP_TO_GBEST | Indices: (94, 135) | Local Improvement: 0.0
  Move 5: GUIDED_SWAP_TO_GBEST | Indices: (187, 86) | Local Improvement: 0.0
  Move 6: GUIDED_SWAP_TO_PBEST | Indices: (28, 26) | Local Improvement: 0.0
  Move 7: GUIDED_SWAP_TO_PBEST | Indices: (247, 34) | Local Improvement: 0.0
  Move 8: GUIDED_SWAP_TO_PBEST | Indices: (94, 135) | Local Improvement: 0.0
  Move 9: GUIDED_SWAP_TO_PBEST | Indices: (86, 187) | Local Improvement: 0.0
  Move 10: GUIDED_SWAP_TO_GBEST | Indices: (49, 4) | Local Improvement: 0.0
  Move 11: GUIDED_SWAP_TO_GBEST | Indices: (159, 124) | Local Improvement: 0.0
  Move 12: GUIDED_SWAP_TO_GBEST | Indices: (28, 26) | Local Improvement: 0.0
  Move 13: GUIDED_SWAP_TO_GBEST | Indices: (216, 47) | Local Improvement: 0.0
  Move 14: GUIDED_SWAP_TO_GBEST | Indices: (187, 86) | Local Improvement: 0.0
  Move 15: TRIPLE_SWAP | Indices: (51, 16, 81) | Local Improvement: 0.006223958333333224
=================================================================================
=================================================================================
2026-01-28T16:10:18.365 | Step 5 | Particle 13 | GLOBAL BEST ACHIEVED!
Global Improvement: 0.002623697916666723
All moves in this step:
  Move 1: GUIDED_SWAP_TO_GBEST | Indices: (197, 55) | Local Improvement: 0.0
  Move 2: GUIDED_SWAP_TO_GBEST | Indices: (86, 227) | Local Improvement: 0.0
  Move 3: GUIDED_SWAP_TO_GBEST | Indices: (251, 98) | Local Improvement: 0.0
  Move 4: GUIDED_SWAP_TO_GBEST | Indices: (67, 58) | Local Improvement: 0.0
  Move 5: GUIDED_SWAP_TO_GBEST | Indices: (186, 212) | Local Improvement: 0.0
  Move 6: GUIDED_SWAP_TO_GBEST | Indices: (34, 107) | Local Improvement: 0.0
  Move 7: GUIDED_SWAP_TO_GBEST | Indices: (122, 218) | Local Improvement: 0.0
  Move 8: GUIDED_SWAP_TO_GBEST | Indices: (49, 4) | Local Improvement: 0.0
  Move 9: GUIDED_SWAP_TO_GBEST | Indices: (16, 51) | Local Improvement: 0.0
  Move 10: GUIDED_SWAP_TO_GBEST | Indices: (82, 203) | Local Improvement: 0.0
  Move 11: GUIDED_SWAP_TO_GBEST | Indices: (167, 108) | Local Improvement: 0.0
  Move 12: GUIDED_SWAP_TO_GBEST | Indices: (203, 179) | Local Improvement: 0.0
  Move 13: GUIDED_SWAP_TO_GBEST | Indices: (110, 92) | Local Improvement: 0.0
  Move 14: TRIPLE_SWAP | Indices: (255, 152, 72) | Local Improvement: 0.005735677083333446
=================================================================================
=================================================================================
2026-01-28T16:10:18.385 | Step 5 | Particle 65 | GLOBAL BEST ACHIEVED!
Global Improvement: 0.004570312500000062
All moves in this step:
  Move 1: TRIPLE_SWAP | Indices: (181, 98, 220) | Local Improvement: 0.004570312500000062
=================================================================================
=================================================================================
2026-01-28T16:10:18.574 | Step 7 | Particle 3 | GLOBAL BEST ACHIEVED!
Global Improvement: 0.0014583333333333393
All moves in this step:
  Move 1: GUIDED_SWAP_TO_GBEST | Indices: (82, 203) | Local Improvement: 0.0
  Move 2: GUIDED_SWAP_TO_GBEST | Indices: (136, 220) | Local Improvement: 0.0
  Move 3: GUIDED_SWAP_TO_GBEST | Indices: (58, 67) | Local Improvement: 0.0
  Move 4: GUIDED_SWAP_TO_GBEST | Indices: (220, 98) | Local Improvement: 0.0
  Move 5: GUIDED_SWAP_TO_PBEST | Indices: (220, 136) | Local Improvement: 0.0
  Move 6: GUIDED_SWAP_TO_PBEST | Indices: (67, 58) | Local Improvement: 0.0
  Move 7: GUIDED_SWAP_TO_PBEST | Indices: (98, 136) | Local Improvement: 0.0
  Move 8: GUIDED_SWAP_TO_GBEST | Indices: (64, 136) | Local Improvement: 0.0
  Move 9: GUIDED_SWAP_TO_GBEST | Indices: (58, 67) | Local Improvement: 0.0
  Move 10: GUIDED_SWAP_TO_GBEST | Indices: (136, 220) | Local Improvement: 0.0
  Move 11: GUIDED_SWAP_TO_GBEST | Indices: (98, 220) | Local Improvement: 0.0
  Move 12: TRIPLE_SWAP | Indices: (17, 33, 202) | Local Improvement: 0.0014583333333333393
=================================================================================
=================================================================================
2026-01-28T16:10:18.582 | Step 7 | Particle 22 | GLOBAL BEST ACHIEVED!
Global Improvement: 0.0028190104166666563
All moves in this step:
  Move 1: GUIDED_SWAP_TO_GBEST | Indices: (94, 135) | Local Improvement: 0.0
  Move 2: GUIDED_SWAP_TO_GBEST | Indices: (181, 220) | Local Improvement: 0.0
  Move 3: GUIDED_SWAP_TO_GBEST | Indices: (64, 201) | Local Improvement: 0.0
  Move 4: GUIDED_SWAP_TO_GBEST | Indices: (136, 98) | Local Improvement: 0.0
  Move 5: GUIDED_SWAP_TO_PBEST | Indices: (201, 64) | Local Improvement: 0.0
  Move 6: GUIDED_SWAP_TO_PBEST | Indices: (135, 94) | Local Improvement: 0.0
  Move 7: GUIDED_SWAP_TO_PBEST | Indices: (220, 181) | Local Improvement: 0.0
  Move 8: GUIDED_SWAP_TO_GBEST | Indices: (135, 94) | Local Improvement: 0.0
  Move 9: GUIDED_SWAP_TO_GBEST | Indices: (98, 64) | Local Improvement: 0.0
  Move 10: GUIDED_SWAP_TO_GBEST | Indices: (19, 179) | Local Improvement: 0.0
  Move 11: GUIDED_SWAP_TO_GBEST | Indices: (92, 110) | Local Improvement: 0.0
  Move 12: GUIDED_SWAP_TO_GBEST | Indices: (64, 201) | Local Improvement: 0.0
  Move 13: GUIDED_SWAP_TO_GBEST | Indices: (201, 236) | Local Improvement: 0.0
  Move 14: GUIDED_SWAP_TO_GBEST | Indices: (197, 179) | Local Improvement: 0.0
  Move 15: GUIDED_SWAP_TO_GBEST | Indices: (220, 181) | Local Improvement: 0.0
  Move 16: TRIPLE_SWAP | Indices: (84, 77, 33) | Local Improvement: 0.0028190104166666563
=================================================================================
=================================================================================
2026-01-28T16:10:18.605 | Step 7 | Particle 82 | GLOBAL BEST ACHIEVED!
Global Improvement: 0.00359374999999984
All moves in this step:
  Move 1: GUIDED_SWAP_TO_GBEST | Indices: (136, 181) | Local Improvement: 0.0
  Move 2: GUIDED_SWAP_TO_GBEST | Indices: (58, 26) | Local Improvement: 0.0
  Move 3: GUIDED_SWAP_TO_GBEST | Indices: (130, 138) | Local Improvement: 0.0
  Move 4: GUIDED_SWAP_TO_GBEST | Indices: (16, 51) | Local Improvement: 0.0
  Move 5: GUIDED_SWAP_TO_GBEST | Indices: (203, 179) | Local Improvement: 0.0
  Move 6: GUIDED_SWAP_TO_GBEST | Indices: (181, 220) | Local Improvement: 0.0
  Move 7: GUIDED_SWAP_TO_GBEST | Indices: (81, 51) | Local Improvement: 0.0
  Move 8: GUIDED_SWAP_TO_GBEST | Indices: (98, 64) | Local Improvement: 0.0
  Move 9: GUIDED_SWAP_TO_GBEST | Indices: (135, 94) | Local Improvement: 0.0
  Move 10: GUIDED_SWAP_TO_PBEST | Indices: (51, 16) | Local Improvement: 0.0
  Move 11: GUIDED_SWAP_TO_PBEST | Indices: (94, 135) | Local Improvement: 0.0
  Move 12: GUIDED_SWAP_TO_PBEST | Indices: (179, 203) | Local Improvement: 0.0
  Move 13: GUIDED_SWAP_TO_PBEST | Indices: (16, 81) | Local Improvement: 0.0
  Move 14: GUIDED_SWAP_TO_PBEST | Indices: (26, 58) | Local Improvement: 0.0
  Move 15: GUIDED_SWAP_TO_GBEST | Indices: (203, 179) | Local Improvement: 0.0
  Move 16: GUIDED_SWAP_TO_GBEST | Indices: (220, 64) | Local Improvement: 0.0
  Move 17: GUIDED_SWAP_TO_GBEST | Indices: (81, 16) | Local Improvement: 0.0
  Move 18: GUIDED_SWAP_TO_GBEST | Indices: (51, 16) | Local Improvement: 0.0
  Move 19: GUIDED_SWAP_TO_GBEST | Indices: (94, 135) | Local Improvement: 0.0
  Move 20: TRIPLE_SWAP | Indices: (158, 131, 79) | Local Improvement: 0.0025260416666664787
=================================================================================
=================================================================================
2026-01-28T16:10:18.655 | Step 8 | Particle 16 | GLOBAL BEST ACHIEVED!
Global Improvement: 0.0003906250000000888
All moves in this step:
  Move 1: GUIDED_SWAP_TO_GBEST | Indices: (79, 131) | Local Improvement: 0.0
  Move 2: GUIDED_SWAP_TO_GBEST | Indices: (58, 26) | Local Improvement: 0.0
  Move 3: GUIDED_SWAP_TO_GBEST | Indices: (131, 158) | Local Improvement: 0.0
  Move 4: GUIDED_SWAP_TO_PBEST | Indices: (26, 58) | Local Improvement: 0.0
  Move 5: GUIDED_SWAP_TO_PBEST | Indices: (131, 79) | Local Improvement: 0.0
  Move 6: GUIDED_SWAP_TO_PBEST | Indices: (158, 79) | Local Improvement: 0.0
  Move 7: GUIDED_SWAP_TO_GBEST | Indices: (26, 58) | Local Improvement: 0.0
  Move 8: GUIDED_SWAP_TO_GBEST | Indices: (158, 79) | Local Improvement: 0.0
  Move 9: GUIDED_SWAP_TO_GBEST | Indices: (79, 131) | Local Improvement: 0.0
  Move 10: TRIPLE_SWAP | Indices: (194, 49, 251) | Local Improvement: 0.0003906250000000888
=================================================================================
=================================================================================
2026-01-28T16:10:18.662 | Step 8 | Particle 33 | GLOBAL BEST ACHIEVED!
Global Improvement: 0.001848958333333539
All moves in this step:
  Move 1: GUIDED_SWAP_TO_GBEST | Indices: (79, 131) | Local Improvement: 0.0
  Move 2: GUIDED_SWAP_TO_GBEST | Indices: (158, 131) | Local Improvement: 0.0
  Move 3: GUIDED_SWAP_TO_GBEST | Indices: (58, 26) | Local Improvement: 0.0
  Move 4: GUIDED_SWAP_TO_PBEST | Indices: (158, 131) | Local Improvement: 0.0
  Move 5: GUIDED_SWAP_TO_PBEST | Indices: (26, 58) | Local Improvement: 0.0
  Move 6: GUIDED_SWAP_TO_PBEST | Indices: (131, 79) | Local Improvement: 0.0
  Move 7: GUIDED_SWAP_TO_GBEST | Indices: (131, 158) | Local Improvement: 0.0
  Move 8: GUIDED_SWAP_TO_GBEST | Indices: (58, 26) | Local Improvement: 0.0
  Move 9: GUIDED_SWAP_TO_GBEST | Indices: (158, 79) | Local Improvement: 0.0
  Move 10: GUIDED_SWAP_TO_PBEST | Indices: (131, 79) | Local Improvement: 0.0
  Move 11: GUIDED_SWAP_TO_PBEST | Indices: (158, 79) | Local Improvement: 0.0
  Move 12: GUIDED_SWAP_TO_PBEST | Indices: (58, 26) | Local Improvement: 0.0
  Move 13: GUIDED_SWAP_TO_GBEST | Indices: (158, 79) | Local Improvement: 0.0
  Move 14: GUIDED_SWAP_TO_GBEST | Indices: (26, 58) | Local Improvement: 0.0
  Move 15: GUIDED_SWAP_TO_GBEST | Indices: (131, 79) | Local Improvement: 0.0
  Move 16: TRIPLE_SWAP | Indices: (31, 127, 47) | Local Improvement: 0.001848958333333539
=================================================================================
=================================================================================
2026-01-28T16:10:18.682 | Step 8 | Particle 84 | GLOBAL BEST ACHIEVED!
Global Improvement: 0.0020442708333334725
All moves in this step:
  Move 1: GUIDED_SWAP_TO_GBEST | Indices: (16, 81) | Local Improvement: 0.0
  Move 2: GUIDED_SWAP_TO_GBEST | Indices: (223, 198) | Local Improvement: 0.0
  Move 3: GUIDED_SWAP_TO_GBEST | Indices: (136, 98) | Local Improvement: 0.0
  Move 4: GUIDED_SWAP_TO_GBEST | Indices: (64, 98) | Local Improvement: 0.0
  Move 5: GUIDED_SWAP_TO_GBEST | Indices: (158, 79) | Local Improvement: 0.0
  Move 6: GUIDED_SWAP_TO_GBEST | Indices: (67, 58) | Local Improvement: 0.0
  Move 7: GUIDED_SWAP_TO_GBEST | Indices: (58, 26) | Local Improvement: 0.0
  Move 8: GUIDED_SWAP_TO_GBEST | Indices: (79, 131) | Local Improvement: 0.0
  Move 9: TRIPLE_SWAP | Indices: (56, 239, 84) | Local Improvement: 0.0020442708333334725
=================================================================================
=================================================================================
2026-01-28T16:10:18.729 | Step 9 | Particle 3 | GLOBAL BEST ACHIEVED!
Global Improvement: 0.0003906250000000888
All moves in this step:
  Move 1: GUIDED_SWAP_TO_GBEST | Indices: (84, 239) | Local Improvement: 0.0
  Move 2: GUIDED_SWAP_TO_GBEST | Indices: (56, 239) | Local Improvement: 0.0
  Move 3: GUIDED_SWAP_TO_PBEST | Indices: (84, 56) | Local Improvement: 0.0
  Move 4: GUIDED_SWAP_TO_PBEST | Indices: (56, 239) | Local Improvement: 0.0
  Move 5: GUIDED_SWAP_TO_GBEST | Indices: (84, 239) | Local Improvement: 0.0
  Move 6: GUIDED_SWAP_TO_GBEST | Indices: (239, 56) | Local Improvement: 0.0
  Move 7: GUIDED_SWAP_TO_PBEST | Indices: (239, 84) | Local Improvement: 0.0
  Move 8: GUIDED_SWAP_TO_PBEST | Indices: (56, 84) | Local Improvement: 0.0
  Move 9: GUIDED_SWAP_TO_GBEST | Indices: (56, 84) | Local Improvement: 0.0
  Move 10: GUIDED_SWAP_TO_GBEST | Indices: (239, 84) | Local Improvement: 0.0
  Move 11: TRIPLE_SWAP | Indices: (20, 186, 203) | Local Improvement: 0.0003906250000000888
=================================================================================
=================================================================================
2026-01-28T16:10:18.734 | Step 9 | Particle 16 | GLOBAL BEST ACHIEVED!
Global Improvement: 0.0005859375000000222
All moves in this step:
  Move 1: GUIDED_SWAP_TO_GBEST | Indices: (194, 49) | Local Improvement: 0.0
  Move 2: GUIDED_SWAP_TO_GBEST | Indices: (49, 251) | Local Improvement: 0.0
  Move 3: GUIDED_SWAP_TO_GBEST | Indices: (239, 56) | Local Improvement: 0.0
  Move 4: GUIDED_SWAP_TO_GBEST | Indices: (56, 84) | Local Improvement: 0.0
  Move 5: GUIDED_SWAP_TO_PBEST | Indices: (194, 251) | Local Improvement: 0.0
  Move 6: GUIDED_SWAP_TO_PBEST | Indices: (84, 56) | Local Improvement: 0.0
  Move 7: GUIDED_SWAP_TO_PBEST | Indices: (49, 251) | Local Improvement: 0.0
  Move 8: GUIDED_SWAP_TO_PBEST | Indices: (239, 56) | Local Improvement: 0.0
  Move 9: GUIDED_SWAP_TO_GBEST | Indices: (194, 49) | Local Improvement: 0.0
  Move 10: GUIDED_SWAP_TO_GBEST | Indices: (84, 239) | Local Improvement: 0.0
  Move 11: GUIDED_SWAP_TO_GBEST | Indices: (56, 239) | Local Improvement: 0.0
  Move 12: GUIDED_SWAP_TO_GBEST | Indices: (49, 251) | Local Improvement: 0.0
  Move 13: TRIPLE_SWAP | Indices: (70, 97, 75) | Local Improvement: 0.0005859375000000222
=================================================================================
=================================================================================
2026-01-28T16:10:18.814 | Step 10 | Particle 3 | GLOBAL BEST ACHIEVED!
Global Improvement: 9.76562500000222e-5
All moves in this step:
  Move 1: GUIDED_SWAP_TO_GBEST | Indices: (186, 203) | Local Improvement: 0.0
  Move 2: GUIDED_SWAP_TO_GBEST | Indices: (20, 203) | Local Improvement: 0.0
  Move 3: GUIDED_SWAP_TO_GBEST | Indices: (70, 75) | Local Improvement: 0.0
  Move 4: GUIDED_SWAP_TO_GBEST | Indices: (75, 97) | Local Improvement: 0.0
  Move 5: GUIDED_SWAP_TO_PBEST | Indices: (20, 203) | Local Improvement: 0.0
  Move 6: GUIDED_SWAP_TO_PBEST | Indices: (75, 70) | Local Improvement: 0.0
  Move 7: GUIDED_SWAP_TO_PBEST | Indices: (97, 70) | Local Improvement: 0.0
  Move 8: GUIDED_SWAP_TO_PBEST | Indices: (186, 203) | Local Improvement: 0.0
  Move 9: GUIDED_SWAP_TO_GBEST | Indices: (203, 20) | Local Improvement: 0.0
  Move 10: GUIDED_SWAP_TO_GBEST | Indices: (20, 186) | Local Improvement: 0.0
  Move 11: GUIDED_SWAP_TO_GBEST | Indices: (70, 75) | Local Improvement: 0.0
  Move 12: GUIDED_SWAP_TO_GBEST | Indices: (75, 97) | Local Improvement: 0.0
  Move 13: GUIDED_SWAP_TO_PBEST | Indices: (97, 75) | Local Improvement: 0.0
  Move 14: GUIDED_SWAP_TO_PBEST | Indices: (70, 75) | Local Improvement: 0.0
  Move 15: GUIDED_SWAP_TO_PBEST | Indices: (20, 203) | Local Improvement: 0.0
  Move 16: GUIDED_SWAP_TO_PBEST | Indices: (203, 186) | Local Improvement: 0.0
  Move 17: GUIDED_SWAP_TO_GBEST | Indices: (20, 186) | Local Improvement: 0.0
  Move 18: GUIDED_SWAP_TO_GBEST | Indices: (97, 70) | Local Improvement: 0.0
  Move 19: GUIDED_SWAP_TO_GBEST | Indices: (186, 203) | Local Improvement: 0.0
  Move 20: GUIDED_SWAP_TO_GBEST | Indices: (75, 70) | Local Improvement: 0.0
  Move 21: TRIPLE_SWAP | Indices: (227, 44, 180) | Local Improvement: 9.76562500000222e-5
=================================================================================
=================================================================================
2026-01-28T16:10:18.833 | Step 10 | Particle 51 | GLOBAL BEST ACHIEVED!
Global Improvement: 0.000872395833333317
All moves in this step:
  Move 1: GUIDED_SWAP_TO_GBEST | Indices: (97, 70) | Local Improvement: 0.0
  Move 2: GUIDED_SWAP_TO_GBEST | Indices: (75, 70) | Local Improvement: 0.0
  Move 3: GUIDED_SWAP_TO_PBEST | Indices: (97, 75) | Local Improvement: 0.0
  Move 4: GUIDED_SWAP_TO_PBEST | Indices: (70, 75) | Local Improvement: 0.0
  Move 5: TRIPLE_SWAP | Indices: (72, 244, 124) | Local Improvement: 0.0014583333333333393
=================================================================================
=================================================================================
2026-01-28T16:10:18.834 | Step 10 | Particle 53 | GLOBAL BEST ACHIEVED!
Global Improvement: 0.001360677083333317
All moves in this step:
  Move 1: GUIDED_SWAP_TO_PBEST | Indices: (56, 239) | Local Improvement: 0.0
  Move 2: GUIDED_SWAP_TO_PBEST | Indices: (22, 52) | Local Improvement: 0.0
  Move 3: GUIDED_SWAP_TO_PBEST | Indices: (176, 21) | Local Improvement: 0.0
  Move 4: GUIDED_SWAP_TO_PBEST | Indices: (239, 84) | Local Improvement: 0.0
  Move 5: GUIDED_SWAP_TO_GBEST | Indices: (56, 84) | Local Improvement: 0.0
  Move 6: GUIDED_SWAP_TO_GBEST | Indices: (21, 176) | Local Improvement: 0.0
  Move 7: GUIDED_SWAP_TO_GBEST | Indices: (70, 75) | Local Improvement: 0.0
  Move 8: GUIDED_SWAP_TO_GBEST | Indices: (239, 84) | Local Improvement: 0.0
  Move 9: GUIDED_SWAP_TO_PBEST | Indices: (176, 21) | Local Improvement: 0.0
  Move 10: GUIDED_SWAP_TO_PBEST | Indices: (75, 70) | Local Improvement: 0.0
  Move 11: GUIDED_SWAP_TO_PBEST | Indices: (239, 84) | Local Improvement: 0.0
  Move 12: GUIDED_SWAP_TO_PBEST | Indices: (56, 84) | Local Improvement: 0.0
  Move 13: GUIDED_SWAP_TO_PBEST | Indices: (54, 172) | Local Improvement: 0.0
  Move 14: GUIDED_SWAP_TO_GBEST | Indices: (56, 84) | Local Improvement: 0.0
  Move 15: GUIDED_SWAP_TO_GBEST | Indices: (97, 70) | Local Improvement: 0.0
  Move 16: GUIDED_SWAP_TO_GBEST | Indices: (176, 21) | Local Improvement: 0.0
  Move 17: GUIDED_SWAP_TO_GBEST | Indices: (84, 239) | Local Improvement: 0.0
  Move 18: GUIDED_SWAP_TO_GBEST | Indices: (70, 75) | Local Improvement: 0.0
  Move 19: TRIPLE_SWAP | Indices: (254, 236, 179) | Local Improvement: 0.001360677083333317
=================================================================================
=================================================================================
2026-01-28T16:10:18.848 | Step 10 | Particle 88 | GLOBAL BEST ACHIEVED!
Global Improvement: 0.0016536458333333837
All moves in this step:
  Move 1: GUIDED_SWAP_TO_GBEST | Indices: (83, 198) | Local Improvement: 0.0
  Move 2: GUIDED_SWAP_TO_GBEST | Indices: (247, 34) | Local Improvement: 0.0
  Move 3: GUIDED_SWAP_TO_GBEST | Indices: (75, 97) | Local Improvement: 0.0
  Move 4: GUIDED_SWAP_TO_GBEST | Indices: (56, 84) | Local Improvement: 0.0
  Move 5: GUIDED_SWAP_TO_GBEST | Indices: (158, 79) | Local Improvement: 0.0
  Move 6: GUIDED_SWAP_TO_PBEST | Indices: (83, 198) | Local Improvement: 0.0
  Move 7: GUIDED_SWAP_TO_PBEST | Indices: (79, 158) | Local Improvement: 0.0
  Move 8: GUIDED_SWAP_TO_PBEST | Indices: (97, 75) | Local Improvement: 0.0
  Move 9: GUIDED_SWAP_TO_PBEST | Indices: (84, 56) | Local Improvement: 0.0
  Move 10: GUIDED_SWAP_TO_PBEST | Indices: (247, 34) | Local Improvement: 0.0
  Move 11: GUIDED_SWAP_TO_GBEST | Indices: (56, 84) | Local Improvement: 0.0
  Move 12: GUIDED_SWAP_TO_GBEST | Indices: (79, 158) | Local Improvement: 0.0
  Move 13: GUIDED_SWAP_TO_GBEST | Indices: (84, 239) | Local Improvement: 0.0
  Move 14: GUIDED_SWAP_TO_GBEST | Indices: (247, 34) | Local Improvement: 0.0
  Move 15: TRIPLE_SWAP | Indices: (43, 38, 123) | Local Improvement: 0.002721354166666856
=================================================================================
=================================================================================
2026-01-28T16:10:18.852 | Step 10 | Particle 97 | GLOBAL BEST ACHIEVED!
Global Improvement: 0.0030143229166667007
All moves in this step:
  Move 1: GUIDED_SWAP_TO_PBEST | Indices: (67, 58) | Local Improvement: 0.0
  Move 2: GUIDED_SWAP_TO_PBEST | Indices: (136, 64) | Local Improvement: 0.0
  Move 3: GUIDED_SWAP_TO_PBEST | Indices: (235, 249) | Local Improvement: 0.0
  Move 4: GUIDED_SWAP_TO_PBEST | Indices: (65, 165) | Local Improvement: 0.0
  Move 5: GUIDED_SWAP_TO_PBEST | Indices: (206, 78) | Local Improvement: 0.0
  Move 6: GUIDED_SWAP_TO_GBEST | Indices: (70, 75) | Local Improvement: 0.0
  Move 7: GUIDED_SWAP_TO_GBEST | Indices: (254, 146) | Local Improvement: 0.0
  Move 8: GUIDED_SWAP_TO_GBEST | Indices: (58, 26) | Local Improvement: 0.0
  Move 9: GUIDED_SWAP_TO_GBEST | Indices: (136, 181) | Local Improvement: 0.0
  Move 10: GUIDED_SWAP_TO_PBEST | Indices: (64, 220) | Local Improvement: 0.0
  Move 11: GUIDED_SWAP_TO_PBEST | Indices: (20, 180) | Local Improvement: 0.0
  Move 12: GUIDED_SWAP_TO_PBEST | Indices: (26, 58) | Local Improvement: 0.0
  Move 13: GUIDED_SWAP_TO_PBEST | Indices: (180, 52) | Local Improvement: 0.0
  Move 14: GUIDED_SWAP_TO_PBEST | Indices: (81, 51) | Local Improvement: 0.0
  Move 15: GUIDED_SWAP_TO_GBEST | Indices: (37, 88) | Local Improvement: 0.0
  Move 16: GUIDED_SWAP_TO_GBEST | Indices: (81, 51) | Local Improvement: 0.0
  Move 17: GUIDED_SWAP_TO_GBEST | Indices: (88, 165) | Local Improvement: 0.0
  Move 18: GUIDED_SWAP_TO_GBEST | Indices: (20, 52) | Local Improvement: 0.0
  Move 19: GUIDED_SWAP_TO_GBEST | Indices: (134, 23) | Local Improvement: 0.0
  Move 20: GUIDED_SWAP_TO_GBEST | Indices: (67, 58) | Local Improvement: 0.0
  Move 21: GUIDED_SWAP_TO_GBEST | Indices: (78, 206) | Local Improvement: 0.0
  Move 22: GUIDED_SWAP_TO_GBEST | Indices: (84, 56) | Local Improvement: 0.0
  Move 23: GUIDED_SWAP_TO_GBEST | Indices: (26, 58) | Local Improvement: 0.0
  Move 24: GUIDED_SWAP_TO_GBEST | Indices: (137, 175) | Local Improvement: 0.0
  Move 25: TRIPLE_SWAP | Indices: (156, 148, 4) | Local Improvement: 0.005638020833333313
=================================================================================
=================================================================================
2026-01-28T16:10:18.895 | Step 11 | Particle 8 | GLOBAL BEST ACHIEVED!
Global Improvement: 9.76562500000222e-5
All moves in this step:
  Move 1: GUIDED_SWAP_TO_GBEST | Indices: (62, 175) | Local Improvement: 0.0
  Move 2: GUIDED_SWAP_TO_GBEST | Indices: (79, 158) | Local Improvement: 0.0
  Move 3: GUIDED_SWAP_TO_GBEST | Indices: (158, 131) | Local Improvement: 0.0
  Move 4: GUIDED_SWAP_TO_GBEST | Indices: (156, 4) | Local Improvement: 0.0
  Move 5: GUIDED_SWAP_TO_GBEST | Indices: (64, 220) | Local Improvement: 0.0
  Move 6: GUIDED_SWAP_TO_PBEST | Indices: (4, 156) | Local Improvement: 0.0
  Move 7: GUIDED_SWAP_TO_PBEST | Indices: (131, 158) | Local Improvement: 0.0
  Move 8: GUIDED_SWAP_TO_PBEST | Indices: (158, 79) | Local Improvement: 0.0
  Move 9: GUIDED_SWAP_TO_PBEST | Indices: (175, 62) | Local Improvement: 0.0
  Move 10: GUIDED_SWAP_TO_GBEST | Indices: (181, 220) | Local Improvement: 0.0
  Move 11: GUIDED_SWAP_TO_GBEST | Indices: (148, 156) | Local Improvement: 0.0
  Move 12: GUIDED_SWAP_TO_GBEST | Indices: (158, 131) | Local Improvement: 0.0
  Move 13: GUIDED_SWAP_TO_GBEST | Indices: (156, 4) | Local Improvement: 0.0
  Move 14: GUIDED_SWAP_TO_GBEST | Indices: (62, 175) | Local Improvement: 0.0
  Move 15: GUIDED_SWAP_TO_GBEST | Indices: (131, 79) | Local Improvement: 0.0
  Move 16: GUIDED_SWAP_TO_GBEST | Indices: (52, 180) | Local Improvement: 0.0
=================================================================================
=================================================================================
2026-01-28T16:10:18.973 | Step 12 | Particle 23 | GLOBAL BEST ACHIEVED!
Global Improvement: 0.0001953124999999334
All moves in this step:
  Move 1: GUIDED_SWAP_TO_GBEST | Indices: (4, 156) | Local Improvement: 0.0
  Move 2: GUIDED_SWAP_TO_GBEST | Indices: (97, 75) | Local Improvement: 0.0
  Move 3: GUIDED_SWAP_TO_PBEST | Indices: (97, 75) | Local Improvement: 0.0
  Move 4: GUIDED_SWAP_TO_PBEST | Indices: (4, 156) | Local Improvement: 0.0
  Move 5: GUIDED_SWAP_TO_GBEST | Indices: (75, 97) | Local Improvement: 0.0
  Move 6: GUIDED_SWAP_TO_GBEST | Indices: (156, 4) | Local Improvement: 0.0
  Move 7: GUIDED_SWAP_TO_PBEST | Indices: (97, 75) | Local Improvement: 0.0
  Move 8: GUIDED_SWAP_TO_PBEST | Indices: (156, 4) | Local Improvement: 0.0
  Move 9: GUIDED_SWAP_TO_GBEST | Indices: (4, 156) | Local Improvement: 0.0
  Move 10: GUIDED_SWAP_TO_GBEST | Indices: (97, 75) | Local Improvement: 0.0
  Move 11: TRIPLE_SWAP | Indices: (132, 237, 62) | Local Improvement: 0.0001953124999999334
=================================================================================
=================================================================================
2026-01-28T16:10:18.980 | Step 12 | Particle 42 | GLOBAL BEST ACHIEVED!
Global Improvement: 0.00028645833333329485
All moves in this step:
  Move 1: GUIDED_SWAP_TO_PBEST | Indices: (216, 159) | Local Improvement: 0.0
  Move 2: GUIDED_SWAP_TO_PBEST | Indices: (156, 148) | Local Improvement: 0.0
  Move 3: GUIDED_SWAP_TO_PBEST | Indices: (180, 52) | Local Improvement: 0.0
  Move 4: GUIDED_SWAP_TO_GBEST | Indices: (79, 158) | Local Improvement: 0.0
  Move 5: GUIDED_SWAP_TO_GBEST | Indices: (220, 181) | Local Improvement: 0.0
  Move 6: GUIDED_SWAP_TO_GBEST | Indices: (156, 4) | Local Improvement: 0.0
  Move 7: GUIDED_SWAP_TO_GBEST | Indices: (52, 180) | Local Improvement: 0.0
  Move 8: GUIDED_SWAP_TO_GBEST | Indices: (64, 181) | Local Improvement: 0.0
  Move 9: GUIDED_SWAP_TO_GBEST | Indices: (97, 75) | Local Improvement: 0.0
  Move 10: GUIDED_SWAP_TO_GBEST | Indices: (4, 148) | Local Improvement: 0.0
  Move 11: GUIDED_SWAP_TO_GBEST | Indices: (159, 216) | Local Improvement: 0.0
  Move 12: GUIDED_SWAP_TO_PBEST | Indices: (148, 4) | Local Improvement: 0.0
  Move 13: GUIDED_SWAP_TO_PBEST | Indices: (4, 156) | Local Improvement: 0.0
  Move 14: GUIDED_SWAP_TO_PBEST | Indices: (75, 97) | Local Improvement: 0.0
  Move 15: GUIDED_SWAP_TO_PBEST | Indices: (64, 181) | Local Improvement: 0.0
  Move 16: GUIDED_SWAP_TO_PBEST | Indices: (216, 159) | Local Improvement: 0.0
  Move 17: GUIDED_SWAP_TO_GBEST | Indices: (97, 75) | Local Improvement: 0.0
  Move 18: GUIDED_SWAP_TO_GBEST | Indices: (148, 156) | Local Improvement: 0.0
  Move 19: GUIDED_SWAP_TO_GBEST | Indices: (216, 159) | Local Improvement: 0.0
  Move 20: GUIDED_SWAP_TO_GBEST | Indices: (4, 156) | Local Improvement: 0.0
  Move 21: GUIDED_SWAP_TO_GBEST | Indices: (64, 181) | Local Improvement: 0.0
  Move 22: TRIPLE_SWAP | Indices: (131, 11, 165) | Local Improvement: 0.00028645833333329485
=================================================================================
=================================================================================
2026-01-28T16:10:19.067 | Step 13 | Particle 33 | GLOBAL BEST ACHIEVED!
Global Improvement: 0.0002929687500000666
All moves in this step:
  Move 1: GUIDED_SWAP_TO_GBEST | Indices: (11, 131) | Local Improvement: 0.0
  Move 2: GUIDED_SWAP_TO_GBEST | Indices: (27, 134) | Local Improvement: 0.0
  Move 3: GUIDED_SWAP_TO_GBEST | Indices: (134, 190) | Local Improvement: 0.0
  Move 4: GUIDED_SWAP_TO_GBEST | Indices: (131, 165) | Local Improvement: 0.0
  Move 5: GUIDED_SWAP_TO_PBEST | Indices: (27, 190) | Local Improvement: 0.0
  Move 6: GUIDED_SWAP_TO_PBEST | Indices: (134, 190) | Local Improvement: 0.0
  Move 7: GUIDED_SWAP_TO_PBEST | Indices: (131, 11) | Local Improvement: 0.0
  Move 8: GUIDED_SWAP_TO_PBEST | Indices: (165, 11) | Local Improvement: 0.0
  Move 9: GUIDED_SWAP_TO_GBEST | Indices: (165, 11) | Local Improvement: 0.0
  Move 10: GUIDED_SWAP_TO_GBEST | Indices: (27, 134) | Local Improvement: 0.0
  Move 11: GUIDED_SWAP_TO_GBEST | Indices: (131, 11) | Local Improvement: 0.0
  Move 12: GUIDED_SWAP_TO_GBEST | Indices: (134, 190) | Local Improvement: 0.0
  Move 13: GUIDED_SWAP_TO_PBEST | Indices: (131, 11) | Local Improvement: 0.0
  Move 14: GUIDED_SWAP_TO_PBEST | Indices: (190, 134) | Local Improvement: 0.0
  Move 15: GUIDED_SWAP_TO_PBEST | Indices: (27, 134) | Local Improvement: 0.0
  Move 16: GUIDED_SWAP_TO_PBEST | Indices: (11, 165) | Local Improvement: 0.0
  Move 17: GUIDED_SWAP_TO_GBEST | Indices: (134, 190) | Local Improvement: 0.0
  Move 18: GUIDED_SWAP_TO_GBEST | Indices: (165, 11) | Local Improvement: 0.0
  Move 19: GUIDED_SWAP_TO_GBEST | Indices: (131, 11) | Local Improvement: 0.0
  Move 20: GUIDED_SWAP_TO_GBEST | Indices: (27, 190) | Local Improvement: 0.0
  Move 21: TRIPLE_SWAP | Indices: (224, 195, 54) | Local Improvement: 0.0002929687500000666
=================================================================================
=================================================================================
2026-01-28T16:10:19.089 | Step 13 | Particle 90 | GLOBAL BEST ACHIEVED!
Global Improvement: 0.0011718750000000444
All moves in this step:
  Move 1: GUIDED_SWAP_TO_GBEST | Indices: (206, 239) | Local Improvement: 0.0
  Move 2: GUIDED_SWAP_TO_GBEST | Indices: (11, 131) | Local Improvement: 0.0
  Move 3: GUIDED_SWAP_TO_GBEST | Indices: (70, 97) | Local Improvement: 0.0
  Move 4: GUIDED_SWAP_TO_GBEST | Indices: (189, 119) | Local Improvement: 0.0
  Move 5: GUIDED_SWAP_TO_GBEST | Indices: (146, 12) | Local Improvement: 0.0
  Move 6: GUIDED_SWAP_TO_PBEST | Indices: (156, 148) | Local Improvement: 0.0
  Move 7: GUIDED_SWAP_TO_PBEST | Indices: (181, 220) | Local Improvement: 0.0
  Move 8: GUIDED_SWAP_TO_PBEST | Indices: (194, 171) | Local Improvement: 0.0
  Move 9: GUIDED_SWAP_TO_PBEST | Indices: (11, 131) | Local Improvement: 0.0
  Move 10: GUIDED_SWAP_TO_PBEST | Indices: (70, 97) | Local Improvement: 0.0
  Move 11: GUIDED_SWAP_TO_GBEST | Indices: (156, 148) | Local Improvement: 0.0
  Move 12: GUIDED_SWAP_TO_GBEST | Indices: (131, 165) | Local Improvement: 0.0
  Move 13: GUIDED_SWAP_TO_GBEST | Indices: (84, 239) | Local Improvement: 0.0
  Move 14: GUIDED_SWAP_TO_GBEST | Indices: (79, 158) | Local Improvement: 0.0
  Move 15: GUIDED_SWAP_TO_GBEST | Indices: (181, 220) | Local Improvement: 0.0
  Move 16: GUIDED_SWAP_TO_PBEST | Indices: (97, 75) | Local Improvement: 0.0
  Move 17: GUIDED_SWAP_TO_PBEST | Indices: (165, 131) | Local Improvement: 0.0
  Move 18: GUIDED_SWAP_TO_PBEST | Indices: (181, 220) | Local Improvement: 0.0
  Move 19: GUIDED_SWAP_TO_PBEST | Indices: (40, 12) | Local Improvement: 0.0
  Move 20: GUIDED_SWAP_TO_PBEST | Indices: (84, 239) | Local Improvement: 0.0
  Move 21: GUIDED_SWAP_TO_GBEST | Indices: (75, 97) | Local Improvement: 0.0
  Move 22: GUIDED_SWAP_TO_GBEST | Indices: (84, 239) | Local Improvement: 0.0
  Move 23: GUIDED_SWAP_TO_GBEST | Indices: (70, 97) | Local Improvement: 0.0
  Move 24: GUIDED_SWAP_TO_GBEST | Indices: (181, 220) | Local Improvement: 0.0
  Move 25: GUIDED_SWAP_TO_GBEST | Indices: (171, 194) | Local Improvement: 0.0
  Move 26: TRIPLE_SWAP | Indices: (84, 117, 111) | Local Improvement: 0.001360677083333317
=================================================================================
=================================================================================
2026-01-28T16:10:19.329 | Step 14 | Particle 27 | GLOBAL BEST ACHIEVED!
Global Improvement: 0.00048177083333333925
All moves in this step:
  Move 1: GUIDED_SWAP_TO_GBEST | Indices: (12, 40) | Local Improvement: 0.0
  Move 2: GUIDED_SWAP_TO_GBEST | Indices: (117, 84) | Local Improvement: 0.0
  Move 3: GUIDED_SWAP_TO_GBEST | Indices: (165, 131) | Local Improvement: 0.0
  Move 4: GUIDED_SWAP_TO_GBEST | Indices: (111, 84) | Local Improvement: 0.0
  Move 5: GUIDED_SWAP_TO_PBEST | Indices: (111, 84) | Local Improvement: 0.0
  Move 6: GUIDED_SWAP_TO_PBEST | Indices: (84, 117) | Local Improvement: 0.0
  Move 7: GUIDED_SWAP_TO_PBEST | Indices: (165, 131) | Local Improvement: 0.0
  Move 8: GUIDED_SWAP_TO_PBEST | Indices: (40, 12) | Local Improvement: 0.0
  Move 9: GUIDED_SWAP_TO_GBEST | Indices: (84, 111) | Local Improvement: 0.0
  Move 10: GUIDED_SWAP_TO_GBEST | Indices: (165, 131) | Local Improvement: 0.0
  Move 11: GUIDED_SWAP_TO_GBEST | Indices: (11, 131) | Local Improvement: 0.0
  Move 12: GUIDED_SWAP_TO_GBEST | Indices: (12, 40) | Local Improvement: 0.0
  Move 13: GUIDED_SWAP_TO_PBEST | Indices: (84, 111) | Local Improvement: 0.0
  Move 14: GUIDED_SWAP_TO_PBEST | Indices: (165, 11) | Local Improvement: 0.0
  Move 15: GUIDED_SWAP_TO_PBEST | Indices: (11, 131) | Local Improvement: 0.0
  Move 16: GUIDED_SWAP_TO_PBEST | Indices: (12, 40) | Local Improvement: 0.0
  Move 17: TRIPLE_SWAP | Indices: (159, 216, 158) | Local Improvement: 0.0016536458333333837
=================================================================================
=================================================================================
2026-01-28T16:10:19.332 | Step 14 | Particle 33 | GLOBAL BEST ACHIEVED!
Global Improvement: 0.0029166666666666785
All moves in this step:
  Move 1: GUIDED_SWAP_TO_GBEST | Indices: (224, 195) | Local Improvement: 0.0
  Move 2: GUIDED_SWAP_TO_GBEST | Indices: (111, 117) | Local Improvement: 0.0
  Move 3: GUIDED_SWAP_TO_GBEST | Indices: (131, 11) | Local Improvement: 0.0
  Move 4: GUIDED_SWAP_TO_GBEST | Indices: (40, 12) | Local Improvement: 0.0
  Move 5: GUIDED_SWAP_TO_GBEST | Indices: (117, 84) | Local Improvement: 0.0
  Move 6: GUIDED_SWAP_TO_PBEST | Indices: (117, 111) | Local Improvement: 0.0
  Move 7: GUIDED_SWAP_TO_PBEST | Indices: (40, 12) | Local Improvement: 0.0
  Move 8: GUIDED_SWAP_TO_PBEST | Indices: (195, 224) | Local Improvement: 0.0
  Move 9: GUIDED_SWAP_TO_PBEST | Indices: (84, 111) | Local Improvement: 0.0
  Move 10: GUIDED_SWAP_TO_PBEST | Indices: (11, 131) | Local Improvement: 0.0
  Move 11: GUIDED_SWAP_TO_GBEST | Indices: (117, 84) | Local Improvement: 0.0
  Move 12: GUIDED_SWAP_TO_GBEST | Indices: (165, 131) | Local Improvement: 0.0
  Move 13: GUIDED_SWAP_TO_GBEST | Indices: (12, 40) | Local Improvement: 0.0
  Move 14: GUIDED_SWAP_TO_GBEST | Indices: (224, 195) | Local Improvement: 0.0
  Move 15: GUIDED_SWAP_TO_GBEST | Indices: (111, 84) | Local Improvement: 0.0
  Move 16: GUIDED_SWAP_TO_GBEST | Indices: (54, 195) | Local Improvement: 0.0
  Move 17: GUIDED_SWAP_TO_GBEST | Indices: (11, 131) | Local Improvement: 0.0
  Move 18: TRIPLE_SWAP | Indices: (222, 62, 126) | Local Improvement: 0.0029166666666666785
=================================================================================
=================================================================================
2026-01-28T16:10:19.406 | Step 15 | Particle 55 | GLOBAL BEST ACHIEVED!
Global Improvement: 0.0002929687499999556
All moves in this step:
  Move 1: GUIDED_SWAP_TO_PBEST | Indices: (131, 165) | Local Improvement: 0.0
  Move 2: GUIDED_SWAP_TO_PBEST | Indices: (248, 126) | Local Improvement: 0.0
  Move 3: GUIDED_SWAP_TO_PBEST | Indices: (165, 11) | Local Improvement: 0.0
  Move 4: GUIDED_SWAP_TO_PBEST | Indices: (12, 40) | Local Improvement: 0.0
  Move 5: GUIDED_SWAP_TO_PBEST | Indices: (111, 84) | Local Improvement: 0.0
  Move 6: GUIDED_SWAP_TO_GBEST | Indices: (126, 62) | Local Improvement: 0.0
  Move 7: GUIDED_SWAP_TO_GBEST | Indices: (62, 222) | Local Improvement: 0.0
  Move 8: GUIDED_SWAP_TO_GBEST | Indices: (182, 42) | Local Improvement: 0.0
  Move 9: GUIDED_SWAP_TO_GBEST | Indices: (131, 11) | Local Improvement: 0.0
  Move 10: GUIDED_SWAP_TO_PBEST | Indices: (126, 222) | Local Improvement: 0.0
  Move 11: GUIDED_SWAP_TO_PBEST | Indices: (131, 11) | Local Improvement: 0.0
  Move 12: GUIDED_SWAP_TO_PBEST | Indices: (222, 62) | Local Improvement: 0.0
  Move 13: GUIDED_SWAP_TO_PBEST | Indices: (138, 116) | Local Improvement: 0.0
  Move 14: GUIDED_SWAP_TO_GBEST | Indices: (62, 222) | Local Improvement: 0.0
  Move 15: GUIDED_SWAP_TO_GBEST | Indices: (40, 12) | Local Improvement: 0.0
  Move 16: GUIDED_SWAP_TO_GBEST | Indices: (165, 131) | Local Improvement: 0.0
  Move 17: GUIDED_SWAP_TO_GBEST | Indices: (84, 111) | Local Improvement: 0.0
  Move 18: GUIDED_SWAP_TO_PBEST | Indices: (40, 12) | Local Improvement: 0.0
  Move 19: GUIDED_SWAP_TO_PBEST | Indices: (111, 84) | Local Improvement: 0.0
  Move 20: GUIDED_SWAP_TO_PBEST | Indices: (222, 62) | Local Improvement: 0.0
  Move 21: GUIDED_SWAP_TO_GBEST | Indices: (40, 12) | Local Improvement: 0.0
  Move 22: GUIDED_SWAP_TO_GBEST | Indices: (131, 11) | Local Improvement: 0.0
  Move 23: GUIDED_SWAP_TO_GBEST | Indices: (84, 111) | Local Improvement: 0.0
  Move 24: GUIDED_SWAP_TO_GBEST | Indices: (62, 222) | Local Improvement: 0.0
  Move 25: TRIPLE_SWAP | Indices: (83, 143, 58) | Local Improvement: 0.0005859375000000222
=================================================================================
=================================================================================
2026-01-28T16:10:19.479 | Step 16 | Particle 73 | GLOBAL BEST ACHIEVED!
Global Improvement: 9.76562500000222e-5
All moves in this step:
  Move 1: GUIDED_SWAP_TO_PBEST | Indices: (224, 113) | Local Improvement: 0.0
  Move 2: GUIDED_SWAP_TO_PBEST | Indices: (179, 115) | Local Improvement: 0.0
  Move 3: GUIDED_SWAP_TO_PBEST | Indices: (236, 156) | Local Improvement: 0.0
  Move 4: GUIDED_SWAP_TO_PBEST | Indices: (40, 12) | Local Improvement: 0.0
  Move 5: GUIDED_SWAP_TO_GBEST | Indices: (222, 62) | Local Improvement: 0.0
  Move 6: GUIDED_SWAP_TO_GBEST | Indices: (58, 143) | Local Improvement: 0.0
  Move 7: GUIDED_SWAP_TO_GBEST | Indices: (57, 83) | Local Improvement: 0.0
  Move 8: GUIDED_SWAP_TO_GBEST | Indices: (40, 12) | Local Improvement: 0.0
  Move 9: GUIDED_SWAP_TO_GBEST | Indices: (117, 111) | Local Improvement: 0.0
  Move 10: GUIDED_SWAP_TO_PBEST | Indices: (58, 143) | Local Improvement: 0.0
  Move 11: GUIDED_SWAP_TO_PBEST | Indices: (84, 117) | Local Improvement: 0.0
  Move 12: GUIDED_SWAP_TO_PBEST | Indices: (12, 40) | Local Improvement: 0.0
  Move 13: GUIDED_SWAP_TO_PBEST | Indices: (111, 117) | Local Improvement: 0.0
  Move 14: GUIDED_SWAP_TO_PBEST | Indices: (115, 151) | Local Improvement: 0.0
  Move 15: GUIDED_SWAP_TO_GBEST | Indices: (143, 83) | Local Improvement: 0.0
  Move 16: GUIDED_SWAP_TO_GBEST | Indices: (12, 40) | Local Improvement: 0.0
  Move 17: GUIDED_SWAP_TO_GBEST | Indices: (83, 58) | Local Improvement: 0.0
  Move 18: GUIDED_SWAP_TO_GBEST | Indices: (117, 84) | Local Improvement: 0.0
  Move 19: GUIDED_SWAP_TO_PBEST | Indices: (222, 62) | Local Improvement: 0.0
  Move 20: GUIDED_SWAP_TO_PBEST | Indices: (117, 84) | Local Improvement: 0.0
  Move 21: GUIDED_SWAP_TO_PBEST | Indices: (12, 40) | Local Improvement: 0.0
  Move 22: GUIDED_SWAP_TO_PBEST | Indices: (58, 83) | Local Improvement: 0.0
  Move 23: GUIDED_SWAP_TO_GBEST | Indices: (84, 111) | Local Improvement: 0.0
  Move 24: GUIDED_SWAP_TO_GBEST | Indices: (117, 111) | Local Improvement: 0.0
  Move 25: GUIDED_SWAP_TO_GBEST | Indices: (83, 58) | Local Improvement: 0.0
  Move 26: GUIDED_SWAP_TO_GBEST | Indices: (222, 62) | Local Improvement: 0.0
=================================================================================
=================================================================================
2026-01-28T16:10:19.613 | Step 18 | Particle 16 | GLOBAL BEST ACHIEVED!
Global Improvement: 9.76562500000222e-5
All moves in this step:
  Move 1: GUIDED_SWAP_TO_PBEST | Indices: (78, 177) | Local Improvement: 0.0
  Move 2: GUIDED_SWAP_TO_PBEST | Indices: (166, 79) | Local Improvement: 0.0
  Move 3: GUIDED_SWAP_TO_PBEST | Indices: (252, 61) | Local Improvement: 0.0
  Move 4: GUIDED_SWAP_TO_PBEST | Indices: (40, 12) | Local Improvement: 0.0
  Move 5: GUIDED_SWAP_TO_PBEST | Indices: (208, 12) | Local Improvement: 0.0
  Move 6: GUIDED_SWAP_TO_GBEST | Indices: (247, 145) | Local Improvement: 0.0
  Move 7: GUIDED_SWAP_TO_GBEST | Indices: (12, 40) | Local Improvement: 0.0
  Move 8: GUIDED_SWAP_TO_GBEST | Indices: (40, 208) | Local Improvement: 0.0
  Move 9: GUIDED_SWAP_TO_GBEST | Indices: (78, 177) | Local Improvement: 0.0
  Move 10: GUIDED_SWAP_TO_GBEST | Indices: (29, 242) | Local Improvement: 0.0
  Move 11: GUIDED_SWAP_TO_PBEST | Indices: (40, 12) | Local Improvement: 0.0
  Move 12: GUIDED_SWAP_TO_PBEST | Indices: (12, 208) | Local Improvement: 0.0
  Move 13: GUIDED_SWAP_TO_PBEST | Indices: (250, 109) | Local Improvement: 0.0
  Move 14: GUIDED_SWAP_TO_PBEST | Indices: (78, 177) | Local Improvement: 0.0
  Move 15: GUIDED_SWAP_TO_GBEST | Indices: (40, 208) | Local Improvement: 0.0
  Move 16: GUIDED_SWAP_TO_GBEST | Indices: (250, 109) | Local Improvement: 0.0
  Move 17: GUIDED_SWAP_TO_GBEST | Indices: (78, 177) | Local Improvement: 0.0
  Move 18: GUIDED_SWAP_TO_GBEST | Indices: (208, 12) | Local Improvement: 0.0
  Move 19: TRIPLE_SWAP | Indices: (1, 161, 62) | Local Improvement: 9.76562500000222e-5
=================================================================================
=================================================================================
2026-01-28T16:10:19.622 | Step 18 | Particle 40 | GLOBAL BEST ACHIEVED!
Global Improvement: 0.0010677083333332504
All moves in this step:
  Move 1: TRIPLE_SWAP | Indices: (112, 250, 119) | Local Improvement: 0.0010677083333332504
=================================================================================
=================================================================================
2026-01-28T16:10:20.122 | Step 19 | Particle 29 | GLOBAL BEST ACHIEVED!
Global Improvement: 0.00048828125
All moves in this step:
  Move 1: GUIDED_SWAP_TO_PBEST | Indices: (188, 200) | Local Improvement: 0.0
  Move 2: GUIDED_SWAP_TO_PBEST | Indices: (178, 85) | Local Improvement: 0.0
  Move 3: GUIDED_SWAP_TO_PBEST | Indices: (96, 177) | Local Improvement: 0.0
  Move 4: GUIDED_SWAP_TO_GBEST | Indices: (177, 96) | Local Improvement: 0.0
  Move 5: GUIDED_SWAP_TO_GBEST | Indices: (112, 119) | Local Improvement: 0.0
  Move 6: GUIDED_SWAP_TO_GBEST | Indices: (119, 250) | Local Improvement: 0.0
  Move 7: GUIDED_SWAP_TO_GBEST | Indices: (188, 200) | Local Improvement: 0.0
  Move 8: GUIDED_SWAP_TO_PBEST | Indices: (200, 188) | Local Improvement: 0.0
  Move 9: GUIDED_SWAP_TO_PBEST | Indices: (119, 112) | Local Improvement: 0.0
  Move 10: GUIDED_SWAP_TO_PBEST | Indices: (177, 96) | Local Improvement: 0.0
  Move 11: GUIDED_SWAP_TO_PBEST | Indices: (250, 112) | Local Improvement: 0.0
  Move 12: GUIDED_SWAP_TO_GBEST | Indices: (250, 112) | Local Improvement: 0.0
  Move 13: GUIDED_SWAP_TO_GBEST | Indices: (96, 177) | Local Improvement: 0.0
  Move 14: GUIDED_SWAP_TO_GBEST | Indices: (119, 112) | Local Improvement: 0.0
=================================================================================
=================================================================================
2026-01-28T16:10:20.131 | Step 19 | Particle 53 | GLOBAL BEST ACHIEVED!
Global Improvement: 0.0029166666666666785
All moves in this step:
  Move 1: GUIDED_SWAP_TO_GBEST | Indices: (119, 250) | Local Improvement: 0.0
  Move 2: GUIDED_SWAP_TO_GBEST | Indices: (112, 250) | Local Improvement: 0.0
  Move 3: GUIDED_SWAP_TO_PBEST | Indices: (250, 119) | Local Improvement: 0.0
  Move 4: GUIDED_SWAP_TO_PBEST | Indices: (119, 112) | Local Improvement: 0.0
  Move 5: GUIDED_SWAP_TO_GBEST | Indices: (119, 250) | Local Improvement: 0.0
  Move 6: GUIDED_SWAP_TO_GBEST | Indices: (250, 112) | Local Improvement: 0.0
  Move 7: TRIPLE_SWAP | Indices: (46, 230, 34) | Local Improvement: 0.0029166666666666785
=================================================================================
=================================================================================
2026-01-28T16:10:20.194 | Step 20 | Particle 47 | GLOBAL BEST ACHIEVED!
Global Improvement: 0.00017640128968254842
All moves in this step:
  Move 1: GUIDED_SWAP_TO_GBEST | Indices: (230, 46) | Local Improvement: 0.0
  Move 2: GUIDED_SWAP_TO_GBEST | Indices: (156, 154) | Local Improvement: 0.0
  Move 3: GUIDED_SWAP_TO_GBEST | Indices: (46, 34) | Local Improvement: 0.0
  Move 4: GUIDED_SWAP_TO_PBEST | Indices: (156, 208) | Local Improvement: 0.0
  Move 5: GUIDED_SWAP_TO_PBEST | Indices: (34, 46) | Local Improvement: 0.0
  Move 6: GUIDED_SWAP_TO_PBEST | Indices: (208, 154) | Local Improvement: 0.0
  Move 7: GUIDED_SWAP_TO_PBEST | Indices: (111, 117) | Local Improvement: 0.0
  Move 8: GUIDED_SWAP_TO_PBEST | Indices: (40, 12) | Local Improvement: 0.0
  Move 9: GUIDED_SWAP_TO_GBEST | Indices: (12, 40) | Local Improvement: 0.0
  Move 10: GUIDED_SWAP_TO_GBEST | Indices: (46, 34) | Local Improvement: 0.0
  Move 11: GUIDED_SWAP_TO_GBEST | Indices: (111, 117) | Local Improvement: 0.0
  Move 12: GUIDED_SWAP_TO_GBEST | Indices: (154, 208) | Local Improvement: 0.0
  Move 13: GUIDED_SWAP_TO_GBEST | Indices: (156, 208) | Local Improvement: 0.0
  Move 14: RANDOM_SWAP | Indices: (223, 95) | Local Improvement: 0.0
  Move 15: RANDOM_SWAP | Indices: (216, 55) | Local Improvement: 0.0
=================================================================================
=================================================================================
2026-01-28T16:10:20.200 | Step 20 | Particle 63 | GLOBAL BEST ACHIEVED!
Global Improvement: 0.0001953124999999334
All moves in this step:
  Move 1: GUIDED_SWAP_TO_GBEST | Indices: (46, 34) | Local Improvement: 0.0
  Move 2: GUIDED_SWAP_TO_GBEST | Indices: (34, 230) | Local Improvement: 0.0
  Move 3: GUIDED_SWAP_TO_PBEST | Indices: (46, 230) | Local Improvement: 0.0
  Move 4: GUIDED_SWAP_TO_PBEST | Indices: (230, 34) | Local Improvement: 0.0
  Move 5: GUIDED_SWAP_TO_GBEST | Indices: (230, 46) | Local Improvement: 0.0
  Move 6: GUIDED_SWAP_TO_GBEST | Indices: (46, 34) | Local Improvement: 0.0
  Move 7: GUIDED_SWAP_TO_PBEST | Indices: (34, 46) | Local Improvement: 0.0
  Move 8: GUIDED_SWAP_TO_PBEST | Indices: (230, 46) | Local Improvement: 0.0
  Move 9: GUIDED_SWAP_TO_GBEST | Indices: (34, 230) | Local Improvement: 0.0
  Move 10: GUIDED_SWAP_TO_GBEST | Indices: (230, 46) | Local Improvement: 0.0
  Move 11: TRIPLE_SWAP | Indices: (55, 207, 245) | Local Improvement: 0.0001953124999999334
=================================================================================
=================================================================================
2026-01-28T16:10:20.249 | Step 21 | Particle 16 | GLOBAL BEST ACHIEVED!
Global Improvement: 0.0002929687500000666
All moves in this step:
  Move 1: GUIDED_SWAP_TO_GBEST | Indices: (204, 211) | Local Improvement: 0.0
  Move 2: GUIDED_SWAP_TO_GBEST | Indices: (55, 245) | Local Improvement: 0.0
  Move 3: GUIDED_SWAP_TO_GBEST | Indices: (245, 207) | Local Improvement: 0.0
  Move 4: TRIPLE_SWAP | Indices: (9, 243, 122) | Local Improvement: 0.0002929687500000666
=================================================================================
=================================================================================
2026-01-28T16:10:20.452 | Step 24 | Particle 17 | GLOBAL BEST ACHIEVED!
Global Improvement: 0.0012630208333332948
All moves in this step:
  Move 1: GUIDED_SWAP_TO_PBEST | Indices: (94, 35) | Local Improvement: 0.0
  Move 2: GUIDED_SWAP_TO_PBEST | Indices: (175, 217) | Local Improvement: 0.0
  Move 3: GUIDED_SWAP_TO_PBEST | Indices: (122, 9) | Local Improvement: 0.0
  Move 4: GUIDED_SWAP_TO_PBEST | Indices: (40, 12) | Local Improvement: 0.0
  Move 5: GUIDED_SWAP_TO_PBEST | Indices: (222, 62) | Local Improvement: 0.0
  Move 6: GUIDED_SWAP_TO_GBEST | Indices: (222, 62) | Local Improvement: 0.0
  Move 7: GUIDED_SWAP_TO_GBEST | Indices: (122, 9) | Local Improvement: 0.0
  Move 8: GUIDED_SWAP_TO_GBEST | Indices: (40, 12) | Local Improvement: 0.0
  Move 9: GUIDED_SWAP_TO_GBEST | Indices: (55, 245) | Local Improvement: 0.0
  Move 10: TRIPLE_SWAP | Indices: (196, 120, 50) | Local Improvement: 0.0012630208333332948
=================================================================================
=================================================================================
2026-01-28T16:10:20.475 | Step 24 | Particle 75 | GLOBAL BEST ACHIEVED!
Global Improvement: 0.001360677083333317
All moves in this step:
  Move 1: TRIPLE_SWAP | Indices: (84, 63, 212) | Local Improvement: 0.001360677083333317
=================================================================================
=================================================================================
2026-01-28T16:10:20.521 | Step 25 | Particle 25 | GLOBAL BEST ACHIEVED!
Global Improvement: 9.76562500000222e-5
All moves in this step:
  Move 1: GUIDED_SWAP_TO_GBEST | Indices: (63, 84) | Local Improvement: 0.0
  Move 2: GUIDED_SWAP_TO_GBEST | Indices: (212, 84) | Local Improvement: 0.0
  Move 3: GUIDED_SWAP_TO_PBEST | Indices: (63, 212) | Local Improvement: 0.0
  Move 4: GUIDED_SWAP_TO_PBEST | Indices: (212, 84) | Local Improvement: 0.0
  Move 5: GUIDED_SWAP_TO_GBEST | Indices: (84, 212) | Local Improvement: 0.0
  Move 6: GUIDED_SWAP_TO_GBEST | Indices: (63, 212) | Local Improvement: 0.0
  Move 7: TRIPLE_SWAP | Indices: (123, 120, 179) | Local Improvement: 9.76562500000222e-5
=================================================================================
=================================================================================
2026-01-28T16:10:22.862 | Step 55 | Particle 67 | GLOBAL BEST ACHIEVED!
Global Improvement: 0.001360677083333317
All moves in this step:
  Move 1: TRIPLE_SWAP | Indices: (105, 25, 107) | Local Improvement: 0.001360677083333317
=================================================================================
=================================================================================
2026-01-28T16:10:22.944 | Step 56 | Particle 19 | GLOBAL BEST ACHIEVED!
Global Improvement: 9.76562500000222e-5
All moves in this step:
  Move 1: GUIDED_SWAP_TO_PBEST | Indices: (141, 209) | Local Improvement: 0.0
  Move 2: GUIDED_SWAP_TO_PBEST | Indices: (156, 201) | Local Improvement: 0.0
  Move 3: GUIDED_SWAP_TO_PBEST | Indices: (136, 206) | Local Improvement: 0.0
  Move 4: GUIDED_SWAP_TO_GBEST | Indices: (107, 25) | Local Improvement: 0.0
  Move 5: GUIDED_SWAP_TO_GBEST | Indices: (25, 105) | Local Improvement: 0.0
  Move 6: GUIDED_SWAP_TO_PBEST | Indices: (25, 107) | Local Improvement: 0.0
  Move 7: GUIDED_SWAP_TO_PBEST | Indices: (107, 105) | Local Improvement: 0.0
  Move 8: GUIDED_SWAP_TO_GBEST | Indices: (107, 25) | Local Improvement: 0.0
  Move 9: GUIDED_SWAP_TO_GBEST | Indices: (105, 25) | Local Improvement: 0.0
  Move 10: TRIPLE_SWAP | Indices: (234, 170, 30) | Local Improvement: 9.76562500000222e-5
=================================================================================
=================================================================================
2026-01-28T16:10:27.005 | Step 95 | Particle 31 | GLOBAL BEST ACHIEVED!
Global Improvement: 0.001360677083333317
All moves in this step:
  Move 1: GUIDED_SWAP_TO_PBEST | Indices: (24, 61) | Local Improvement: 0.0
  Move 2: TRIPLE_SWAP | Indices: (65, 49, 35) | Local Improvement: 0.001360677083333317
=================================================================================
=================================================================================
2026-01-28T16:10:28.313 | Step 108 | Particle 27 | GLOBAL BEST ACHIEVED!
Global Improvement: 9.76562500000222e-5
All moves in this step:
  Move 1: GUIDED_SWAP_TO_PBEST | Indices: (66, 123) | Local Improvement: 0.0
  Move 2: TRIPLE_SWAP | Indices: (173, 35, 39) | Local Improvement: 9.76562500000222e-5
=================================================================================
=================================================================================
2026-01-28T16:10:32.945 | Step 147 | Particle 12 | GLOBAL BEST ACHIEVED!
Global Improvement: 0.0012630208333332948
All moves in this step:
  Move 1: TRIPLE_SWAP | Indices: (50, 137, 251) | Local Improvement: 0.0012630208333332948
=================================================================================
=================================================================================
2026-01-28T16:10:33.266 | Step 150 | Particle 15 | GLOBAL BEST ACHIEVED!
Global Improvement: 9.76562500000222e-5
All moves in this step:
  Move 1: TRIPLE_SWAP | Indices: (81, 60, 186) | Local Improvement: 9.76562500000222e-5
=================================================================================
=================================================================================
2026-01-28T16:10:33.399 | Step 151 | Particle 83 | GLOBAL BEST ACHIEVED!
Global Improvement: 9.76562500000222e-5
All moves in this step:
  Move 1: GUIDED_SWAP_TO_GBEST | Indices: (60, 81) | Local Improvement: 0.0
  Move 2: GUIDED_SWAP_TO_GBEST | Indices: (81, 186) | Local Improvement: 0.0
  Move 3: GUIDED_SWAP_TO_PBEST | Indices: (81, 60) | Local Improvement: 0.0
  Move 4: GUIDED_SWAP_TO_PBEST | Indices: (186, 60) | Local Improvement: 0.0
  Move 5: GUIDED_SWAP_TO_GBEST | Indices: (81, 186) | Local Improvement: 0.0
  Move 6: GUIDED_SWAP_TO_GBEST | Indices: (186, 60) | Local Improvement: 0.0
  Move 7: GUIDED_SWAP_TO_PBEST | Indices: (60, 186) | Local Improvement: 0.0
  Move 8: GUIDED_SWAP_TO_PBEST | Indices: (186, 81) | Local Improvement: 0.0
  Move 9: GUIDED_SWAP_TO_GBEST | Indices: (60, 81) | Local Improvement: 0.0
  Move 10: GUIDED_SWAP_TO_GBEST | Indices: (81, 186) | Local Improvement: 0.0
  Move 11: TRIPLE_SWAP | Indices: (127, 207, 102) | Local Improvement: 9.76562500000222e-5
=================================================================================
=================================================================================
2026-01-28T16:11:22.047 | Step 597 | Particle 61 | GLOBAL BEST ACHIEVED!
Global Improvement: 0.0011653645833332726
All moves in this step:
  Move 1: TRIPLE_SWAP | Indices: (94, 86, 241) | Local Improvement: 0.0011653645833332726
=================================================================================
=================================================================================
2026-01-28T16:11:22.143 | Step 598 | Particle 31 | GLOBAL BEST ACHIEVED!
Global Improvement: 0.0002929687500000666
All moves in this step:
  Move 1: GUIDED_SWAP_TO_GBEST | Indices: (241, 86) | Local Improvement: 0.0
  Move 2: GUIDED_SWAP_TO_GBEST | Indices: (86, 94) | Local Improvement: 0.0
  Move 3: GUIDED_SWAP_TO_PBEST | Indices: (86, 241) | Local Improvement: 0.0
  Move 4: GUIDED_SWAP_TO_PBEST | Indices: (241, 94) | Local Improvement: 0.0
  Move 5: GUIDED_SWAP_TO_GBEST | Indices: (86, 94) | Local Improvement: 0.0
  Move 6: GUIDED_SWAP_TO_GBEST | Indices: (94, 241) | Local Improvement: 0.0
  Move 7: GUIDED_SWAP_TO_PBEST | Indices: (94, 86) | Local Improvement: 0.0
  Move 8: GUIDED_SWAP_TO_PBEST | Indices: (241, 86) | Local Improvement: 0.0
  Move 9: GUIDED_SWAP_TO_GBEST | Indices: (94, 241) | Local Improvement: 0.0
  Move 10: GUIDED_SWAP_TO_GBEST | Indices: (241, 86) | Local Improvement: 0.0
  Move 11: TRIPLE_SWAP | Indices: (38, 197, 172) | Local Improvement: 0.0002929687500000666
=================================================================================
=================================================================================
2026-01-28T16:11:51.698 | Step 863 | Particle 52 | GLOBAL BEST ACHIEVED!
Global Improvement: 0.001360677083333317
All moves in this step:
  Move 1: GUIDED_SWAP_TO_PBEST | Indices: (34, 105) | Local Improvement: 0.0
  Move 2: GUIDED_SWAP_TO_PBEST | Indices: (123, 64) | Local Improvement: 0.0
  Move 3: GUIDED_SWAP_TO_PBEST | Indices: (2, 51) | Local Improvement: 0.0
  Move 4: GUIDED_SWAP_TO_PBEST | Indices: (202, 102) | Local Improvement: 0.0
  Move 5: GUIDED_SWAP_TO_GBEST | Indices: (228, 246) | Local Improvement: 0.0
  Move 6: TRIPLE_SWAP | Indices: (137, 186, 12) | Local Improvement: 0.001360677083333317
=================================================================================
=================================================================================
2026-01-28T16:11:52.872 | Step 874 | Particle 45 | GLOBAL BEST ACHIEVED!
Global Improvement: 0.0014583333333333393
All moves in this step:
  Move 1: TRIPLE_SWAP | Indices: (103, 176, 147) | Local Improvement: 0.0014583333333333393
=================================================================================
=================================================================================
2026-01-28T16:11:59.671 | Step 934 | Particle 54 | GLOBAL BEST ACHIEVED!
Global Improvement: 9.76562500000222e-5
All moves in this step:
  Move 1: RANDOM_SWAP | Indices: (223, 210) | Local Improvement: 0.0
=================================================================================
=================================================================================
2026-01-28T16:13:23.370 | Step 1670 | Particle 75 | GLOBAL BEST ACHIEVED!
Global Improvement: 0.0009700520833333393
All moves in this step:
  Move 1: TRIPLE_SWAP | Indices: (197, 231, 149) | Local Improvement: 0.0009700520833333393
=================================================================================
=================================================================================
2026-01-28T16:13:38.436 | Step 1800 | Particle 52 | GLOBAL BEST ACHIEVED!
Global Improvement: 0.0001953124999999334
All moves in this step:
  Move 1: TRIPLE_SWAP | Indices: (231, 72, 78) | Local Improvement: 0.0001953124999999334
=================================================================================
=================================================================================
2026-01-28T16:13:44.037 | Step 1846 | Particle 65 | GLOBAL BEST ACHIEVED!
Global Improvement: 9.76562500000222e-5
All moves in this step:
  Move 1: GUIDED_SWAP_TO_PBEST | Indices: (186, 103) | Local Improvement: 0.0
  Move 2: GUIDED_SWAP_TO_PBEST | Indices: (71, 2) | Local Improvement: 0.0
  Move 3: GUIDED_SWAP_TO_PBEST | Indices: (49, 31) | Local Improvement: 0.0
  Move 4: GUIDED_SWAP_TO_PBEST | Indices: (103, 138) | Local Improvement: 0.0
  Move 5: GUIDED_SWAP_TO_GBEST | Indices: (10, 50) | Local Improvement: 0.0
  Move 6: TRIPLE_SWAP | Indices: (250, 173, 80) | Local Improvement: 9.76562500000222e-5
=================================================================================
=================================================================================
2026-01-28T16:13:55.995 | Step 1947 | Particle 53 | GLOBAL BEST ACHIEVED!
Global Improvement: 9.76562500000222e-5
All moves in this step:
  Move 1: RANDOM_SWAP | Indices: (133, 121) | Local Improvement: 0.0
=================================================================================
=================================================================================
2026-01-28T16:14:04.118 | Step 2012 | Particle 11 | GLOBAL BEST ACHIEVED!
Global Improvement: 9.76562500000222e-5
All moves in this step:
  Move 1: GUIDED_SWAP_TO_GBEST | Indices: (32, 165) | Local Improvement: 0.0
  Move 2: GUIDED_SWAP_TO_GBEST | Indices: (217, 75) | Local Improvement: 0.0
  Move 3: GUIDED_SWAP_TO_GBEST | Indices: (178, 97) | Local Improvement: 0.0
  Move 4: GUIDED_SWAP_TO_PBEST | Indices: (52, 165) | Local Improvement: 0.0
  Move 5: GUIDED_SWAP_TO_PBEST | Indices: (182, 4) | Local Improvement: 0.0
  Move 6: RANDOM_SWAP | Indices: (99, 130) | Local Improvement: 0.0
=================================================================================
