# Global Best Swaps Only - COMPOSITE FITNESS MODE WITH EARLY STOPPING
# Started on: 2026-01-29T08:31:53.876
# Format: Timestamp | Step | Particle | Operation | Indices | Local | Global | Status
# Note: Each global best S-box is saved in debug_sboxes/ directory
# Using composite fitness function with NL, SAC, DDT, and Entropy
# Early stopping enabled based on NL threshold

=================================================================================
2026-01-29T08:31:54.046 | Step 1 | Particle 2 | GLOBAL BEST ACHIEVED!
Global Improvement: 0.006614583333333202
All moves in this step:
  Move 1: TRIPLE_SWAP | Indices: (76, 135, 120) | Local Improvement: 0.006614583333333202
=================================================================================
=================================================================================
2026-01-29T08:31:54.089 | Step 1 | Particle 56 | GLOBAL BEST ACHIEVED!
Global Improvement: 0.010598958333333353
All moves in this step:
  Move 1: TRIPLE_SWAP | Indices: (6, 40, 90) | Local Improvement: 0.005833333333333246
  Move 2: RANDOM_SWAP | Indices: (72, 124) | Local Improvement: 0.0
  Move 3: RANDOM_SWAP | Indices: (158, 235) | Local Improvement: 0.0
=================================================================================
=================================================================================
2026-01-29T08:31:54.174 | Step 2 | Particle 2 | GLOBAL BEST ACHIEVED!
Global Improvement: 0.0007747395833332948
All moves in this step:
  Move 1: GUIDED_SWAP_TO_GBEST | Indices: (40, 6) | Local Improvement: 0.0
  Move 2: GUIDED_SWAP_TO_GBEST | Indices: (72, 124) | Local Improvement: 0.0
  Move 3: GUIDED_SWAP_TO_GBEST | Indices: (90, 6) | Local Improvement: 0.0
  Move 4: GUIDED_SWAP_TO_GBEST | Indices: (158, 235) | Local Improvement: 0.0
  Move 5: GUIDED_SWAP_TO_GBEST | Indices: (135, 120) | Local Improvement: 0.0
  Move 6: GUIDED_SWAP_TO_PBEST | Indices: (6, 40) | Local Improvement: 0.0
  Move 7: GUIDED_SWAP_TO_PBEST | Indices: (158, 235) | Local Improvement: 0.0
  Move 8: GUIDED_SWAP_TO_PBEST | Indices: (120, 135) | Local Improvement: 0.0
  Move 9: GUIDED_SWAP_TO_PBEST | Indices: (40, 90) | Local Improvement: 0.0
  Move 10: GUIDED_SWAP_TO_PBEST | Indices: (124, 72) | Local Improvement: 0.0
  Move 11: GUIDED_SWAP_TO_GBEST | Indices: (6, 90) | Local Improvement: 0.0
  Move 12: GUIDED_SWAP_TO_GBEST | Indices: (120, 76) | Local Improvement: 0.0
  Move 13: GUIDED_SWAP_TO_GBEST | Indices: (124, 72) | Local Improvement: 0.0
  Move 14: GUIDED_SWAP_TO_GBEST | Indices: (76, 135) | Local Improvement: 0.0
  Move 15: GUIDED_SWAP_TO_PBEST | Indices: (90, 6) | Local Improvement: 0.0
  Move 16: GUIDED_SWAP_TO_PBEST | Indices: (76, 120) | Local Improvement: 0.0
  Move 17: GUIDED_SWAP_TO_PBEST | Indices: (120, 135) | Local Improvement: 0.0
  Move 18: GUIDED_SWAP_TO_GBEST | Indices: (90, 40) | Local Improvement: 0.0
  Move 19: GUIDED_SWAP_TO_GBEST | Indices: (158, 235) | Local Improvement: 0.0
  Move 20: GUIDED_SWAP_TO_GBEST | Indices: (76, 135) | Local Improvement: 0.0
  Move 21: GUIDED_SWAP_TO_GBEST | Indices: (120, 135) | Local Improvement: 0.0
  Move 22: TRIPLE_SWAP | Indices: (172, 61, 205) | Local Improvement: 0.004179687500000084
=================================================================================
=================================================================================
2026-01-29T08:31:54.175 | Step 2 | Particle 5 | GLOBAL BEST ACHIEVED!
Global Improvement: 0.0029166666666666785
All moves in this step:
  Move 1: GUIDED_SWAP_TO_GBEST | Indices: (40, 6) | Local Improvement: 0.0
  Move 2: GUIDED_SWAP_TO_GBEST | Indices: (235, 158) | Local Improvement: 0.0
  Move 3: GUIDED_SWAP_TO_GBEST | Indices: (72, 124) | Local Improvement: 0.0
  Move 4: GUIDED_SWAP_TO_GBEST | Indices: (247, 20) | Local Improvement: 0.0
  Move 5: GUIDED_SWAP_TO_PBEST | Indices: (40, 6) | Local Improvement: 0.0
  Move 6: GUIDED_SWAP_TO_PBEST | Indices: (20, 247) | Local Improvement: 0.0
  Move 7: GUIDED_SWAP_TO_PBEST | Indices: (235, 158) | Local Improvement: 0.0
  Move 8: GUIDED_SWAP_TO_GBEST | Indices: (6, 90) | Local Improvement: 0.0
  Move 9: GUIDED_SWAP_TO_GBEST | Indices: (20, 117) | Local Improvement: 0.0
  Move 10: GUIDED_SWAP_TO_GBEST | Indices: (40, 90) | Local Improvement: 0.0
  Move 11: GUIDED_SWAP_TO_GBEST | Indices: (158, 235) | Local Improvement: 0.0
  Move 12: GUIDED_SWAP_TO_GBEST | Indices: (117, 247) | Local Improvement: 0.0
  Move 13: GUIDED_SWAP_TO_PBEST | Indices: (117, 20) | Local Improvement: 0.0
  Move 14: GUIDED_SWAP_TO_PBEST | Indices: (158, 235) | Local Improvement: 0.0
  Move 15: GUIDED_SWAP_TO_PBEST | Indices: (124, 72) | Local Improvement: 0.0
  Move 16: GUIDED_SWAP_TO_PBEST | Indices: (40, 90) | Local Improvement: 0.0
  Move 17: GUIDED_SWAP_TO_GBEST | Indices: (72, 124) | Local Improvement: 0.0
  Move 18: GUIDED_SWAP_TO_GBEST | Indices: (117, 20) | Local Improvement: 0.0
  Move 19: GUIDED_SWAP_TO_GBEST | Indices: (158, 235) | Local Improvement: 0.0
  Move 20: GUIDED_SWAP_TO_GBEST | Indices: (40, 90) | Local Improvement: 0.0
  Move 21: TRIPLE_SWAP | Indices: (103, 194, 172) | Local Improvement: 0.0029166666666666785
=================================================================================
=================================================================================
2026-01-29T08:31:54.176 | Step 2 | Particle 6 | GLOBAL BEST ACHIEVED!
Global Improvement: 0.0037955729166666563
All moves in this step:
  Move 1: GUIDED_SWAP_TO_GBEST | Indices: (235, 158) | Local Improvement: 0.0
  Move 2: GUIDED_SWAP_TO_GBEST | Indices: (124, 72) | Local Improvement: 0.0
  Move 3: GUIDED_SWAP_TO_GBEST | Indices: (6, 90) | Local Improvement: 0.0
  Move 4: GUIDED_SWAP_TO_GBEST | Indices: (193, 223) | Local Improvement: 0.0
  Move 5: GUIDED_SWAP_TO_PBEST | Indices: (193, 223) | Local Improvement: 0.0
  Move 6: GUIDED_SWAP_TO_PBEST | Indices: (6, 90) | Local Improvement: 0.0
  Move 7: GUIDED_SWAP_TO_PBEST | Indices: (124, 72) | Local Improvement: 0.0
  Move 8: GUIDED_SWAP_TO_PBEST | Indices: (158, 235) | Local Improvement: 0.0
  Move 9: GUIDED_SWAP_TO_GBEST | Indices: (235, 158) | Local Improvement: 0.0
  Move 10: GUIDED_SWAP_TO_GBEST | Indices: (250, 193) | Local Improvement: 0.0
  Move 11: GUIDED_SWAP_TO_GBEST | Indices: (40, 6) | Local Improvement: 0.0
  Move 12: GUIDED_SWAP_TO_GBEST | Indices: (124, 72) | Local Improvement: 0.0
  Move 13: GUIDED_SWAP_TO_PBEST | Indices: (193, 250) | Local Improvement: 0.0
  Move 14: GUIDED_SWAP_TO_PBEST | Indices: (6, 40) | Local Improvement: 0.0
  Move 15: GUIDED_SWAP_TO_PBEST | Indices: (235, 158) | Local Improvement: 0.0
  Move 16: GUIDED_SWAP_TO_PBEST | Indices: (72, 124) | Local Improvement: 0.0
  Move 17: GUIDED_SWAP_TO_GBEST | Indices: (235, 158) | Local Improvement: 0.0
  Move 18: GUIDED_SWAP_TO_GBEST | Indices: (6, 90) | Local Improvement: 0.0
  Move 19: GUIDED_SWAP_TO_GBEST | Indices: (72, 124) | Local Improvement: 0.0
  Move 20: GUIDED_SWAP_TO_GBEST | Indices: (90, 40) | Local Improvement: 0.0
  Move 21: GUIDED_SWAP_TO_GBEST | Indices: (250, 193) | Local Improvement: 0.0
  Move 22: TRIPLE_SWAP | Indices: (31, 25, 187) | Local Improvement: 0.0037955729166666563
=================================================================================
=================================================================================
2026-01-29T08:31:54.180 | Step 2 | Particle 16 | GLOBAL BEST ACHIEVED!
Global Improvement: 0.006321614583333246
All moves in this step:
  Move 1: GUIDED_SWAP_TO_GBEST | Indices: (124, 72) | Local Improvement: 0.0
  Move 2: GUIDED_SWAP_TO_GBEST | Indices: (158, 235) | Local Improvement: 0.0
  Move 3: GUIDED_SWAP_TO_GBEST | Indices: (164, 133) | Local Improvement: 0.0
  Move 4: GUIDED_SWAP_TO_GBEST | Indices: (6, 90) | Local Improvement: 0.0
  Move 5: GUIDED_SWAP_TO_PBEST | Indices: (90, 6) | Local Improvement: 0.0
  Move 6: GUIDED_SWAP_TO_PBEST | Indices: (133, 164) | Local Improvement: 0.0
  Move 7: GUIDED_SWAP_TO_PBEST | Indices: (124, 72) | Local Improvement: 0.0
  Move 8: GUIDED_SWAP_TO_GBEST | Indices: (133, 195) | Local Improvement: 0.0
  Move 9: GUIDED_SWAP_TO_GBEST | Indices: (40, 6) | Local Improvement: 0.0
  Move 10: GUIDED_SWAP_TO_GBEST | Indices: (6, 90) | Local Improvement: 0.0
  Move 11: GUIDED_SWAP_TO_GBEST | Indices: (124, 72) | Local Improvement: 0.0
  Move 12: GUIDED_SWAP_TO_GBEST | Indices: (195, 164) | Local Improvement: 0.0
  Move 13: GUIDED_SWAP_TO_PBEST | Indices: (124, 72) | Local Improvement: 0.0
  Move 14: GUIDED_SWAP_TO_PBEST | Indices: (158, 235) | Local Improvement: 0.0
  Move 15: GUIDED_SWAP_TO_PBEST | Indices: (195, 133) | Local Improvement: 0.0
  Move 16: GUIDED_SWAP_TO_GBEST | Indices: (158, 235) | Local Improvement: 0.0
  Move 17: GUIDED_SWAP_TO_GBEST | Indices: (124, 72) | Local Improvement: 0.0
  Move 18: GUIDED_SWAP_TO_GBEST | Indices: (133, 195) | Local Improvement: 0.0
  Move 19: TRIPLE_SWAP | Indices: (234, 147, 5) | Local Improvement: 0.006321614583333246
=================================================================================
=================================================================================
2026-01-29T08:31:54.212 | Step 2 | Particle 98 | GLOBAL BEST ACHIEVED!
Global Improvement: 0.008561197916666652
All moves in this step:
  Move 1: GUIDED_SWAP_TO_GBEST | Indices: (40, 6) | Local Improvement: 0.0
  Move 2: GUIDED_SWAP_TO_GBEST | Indices: (124, 72) | Local Improvement: 0.0
  Move 3: GUIDED_SWAP_TO_GBEST | Indices: (235, 158) | Local Improvement: 0.0
  Move 4: GUIDED_SWAP_TO_GBEST | Indices: (90, 6) | Local Improvement: 0.0
  Move 5: GUIDED_SWAP_TO_PBEST | Indices: (90, 6) | Local Improvement: 0.0
  Move 6: GUIDED_SWAP_TO_PBEST | Indices: (6, 40) | Local Improvement: 0.0
  Move 7: GUIDED_SWAP_TO_PBEST | Indices: (72, 124) | Local Improvement: 0.0
  Move 8: GUIDED_SWAP_TO_PBEST | Indices: (235, 158) | Local Improvement: 0.0
  Move 9: GUIDED_SWAP_TO_GBEST | Indices: (90, 40) | Local Improvement: 0.0
  Move 10: GUIDED_SWAP_TO_GBEST | Indices: (235, 158) | Local Improvement: 0.0
  Move 11: GUIDED_SWAP_TO_GBEST | Indices: (6, 40) | Local Improvement: 0.0
  Move 12: GUIDED_SWAP_TO_GBEST | Indices: (72, 124) | Local Improvement: 0.0
  Move 13: TRIPLE_SWAP | Indices: (206, 116, 108) | Local Improvement: 0.008561197916666652
=================================================================================
=================================================================================
2026-01-29T08:31:55.061 | Step 3 | Particle 5 | GLOBAL BEST ACHIEVED!
Global Improvement: 0.003600260416666612
All moves in this step:
  Move 1: GUIDED_SWAP_TO_GBEST | Indices: (194, 172) | Local Improvement: 0.0
  Move 2: GUIDED_SWAP_TO_GBEST | Indices: (103, 172) | Local Improvement: 0.0
  Move 3: GUIDED_SWAP_TO_GBEST | Indices: (108, 116) | Local Improvement: 0.0
  Move 4: GUIDED_SWAP_TO_GBEST | Indices: (206, 116) | Local Improvement: 0.0
  Move 5: GUIDED_SWAP_TO_PBEST | Indices: (103, 172) | Local Improvement: 0.0
  Move 6: GUIDED_SWAP_TO_PBEST | Indices: (172, 194) | Local Improvement: 0.0
  Move 7: GUIDED_SWAP_TO_PBEST | Indices: (206, 116) | Local Improvement: 0.0
  Move 8: GUIDED_SWAP_TO_PBEST | Indices: (116, 108) | Local Improvement: 0.0
  Move 9: GUIDED_SWAP_TO_GBEST | Indices: (108, 116) | Local Improvement: 0.0
  Move 10: GUIDED_SWAP_TO_GBEST | Indices: (172, 103) | Local Improvement: 0.0
  Move 11: GUIDED_SWAP_TO_GBEST | Indices: (194, 103) | Local Improvement: 0.0
  Move 12: GUIDED_SWAP_TO_GBEST | Indices: (116, 206) | Local Improvement: 0.0
  Move 13: TRIPLE_SWAP | Indices: (91, 74, 1) | Local Improvement: 0.003600260416666612
=================================================================================
=================================================================================
2026-01-29T08:31:55.062 | Step 3 | Particle 8 | GLOBAL BEST ACHIEVED!
Global Improvement: 0.005735677083333335
All moves in this step:
  Move 1: GUIDED_SWAP_TO_GBEST | Indices: (121, 82) | Local Improvement: 0.0
  Move 2: GUIDED_SWAP_TO_GBEST | Indices: (6, 90) | Local Improvement: 0.0
  Move 3: GUIDED_SWAP_TO_GBEST | Indices: (235, 158) | Local Improvement: 0.0
  Move 4: GUIDED_SWAP_TO_GBEST | Indices: (124, 72) | Local Improvement: 0.0
  Move 5: GUIDED_SWAP_TO_GBEST | Indices: (116, 206) | Local Improvement: 0.0
  Move 6: GUIDED_SWAP_TO_GBEST | Indices: (82, 202) | Local Improvement: 0.0
  Move 7: GUIDED_SWAP_TO_GBEST | Indices: (90, 40) | Local Improvement: 0.0
  Move 8: GUIDED_SWAP_TO_GBEST | Indices: (108, 206) | Local Improvement: 0.0
  Move 9: GUIDED_SWAP_TO_PBEST | Indices: (121, 202) | Local Improvement: 0.0
  Move 10: GUIDED_SWAP_TO_PBEST | Indices: (108, 206) | Local Improvement: 0.0
  Move 11: GUIDED_SWAP_TO_PBEST | Indices: (90, 6) | Local Improvement: 0.0
  Move 12: GUIDED_SWAP_TO_PBEST | Indices: (82, 202) | Local Improvement: 0.0
  Move 13: GUIDED_SWAP_TO_PBEST | Indices: (158, 235) | Local Improvement: 0.0
  Move 14: GUIDED_SWAP_TO_GBEST | Indices: (206, 108) | Local Improvement: 0.0
  Move 15: GUIDED_SWAP_TO_GBEST | Indices: (121, 82) | Local Improvement: 0.0
  Move 16: GUIDED_SWAP_TO_GBEST | Indices: (158, 235) | Local Improvement: 0.0
  Move 17: GUIDED_SWAP_TO_GBEST | Indices: (90, 6) | Local Improvement: 0.0
  Move 18: TRIPLE_SWAP | Indices: (167, 115, 99) | Local Improvement: 0.0028190104166666563
  Move 19: RANDOM_SWAP | Indices: (146, 15) | Local Improvement: 0.0
  Move 20: RANDOM_SWAP | Indices: (69, 160) | Local Improvement: 0.0
  Move 21: RANDOM_SWAP | Indices: (170, 101) | Local Improvement: 0.0
=================================================================================
=================================================================================
2026-01-29T08:31:55.094 | Step 3 | Particle 89 | GLOBAL BEST ACHIEVED!
Global Improvement: 0.006419270833333268
All moves in this step:
  Move 1: GUIDED_SWAP_TO_GBEST | Indices: (116, 206) | Local Improvement: 0.0
  Move 2: GUIDED_SWAP_TO_GBEST | Indices: (108, 206) | Local Improvement: 0.0
  Move 3: GUIDED_SWAP_TO_GBEST | Indices: (89, 175) | Local Improvement: 0.0
  Move 4: TRIPLE_SWAP | Indices: (225, 67, 152) | Local Improvement: 0.005638020833333313
  Move 5: RANDOM_SWAP | Indices: (96, 174) | Local Improvement: 0.0
  Move 6: RANDOM_SWAP | Indices: (205, 130) | Local Improvement: 0.0
  Move 7: RANDOM_SWAP | Indices: (239, 77) | Local Improvement: 0.0
  Move 8: RANDOM_SWAP | Indices: (216, 103) | Local Improvement: 0.0
  Move 9: RANDOM_SWAP | Indices: (249, 94) | Local Improvement: 0.0
=================================================================================
=================================================================================
2026-01-29T08:31:55.156 | Step 4 | Particle 2 | GLOBAL BEST ACHIEVED!
Global Improvement: 0.00398437500000004
All moves in this step:
  Move 1: GUIDED_SWAP_TO_GBEST | Indices: (13, 86) | Local Improvement: 0.0
  Move 2: GUIDED_SWAP_TO_GBEST | Indices: (43, 170) | Local Improvement: 0.0
  Move 3: GUIDED_SWAP_TO_GBEST | Indices: (174, 96) | Local Improvement: 0.0
  Move 4: GUIDED_SWAP_TO_GBEST | Indices: (239, 77) | Local Improvement: 0.0
  Move 5: GUIDED_SWAP_TO_GBEST | Indices: (38, 170) | Local Improvement: 0.0
  Move 6: GUIDED_SWAP_TO_GBEST | Indices: (94, 249) | Local Improvement: 0.0
  Move 7: GUIDED_SWAP_TO_GBEST | Indices: (131, 11) | Local Improvement: 0.0
  Move 8: GUIDED_SWAP_TO_GBEST | Indices: (152, 67) | Local Improvement: 0.0
  Move 9: GUIDED_SWAP_TO_GBEST | Indices: (225, 67) | Local Improvement: 0.0
  Move 10: TRIPLE_SWAP | Indices: (180, 51, 170) | Local Improvement: 0.0029166666666666785
=================================================================================
=================================================================================
2026-01-29T08:31:55.171 | Step 4 | Particle 38 | GLOBAL BEST ACHIEVED!
Global Improvement: 0.004570312500000062
All moves in this step:
  Move 1: GUIDED_SWAP_TO_GBEST | Indices: (174, 96) | Local Improvement: 0.0
  Move 2: GUIDED_SWAP_TO_GBEST | Indices: (116, 206) | Local Improvement: 0.0
  Move 3: GUIDED_SWAP_TO_GBEST | Indices: (168, 113) | Local Improvement: 0.0
  Move 4: GUIDED_SWAP_TO_GBEST | Indices: (206, 108) | Local Improvement: 0.0
  Move 5: GUIDED_SWAP_TO_GBEST | Indices: (67, 225) | Local Improvement: 0.0
  Move 6: GUIDED_SWAP_TO_GBEST | Indices: (111, 253) | Local Improvement: 0.0
  Move 7: GUIDED_SWAP_TO_GBEST | Indices: (225, 152) | Local Improvement: 0.0
  Move 8: GUIDED_SWAP_TO_GBEST | Indices: (94, 249) | Local Improvement: 0.0
  Move 9: GUIDED_SWAP_TO_GBEST | Indices: (113, 202) | Local Improvement: 0.0
  Move 10: GUIDED_SWAP_TO_PBEST | Indices: (168, 202) | Local Improvement: 0.0
  Move 11: GUIDED_SWAP_TO_PBEST | Indices: (202, 113) | Local Improvement: 0.0
  Move 12: GUIDED_SWAP_TO_PBEST | Indices: (174, 96) | Local Improvement: 0.0
  Move 13: GUIDED_SWAP_TO_GBEST | Indices: (168, 113) | Local Improvement: 0.0
  Move 14: GUIDED_SWAP_TO_GBEST | Indices: (48, 253) | Local Improvement: 0.0
  Move 15: GUIDED_SWAP_TO_GBEST | Indices: (96, 174) | Local Improvement: 0.0
  Move 16: GUIDED_SWAP_TO_GBEST | Indices: (216, 103) | Local Improvement: 0.0
  Move 17: GUIDED_SWAP_TO_GBEST | Indices: (130, 205) | Local Improvement: 0.0
  Move 18: TRIPLE_SWAP | Indices: (184, 115, 10) | Local Improvement: 0.002623697916666723
=================================================================================
=================================================================================
2026-01-29T08:31:55.177 | Step 4 | Particle 54 | GLOBAL BEST ACHIEVED!
Global Improvement: 0.005638020833333313
All moves in this step:
  Move 1: GUIDED_SWAP_TO_GBEST | Indices: (103, 216) | Local Improvement: 0.0
  Move 2: GUIDED_SWAP_TO_GBEST | Indices: (206, 108) | Local Improvement: 0.0
  Move 3: GUIDED_SWAP_TO_GBEST | Indices: (40, 90) | Local Improvement: 0.0
  Move 4: GUIDED_SWAP_TO_GBEST | Indices: (249, 94) | Local Improvement: 0.0
  Move 5: GUIDED_SWAP_TO_GBEST | Indices: (96, 174) | Local Improvement: 0.0
  Move 6: GUIDED_SWAP_TO_GBEST | Indices: (239, 77) | Local Improvement: 0.0
  Move 7: GUIDED_SWAP_TO_GBEST | Indices: (205, 130) | Local Improvement: 0.0
  Move 8: GUIDED_SWAP_TO_GBEST | Indices: (225, 152) | Local Improvement: 0.0
  Move 9: GUIDED_SWAP_TO_GBEST | Indices: (152, 67) | Local Improvement: 0.0
  Move 10: TRIPLE_SWAP | Indices: (251, 85, 41) | Local Improvement: 0.005638020833333313
=================================================================================
=================================================================================
2026-01-29T08:31:55.251 | Step 5 | Particle 22 | GLOBAL BEST ACHIEVED!
Global Improvement: 0.0024348958333334503
All moves in this step:
  Move 1: GUIDED_SWAP_TO_GBEST | Indices: (85, 251) | Local Improvement: 0.0
  Move 2: GUIDED_SWAP_TO_GBEST | Indices: (17, 111) | Local Improvement: 0.0
  Move 3: GUIDED_SWAP_TO_GBEST | Indices: (109, 232) | Local Improvement: 0.0
  Move 4: GUIDED_SWAP_TO_GBEST | Indices: (103, 216) | Local Improvement: 0.0
  Move 5: GUIDED_SWAP_TO_GBEST | Indices: (157, 84) | Local Improvement: 0.0
  Move 6: GUIDED_SWAP_TO_PBEST | Indices: (232, 109) | Local Improvement: 0.0
  Move 7: GUIDED_SWAP_TO_PBEST | Indices: (84, 157) | Local Improvement: 0.0
  Move 8: GUIDED_SWAP_TO_PBEST | Indices: (17, 111) | Local Improvement: 0.0
  Move 9: GUIDED_SWAP_TO_PBEST | Indices: (251, 85) | Local Improvement: 0.0
  Move 10: GUIDED_SWAP_TO_GBEST | Indices: (205, 130) | Local Improvement: 0.0
  Move 11: GUIDED_SWAP_TO_GBEST | Indices: (67, 152) | Local Improvement: 0.0
  Move 12: GUIDED_SWAP_TO_GBEST | Indices: (76, 184) | Local Improvement: 0.0
  Move 13: GUIDED_SWAP_TO_GBEST | Indices: (157, 84) | Local Improvement: 0.0
  Move 14: GUIDED_SWAP_TO_PBEST | Indices: (157, 84) | Local Improvement: 0.0
  Move 15: GUIDED_SWAP_TO_PBEST | Indices: (76, 184) | Local Improvement: 0.0
  Move 16: GUIDED_SWAP_TO_PBEST | Indices: (103, 216) | Local Improvement: 0.0
  Move 17: GUIDED_SWAP_TO_PBEST | Indices: (130, 205) | Local Improvement: 0.0
  Move 18: GUIDED_SWAP_TO_GBEST | Indices: (41, 17) | Local Improvement: 0.0
  Move 19: GUIDED_SWAP_TO_GBEST | Indices: (244, 47) | Local Improvement: 0.0
  Move 20: GUIDED_SWAP_TO_GBEST | Indices: (76, 184) | Local Improvement: 0.0
  Move 21: GUIDED_SWAP_TO_GBEST | Indices: (103, 216) | Local Improvement: 0.0
  Move 22: GUIDED_SWAP_TO_GBEST | Indices: (174, 96) | Local Improvement: 0.0
  Move 23: TRIPLE_SWAP | Indices: (114, 232, 177) | Local Improvement: 0.004375000000000018
=================================================================================
=================================================================================
2026-01-29T08:31:55.252 | Step 5 | Particle 24 | GLOBAL BEST ACHIEVED!
Global Improvement: 0.0035026041666668117
All moves in this step:
  Move 1: GUIDED_SWAP_TO_PBEST | Indices: (166, 54) | Local Improvement: 0.0
  Move 2: GUIDED_SWAP_TO_PBEST | Indices: (234, 112) | Local Improvement: 0.0
  Move 3: GUIDED_SWAP_TO_PBEST | Indices: (215, 252) | Local Improvement: 0.0
  Move 4: GUIDED_SWAP_TO_PBEST | Indices: (174, 96) | Local Improvement: 0.0
  Move 5: GUIDED_SWAP_TO_PBEST | Indices: (95, 207) | Local Improvement: 0.0
  Move 6: GUIDED_SWAP_TO_GBEST | Indices: (112, 234) | Local Improvement: 0.0
  Move 7: GUIDED_SWAP_TO_GBEST | Indices: (216, 103) | Local Improvement: 0.0
  Move 8: GUIDED_SWAP_TO_GBEST | Indices: (205, 130) | Local Improvement: 0.0
  Move 9: GUIDED_SWAP_TO_GBEST | Indices: (1, 207) | Local Improvement: 0.0
  Move 10: GUIDED_SWAP_TO_GBEST | Indices: (96, 174) | Local Improvement: 0.0
  Move 11: GUIDED_SWAP_TO_PBEST | Indices: (218, 36) | Local Improvement: 0.0
  Move 12: GUIDED_SWAP_TO_PBEST | Indices: (230, 84) | Local Improvement: 0.0
  Move 13: GUIDED_SWAP_TO_PBEST | Indices: (99, 214) | Local Improvement: 0.0
  Move 14: GUIDED_SWAP_TO_PBEST | Indices: (71, 247) | Local Improvement: 0.0
  Move 15: GUIDED_SWAP_TO_PBEST | Indices: (152, 67) | Local Improvement: 0.0
  Move 16: GUIDED_SWAP_TO_GBEST | Indices: (251, 41) | Local Improvement: 0.0
  Move 17: GUIDED_SWAP_TO_GBEST | Indices: (67, 225) | Local Improvement: 0.0
  Move 18: GUIDED_SWAP_TO_GBEST | Indices: (225, 152) | Local Improvement: 0.0
  Move 19: GUIDED_SWAP_TO_GBEST | Indices: (85, 41) | Local Improvement: 0.0
  Move 20: GUIDED_SWAP_TO_GBEST | Indices: (215, 252) | Local Improvement: 0.0
  Move 21: GUIDED_SWAP_TO_PBEST | Indices: (130, 205) | Local Improvement: 0.0
  Move 22: GUIDED_SWAP_TO_PBEST | Indices: (234, 112) | Local Improvement: 0.0
  Move 23: GUIDED_SWAP_TO_PBEST | Indices: (184, 112) | Local Improvement: 0.0
  Move 24: GUIDED_SWAP_TO_PBEST | Indices: (152, 225) | Local Improvement: 0.0
  Move 25: GUIDED_SWAP_TO_PBEST | Indices: (77, 239) | Local Improvement: 0.0
  Move 26: GUIDED_SWAP_TO_GBEST | Indices: (130, 205) | Local Improvement: 0.0
  Move 27: GUIDED_SWAP_TO_GBEST | Indices: (225, 152) | Local Improvement: 0.0
  Move 28: GUIDED_SWAP_TO_GBEST | Indices: (77, 239) | Local Improvement: 0.0
  Move 29: GUIDED_SWAP_TO_GBEST | Indices: (184, 112) | Local Improvement: 0.0
=================================================================================
=================================================================================
2026-01-29T08:31:55.593 | Step 6 | Particle 3 | GLOBAL BEST ACHIEVED!
Global Improvement: 0.0016536458333332726
All moves in this step:
  Move 1: GUIDED_SWAP_TO_GBEST | Indices: (234, 112) | Local Improvement: 0.0
  Move 2: GUIDED_SWAP_TO_GBEST | Indices: (253, 40) | Local Improvement: 0.0
  Move 3: GUIDED_SWAP_TO_PBEST | Indices: (253, 40) | Local Improvement: 0.0
  Move 4: GUIDED_SWAP_TO_PBEST | Indices: (234, 112) | Local Improvement: 0.0
  Move 5: GUIDED_SWAP_TO_GBEST | Indices: (40, 253) | Local Improvement: 0.0
  Move 6: GUIDED_SWAP_TO_GBEST | Indices: (234, 112) | Local Improvement: 0.0
  Move 7: TRIPLE_SWAP | Indices: (187, 61, 41) | Local Improvement: 0.0016536458333332726
=================================================================================
=================================================================================
2026-01-29T08:31:55.600 | Step 6 | Particle 20 | GLOBAL BEST ACHIEVED!
Global Improvement: 0.0017513020833332948
All moves in this step:
  Move 1: GUIDED_SWAP_TO_PBEST | Indices: (27, 193) | Local Improvement: 0.0
  Move 2: GUIDED_SWAP_TO_PBEST | Indices: (193, 131) | Local Improvement: 0.0
  Move 3: GUIDED_SWAP_TO_PBEST | Indices: (38, 55) | Local Improvement: 0.0
  Move 4: GUIDED_SWAP_TO_PBEST | Indices: (21, 62) | Local Improvement: 0.0
  Move 5: GUIDED_SWAP_TO_GBEST | Indices: (200, 225) | Local Improvement: 0.0
  Move 6: GUIDED_SWAP_TO_GBEST | Indices: (55, 38) | Local Improvement: 0.0
  Move 7: GUIDED_SWAP_TO_GBEST | Indices: (21, 62) | Local Improvement: 0.0
  Move 8: GUIDED_SWAP_TO_GBEST | Indices: (29, 31) | Local Improvement: 0.0
  Move 9: GUIDED_SWAP_TO_PBEST | Indices: (38, 55) | Local Improvement: 0.0
  Move 10: GUIDED_SWAP_TO_PBEST | Indices: (21, 62) | Local Improvement: 0.0
  Move 11: GUIDED_SWAP_TO_PBEST | Indices: (225, 67) | Local Improvement: 0.0
  Move 12: GUIDED_SWAP_TO_PBEST | Indices: (251, 85) | Local Improvement: 0.0
  Move 13: GUIDED_SWAP_TO_PBEST | Indices: (85, 41) | Local Improvement: 0.0
  Move 14: GUIDED_SWAP_TO_GBEST | Indices: (225, 67) | Local Improvement: 0.0
  Move 15: GUIDED_SWAP_TO_GBEST | Indices: (251, 41) | Local Improvement: 0.0
  Move 16: GUIDED_SWAP_TO_GBEST | Indices: (234, 112) | Local Improvement: 0.0
  Move 17: GUIDED_SWAP_TO_GBEST | Indices: (21, 62) | Local Improvement: 0.0
  Move 18: GUIDED_SWAP_TO_GBEST | Indices: (96, 174) | Local Improvement: 0.0
  Move 19: GUIDED_SWAP_TO_GBEST | Indices: (55, 38) | Local Improvement: 0.0
  Move 20: GUIDED_SWAP_TO_GBEST | Indices: (27, 131) | Local Improvement: 0.0
  Move 21: GUIDED_SWAP_TO_GBEST | Indices: (131, 193) | Local Improvement: 0.0
  Move 22: GUIDED_SWAP_TO_GBEST | Indices: (41, 85) | Local Improvement: 0.0
  Move 23: TRIPLE_SWAP | Indices: (202, 100, 35) | Local Improvement: 0.0017513020833332948
=================================================================================
=================================================================================
2026-01-29T08:31:55.601 | Step 6 | Particle 21 | GLOBAL BEST ACHIEVED!
Global Improvement: 0.0025260416666665897
All moves in this step:
  Move 1: GUIDED_SWAP_TO_GBEST | Indices: (234, 112) | Local Improvement: 0.0
  Move 2: GUIDED_SWAP_TO_GBEST | Indices: (170, 147) | Local Improvement: 0.0
  Move 3: GUIDED_SWAP_TO_GBEST | Indices: (162, 198) | Local Improvement: 0.0
  Move 4: GUIDED_SWAP_TO_PBEST | Indices: (170, 147) | Local Improvement: 0.0
  Move 5: GUIDED_SWAP_TO_PBEST | Indices: (234, 112) | Local Improvement: 0.0
  Move 6: GUIDED_SWAP_TO_PBEST | Indices: (198, 162) | Local Improvement: 0.0
  Move 7: GUIDED_SWAP_TO_GBEST | Indices: (234, 112) | Local Improvement: 0.0
  Move 8: GUIDED_SWAP_TO_GBEST | Indices: (170, 147) | Local Improvement: 0.0
  Move 9: GUIDED_SWAP_TO_GBEST | Indices: (198, 162) | Local Improvement: 0.0
  Move 10: GUIDED_SWAP_TO_PBEST | Indices: (162, 198) | Local Improvement: 0.0
  Move 11: GUIDED_SWAP_TO_PBEST | Indices: (234, 112) | Local Improvement: 0.0
  Move 12: GUIDED_SWAP_TO_PBEST | Indices: (170, 147) | Local Improvement: 0.0
  Move 13: GUIDED_SWAP_TO_GBEST | Indices: (198, 162) | Local Improvement: 0.0
  Move 14: GUIDED_SWAP_TO_GBEST | Indices: (147, 170) | Local Improvement: 0.0
  Move 15: GUIDED_SWAP_TO_GBEST | Indices: (234, 112) | Local Improvement: 0.0
  Move 16: TRIPLE_SWAP | Indices: (135, 112, 254) | Local Improvement: 0.0025260416666665897
=================================================================================
=================================================================================
2026-01-29T08:31:55.678 | Step 7 | Particle 15 | GLOBAL BEST ACHIEVED!
Global Improvement: 0.001848958333333428
All moves in this step:
  Move 1: GUIDED_SWAP_TO_GBEST | Indices: (254, 112) | Local Improvement: 0.0
  Move 2: GUIDED_SWAP_TO_GBEST | Indices: (135, 112) | Local Improvement: 0.0
  Move 3: GUIDED_SWAP_TO_PBEST | Indices: (112, 254) | Local Improvement: 0.0
  Move 4: GUIDED_SWAP_TO_PBEST | Indices: (135, 254) | Local Improvement: 0.0
  Move 5: GUIDED_SWAP_TO_GBEST | Indices: (112, 135) | Local Improvement: 0.0
  Move 6: GUIDED_SWAP_TO_GBEST | Indices: (254, 135) | Local Improvement: 0.0
  Move 7: TRIPLE_SWAP | Indices: (32, 168, 198) | Local Improvement: 0.001848958333333428
=================================================================================
=================================================================================
2026-01-29T08:31:55.683 | Step 7 | Particle 28 | GLOBAL BEST ACHIEVED!
Global Improvement: 0.002337239583333428
All moves in this step:
  Move 1: GUIDED_SWAP_TO_GBEST | Indices: (65, 183) | Local Improvement: 0.0
  Move 2: GUIDED_SWAP_TO_GBEST | Indices: (135, 254) | Local Improvement: 0.0
  Move 3: GUIDED_SWAP_TO_GBEST | Indices: (112, 254) | Local Improvement: 0.0
  Move 4: GUIDED_SWAP_TO_GBEST | Indices: (183, 134) | Local Improvement: 0.0
  Move 5: GUIDED_SWAP_TO_PBEST | Indices: (134, 183) | Local Improvement: 0.0
  Move 6: GUIDED_SWAP_TO_PBEST | Indices: (254, 135) | Local Improvement: 0.0
  Move 7: GUIDED_SWAP_TO_PBEST | Indices: (65, 183) | Local Improvement: 0.0
  Move 8: GUIDED_SWAP_TO_PBEST | Indices: (135, 112) | Local Improvement: 0.0
  Move 9: GUIDED_SWAP_TO_GBEST | Indices: (112, 135) | Local Improvement: 0.0
  Move 10: GUIDED_SWAP_TO_GBEST | Indices: (134, 65) | Local Improvement: 0.0
  Move 11: GUIDED_SWAP_TO_GBEST | Indices: (65, 183) | Local Improvement: 0.0
  Move 12: GUIDED_SWAP_TO_GBEST | Indices: (135, 254) | Local Improvement: 0.0
  Move 13: TRIPLE_SWAP | Indices: (2, 150, 223) | Local Improvement: 0.0005859375000000222
  Move 14: RANDOM_SWAP | Indices: (231, 97) | Local Improvement: 0.0
  Move 15: RANDOM_SWAP | Indices: (134, 187) | Local Improvement: 0.0
  Move 16: RANDOM_SWAP | Indices: (20, 12) | Local Improvement: 0.0
=================================================================================
=================================================================================
2026-01-29T08:31:55.753 | Step 8 | Particle 4 | GLOBAL BEST ACHIEVED!
Global Improvement: 0.0017513020833332948
All moves in this step:
  Move 1: GUIDED_SWAP_TO_GBEST | Indices: (12, 20) | Local Improvement: 0.0
  Move 2: GUIDED_SWAP_TO_GBEST | Indices: (231, 97) | Local Improvement: 0.0
  Move 3: GUIDED_SWAP_TO_GBEST | Indices: (223, 150) | Local Improvement: 0.0
  Move 4: GUIDED_SWAP_TO_PBEST | Indices: (20, 12) | Local Improvement: 0.0
  Move 5: GUIDED_SWAP_TO_PBEST | Indices: (231, 97) | Local Improvement: 0.0
  Move 6: GUIDED_SWAP_TO_PBEST | Indices: (150, 223) | Local Improvement: 0.0
  Move 7: GUIDED_SWAP_TO_GBEST | Indices: (97, 231) | Local Improvement: 0.0
  Move 8: GUIDED_SWAP_TO_GBEST | Indices: (150, 2) | Local Improvement: 0.0
  Move 9: GUIDED_SWAP_TO_GBEST | Indices: (134, 187) | Local Improvement: 0.0
  Move 10: GUIDED_SWAP_TO_GBEST | Indices: (2, 223) | Local Improvement: 0.0
  Move 11: GUIDED_SWAP_TO_GBEST | Indices: (12, 20) | Local Improvement: 0.0
  Move 12: GUIDED_SWAP_TO_PBEST | Indices: (2, 150) | Local Improvement: 0.0
  Move 13: GUIDED_SWAP_TO_PBEST | Indices: (97, 231) | Local Improvement: 0.0
  Move 14: GUIDED_SWAP_TO_PBEST | Indices: (12, 20) | Local Improvement: 0.0
  Move 15: GUIDED_SWAP_TO_PBEST | Indices: (134, 187) | Local Improvement: 0.0
  Move 16: GUIDED_SWAP_TO_PBEST | Indices: (150, 223) | Local Improvement: 0.0
  Move 17: GUIDED_SWAP_TO_GBEST | Indices: (2, 223) | Local Improvement: 0.0
  Move 18: GUIDED_SWAP_TO_GBEST | Indices: (223, 150) | Local Improvement: 0.0
  Move 19: GUIDED_SWAP_TO_GBEST | Indices: (187, 134) | Local Improvement: 0.0
  Move 20: GUIDED_SWAP_TO_GBEST | Indices: (231, 97) | Local Improvement: 0.0
  Move 21: GUIDED_SWAP_TO_GBEST | Indices: (12, 20) | Local Improvement: 0.0
  Move 22: TRIPLE_SWAP | Indices: (96, 111, 179) | Local Improvement: 0.0017513020833332948
=================================================================================
=================================================================================
2026-01-29T08:31:55.756 | Step 8 | Particle 10 | GLOBAL BEST ACHIEVED!
Global Improvement: 0.001848958333333317
All moves in this step:
  Move 1: GUIDED_SWAP_TO_GBEST | Indices: (205, 130) | Local Improvement: 0.0
  Move 2: GUIDED_SWAP_TO_GBEST | Indices: (254, 112) | Local Improvement: 0.0
  Move 3: GUIDED_SWAP_TO_GBEST | Indices: (12, 20) | Local Improvement: 0.0
  Move 4: GUIDED_SWAP_TO_GBEST | Indices: (239, 77) | Local Improvement: 0.0
  Move 5: GUIDED_SWAP_TO_GBEST | Indices: (134, 187) | Local Improvement: 0.0
  Move 6: GUIDED_SWAP_TO_GBEST | Indices: (231, 97) | Local Improvement: 0.0
  Move 7: GUIDED_SWAP_TO_GBEST | Indices: (150, 2) | Local Improvement: 0.0
  Move 8: GUIDED_SWAP_TO_GBEST | Indices: (112, 135) | Local Improvement: 0.0
  Move 9: GUIDED_SWAP_TO_GBEST | Indices: (2, 223) | Local Improvement: 0.0
  Move 10: GUIDED_SWAP_TO_PBEST | Indices: (254, 135) | Local Improvement: 0.0
  Move 11: GUIDED_SWAP_TO_PBEST | Indices: (77, 239) | Local Improvement: 0.0
  Move 12: GUIDED_SWAP_TO_PBEST | Indices: (231, 97) | Local Improvement: 0.0
  Move 13: GUIDED_SWAP_TO_PBEST | Indices: (12, 20) | Local Improvement: 0.0
  Move 14: GUIDED_SWAP_TO_PBEST | Indices: (134, 187) | Local Improvement: 0.0
  Move 15: GUIDED_SWAP_TO_GBEST | Indices: (231, 97) | Local Improvement: 0.0
  Move 16: GUIDED_SWAP_TO_GBEST | Indices: (187, 134) | Local Improvement: 0.0
  Move 17: GUIDED_SWAP_TO_GBEST | Indices: (20, 12) | Local Improvement: 0.0
  Move 18: GUIDED_SWAP_TO_GBEST | Indices: (254, 135) | Local Improvement: 0.0
  Move 19: TRIPLE_SWAP | Indices: (216, 15, 240) | Local Improvement: 0.0033072916666666563
=================================================================================
=================================================================================
2026-01-29T08:31:55.942 | Step 9 | Particle 31 | GLOBAL BEST ACHIEVED!
Global Improvement: 0.001360677083333206
All moves in this step:
  Move 1: GUIDED_SWAP_TO_GBEST | Indices: (156, 174) | Local Improvement: 0.0
  Move 2: GUIDED_SWAP_TO_GBEST | Indices: (239, 77) | Local Improvement: 0.0
  Move 3: GUIDED_SWAP_TO_GBEST | Indices: (216, 240) | Local Improvement: 0.0
  Move 4: GUIDED_SWAP_TO_GBEST | Indices: (68, 174) | Local Improvement: 0.0
  Move 5: GUIDED_SWAP_TO_PBEST | Indices: (174, 156) | Local Improvement: 0.0
  Move 6: GUIDED_SWAP_TO_PBEST | Indices: (240, 216) | Local Improvement: 0.0
  Move 7: GUIDED_SWAP_TO_PBEST | Indices: (239, 77) | Local Improvement: 0.0
  Move 8: GUIDED_SWAP_TO_PBEST | Indices: (68, 156) | Local Improvement: 0.0
  Move 9: GUIDED_SWAP_TO_GBEST | Indices: (174, 68) | Local Improvement: 0.0
  Move 10: GUIDED_SWAP_TO_GBEST | Indices: (240, 15) | Local Improvement: 0.0
  Move 11: GUIDED_SWAP_TO_GBEST | Indices: (77, 239) | Local Improvement: 0.0
  Move 12: GUIDED_SWAP_TO_GBEST | Indices: (156, 68) | Local Improvement: 0.0
  Move 13: GUIDED_SWAP_TO_GBEST | Indices: (15, 216) | Local Improvement: 0.0
  Move 14: GUIDED_SWAP_TO_PBEST | Indices: (77, 239) | Local Improvement: 0.0
  Move 15: GUIDED_SWAP_TO_PBEST | Indices: (216, 15) | Local Improvement: 0.0
  Move 16: GUIDED_SWAP_TO_PBEST | Indices: (156, 68) | Local Improvement: 0.0
  Move 17: GUIDED_SWAP_TO_PBEST | Indices: (15, 240) | Local Improvement: 0.0
  Move 18: GUIDED_SWAP_TO_GBEST | Indices: (68, 156) | Local Improvement: 0.0
  Move 19: GUIDED_SWAP_TO_GBEST | Indices: (240, 15) | Local Improvement: 0.0
  Move 20: GUIDED_SWAP_TO_GBEST | Indices: (15, 216) | Local Improvement: 0.0
=================================================================================
=================================================================================
2026-01-29T08:31:56.439 | Step 11 | Particle 37 | GLOBAL BEST ACHIEVED!
Global Improvement: 0.0010677083333333615
All moves in this step:
  Move 1: TRIPLE_SWAP | Indices: (200, 236, 198) | Local Improvement: 0.0010677083333333615
=================================================================================
=================================================================================
2026-01-29T08:31:56.537 | Step 12 | Particle 84 | GLOBAL BEST ACHIEVED!
Global Improvement: 0.001360677083333317
All moves in this step:
  Move 1: GUIDED_SWAP_TO_PBEST | Indices: (244, 10) | Local Improvement: 0.0
  Move 2: GUIDED_SWAP_TO_PBEST | Indices: (239, 6) | Local Improvement: 0.0
  Move 3: GUIDED_SWAP_TO_PBEST | Indices: (39, 195) | Local Improvement: 0.0
  Move 4: GUIDED_SWAP_TO_PBEST | Indices: (231, 98) | Local Improvement: 0.0
  Move 5: GUIDED_SWAP_TO_GBEST | Indices: (239, 77) | Local Improvement: 0.0
  Move 6: GUIDED_SWAP_TO_GBEST | Indices: (200, 198) | Local Improvement: 0.0
  Move 7: GUIDED_SWAP_TO_GBEST | Indices: (98, 20) | Local Improvement: 0.0
  Move 8: GUIDED_SWAP_TO_GBEST | Indices: (236, 198) | Local Improvement: 0.0
  Move 9: GUIDED_SWAP_TO_PBEST | Indices: (77, 239) | Local Improvement: 0.0
  Move 10: GUIDED_SWAP_TO_PBEST | Indices: (198, 200) | Local Improvement: 0.0
  Move 11: GUIDED_SWAP_TO_PBEST | Indices: (236, 200) | Local Improvement: 0.0
  Move 12: GUIDED_SWAP_TO_GBEST | Indices: (198, 236) | Local Improvement: 0.0
  Move 13: GUIDED_SWAP_TO_GBEST | Indices: (239, 77) | Local Improvement: 0.0
  Move 14: GUIDED_SWAP_TO_GBEST | Indices: (200, 236) | Local Improvement: 0.0
  Move 15: TRIPLE_SWAP | Indices: (32, 22, 3) | Local Improvement: 0.001360677083333317
=================================================================================
=================================================================================
2026-01-29T08:31:56.583 | Step 13 | Particle 17 | GLOBAL BEST ACHIEVED!
Global Improvement: 9.76562500000222e-5
All moves in this step:
  Move 1: GUIDED_SWAP_TO_PBEST | Indices: (198, 200) | Local Improvement: 0.0
  Move 2: GUIDED_SWAP_TO_PBEST | Indices: (164, 128) | Local Improvement: 0.0
  Move 3: GUIDED_SWAP_TO_PBEST | Indices: (165, 160) | Local Improvement: 0.0
  Move 4: GUIDED_SWAP_TO_PBEST | Indices: (236, 200) | Local Improvement: 0.0
  Move 5: GUIDED_SWAP_TO_GBEST | Indices: (22, 32) | Local Improvement: 0.0
  Move 6: GUIDED_SWAP_TO_GBEST | Indices: (3, 32) | Local Improvement: 0.0
  Move 7: GUIDED_SWAP_TO_GBEST | Indices: (198, 236) | Local Improvement: 0.0
  Move 8: GUIDED_SWAP_TO_GBEST | Indices: (236, 200) | Local Improvement: 0.0
  Move 9: TRIPLE_SWAP | Indices: (256, 182, 96) | Local Improvement: 9.76562500000222e-5
=================================================================================
=================================================================================
2026-01-29T08:31:56.584 | Step 13 | Particle 19 | GLOBAL BEST ACHIEVED!
Global Improvement: 0.0018424479166666563
All moves in this step:
  Move 1: GUIDED_SWAP_TO_PBEST | Indices: (56, 105) | Local Improvement: 0.0
  Move 2: GUIDED_SWAP_TO_PBEST | Indices: (47, 57) | Local Improvement: 0.0
  Move 3: GUIDED_SWAP_TO_PBEST | Indices: (222, 30) | Local Improvement: 0.0
  Move 4: GUIDED_SWAP_TO_PBEST | Indices: (200, 236) | Local Improvement: 0.0
  Move 5: GUIDED_SWAP_TO_GBEST | Indices: (32, 3) | Local Improvement: 0.0
  Move 6: GUIDED_SWAP_TO_GBEST | Indices: (3, 22) | Local Improvement: 0.0
  Move 7: GUIDED_SWAP_TO_GBEST | Indices: (200, 236) | Local Improvement: 0.0
  Move 8: TRIPLE_SWAP | Indices: (181, 190, 4) | Local Improvement: 0.0018424479166666563
=================================================================================
=================================================================================
2026-01-29T08:31:56.688 | Step 14 | Particle 96 | GLOBAL BEST ACHIEVED!
Global Improvement: 9.76562500000222e-5
All moves in this step:
  Move 1: GUIDED_SWAP_TO_GBEST | Indices: (181, 4) | Local Improvement: 0.0
  Move 2: GUIDED_SWAP_TO_GBEST | Indices: (190, 4) | Local Improvement: 0.0
  Move 3: GUIDED_SWAP_TO_GBEST | Indices: (32, 26) | Local Improvement: 0.0
  Move 4: GUIDED_SWAP_TO_GBEST | Indices: (174, 200) | Local Improvement: 0.0
  Move 5: GUIDED_SWAP_TO_PBEST | Indices: (4, 181) | Local Improvement: 0.0
  Move 6: GUIDED_SWAP_TO_PBEST | Indices: (3, 32) | Local Improvement: 0.0
  Move 7: GUIDED_SWAP_TO_PBEST | Indices: (32, 22) | Local Improvement: 0.0
  Move 8: GUIDED_SWAP_TO_PBEST | Indices: (93, 15) | Local Improvement: 0.0
  Move 9: GUIDED_SWAP_TO_GBEST | Indices: (22, 32) | Local Improvement: 0.0
  Move 10: GUIDED_SWAP_TO_GBEST | Indices: (3, 32) | Local Improvement: 0.0
  Move 11: GUIDED_SWAP_TO_GBEST | Indices: (181, 4) | Local Improvement: 0.0
  Move 12: TRIPLE_SWAP | Indices: (53, 73, 85) | Local Improvement: 9.76562500000222e-5
=================================================================================
=================================================================================
2026-01-29T08:31:57.375 | Step 15 | Particle 20 | GLOBAL BEST ACHIEVED!
Global Improvement: 0.0008789062499999778
All moves in this step:
  Move 1: GUIDED_SWAP_TO_GBEST | Indices: (53, 85) | Local Improvement: 0.0
  Move 2: GUIDED_SWAP_TO_GBEST | Indices: (73, 85) | Local Improvement: 0.0
  Move 3: GUIDED_SWAP_TO_PBEST | Indices: (85, 53) | Local Improvement: 0.0
  Move 4: GUIDED_SWAP_TO_PBEST | Indices: (53, 73) | Local Improvement: 0.0
  Move 5: GUIDED_SWAP_TO_GBEST | Indices: (53, 85) | Local Improvement: 0.0
  Move 6: GUIDED_SWAP_TO_GBEST | Indices: (73, 85) | Local Improvement: 0.0
  Move 7: TRIPLE_SWAP | Indices: (171, 167, 134) | Local Improvement: 0.0008789062499999778
=================================================================================
=================================================================================
2026-01-29T08:31:57.404 | Step 15 | Particle 92 | GLOBAL BEST ACHIEVED!
Global Improvement: 0.0012630208333332948
All moves in this step:
  Move 1: GUIDED_SWAP_TO_GBEST | Indices: (22, 32) | Local Improvement: 0.0
  Move 2: GUIDED_SWAP_TO_GBEST | Indices: (3, 32) | Local Improvement: 0.0
  Move 3: GUIDED_SWAP_TO_GBEST | Indices: (73, 53) | Local Improvement: 0.0
  Move 4: GUIDED_SWAP_TO_GBEST | Indices: (53, 85) | Local Improvement: 0.0
  Move 5: GUIDED_SWAP_TO_PBEST | Indices: (3, 32) | Local Improvement: 0.0
  Move 6: GUIDED_SWAP_TO_PBEST | Indices: (32, 22) | Local Improvement: 0.0
  Move 7: GUIDED_SWAP_TO_PBEST | Indices: (53, 73) | Local Improvement: 0.0
  Move 8: GUIDED_SWAP_TO_PBEST | Indices: (73, 85) | Local Improvement: 0.0
  Move 9: GUIDED_SWAP_TO_GBEST | Indices: (32, 3) | Local Improvement: 0.0
  Move 10: GUIDED_SWAP_TO_GBEST | Indices: (85, 73) | Local Improvement: 0.0
  Move 11: GUIDED_SWAP_TO_GBEST | Indices: (181, 4) | Local Improvement: 0.0
  Move 12: GUIDED_SWAP_TO_GBEST | Indices: (53, 73) | Local Improvement: 0.0
  Move 13: GUIDED_SWAP_TO_GBEST | Indices: (3, 22) | Local Improvement: 0.0
  Move 14: TRIPLE_SWAP | Indices: (240, 41, 19) | Local Improvement: 0.0012630208333332948
=================================================================================
=================================================================================
2026-01-29T08:31:57.449 | Step 16 | Particle 32 | GLOBAL BEST ACHIEVED!
Global Improvement: 0.0001953125000000444
All moves in this step:
  Move 1: GUIDED_SWAP_TO_GBEST | Indices: (41, 240) | Local Improvement: 0.0
  Move 2: GUIDED_SWAP_TO_GBEST | Indices: (240, 19) | Local Improvement: 0.0
  Move 3: GUIDED_SWAP_TO_PBEST | Indices: (240, 41) | Local Improvement: 0.0
  Move 4: GUIDED_SWAP_TO_PBEST | Indices: (19, 41) | Local Improvement: 0.0
  Move 5: GUIDED_SWAP_TO_GBEST | Indices: (240, 19) | Local Improvement: 0.0
  Move 6: GUIDED_SWAP_TO_GBEST | Indices: (19, 41) | Local Improvement: 0.0
  Move 7: RANDOM_SWAP | Indices: (210, 94) | Local Improvement: 0.0
=================================================================================
=================================================================================
2026-01-29T08:31:57.460 | Step 16 | Particle 58 | GLOBAL BEST ACHIEVED!
Global Improvement: 0.0005859375000000222
All moves in this step:
  Move 1: GUIDED_SWAP_TO_GBEST | Indices: (19, 41) | Local Improvement: 0.0
  Move 2: GUIDED_SWAP_TO_GBEST | Indices: (240, 41) | Local Improvement: 0.0
  Move 3: GUIDED_SWAP_TO_PBEST | Indices: (240, 41) | Local Improvement: 0.0
  Move 4: GUIDED_SWAP_TO_PBEST | Indices: (19, 41) | Local Improvement: 0.0
  Move 5: GUIDED_SWAP_TO_GBEST | Indices: (41, 240) | Local Improvement: 0.0
  Move 6: GUIDED_SWAP_TO_GBEST | Indices: (240, 19) | Local Improvement: 0.0
  Move 7: TRIPLE_SWAP | Indices: (36, 96, 128) | Local Improvement: 0.0005859375000000222
=================================================================================
=================================================================================
2026-01-29T08:31:57.462 | Step 16 | Particle 62 | GLOBAL BEST ACHIEVED!
Global Improvement: 0.0011653645833333837
All moves in this step:
  Move 1: GUIDED_SWAP_TO_PBEST | Indices: (195, 94) | Local Improvement: 0.0
  Move 2: GUIDED_SWAP_TO_PBEST | Indices: (41, 79) | Local Improvement: 0.0
  Move 3: GUIDED_SWAP_TO_PBEST | Indices: (53, 73) | Local Improvement: 0.0
  Move 4: GUIDED_SWAP_TO_GBEST | Indices: (199, 144) | Local Improvement: 0.0
  Move 5: GUIDED_SWAP_TO_GBEST | Indices: (73, 53) | Local Improvement: 0.0
  Move 6: GUIDED_SWAP_TO_GBEST | Indices: (92, 113) | Local Improvement: 0.0
  Move 7: GUIDED_SWAP_TO_GBEST | Indices: (216, 53) | Local Improvement: 0.0
  Move 8: GUIDED_SWAP_TO_GBEST | Indices: (41, 240) | Local Improvement: 0.0
  Move 9: GUIDED_SWAP_TO_PBEST | Indices: (85, 53) | Local Improvement: 0.0
  Move 10: GUIDED_SWAP_TO_PBEST | Indices: (22, 3) | Local Improvement: 0.0
  Move 11: GUIDED_SWAP_TO_PBEST | Indices: (41, 240) | Local Improvement: 0.0
  Move 12: GUIDED_SWAP_TO_PBEST | Indices: (73, 53) | Local Improvement: 0.0
  Move 13: GUIDED_SWAP_TO_GBEST | Indices: (53, 85) | Local Improvement: 0.0
  Move 14: GUIDED_SWAP_TO_GBEST | Indices: (240, 19) | Local Improvement: 0.0
  Move 15: GUIDED_SWAP_TO_GBEST | Indices: (19, 41) | Local Improvement: 0.0
  Move 16: GUIDED_SWAP_TO_GBEST | Indices: (3, 22) | Local Improvement: 0.0
  Move 17: GUIDED_SWAP_TO_GBEST | Indices: (85, 73) | Local Improvement: 0.0
  Move 18: GUIDED_SWAP_TO_PBEST | Indices: (73, 85) | Local Improvement: 0.0
  Move 19: GUIDED_SWAP_TO_PBEST | Indices: (53, 85) | Local Improvement: 0.0
  Move 20: GUIDED_SWAP_TO_PBEST | Indices: (3, 22) | Local Improvement: 0.0
  Move 21: GUIDED_SWAP_TO_PBEST | Indices: (240, 41) | Local Improvement: 0.0
  Move 22: GUIDED_SWAP_TO_PBEST | Indices: (19, 41) | Local Improvement: 0.0
  Move 23: GUIDED_SWAP_TO_GBEST | Indices: (85, 73) | Local Improvement: 0.0
  Move 24: GUIDED_SWAP_TO_GBEST | Indices: (53, 73) | Local Improvement: 0.0
  Move 25: GUIDED_SWAP_TO_GBEST | Indices: (3, 22) | Local Improvement: 0.0
  Move 26: GUIDED_SWAP_TO_GBEST | Indices: (19, 41) | Local Improvement: 0.0
=================================================================================
=================================================================================
2026-01-29T08:31:57.514 | Step 17 | Particle 32 | GLOBAL BEST ACHIEVED!
Global Improvement: 0.0002929687499999556
All moves in this step:
  Move 1: GUIDED_SWAP_TO_GBEST | Indices: (240, 41) | Local Improvement: 0.0
  Move 2: GUIDED_SWAP_TO_GBEST | Indices: (210, 94) | Local Improvement: 0.0
  Move 3: GUIDED_SWAP_TO_PBEST | Indices: (240, 41) | Local Improvement: 0.0
  Move 4: GUIDED_SWAP_TO_PBEST | Indices: (94, 210) | Local Improvement: 0.0
  Move 5: GUIDED_SWAP_TO_GBEST | Indices: (94, 210) | Local Improvement: 0.0
  Move 6: GUIDED_SWAP_TO_GBEST | Indices: (240, 41) | Local Improvement: 0.0
  Move 7: GUIDED_SWAP_TO_PBEST | Indices: (210, 94) | Local Improvement: 0.0
  Move 8: GUIDED_SWAP_TO_PBEST | Indices: (240, 41) | Local Improvement: 0.0
  Move 9: GUIDED_SWAP_TO_GBEST | Indices: (210, 94) | Local Improvement: 0.0
  Move 10: GUIDED_SWAP_TO_GBEST | Indices: (41, 240) | Local Improvement: 0.0
  Move 11: RANDOM_SWAP | Indices: (57, 42) | Local Improvement: 0.0
=================================================================================
=================================================================================
2026-01-29T08:31:57.835 | Step 21 | Particle 60 | GLOBAL BEST ACHIEVED!
Global Improvement: 0.0005859375000000222
All moves in this step:
  Move 1: TRIPLE_SWAP | Indices: (89, 138, 101) | Local Improvement: 0.0005859375000000222
=================================================================================
=================================================================================
2026-01-29T08:31:57.915 | Step 22 | Particle 77 | GLOBAL BEST ACHIEVED!
Global Improvement: 9.76562500000222e-5
All moves in this step:
  Move 1: GUIDED_SWAP_TO_GBEST | Indices: (101, 138) | Local Improvement: 0.0
  Move 2: GUIDED_SWAP_TO_GBEST | Indices: (89, 138) | Local Improvement: 0.0
  Move 3: GUIDED_SWAP_TO_PBEST | Indices: (89, 138) | Local Improvement: 0.0
  Move 4: GUIDED_SWAP_TO_PBEST | Indices: (101, 138) | Local Improvement: 0.0
  Move 5: GUIDED_SWAP_TO_GBEST | Indices: (89, 101) | Local Improvement: 0.0
  Move 6: GUIDED_SWAP_TO_GBEST | Indices: (101, 138) | Local Improvement: 0.0
  Move 7: GUIDED_SWAP_TO_PBEST | Indices: (101, 89) | Local Improvement: 0.0
  Move 8: GUIDED_SWAP_TO_PBEST | Indices: (89, 138) | Local Improvement: 0.0
  Move 9: GUIDED_SWAP_TO_GBEST | Indices: (89, 101) | Local Improvement: 0.0
  Move 10: GUIDED_SWAP_TO_GBEST | Indices: (138, 101) | Local Improvement: 0.0
  Move 11: TRIPLE_SWAP | Indices: (171, 256, 196) | Local Improvement: 9.76562500000222e-5
=================================================================================
=================================================================================
2026-01-29T08:31:58.029 | Step 24 | Particle 14 | GLOBAL BEST ACHIEVED!
Global Improvement: 0.0002929687499999556
All moves in this step:
  Move 1: GUIDED_SWAP_TO_PBEST | Indices: (8, 158) | Local Improvement: 0.0
  Move 2: GUIDED_SWAP_TO_PBEST | Indices: (159, 74) | Local Improvement: 0.0
  Move 3: GUIDED_SWAP_TO_PBEST | Indices: (118, 236) | Local Improvement: 0.0
  Move 4: GUIDED_SWAP_TO_PBEST | Indices: (240, 114) | Local Improvement: 0.0
  Move 5: GUIDED_SWAP_TO_GBEST | Indices: (196, 256) | Local Improvement: 0.0
  Move 6: GUIDED_SWAP_TO_GBEST | Indices: (256, 171) | Local Improvement: 0.0
  Move 7: GUIDED_SWAP_TO_PBEST | Indices: (171, 256) | Local Improvement: 0.0
  Move 8: GUIDED_SWAP_TO_PBEST | Indices: (256, 196) | Local Improvement: 0.0
  Move 9: GUIDED_SWAP_TO_GBEST | Indices: (256, 171) | Local Improvement: 0.0
  Move 10: GUIDED_SWAP_TO_GBEST | Indices: (171, 196) | Local Improvement: 0.0
  Move 11: GUIDED_SWAP_TO_PBEST | Indices: (171, 256) | Local Improvement: 0.0
  Move 12: GUIDED_SWAP_TO_PBEST | Indices: (196, 256) | Local Improvement: 0.0
  Move 13: GUIDED_SWAP_TO_GBEST | Indices: (196, 256) | Local Improvement: 0.0
  Move 14: GUIDED_SWAP_TO_GBEST | Indices: (171, 256) | Local Improvement: 0.0
  Move 15: TRIPLE_SWAP | Indices: (60, 44, 137) | Local Improvement: 0.0002929687499999556
=================================================================================
=================================================================================
2026-01-29T08:31:58.058 | Step 24 | Particle 89 | GLOBAL BEST ACHIEVED!
Global Improvement: 0.0005859375000000222
All moves in this step:
  Move 1: TRIPLE_SWAP | Indices: (147, 62, 201) | Local Improvement: 0.0005859375000000222
=================================================================================
=================================================================================
2026-01-29T08:31:58.449 | Step 30 | Particle 80 | GLOBAL BEST ACHIEVED!
Global Improvement: 0.0002929687499999556
All moves in this step:
  Move 1: TRIPLE_SWAP | Indices: (11, 248, 193) | Local Improvement: 0.0002929687499999556
=================================================================================
=================================================================================
2026-01-29T08:31:58.491 | Step 31 | Particle 13 | GLOBAL BEST ACHIEVED!
Global Improvement: 9.76562500000222e-5
All moves in this step:
  Move 1: GUIDED_SWAP_TO_GBEST | Indices: (11, 193) | Local Improvement: 0.0
  Move 2: GUIDED_SWAP_TO_GBEST | Indices: (193, 248) | Local Improvement: 0.0
  Move 3: GUIDED_SWAP_TO_PBEST | Indices: (248, 193) | Local Improvement: 0.0
  Move 4: GUIDED_SWAP_TO_PBEST | Indices: (193, 11) | Local Improvement: 0.0
  Move 5: GUIDED_SWAP_TO_GBEST | Indices: (193, 248) | Local Improvement: 0.0
  Move 6: GUIDED_SWAP_TO_GBEST | Indices: (248, 11) | Local Improvement: 0.0
  Move 7: GUIDED_SWAP_TO_PBEST | Indices: (193, 11) | Local Improvement: 0.0
  Move 8: GUIDED_SWAP_TO_PBEST | Indices: (248, 11) | Local Improvement: 0.0
  Move 9: GUIDED_SWAP_TO_GBEST | Indices: (193, 248) | Local Improvement: 0.0
  Move 10: GUIDED_SWAP_TO_GBEST | Indices: (248, 11) | Local Improvement: 0.0
  Move 11: RANDOM_SWAP | Indices: (10, 9) | Local Improvement: 0.0
=================================================================================
=================================================================================
2026-01-29T08:31:58.496 | Step 31 | Particle 26 | GLOBAL BEST ACHIEVED!
Global Improvement: 0.0001953125000000444
All moves in this step:
  Move 1: GUIDED_SWAP_TO_GBEST | Indices: (248, 11) | Local Improvement: 0.0
  Move 2: GUIDED_SWAP_TO_GBEST | Indices: (193, 11) | Local Improvement: 0.0
  Move 3: GUIDED_SWAP_TO_PBEST | Indices: (11, 248) | Local Improvement: 0.0
  Move 4: GUIDED_SWAP_TO_PBEST | Indices: (248, 193) | Local Improvement: 0.0
  Move 5: GUIDED_SWAP_TO_GBEST | Indices: (193, 248) | Local Improvement: 0.0
  Move 6: GUIDED_SWAP_TO_GBEST | Indices: (11, 248) | Local Improvement: 0.0
  Move 7: TRIPLE_SWAP | Indices: (96, 100, 243) | Local Improvement: 0.0001953125000000444
=================================================================================
=================================================================================
2026-01-29T08:32:02.474 | Step 69 | Particle 64 | GLOBAL BEST ACHIEVED!
Global Improvement: 0.0011653645833332726
All moves in this step:
  Move 1: TRIPLE_SWAP | Indices: (140, 147, 174) | Local Improvement: 0.0011653645833332726
=================================================================================
=================================================================================
2026-01-29T08:32:02.708 | Step 71 | Particle 96 | GLOBAL BEST ACHIEVED!
Global Improvement: 9.76562500000222e-5
All moves in this step:
  Move 1: TRIPLE_SWAP | Indices: (74, 148, 162) | Local Improvement: 9.76562500000222e-5
=================================================================================
=================================================================================
2026-01-29T08:32:02.812 | Step 72 | Particle 94 | GLOBAL BEST ACHIEVED!
Global Improvement: 9.76562500000222e-5
All moves in this step:
  Move 1: GUIDED_SWAP_TO_PBEST | Indices: (37, 73) | Local Improvement: 0.0
  Move 2: GUIDED_SWAP_TO_PBEST | Indices: (51, 42) | Local Improvement: 0.0
  Move 3: GUIDED_SWAP_TO_PBEST | Indices: (151, 74) | Local Improvement: 0.0
  Move 4: GUIDED_SWAP_TO_PBEST | Indices: (18, 134) | Local Improvement: 0.0
  Move 5: GUIDED_SWAP_TO_GBEST | Indices: (74, 162) | Local Improvement: 0.0
  Move 6: GUIDED_SWAP_TO_GBEST | Indices: (162, 148) | Local Improvement: 0.0
  Move 7: GUIDED_SWAP_TO_PBEST | Indices: (74, 148) | Local Improvement: 0.0
  Move 8: GUIDED_SWAP_TO_PBEST | Indices: (148, 162) | Local Improvement: 0.0
  Move 9: GUIDED_SWAP_TO_GBEST | Indices: (74, 162) | Local Improvement: 0.0
  Move 10: GUIDED_SWAP_TO_GBEST | Indices: (148, 162) | Local Improvement: 0.0
  Move 11: GUIDED_SWAP_TO_PBEST | Indices: (74, 148) | Local Improvement: 0.0
  Move 12: GUIDED_SWAP_TO_PBEST | Indices: (162, 148) | Local Improvement: 0.0
  Move 13: GUIDED_SWAP_TO_GBEST | Indices: (148, 74) | Local Improvement: 0.0
  Move 14: GUIDED_SWAP_TO_GBEST | Indices: (162, 74) | Local Improvement: 0.0
  Move 15: TRIPLE_SWAP | Indices: (9, 170, 70) | Local Improvement: 9.76562500000222e-5
=================================================================================
=================================================================================
2026-01-29T08:32:03.095 | Step 75 | Particle 61 | GLOBAL BEST ACHIEVED!
Global Improvement: 9.76562500000222e-5
All moves in this step:
  Move 1: TRIPLE_SWAP | Indices: (39, 6, 46) | Local Improvement: 9.76562500000222e-5
=================================================================================
=================================================================================
2026-01-29T08:32:03.379 | Step 78 | Particle 26 | GLOBAL BEST ACHIEVED!
Global Improvement: 0.001360677083333317
All moves in this step:
  Move 1: TRIPLE_SWAP | Indices: (97, 145, 214) | Local Improvement: 0.001360677083333317
=================================================================================
=================================================================================
2026-01-29T08:32:06.054 | Step 104 | Particle 29 | GLOBAL BEST ACHIEVED!
Global Improvement: 9.76562500000222e-5
All moves in this step:
  Move 1: GUIDED_SWAP_TO_PBEST | Indices: (97, 17) | Local Improvement: 0.0
  Move 2: GUIDED_SWAP_TO_PBEST | Indices: (74, 52) | Local Improvement: 0.0
  Move 3: TRIPLE_SWAP | Indices: (67, 92, 37) | Local Improvement: 9.76562500000222e-5
=================================================================================
=================================================================================
2026-01-29T08:32:17.780 | Step 206 | Particle 66 | GLOBAL BEST ACHIEVED!
Global Improvement: 0.0006770833333332726
All moves in this step:
  Move 1: TRIPLE_SWAP | Indices: (182, 138, 187) | Local Improvement: 0.0006770833333332726
=================================================================================
=================================================================================
2026-01-29T08:32:18.599 | Step 214 | Particle 39 | GLOBAL BEST ACHIEVED!
Global Improvement: 9.76562500000222e-5
All moves in this step:
  Move 1: GUIDED_SWAP_TO_PBEST | Indices: (79, 144) | Local Improvement: 0.0
  Move 2: GUIDED_SWAP_TO_PBEST | Indices: (17, 129) | Local Improvement: 0.0
  Move 3: TRIPLE_SWAP | Indices: (231, 42, 74) | Local Improvement: 9.76562500000222e-5
=================================================================================
=================================================================================
2026-01-29T08:32:18.713 | Step 215 | Particle 52 | GLOBAL BEST ACHIEVED!
Global Improvement: 9.76562500000222e-5
All moves in this step:
  Move 1: GUIDED_SWAP_TO_GBEST | Indices: (74, 42) | Local Improvement: 0.0
  Move 2: GUIDED_SWAP_TO_GBEST | Indices: (231, 42) | Local Improvement: 0.0
  Move 3: GUIDED_SWAP_TO_PBEST | Indices: (42, 74) | Local Improvement: 0.0
  Move 4: GUIDED_SWAP_TO_PBEST | Indices: (231, 74) | Local Improvement: 0.0
  Move 5: GUIDED_SWAP_TO_GBEST | Indices: (42, 231) | Local Improvement: 0.0
  Move 6: GUIDED_SWAP_TO_GBEST | Indices: (231, 74) | Local Improvement: 0.0
  Move 7: GUIDED_SWAP_TO_PBEST | Indices: (74, 231) | Local Improvement: 0.0
  Move 8: GUIDED_SWAP_TO_PBEST | Indices: (42, 231) | Local Improvement: 0.0
  Move 9: GUIDED_SWAP_TO_GBEST | Indices: (231, 74) | Local Improvement: 0.0
  Move 10: GUIDED_SWAP_TO_GBEST | Indices: (74, 42) | Local Improvement: 0.0
  Move 11: TRIPLE_SWAP | Indices: (133, 255, 154) | Local Improvement: 9.76562500000222e-5
=================================================================================
=================================================================================
2026-01-29T08:32:19.542 | Step 223 | Particle 85 | GLOBAL BEST ACHIEVED!
Global Improvement: 0.0002929687499999556
All moves in this step:
  Move 1: TRIPLE_SWAP | Indices: (88, 196, 206) | Local Improvement: 0.0002929687499999556
=================================================================================
=================================================================================
2026-01-29T08:32:19.608 | Step 224 | Particle 8 | GLOBAL BEST ACHIEVED!
Global Improvement: 0.0002929687500000666
All moves in this step:
  Move 1: GUIDED_SWAP_TO_PBEST | Indices: (203, 188) | Local Improvement: 0.0
  Move 2: GUIDED_SWAP_TO_PBEST | Indices: (120, 238) | Local Improvement: 0.0
  Move 3: GUIDED_SWAP_TO_PBEST | Indices: (240, 129) | Local Improvement: 0.0
  Move 4: GUIDED_SWAP_TO_GBEST | Indices: (206, 196) | Local Improvement: 0.0
  Move 5: GUIDED_SWAP_TO_GBEST | Indices: (88, 196) | Local Improvement: 0.0
  Move 6: GUIDED_SWAP_TO_PBEST | Indices: (206, 88) | Local Improvement: 0.0
  Move 7: GUIDED_SWAP_TO_PBEST | Indices: (88, 196) | Local Improvement: 0.0
  Move 8: GUIDED_SWAP_TO_GBEST | Indices: (88, 206) | Local Improvement: 0.0
  Move 9: GUIDED_SWAP_TO_GBEST | Indices: (196, 206) | Local Improvement: 0.0
  Move 10: GUIDED_SWAP_TO_PBEST | Indices: (196, 206) | Local Improvement: 0.0
  Move 11: GUIDED_SWAP_TO_PBEST | Indices: (206, 88) | Local Improvement: 0.0
  Move 12: GUIDED_SWAP_TO_GBEST | Indices: (196, 88) | Local Improvement: 0.0
  Move 13: GUIDED_SWAP_TO_GBEST | Indices: (206, 88) | Local Improvement: 0.0
  Move 14: TRIPLE_SWAP | Indices: (17, 120, 74) | Local Improvement: 0.0002929687500000666
=================================================================================
=================================================================================
2026-01-29T08:32:20.109 | Step 229 | Particle 52 | GLOBAL BEST ACHIEVED!
Global Improvement: 0.001360677083333317
All moves in this step:
  Move 1: GUIDED_SWAP_TO_PBEST | Indices: (154, 125) | Local Improvement: 0.0
  Move 2: RANDOM_SWAP | Indices: (227, 170) | Local Improvement: 0.0
=================================================================================
=================================================================================
2026-01-29T08:32:20.205 | Step 230 | Particle 61 | GLOBAL BEST ACHIEVED!
Global Improvement: 0.0006646825396825484
All moves in this step:
  Move 1: GUIDED_SWAP_TO_GBEST | Indices: (170, 227) | Local Improvement: 0.0
  Move 2: GUIDED_SWAP_TO_PBEST | Indices: (170, 227) | Local Improvement: 0.0
  Move 3: GUIDED_SWAP_TO_GBEST | Indices: (170, 227) | Local Improvement: 0.0
  Move 4: GUIDED_SWAP_TO_PBEST | Indices: (170, 227) | Local Improvement: 0.0
  Move 5: GUIDED_SWAP_TO_GBEST | Indices: (170, 227) | Local Improvement: 0.0
  Move 6: TRIPLE_SWAP | Indices: (48, 194, 116) | Local Improvement: 0.0006646825396825484
=================================================================================
=================================================================================
2026-01-29T08:32:21.325 | Step 243 | Particle 16 | GLOBAL BEST ACHIEVED!
Global Improvement: 9.76562500000222e-5
All moves in this step:
  Move 1: TRIPLE_SWAP | Indices: (42, 108, 66) | Local Improvement: 9.76562500000222e-5
=================================================================================
=================================================================================
2026-01-29T08:32:22.019 | Step 250 | Particle 83 | GLOBAL BEST ACHIEVED!
Global Improvement: 0.0005983382936507464
All moves in this step:
  Move 1: TRIPLE_SWAP | Indices: (203, 148, 92) | Local Improvement: 0.0005983382936507464
=================================================================================
=================================================================================
2026-01-29T08:32:22.215 | Step 252 | Particle 98 | GLOBAL BEST ACHIEVED!
Global Improvement: 0.0001953125000000444
All moves in this step:
  Move 1: TRIPLE_SWAP | Indices: (221, 251, 114) | Local Improvement: 0.0001953125000000444
=================================================================================
