# Global Best Swaps Only - COMPOSITE FITNESS MODE WITH EARLY STOPPING
# Started on: 2026-01-28T18:51:10.229
# Format: Timestamp | Step | Particle | Operation | Indices | Local | Global | Status
# Note: Each global best S-box is saved in debug_sboxes/ directory
# Using composite fitness function with NL, SAC, DDT, and Entropy
# Early stopping enabled based on NL threshold

=================================================================================
2026-01-28T18:51:10.505 | Step 1 | Particle 2 | GLOBAL BEST ACHIEVED!
Global Improvement: 0.007102864583333202
All moves in this step:
  Move 1: TRIPLE_SWAP | Indices: (126, 20, 155) | Local Improvement: 0.007102864583333202
=================================================================================
=================================================================================
2026-01-28T18:51:10.557 | Step 1 | Particle 5 | GLOBAL BEST ACHIEVED!
Global Improvement: 0.0073893229166666075
All moves in this step:
  Move 1: TRIPLE_SWAP | Indices: (175, 206, 241) | Local Improvement: 0.0073893229166666075
=================================================================================
=================================================================================
2026-01-28T18:51:10.564 | Step 1 | Particle 13 | GLOBAL BEST ACHIEVED!
Global Improvement: 0.008652343749999902
All moves in this step:
  Move 1: TRIPLE_SWAP | Indices: (50, 59, 55) | Local Improvement: 0.006028645833333179
  Move 2: RANDOM_SWAP | Indices: (43, 173) | Local Improvement: 0.0
  Move 3: RANDOM_SWAP | Indices: (210, 200) | Local Improvement: 0.0
  Move 4: RANDOM_SWAP | Indices: (221, 61) | Local Improvement: 0.0
  Move 5: RANDOM_SWAP | Indices: (231, 2) | Local Improvement: 0.0
=================================================================================
=================================================================================
2026-01-28T18:51:10.596 | Step 1 | Particle 21 | GLOBAL BEST ACHIEVED!
Global Improvement: 0.009433593749999858
All moves in this step:
  Move 1: TRIPLE_SWAP | Indices: (51, 71, 214) | Local Improvement: 0.009433593749999858
=================================================================================
=================================================================================
2026-01-28T18:51:10.598 | Step 1 | Particle 23 | GLOBAL BEST ACHIEVED!
Global Improvement: 0.013229166666666625
All moves in this step:
  Move 1: TRIPLE_SWAP | Indices: (46, 221, 162) | Local Improvement: 0.007486979166666519
  Move 2: RANDOM_SWAP | Indices: (170, 11) | Local Improvement: 0.0
  Move 3: RANDOM_SWAP | Indices: (103, 20) | Local Improvement: 0.0
  Move 4: RANDOM_SWAP | Indices: (120, 236) | Local Improvement: 0.0
=================================================================================
=================================================================================
2026-01-28T18:51:10.645 | Step 1 | Particle 77 | GLOBAL BEST ACHIEVED!
Global Improvement: 0.013815104166666536
All moves in this step:
  Move 1: TRIPLE_SWAP | Indices: (154, 96, 78) | Local Improvement: 0.006419270833333268
  Move 2: RANDOM_SWAP | Indices: (46, 81) | Local Improvement: 0.0
  Move 3: RANDOM_SWAP | Indices: (101, 89) | Local Improvement: 0.0
  Move 4: RANDOM_SWAP | Indices: (20, 250) | Local Improvement: 0.0
=================================================================================
=================================================================================
2026-01-28T18:51:10.772 | Step 2 | Particle 5 | GLOBAL BEST ACHIEVED!
Global Improvement: 0.006028645833333401
All moves in this step:
  Move 1: GUIDED_SWAP_TO_GBEST | Indices: (89, 101) | Local Improvement: 0.0
  Move 2: GUIDED_SWAP_TO_GBEST | Indices: (206, 241) | Local Improvement: 0.0
  Move 3: GUIDED_SWAP_TO_GBEST | Indices: (250, 20) | Local Improvement: 0.0
  Move 4: GUIDED_SWAP_TO_GBEST | Indices: (175, 241) | Local Improvement: 0.0
  Move 5: GUIDED_SWAP_TO_GBEST | Indices: (154, 78) | Local Improvement: 0.0
  Move 6: GUIDED_SWAP_TO_PBEST | Indices: (78, 154) | Local Improvement: 0.0
  Move 7: GUIDED_SWAP_TO_PBEST | Indices: (206, 175) | Local Improvement: 0.0
  Move 8: GUIDED_SWAP_TO_PBEST | Indices: (101, 89) | Local Improvement: 0.0
  Move 9: GUIDED_SWAP_TO_PBEST | Indices: (241, 175) | Local Improvement: 0.0
  Move 10: GUIDED_SWAP_TO_GBEST | Indices: (46, 81) | Local Improvement: 0.0
  Move 11: GUIDED_SWAP_TO_GBEST | Indices: (101, 89) | Local Improvement: 0.0
  Move 12: GUIDED_SWAP_TO_GBEST | Indices: (96, 154) | Local Improvement: 0.0
  Move 13: GUIDED_SWAP_TO_GBEST | Indices: (154, 78) | Local Improvement: 0.0
  Move 14: GUIDED_SWAP_TO_GBEST | Indices: (206, 241) | Local Improvement: 0.0
  Move 15: GUIDED_SWAP_TO_PBEST | Indices: (101, 89) | Local Improvement: 0.0
  Move 16: GUIDED_SWAP_TO_PBEST | Indices: (241, 206) | Local Improvement: 0.0
  Move 17: GUIDED_SWAP_TO_PBEST | Indices: (81, 46) | Local Improvement: 0.0
  Move 18: GUIDED_SWAP_TO_GBEST | Indices: (89, 101) | Local Improvement: 0.0
  Move 19: GUIDED_SWAP_TO_GBEST | Indices: (81, 46) | Local Improvement: 0.0
  Move 20: GUIDED_SWAP_TO_GBEST | Indices: (241, 175) | Local Improvement: 0.0
  Move 21: GUIDED_SWAP_TO_GBEST | Indices: (206, 175) | Local Improvement: 0.0
  Move 22: TRIPLE_SWAP | Indices: (125, 112, 197) | Local Improvement: 0.006028645833333401
=================================================================================
=================================================================================
2026-01-28T18:51:10.774 | Step 2 | Particle 7 | GLOBAL BEST ACHIEVED!
Global Improvement: 0.009836619543650893
All moves in this step:
  Move 1: GUIDED_SWAP_TO_GBEST | Indices: (96, 154) | Local Improvement: 0.0
  Move 2: GUIDED_SWAP_TO_GBEST | Indices: (101, 89) | Local Improvement: 0.0
  Move 3: GUIDED_SWAP_TO_GBEST | Indices: (78, 154) | Local Improvement: 0.0
  Move 4: GUIDED_SWAP_TO_GBEST | Indices: (81, 46) | Local Improvement: 0.0
  Move 5: GUIDED_SWAP_TO_GBEST | Indices: (20, 250) | Local Improvement: 0.0
  Move 6: GUIDED_SWAP_TO_PBEST | Indices: (46, 81) | Local Improvement: 0.0
  Move 7: GUIDED_SWAP_TO_PBEST | Indices: (89, 101) | Local Improvement: 0.0
  Move 8: GUIDED_SWAP_TO_PBEST | Indices: (78, 154) | Local Improvement: 0.0
  Move 9: GUIDED_SWAP_TO_PBEST | Indices: (154, 96) | Local Improvement: 0.0
  Move 10: GUIDED_SWAP_TO_GBEST | Indices: (96, 154) | Local Improvement: 0.0
  Move 11: GUIDED_SWAP_TO_GBEST | Indices: (154, 78) | Local Improvement: 0.0
  Move 12: GUIDED_SWAP_TO_GBEST | Indices: (81, 46) | Local Improvement: 0.0
  Move 13: GUIDED_SWAP_TO_GBEST | Indices: (101, 89) | Local Improvement: 0.0
  Move 14: TRIPLE_SWAP | Indices: (33, 203, 7) | Local Improvement: 0.006126302083333424
  Move 15: RANDOM_SWAP | Indices: (74, 163) | Local Improvement: 0.0
  Move 16: RANDOM_SWAP | Indices: (165, 157) | Local Improvement: 0.0
  Move 17: RANDOM_SWAP | Indices: (242, 48) | Local Improvement: 0.0
  Move 18: RANDOM_SWAP | Indices: (150, 51) | Local Improvement: 0.0
  Move 19: RANDOM_SWAP | Indices: (80, 41) | Local Improvement: 0.0
=================================================================================
=================================================================================
2026-01-28T18:51:10.829 | Step 2 | Particle 71 | GLOBAL BEST ACHIEVED!
Global Improvement: 0.01265562996031755
All moves in this step:
  Move 1: GUIDED_SWAP_TO_GBEST | Indices: (242, 67) | Local Improvement: 0.0
  Move 2: GUIDED_SWAP_TO_GBEST | Indices: (96, 154) | Local Improvement: 0.0
  Move 3: GUIDED_SWAP_TO_GBEST | Indices: (101, 89) | Local Improvement: 0.0
  Move 4: GUIDED_SWAP_TO_GBEST | Indices: (154, 78) | Local Improvement: 0.0
  Move 5: GUIDED_SWAP_TO_GBEST | Indices: (20, 250) | Local Improvement: 0.0
  Move 6: GUIDED_SWAP_TO_PBEST | Indices: (242, 67) | Local Improvement: 0.0
  Move 7: GUIDED_SWAP_TO_PBEST | Indices: (101, 89) | Local Improvement: 0.0
  Move 8: GUIDED_SWAP_TO_PBEST | Indices: (96, 78) | Local Improvement: 0.0
  Move 9: GUIDED_SWAP_TO_PBEST | Indices: (20, 250) | Local Improvement: 0.0
  Move 10: GUIDED_SWAP_TO_GBEST | Indices: (67, 197) | Local Improvement: 0.0
  Move 11: GUIDED_SWAP_TO_GBEST | Indices: (250, 20) | Local Improvement: 0.0
  Move 12: GUIDED_SWAP_TO_GBEST | Indices: (46, 81) | Local Improvement: 0.0
  Move 13: GUIDED_SWAP_TO_GBEST | Indices: (89, 101) | Local Improvement: 0.0
  Move 14: GUIDED_SWAP_TO_GBEST | Indices: (96, 78) | Local Improvement: 0.0
  Move 15: TRIPLE_SWAP | Indices: (23, 238, 22) | Local Improvement: 0.008182973710317398
  Move 16: RANDOM_SWAP | Indices: (105, 2) | Local Improvement: 0.0
  Move 17: RANDOM_SWAP | Indices: (215, 248) | Local Improvement: 0.0
  Move 18: RANDOM_SWAP | Indices: (168, 222) | Local Improvement: 0.0
=================================================================================
=================================================================================
2026-01-28T18:51:11.329 | Step 3 | Particle 4 | GLOBAL BEST ACHIEVED!
Global Improvement: 0.0020253596230158655
All moves in this step:
  Move 1: GUIDED_SWAP_TO_GBEST | Indices: (81, 46) | Local Improvement: 0.0
  Move 2: GUIDED_SWAP_TO_GBEST | Indices: (2, 105) | Local Improvement: 0.0
  Move 3: GUIDED_SWAP_TO_GBEST | Indices: (20, 250) | Local Improvement: 0.0
  Move 4: GUIDED_SWAP_TO_GBEST | Indices: (238, 23) | Local Improvement: 0.0
  Move 5: GUIDED_SWAP_TO_GBEST | Indices: (242, 197) | Local Improvement: 0.0
  Move 6: GUIDED_SWAP_TO_PBEST | Indices: (105, 2) | Local Improvement: 0.0
  Move 7: GUIDED_SWAP_TO_PBEST | Indices: (250, 20) | Local Improvement: 0.0
  Move 8: GUIDED_SWAP_TO_PBEST | Indices: (46, 81) | Local Improvement: 0.0
  Move 9: GUIDED_SWAP_TO_GBEST | Indices: (40, 213) | Local Improvement: 0.0
  Move 10: GUIDED_SWAP_TO_GBEST | Indices: (222, 168) | Local Improvement: 0.0
  Move 11: GUIDED_SWAP_TO_GBEST | Indices: (78, 154) | Local Improvement: 0.0
  Move 12: GUIDED_SWAP_TO_GBEST | Indices: (175, 88) | Local Improvement: 0.0
  Move 13: GUIDED_SWAP_TO_PBEST | Indices: (40, 213) | Local Improvement: 0.0
  Move 14: GUIDED_SWAP_TO_PBEST | Indices: (222, 168) | Local Improvement: 0.0
  Move 15: GUIDED_SWAP_TO_PBEST | Indices: (154, 78) | Local Improvement: 0.0
  Move 16: GUIDED_SWAP_TO_PBEST | Indices: (197, 242) | Local Improvement: 0.0
  Move 17: GUIDED_SWAP_TO_GBEST | Indices: (190, 40) | Local Improvement: 0.0
  Move 18: GUIDED_SWAP_TO_GBEST | Indices: (22, 23) | Local Improvement: 0.0
  Move 19: GUIDED_SWAP_TO_GBEST | Indices: (248, 215) | Local Improvement: 0.0
  Move 20: GUIDED_SWAP_TO_GBEST | Indices: (2, 105) | Local Improvement: 0.0
  Move 21: GUIDED_SWAP_TO_GBEST | Indices: (20, 250) | Local Improvement: 0.0
  Move 22: TRIPLE_SWAP | Indices: (64, 206, 78) | Local Improvement: 0.007096354166666652
=================================================================================
=================================================================================
2026-01-28T18:51:11.331 | Step 3 | Particle 6 | GLOBAL BEST ACHIEVED!
Global Improvement: 0.002721354166666634
All moves in this step:
  Move 1: GUIDED_SWAP_TO_GBEST | Indices: (215, 248) | Local Improvement: 0.0
  Move 2: GUIDED_SWAP_TO_GBEST | Indices: (2, 105) | Local Improvement: 0.0
  Move 3: GUIDED_SWAP_TO_GBEST | Indices: (197, 242) | Local Improvement: 0.0
  Move 4: GUIDED_SWAP_TO_GBEST | Indices: (222, 168) | Local Improvement: 0.0
  Move 5: GUIDED_SWAP_TO_PBEST | Indices: (215, 248) | Local Improvement: 0.0
  Move 6: GUIDED_SWAP_TO_PBEST | Indices: (197, 242) | Local Improvement: 0.0
  Move 7: GUIDED_SWAP_TO_PBEST | Indices: (222, 168) | Local Improvement: 0.0
  Move 8: GUIDED_SWAP_TO_GBEST | Indices: (197, 242) | Local Improvement: 0.0
  Move 9: GUIDED_SWAP_TO_GBEST | Indices: (23, 22) | Local Improvement: 0.0
  Move 10: GUIDED_SWAP_TO_GBEST | Indices: (22, 238) | Local Improvement: 0.0
  Move 11: GUIDED_SWAP_TO_GBEST | Indices: (222, 168) | Local Improvement: 0.0
  Move 12: GUIDED_SWAP_TO_PBEST | Indices: (242, 197) | Local Improvement: 0.0
  Move 13: GUIDED_SWAP_TO_PBEST | Indices: (238, 22) | Local Improvement: 0.0
  Move 14: GUIDED_SWAP_TO_PBEST | Indices: (168, 222) | Local Improvement: 0.0
  Move 15: GUIDED_SWAP_TO_PBEST | Indices: (23, 22) | Local Improvement: 0.0
  Move 16: GUIDED_SWAP_TO_GBEST | Indices: (248, 215) | Local Improvement: 0.0
  Move 17: GUIDED_SWAP_TO_GBEST | Indices: (197, 242) | Local Improvement: 0.0
  Move 18: GUIDED_SWAP_TO_GBEST | Indices: (22, 238) | Local Improvement: 0.0
  Move 19: GUIDED_SWAP_TO_GBEST | Indices: (238, 23) | Local Improvement: 0.0
=================================================================================
=================================================================================
2026-01-28T18:51:11.334 | Step 3 | Particle 9 | GLOBAL BEST ACHIEVED!
Global Improvement: 0.0029166666666666785
All moves in this step:
  Move 1: GUIDED_SWAP_TO_GBEST | Indices: (215, 248) | Local Improvement: 0.0
  Move 2: GUIDED_SWAP_TO_GBEST | Indices: (23, 22) | Local Improvement: 0.0
  Move 3: GUIDED_SWAP_TO_GBEST | Indices: (105, 2) | Local Improvement: 0.0
  Move 4: GUIDED_SWAP_TO_GBEST | Indices: (222, 168) | Local Improvement: 0.0
  Move 5: GUIDED_SWAP_TO_PBEST | Indices: (248, 215) | Local Improvement: 0.0
  Move 6: GUIDED_SWAP_TO_PBEST | Indices: (23, 22) | Local Improvement: 0.0
  Move 7: GUIDED_SWAP_TO_PBEST | Indices: (168, 222) | Local Improvement: 0.0
  Move 8: GUIDED_SWAP_TO_PBEST | Indices: (2, 105) | Local Improvement: 0.0
  Move 9: GUIDED_SWAP_TO_GBEST | Indices: (22, 238) | Local Improvement: 0.0
  Move 10: GUIDED_SWAP_TO_GBEST | Indices: (197, 242) | Local Improvement: 0.0
  Move 11: GUIDED_SWAP_TO_GBEST | Indices: (105, 2) | Local Improvement: 0.0
  Move 12: GUIDED_SWAP_TO_GBEST | Indices: (168, 222) | Local Improvement: 0.0
  Move 13: GUIDED_SWAP_TO_PBEST | Indices: (2, 105) | Local Improvement: 0.0
  Move 14: GUIDED_SWAP_TO_PBEST | Indices: (238, 22) | Local Improvement: 0.0
  Move 15: GUIDED_SWAP_TO_PBEST | Indices: (197, 242) | Local Improvement: 0.0
  Move 16: GUIDED_SWAP_TO_PBEST | Indices: (222, 168) | Local Improvement: 0.0
  Move 17: GUIDED_SWAP_TO_GBEST | Indices: (23, 22) | Local Improvement: 0.0
  Move 18: GUIDED_SWAP_TO_GBEST | Indices: (222, 168) | Local Improvement: 0.0
  Move 19: GUIDED_SWAP_TO_GBEST | Indices: (238, 22) | Local Improvement: 0.0
  Move 20: GUIDED_SWAP_TO_GBEST | Indices: (248, 215) | Local Improvement: 0.0
  Move 21: GUIDED_SWAP_TO_GBEST | Indices: (242, 197) | Local Improvement: 0.0
  Move 22: TRIPLE_SWAP | Indices: (235, 14, 191) | Local Improvement: 0.002721354166666634
=================================================================================
=================================================================================
2026-01-28T18:51:11.337 | Step 3 | Particle 12 | GLOBAL BEST ACHIEVED!
Global Improvement: 0.005930989583333379
All moves in this step:
  Move 1: GUIDED_SWAP_TO_GBEST | Indices: (248, 215) | Local Improvement: 0.0
  Move 2: GUIDED_SWAP_TO_GBEST | Indices: (105, 2) | Local Improvement: 0.0
  Move 3: GUIDED_SWAP_TO_GBEST | Indices: (238, 23) | Local Improvement: 0.0
  Move 4: GUIDED_SWAP_TO_GBEST | Indices: (23, 22) | Local Improvement: 0.0
  Move 5: GUIDED_SWAP_TO_PBEST | Indices: (22, 23) | Local Improvement: 0.0
  Move 6: GUIDED_SWAP_TO_PBEST | Indices: (215, 248) | Local Improvement: 0.0
  Move 7: GUIDED_SWAP_TO_PBEST | Indices: (2, 105) | Local Improvement: 0.0
  Move 8: GUIDED_SWAP_TO_GBEST | Indices: (197, 242) | Local Improvement: 0.0
  Move 9: GUIDED_SWAP_TO_GBEST | Indices: (168, 222) | Local Improvement: 0.0
  Move 10: GUIDED_SWAP_TO_GBEST | Indices: (248, 215) | Local Improvement: 0.0
  Move 11: GUIDED_SWAP_TO_GBEST | Indices: (20, 250) | Local Improvement: 0.0
  Move 12: GUIDED_SWAP_TO_GBEST | Indices: (22, 23) | Local Improvement: 0.0
  Move 13: GUIDED_SWAP_TO_PBEST | Indices: (23, 238) | Local Improvement: 0.0
  Move 14: GUIDED_SWAP_TO_PBEST | Indices: (222, 168) | Local Improvement: 0.0
  Move 15: GUIDED_SWAP_TO_PBEST | Indices: (197, 242) | Local Improvement: 0.0
  Move 16: GUIDED_SWAP_TO_PBEST | Indices: (248, 215) | Local Improvement: 0.0
  Move 17: GUIDED_SWAP_TO_GBEST | Indices: (2, 105) | Local Improvement: 0.0
  Move 18: GUIDED_SWAP_TO_GBEST | Indices: (248, 215) | Local Improvement: 0.0
  Move 19: GUIDED_SWAP_TO_GBEST | Indices: (23, 238) | Local Improvement: 0.0
  Move 20: GUIDED_SWAP_TO_GBEST | Indices: (168, 222) | Local Improvement: 0.0
  Move 21: GUIDED_SWAP_TO_GBEST | Indices: (197, 242) | Local Improvement: 0.0
  Move 22: TRIPLE_SWAP | Indices: (166, 77, 209) | Local Improvement: 0.005930989583333379
=================================================================================
=================================================================================
2026-01-28T18:51:11.374 | Step 3 | Particle 55 | GLOBAL BEST ACHIEVED!
Global Improvement: 0.010110677083333242
All moves in this step:
  Move 1: GUIDED_SWAP_TO_GBEST | Indices: (255, 80) | Local Improvement: 0.0
  Move 2: GUIDED_SWAP_TO_GBEST | Indices: (250, 20) | Local Improvement: 0.0
  Move 3: GUIDED_SWAP_TO_GBEST | Indices: (215, 248) | Local Improvement: 0.0
  Move 4: GUIDED_SWAP_TO_GBEST | Indices: (80, 234) | Local Improvement: 0.0
  Move 5: GUIDED_SWAP_TO_GBEST | Indices: (242, 197) | Local Improvement: 0.0
  Move 6: GUIDED_SWAP_TO_PBEST | Indices: (234, 80) | Local Improvement: 0.0
  Move 7: GUIDED_SWAP_TO_PBEST | Indices: (250, 20) | Local Improvement: 0.0
  Move 8: GUIDED_SWAP_TO_PBEST | Indices: (248, 215) | Local Improvement: 0.0
  Move 9: GUIDED_SWAP_TO_PBEST | Indices: (197, 242) | Local Improvement: 0.0
  Move 10: GUIDED_SWAP_TO_GBEST | Indices: (23, 22) | Local Improvement: 0.0
  Move 11: GUIDED_SWAP_TO_GBEST | Indices: (238, 22) | Local Improvement: 0.0
  Move 12: GUIDED_SWAP_TO_GBEST | Indices: (248, 215) | Local Improvement: 0.0
  Move 13: GUIDED_SWAP_TO_GBEST | Indices: (89, 101) | Local Improvement: 0.0
  Move 14: GUIDED_SWAP_TO_GBEST | Indices: (20, 250) | Local Improvement: 0.0
  Move 15: GUIDED_SWAP_TO_PBEST | Indices: (250, 20) | Local Improvement: 0.0
  Move 16: GUIDED_SWAP_TO_PBEST | Indices: (101, 89) | Local Improvement: 0.0
  Move 17: GUIDED_SWAP_TO_PBEST | Indices: (23, 238) | Local Improvement: 0.0
  Move 18: GUIDED_SWAP_TO_PBEST | Indices: (80, 255) | Local Improvement: 0.0
  Move 19: GUIDED_SWAP_TO_PBEST | Indices: (22, 238) | Local Improvement: 0.0
  Move 20: GUIDED_SWAP_TO_GBEST | Indices: (23, 22) | Local Improvement: 0.0
  Move 21: GUIDED_SWAP_TO_GBEST | Indices: (105, 2) | Local Improvement: 0.0
  Move 22: GUIDED_SWAP_TO_GBEST | Indices: (250, 20) | Local Improvement: 0.0
  Move 23: GUIDED_SWAP_TO_GBEST | Indices: (80, 234) | Local Improvement: 0.0
  Move 24: GUIDED_SWAP_TO_GBEST | Indices: (242, 197) | Local Improvement: 0.0
  Move 25: TRIPLE_SWAP | Indices: (119, 62, 256) | Local Improvement: 0.003600260416666723
  Move 26: RANDOM_SWAP | Indices: (66, 138) | Local Improvement: 0.0
  Move 27: RANDOM_SWAP | Indices: (164, 243) | Local Improvement: 0.0
  Move 28: RANDOM_SWAP | Indices: (221, 24) | Local Improvement: 0.0
  Move 29: RANDOM_SWAP | Indices: (45, 29) | Local Improvement: 0.0
=================================================================================
=================================================================================
2026-01-28T18:51:11.520 | Step 4 | Particle 4 | GLOBAL BEST ACHIEVED!
Global Improvement: 0.00593098958333349
All moves in this step:
  Move 1: GUIDED_SWAP_TO_GBEST | Indices: (154, 64) | Local Improvement: 0.0
  Move 2: GUIDED_SWAP_TO_GBEST | Indices: (66, 138) | Local Improvement: 0.0
  Move 3: GUIDED_SWAP_TO_GBEST | Indices: (101, 89) | Local Improvement: 0.0
  Move 4: GUIDED_SWAP_TO_GBEST | Indices: (46, 81) | Local Improvement: 0.0
  Move 5: GUIDED_SWAP_TO_GBEST | Indices: (78, 64) | Local Improvement: 0.0
  Move 6: GUIDED_SWAP_TO_GBEST | Indices: (234, 255) | Local Improvement: 0.0
  Move 7: GUIDED_SWAP_TO_GBEST | Indices: (242, 197) | Local Improvement: 0.0
  Move 8: GUIDED_SWAP_TO_GBEST | Indices: (29, 45) | Local Improvement: 0.0
  Move 9: GUIDED_SWAP_TO_GBEST | Indices: (22, 238) | Local Improvement: 0.0
  Move 10: GUIDED_SWAP_TO_GBEST | Indices: (221, 24) | Local Improvement: 0.0
  Move 11: GUIDED_SWAP_TO_GBEST | Indices: (206, 64) | Local Improvement: 0.0
  Move 12: GUIDED_SWAP_TO_GBEST | Indices: (119, 256) | Local Improvement: 0.0
  Move 13: GUIDED_SWAP_TO_GBEST | Indices: (256, 62) | Local Improvement: 0.0
  Move 14: GUIDED_SWAP_TO_GBEST | Indices: (243, 164) | Local Improvement: 0.0
  Move 15: TRIPLE_SWAP | Indices: (112, 129, 256) | Local Improvement: 0.004667968749999973
=================================================================================
=================================================================================
2026-01-28T18:51:11.598 | Step 4 | Particle 94 | GLOBAL BEST ACHIEVED!
Global Improvement: 0.008847656250000058
All moves in this step:
  Move 1: GUIDED_SWAP_TO_GBEST | Indices: (196, 19) | Local Improvement: 0.0
  Move 2: GUIDED_SWAP_TO_GBEST | Indices: (255, 234) | Local Improvement: 0.0
  Move 3: GUIDED_SWAP_TO_GBEST | Indices: (221, 24) | Local Improvement: 0.0
  Move 4: GUIDED_SWAP_TO_GBEST | Indices: (238, 22) | Local Improvement: 0.0
  Move 5: GUIDED_SWAP_TO_PBEST | Indices: (196, 19) | Local Improvement: 0.0
  Move 6: GUIDED_SWAP_TO_PBEST | Indices: (234, 255) | Local Improvement: 0.0
  Move 7: GUIDED_SWAP_TO_PBEST | Indices: (24, 221) | Local Improvement: 0.0
  Move 8: GUIDED_SWAP_TO_PBEST | Indices: (238, 22) | Local Improvement: 0.0
  Move 9: GUIDED_SWAP_TO_GBEST | Indices: (119, 256) | Local Improvement: 0.0
  Move 10: GUIDED_SWAP_TO_GBEST | Indices: (196, 19) | Local Improvement: 0.0
  Move 11: GUIDED_SWAP_TO_GBEST | Indices: (66, 138) | Local Improvement: 0.0
  Move 12: GUIDED_SWAP_TO_GBEST | Indices: (89, 101) | Local Improvement: 0.0
  Move 13: GUIDED_SWAP_TO_GBEST | Indices: (22, 238) | Local Improvement: 0.0
  Move 14: GUIDED_SWAP_TO_PBEST | Indices: (22, 238) | Local Improvement: 0.0
  Move 15: GUIDED_SWAP_TO_PBEST | Indices: (101, 89) | Local Improvement: 0.0
  Move 16: GUIDED_SWAP_TO_PBEST | Indices: (19, 196) | Local Improvement: 0.0
  Move 17: GUIDED_SWAP_TO_GBEST | Indices: (196, 19) | Local Improvement: 0.0
  Move 18: GUIDED_SWAP_TO_GBEST | Indices: (168, 222) | Local Improvement: 0.0
  Move 19: GUIDED_SWAP_TO_GBEST | Indices: (255, 234) | Local Improvement: 0.0
  Move 20: GUIDED_SWAP_TO_GBEST | Indices: (22, 238) | Local Improvement: 0.0
  Move 21: GUIDED_SWAP_TO_GBEST | Indices: (62, 256) | Local Improvement: 0.0
  Move 22: TRIPLE_SWAP | Indices: (176, 45, 37) | Local Improvement: 0.005735677083333224
=================================================================================
=================================================================================
2026-01-28T18:51:11.685 | Step 5 | Particle 4 | GLOBAL BEST ACHIEVED!
Global Improvement: 0.0024283854166666785
All moves in this step:
  Move 1: GUIDED_SWAP_TO_GBEST | Indices: (213, 40) | Local Improvement: 0.0
  Move 2: GUIDED_SWAP_TO_GBEST | Indices: (243, 164) | Local Improvement: 0.0
  Move 3: GUIDED_SWAP_TO_GBEST | Indices: (140, 19) | Local Improvement: 0.0
  Move 4: GUIDED_SWAP_TO_PBEST | Indices: (164, 243) | Local Improvement: 0.0
  Move 5: GUIDED_SWAP_TO_PBEST | Indices: (19, 140) | Local Improvement: 0.0
  Move 6: GUIDED_SWAP_TO_PBEST | Indices: (213, 40) | Local Improvement: 0.0
  Move 7: GUIDED_SWAP_TO_GBEST | Indices: (89, 101) | Local Improvement: 0.0
  Move 8: GUIDED_SWAP_TO_GBEST | Indices: (243, 164) | Local Improvement: 0.0
  Move 9: GUIDED_SWAP_TO_GBEST | Indices: (19, 140) | Local Improvement: 0.0
  Move 10: GUIDED_SWAP_TO_GBEST | Indices: (24, 221) | Local Improvement: 0.0
  Move 11: GUIDED_SWAP_TO_GBEST | Indices: (213, 40) | Local Improvement: 0.0
  Move 12: GUIDED_SWAP_TO_GBEST | Indices: (112, 129) | Local Improvement: 0.0
  Move 13: GUIDED_SWAP_TO_GBEST | Indices: (176, 37) | Local Improvement: 0.0
  Move 14: GUIDED_SWAP_TO_GBEST | Indices: (45, 37) | Local Improvement: 0.0
  Move 15: TRIPLE_SWAP | Indices: (161, 19, 26) | Local Improvement: 0.0025260416666667007
=================================================================================
=================================================================================
2026-01-28T18:51:11.708 | Step 5 | Particle 30 | GLOBAL BEST ACHIEVED!
Global Improvement: 0.003111979166666723
All moves in this step:
  Move 1: GUIDED_SWAP_TO_GBEST | Indices: (29, 45) | Local Improvement: 0.0
  Move 2: GUIDED_SWAP_TO_GBEST | Indices: (119, 256) | Local Improvement: 0.0
  Move 3: GUIDED_SWAP_TO_GBEST | Indices: (176, 37) | Local Improvement: 0.0
  Move 4: GUIDED_SWAP_TO_GBEST | Indices: (45, 37) | Local Improvement: 0.0
  Move 5: GUIDED_SWAP_TO_GBEST | Indices: (48, 37) | Local Improvement: 0.0
  Move 6: GUIDED_SWAP_TO_PBEST | Indices: (256, 119) | Local Improvement: 0.0
  Move 7: GUIDED_SWAP_TO_PBEST | Indices: (37, 176) | Local Improvement: 0.0
  Move 8: GUIDED_SWAP_TO_PBEST | Indices: (176, 45) | Local Improvement: 0.0
  Move 9: GUIDED_SWAP_TO_PBEST | Indices: (48, 45) | Local Improvement: 0.0
  Move 10: GUIDED_SWAP_TO_GBEST | Indices: (48, 45) | Local Improvement: 0.0
  Move 11: GUIDED_SWAP_TO_GBEST | Indices: (119, 256) | Local Improvement: 0.0
  Move 12: GUIDED_SWAP_TO_GBEST | Indices: (256, 62) | Local Improvement: 0.0
  Move 13: GUIDED_SWAP_TO_GBEST | Indices: (238, 22) | Local Improvement: 0.0
  Move 14: GUIDED_SWAP_TO_GBEST | Indices: (138, 66) | Local Improvement: 0.0
  Move 15: GUIDED_SWAP_TO_GBEST | Indices: (37, 51) | Local Improvement: 0.0
  Move 16: GUIDED_SWAP_TO_GBEST | Indices: (51, 45) | Local Improvement: 0.0
  Move 17: GUIDED_SWAP_TO_GBEST | Indices: (176, 45) | Local Improvement: 0.0
  Move 18: GUIDED_SWAP_TO_GBEST | Indices: (19, 140) | Local Improvement: 0.0
  Move 19: GUIDED_SWAP_TO_GBEST | Indices: (243, 164) | Local Improvement: 0.0
  Move 20: TRIPLE_SWAP | Indices: (146, 226, 182) | Local Improvement: 0.003111979166666723
=================================================================================
=================================================================================
2026-01-28T18:51:12.534 | Step 6 | Particle 4 | GLOBAL BEST ACHIEVED!
Global Improvement: 0.0011653645833332726
All moves in this step:
  Move 1: GUIDED_SWAP_TO_GBEST | Indices: (26, 161) | Local Improvement: 0.0
  Move 2: GUIDED_SWAP_TO_GBEST | Indices: (256, 129) | Local Improvement: 0.0
  Move 3: GUIDED_SWAP_TO_GBEST | Indices: (37, 29) | Local Improvement: 0.0
  Move 4: GUIDED_SWAP_TO_GBEST | Indices: (226, 146) | Local Improvement: 0.0
  Move 5: GUIDED_SWAP_TO_PBEST | Indices: (129, 256) | Local Improvement: 0.0
  Move 6: GUIDED_SWAP_TO_PBEST | Indices: (226, 146) | Local Improvement: 0.0
  Move 7: GUIDED_SWAP_TO_PBEST | Indices: (161, 26) | Local Improvement: 0.0
  Move 8: GUIDED_SWAP_TO_GBEST | Indices: (226, 146) | Local Improvement: 0.0
  Move 9: GUIDED_SWAP_TO_GBEST | Indices: (182, 146) | Local Improvement: 0.0
  Move 10: GUIDED_SWAP_TO_GBEST | Indices: (256, 129) | Local Improvement: 0.0
  Move 11: GUIDED_SWAP_TO_PBEST | Indices: (256, 129) | Local Improvement: 0.0
  Move 12: GUIDED_SWAP_TO_PBEST | Indices: (37, 29) | Local Improvement: 0.0
  Move 13: GUIDED_SWAP_TO_PBEST | Indices: (146, 226) | Local Improvement: 0.0
  Move 14: GUIDED_SWAP_TO_GBEST | Indices: (29, 37) | Local Improvement: 0.0
  Move 15: GUIDED_SWAP_TO_GBEST | Indices: (19, 26) | Local Improvement: 0.0
  Move 16: GUIDED_SWAP_TO_GBEST | Indices: (146, 226) | Local Improvement: 0.0
  Move 17: GUIDED_SWAP_TO_GBEST | Indices: (26, 161) | Local Improvement: 0.0
=================================================================================
=================================================================================
2026-01-28T18:51:12.541 | Step 6 | Particle 10 | GLOBAL BEST ACHIEVED!
Global Improvement: 0.0042773437499999956
All moves in this step:
  Move 1: GUIDED_SWAP_TO_GBEST | Indices: (24, 221) | Local Improvement: 0.0
  Move 2: GUIDED_SWAP_TO_GBEST | Indices: (37, 176) | Local Improvement: 0.0
  Move 3: GUIDED_SWAP_TO_GBEST | Indices: (248, 215) | Local Improvement: 0.0
  Move 4: GUIDED_SWAP_TO_GBEST | Indices: (242, 197) | Local Improvement: 0.0
  Move 5: GUIDED_SWAP_TO_GBEST | Indices: (62, 256) | Local Improvement: 0.0
  Move 6: GUIDED_SWAP_TO_PBEST | Indices: (62, 256) | Local Improvement: 0.0
  Move 7: GUIDED_SWAP_TO_PBEST | Indices: (37, 176) | Local Improvement: 0.0
  Move 8: GUIDED_SWAP_TO_PBEST | Indices: (24, 221) | Local Improvement: 0.0
  Move 9: GUIDED_SWAP_TO_PBEST | Indices: (248, 215) | Local Improvement: 0.0
  Move 10: GUIDED_SWAP_TO_GBEST | Indices: (114, 235) | Local Improvement: 0.0
  Move 11: GUIDED_SWAP_TO_GBEST | Indices: (146, 182) | Local Improvement: 0.0
  Move 12: GUIDED_SWAP_TO_GBEST | Indices: (64, 238) | Local Improvement: 0.0
  Move 13: GUIDED_SWAP_TO_GBEST | Indices: (37, 176) | Local Improvement: 0.0
  Move 14: GUIDED_SWAP_TO_GBEST | Indices: (182, 226) | Local Improvement: 0.0
  Move 15: GUIDED_SWAP_TO_PBEST | Indices: (64, 238) | Local Improvement: 0.0
  Move 16: GUIDED_SWAP_TO_PBEST | Indices: (242, 197) | Local Improvement: 0.0
  Move 17: GUIDED_SWAP_TO_PBEST | Indices: (235, 114) | Local Improvement: 0.0
  Move 18: GUIDED_SWAP_TO_PBEST | Indices: (176, 37) | Local Improvement: 0.0
  Move 19: GUIDED_SWAP_TO_PBEST | Indices: (182, 146) | Local Improvement: 0.0
  Move 20: GUIDED_SWAP_TO_GBEST | Indices: (210, 134) | Local Improvement: 0.0
  Move 21: GUIDED_SWAP_TO_GBEST | Indices: (197, 242) | Local Improvement: 0.0
  Move 22: GUIDED_SWAP_TO_GBEST | Indices: (248, 215) | Local Improvement: 0.0
  Move 23: GUIDED_SWAP_TO_GBEST | Indices: (72, 79) | Local Improvement: 0.0
  Move 24: TRIPLE_SWAP | Indices: (112, 106, 14) | Local Improvement: 0.005168650793650809
=================================================================================
=================================================================================
2026-01-28T18:51:12.615 | Step 6 | Particle 72 | GLOBAL BEST ACHIEVED!
Global Improvement: 0.005039682539682566
All moves in this step:
  Move 1: GUIDED_SWAP_TO_GBEST | Indices: (140, 19) | Local Improvement: 0.0
  Move 2: GUIDED_SWAP_TO_GBEST | Indices: (85, 241) | Local Improvement: 0.0
  Move 3: GUIDED_SWAP_TO_GBEST | Indices: (236, 72) | Local Improvement: 0.0
  Move 4: GUIDED_SWAP_TO_GBEST | Indices: (222, 168) | Local Improvement: 0.0
  Move 5: GUIDED_SWAP_TO_GBEST | Indices: (226, 51) | Local Improvement: 0.0
  Move 6: GUIDED_SWAP_TO_PBEST | Indices: (140, 19) | Local Improvement: 0.0
  Move 7: GUIDED_SWAP_TO_PBEST | Indices: (168, 222) | Local Improvement: 0.0
  Move 8: GUIDED_SWAP_TO_PBEST | Indices: (72, 236) | Local Improvement: 0.0
  Move 9: GUIDED_SWAP_TO_PBEST | Indices: (241, 85) | Local Improvement: 0.0
  Move 10: GUIDED_SWAP_TO_GBEST | Indices: (62, 256) | Local Improvement: 0.0
  Move 11: GUIDED_SWAP_TO_GBEST | Indices: (234, 255) | Local Improvement: 0.0
  Move 12: GUIDED_SWAP_TO_GBEST | Indices: (182, 51) | Local Improvement: 0.0
  Move 13: GUIDED_SWAP_TO_GBEST | Indices: (222, 168) | Local Improvement: 0.0
  Move 14: GUIDED_SWAP_TO_GBEST | Indices: (45, 37) | Local Improvement: 0.0
  Move 15: TRIPLE_SWAP | Indices: (34, 231, 151) | Local Improvement: 0.005058593750000062
=================================================================================
=================================================================================
2026-01-28T18:51:13.330 | Step 8 | Particle 27 | GLOBAL BEST ACHIEVED!
Global Improvement: 0.0017702132936507908
All moves in this step:
  Move 1: GUIDED_SWAP_TO_GBEST | Indices: (184, 43) | Local Improvement: 0.0
  Move 2: GUIDED_SWAP_TO_GBEST | Indices: (85, 241) | Local Improvement: 0.0
  Move 3: GUIDED_SWAP_TO_GBEST | Indices: (93, 133) | Local Improvement: 0.0
  Move 4: GUIDED_SWAP_TO_GBEST | Indices: (34, 151) | Local Improvement: 0.0
  Move 5: GUIDED_SWAP_TO_GBEST | Indices: (29, 176) | Local Improvement: 0.0
  Move 6: GUIDED_SWAP_TO_GBEST | Indices: (193, 43) | Local Improvement: 0.0
  Move 7: GUIDED_SWAP_TO_GBEST | Indices: (236, 26) | Local Improvement: 0.0
  Move 8: GUIDED_SWAP_TO_GBEST | Indices: (212, 244) | Local Improvement: 0.0
  Move 9: GUIDED_SWAP_TO_GBEST | Indices: (256, 131) | Local Improvement: 0.0
  Move 10: GUIDED_SWAP_TO_PBEST | Indices: (34, 151) | Local Improvement: 0.0
  Move 11: GUIDED_SWAP_TO_PBEST | Indices: (93, 133) | Local Improvement: 0.0
  Move 12: GUIDED_SWAP_TO_PBEST | Indices: (212, 244) | Local Improvement: 0.0
  Move 13: GUIDED_SWAP_TO_GBEST | Indices: (22, 238) | Local Improvement: 0.0
  Move 14: GUIDED_SWAP_TO_GBEST | Indices: (51, 146) | Local Improvement: 0.0
  Move 15: GUIDED_SWAP_TO_GBEST | Indices: (133, 93) | Local Improvement: 0.0
  Move 16: GUIDED_SWAP_TO_GBEST | Indices: (231, 34) | Local Improvement: 0.0
  Move 17: GUIDED_SWAP_TO_GBEST | Indices: (34, 151) | Local Improvement: 0.0
  Move 18: TRIPLE_SWAP | Indices: (208, 140, 254) | Local Improvement: 0.0015559895833333615
=================================================================================
=================================================================================
2026-01-28T18:51:14.994 | Step 10 | Particle 65 | GLOBAL BEST ACHIEVED!
Global Improvement: 0.0018424479166667673
All moves in this step:
  Move 1: GUIDED_SWAP_TO_GBEST | Indices: (239, 212) | Local Improvement: 0.0
  Move 2: GUIDED_SWAP_TO_GBEST | Indices: (72, 26) | Local Improvement: 0.0
  Move 3: GUIDED_SWAP_TO_GBEST | Indices: (187, 146) | Local Improvement: 0.0
  Move 4: GUIDED_SWAP_TO_GBEST | Indices: (19, 140) | Local Improvement: 0.0
  Move 5: GUIDED_SWAP_TO_PBEST | Indices: (26, 72) | Local Improvement: 0.0
  Move 6: GUIDED_SWAP_TO_PBEST | Indices: (208, 140) | Local Improvement: 0.0
  Move 7: GUIDED_SWAP_TO_PBEST | Indices: (84, 239) | Local Improvement: 0.0
  Move 8: GUIDED_SWAP_TO_PBEST | Indices: (187, 155) | Local Improvement: 0.0
  Move 9: GUIDED_SWAP_TO_GBEST | Indices: (43, 184) | Local Improvement: 0.0
  Move 10: GUIDED_SWAP_TO_GBEST | Indices: (212, 74) | Local Improvement: 0.0
  Move 11: GUIDED_SWAP_TO_GBEST | Indices: (244, 74) | Local Improvement: 0.0
  Move 12: GUIDED_SWAP_TO_GBEST | Indices: (72, 26) | Local Improvement: 0.0
  Move 13: GUIDED_SWAP_TO_GBEST | Indices: (84, 239) | Local Improvement: 0.0
  Move 14: GUIDED_SWAP_TO_GBEST | Indices: (155, 187) | Local Improvement: 0.0
  Move 15: GUIDED_SWAP_TO_GBEST | Indices: (160, 168) | Local Improvement: 0.0
  Move 16: GUIDED_SWAP_TO_GBEST | Indices: (140, 208) | Local Improvement: 0.0
  Move 17: GUIDED_SWAP_TO_GBEST | Indices: (168, 35) | Local Improvement: 0.0
  Move 18: TRIPLE_SWAP | Indices: (250, 87, 82) | Local Improvement: 0.0018424479166667673
=================================================================================
=================================================================================
2026-01-28T18:51:16.085 | Step 12 | Particle 59 | GLOBAL BEST ACHIEVED!
Global Improvement: 0.0007812500000000666
All moves in this step:
  Move 1: GUIDED_SWAP_TO_PBEST | Indices: (162, 156) | Local Improvement: 0.0
  Move 2: GUIDED_SWAP_TO_PBEST | Indices: (74, 212) | Local Improvement: 0.0
  Move 3: GUIDED_SWAP_TO_PBEST | Indices: (250, 87) | Local Improvement: 0.0
  Move 4: GUIDED_SWAP_TO_PBEST | Indices: (49, 30) | Local Improvement: 0.0
  Move 5: GUIDED_SWAP_TO_PBEST | Indices: (82, 87) | Local Improvement: 0.0
  Move 6: GUIDED_SWAP_TO_PBEST | Indices: (145, 198) | Local Improvement: 0.0
  Move 7: GUIDED_SWAP_TO_PBEST | Indices: (210, 17) | Local Improvement: 0.0
  Move 8: GUIDED_SWAP_TO_PBEST | Indices: (87, 197) | Local Improvement: 0.0
  Move 9: GUIDED_SWAP_TO_GBEST | Indices: (82, 87) | Local Improvement: 0.0
  Move 10: GUIDED_SWAP_TO_GBEST | Indices: (93, 19) | Local Improvement: 0.0
  Move 11: GUIDED_SWAP_TO_GBEST | Indices: (87, 250) | Local Improvement: 0.0
  Move 12: GUIDED_SWAP_TO_GBEST | Indices: (212, 74) | Local Improvement: 0.0
  Move 13: GUIDED_SWAP_TO_PBEST | Indices: (74, 212) | Local Improvement: 0.0
  Move 14: GUIDED_SWAP_TO_PBEST | Indices: (40, 116) | Local Improvement: 0.0
  Move 15: GUIDED_SWAP_TO_PBEST | Indices: (82, 250) | Local Improvement: 0.0
  Move 16: GUIDED_SWAP_TO_PBEST | Indices: (250, 87) | Local Improvement: 0.0
  Move 17: TRIPLE_SWAP | Indices: (69, 111, 82) | Local Improvement: 0.002623697916666834
=================================================================================
=================================================================================
2026-01-28T18:51:16.394 | Step 13 | Particle 41 | GLOBAL BEST ACHIEVED!
Global Improvement: 0.003111979166666612
All moves in this step:
  Move 1: GUIDED_SWAP_TO_PBEST | Indices: (94, 81) | Local Improvement: 0.0
  Move 2: GUIDED_SWAP_TO_PBEST | Indices: (176, 45) | Local Improvement: 0.0
  Move 3: GUIDED_SWAP_TO_PBEST | Indices: (138, 212) | Local Improvement: 0.0
  Move 4: GUIDED_SWAP_TO_GBEST | Indices: (241, 85) | Local Improvement: 0.0
  Move 5: GUIDED_SWAP_TO_GBEST | Indices: (162, 156) | Local Improvement: 0.0
  Move 6: GUIDED_SWAP_TO_GBEST | Indices: (111, 69) | Local Improvement: 0.0
  Move 7: GUIDED_SWAP_TO_GBEST | Indices: (140, 208) | Local Improvement: 0.0
  Move 8: GUIDED_SWAP_TO_PBEST | Indices: (162, 156) | Local Improvement: 0.0
  Move 9: GUIDED_SWAP_TO_PBEST | Indices: (140, 208) | Local Improvement: 0.0
  Move 10: GUIDED_SWAP_TO_PBEST | Indices: (111, 69) | Local Improvement: 0.0
  Move 11: GUIDED_SWAP_TO_GBEST | Indices: (175, 111) | Local Improvement: 0.0
  Move 12: GUIDED_SWAP_TO_GBEST | Indices: (176, 45) | Local Improvement: 0.0
  Move 13: GUIDED_SWAP_TO_GBEST | Indices: (10, 46) | Local Improvement: 0.0
  Move 14: GUIDED_SWAP_TO_GBEST | Indices: (156, 110) | Local Improvement: 0.0
  Move 15: GUIDED_SWAP_TO_PBEST | Indices: (110, 156) | Local Improvement: 0.0
  Move 16: GUIDED_SWAP_TO_PBEST | Indices: (175, 111) | Local Improvement: 0.0
  Move 17: GUIDED_SWAP_TO_PBEST | Indices: (46, 10) | Local Improvement: 0.0
  Move 18: GUIDED_SWAP_TO_GBEST | Indices: (69, 82) | Local Improvement: 0.0
  Move 19: GUIDED_SWAP_TO_GBEST | Indices: (46, 10) | Local Improvement: 0.0
  Move 20: GUIDED_SWAP_TO_GBEST | Indices: (82, 175) | Local Improvement: 0.0
  Move 21: GUIDED_SWAP_TO_GBEST | Indices: (111, 175) | Local Improvement: 0.0
  Move 22: GUIDED_SWAP_TO_GBEST | Indices: (162, 156) | Local Improvement: 0.0
  Move 23: TRIPLE_SWAP | Indices: (45, 211, 83) | Local Improvement: 0.004667968749999973
=================================================================================
=================================================================================
2026-01-28T18:51:16.671 | Step 14 | Particle 41 | GLOBAL BEST ACHIEVED!
Global Improvement: 9.76562500000222e-5
All moves in this step:
  Move 1: TRIPLE_SWAP | Indices: (235, 241, 37) | Local Improvement: 9.76562500000222e-5
=================================================================================
=================================================================================
2026-01-28T18:51:16.704 | Step 14 | Particle 79 | GLOBAL BEST ACHIEVED!
Global Improvement: 0.001360677083333428
All moves in this step:
  Move 1: GUIDED_SWAP_TO_PBEST | Indices: (146, 239) | Local Improvement: 0.0
  Move 2: GUIDED_SWAP_TO_PBEST | Indices: (104, 4) | Local Improvement: 0.0
  Move 3: GUIDED_SWAP_TO_PBEST | Indices: (250, 69) | Local Improvement: 0.0
  Move 4: GUIDED_SWAP_TO_PBEST | Indices: (177, 133) | Local Improvement: 0.0
  Move 5: GUIDED_SWAP_TO_PBEST | Indices: (87, 69) | Local Improvement: 0.0
  Move 6: GUIDED_SWAP_TO_GBEST | Indices: (74, 212) | Local Improvement: 0.0
  Move 7: GUIDED_SWAP_TO_GBEST | Indices: (140, 208) | Local Improvement: 0.0
  Move 8: GUIDED_SWAP_TO_GBEST | Indices: (83, 211) | Local Improvement: 0.0
  Move 9: GUIDED_SWAP_TO_GBEST | Indices: (211, 45) | Local Improvement: 0.0
  Move 10: GUIDED_SWAP_TO_GBEST | Indices: (69, 250) | Local Improvement: 0.0
  Move 11: GUIDED_SWAP_TO_GBEST | Indices: (156, 110) | Local Improvement: 0.0
  Move 12: GUIDED_SWAP_TO_GBEST | Indices: (87, 250) | Local Improvement: 0.0
  Move 13: TRIPLE_SWAP | Indices: (131, 145, 113) | Local Improvement: 0.001360677083333428
=================================================================================
=================================================================================
2026-01-28T18:51:16.922 | Step 15 | Particle 49 | GLOBAL BEST ACHIEVED!
Global Improvement: 0.0001953124999999334
All moves in this step:
  Move 1: GUIDED_SWAP_TO_GBEST | Indices: (231, 34) | Local Improvement: 0.0
  Move 2: GUIDED_SWAP_TO_GBEST | Indices: (113, 145) | Local Improvement: 0.0
  Move 3: GUIDED_SWAP_TO_GBEST | Indices: (93, 215) | Local Improvement: 0.0
  Move 4: GUIDED_SWAP_TO_GBEST | Indices: (97, 107) | Local Improvement: 0.0
  Move 5: GUIDED_SWAP_TO_GBEST | Indices: (155, 187) | Local Improvement: 0.0
  Move 6: GUIDED_SWAP_TO_PBEST | Indices: (113, 145) | Local Improvement: 0.0
  Move 7: GUIDED_SWAP_TO_PBEST | Indices: (97, 107) | Local Improvement: 0.0
  Move 8: GUIDED_SWAP_TO_PBEST | Indices: (215, 93) | Local Improvement: 0.0
  Move 9: GUIDED_SWAP_TO_PBEST | Indices: (155, 187) | Local Improvement: 0.0
  Move 10: GUIDED_SWAP_TO_GBEST | Indices: (107, 97) | Local Improvement: 0.0
  Move 11: GUIDED_SWAP_TO_GBEST | Indices: (215, 93) | Local Improvement: 0.0
  Move 12: GUIDED_SWAP_TO_GBEST | Indices: (137, 20) | Local Improvement: 0.0
  Move 13: GUIDED_SWAP_TO_GBEST | Indices: (187, 155) | Local Improvement: 0.0
  Move 14: GUIDED_SWAP_TO_PBEST | Indices: (137, 20) | Local Improvement: 0.0
  Move 15: GUIDED_SWAP_TO_PBEST | Indices: (97, 107) | Local Improvement: 0.0
  Move 16: GUIDED_SWAP_TO_PBEST | Indices: (155, 187) | Local Improvement: 0.0
  Move 17: GUIDED_SWAP_TO_GBEST | Indices: (107, 97) | Local Improvement: 0.0
  Move 18: GUIDED_SWAP_TO_GBEST | Indices: (113, 145) | Local Improvement: 0.0
  Move 19: GUIDED_SWAP_TO_GBEST | Indices: (187, 155) | Local Improvement: 0.0
  Move 20: GUIDED_SWAP_TO_GBEST | Indices: (20, 137) | Local Improvement: 0.0
  Move 21: GUIDED_SWAP_TO_GBEST | Indices: (45, 83) | Local Improvement: 0.0
=================================================================================
=================================================================================
2026-01-28T18:51:17.138 | Step 16 | Particle 57 | GLOBAL BEST ACHIEVED!
Global Improvement: 9.76562500000222e-5
All moves in this step:
  Move 1: GUIDED_SWAP_TO_GBEST | Indices: (145, 131) | Local Improvement: 0.0
  Move 2: GUIDED_SWAP_TO_GBEST | Indices: (140, 208) | Local Improvement: 0.0
  Move 3: GUIDED_SWAP_TO_GBEST | Indices: (252, 203) | Local Improvement: 0.0
  Move 4: GUIDED_SWAP_TO_GBEST | Indices: (95, 203) | Local Improvement: 0.0
  Move 5: GUIDED_SWAP_TO_PBEST | Indices: (140, 208) | Local Improvement: 0.0
  Move 6: GUIDED_SWAP_TO_PBEST | Indices: (145, 131) | Local Improvement: 0.0
  Move 7: GUIDED_SWAP_TO_PBEST | Indices: (95, 203) | Local Improvement: 0.0
  Move 8: GUIDED_SWAP_TO_GBEST | Indices: (203, 95) | Local Improvement: 0.0
  Move 9: GUIDED_SWAP_TO_GBEST | Indices: (131, 145) | Local Improvement: 0.0
  Move 10: GUIDED_SWAP_TO_GBEST | Indices: (208, 140) | Local Improvement: 0.0
  Move 11: TRIPLE_SWAP | Indices: (220, 252, 240) | Local Improvement: 9.76562500000222e-5
=================================================================================
=================================================================================
2026-01-28T18:51:17.651 | Step 19 | Particle 11 | GLOBAL BEST ACHIEVED!
Global Improvement: 0.0014583333333333393
All moves in this step:
  Move 1: GUIDED_SWAP_TO_PBEST | Indices: (87, 82) | Local Improvement: 0.0
  Move 2: GUIDED_SWAP_TO_PBEST | Indices: (7, 185) | Local Improvement: 0.0
  Move 3: GUIDED_SWAP_TO_PBEST | Indices: (241, 101) | Local Improvement: 0.0
  Move 4: GUIDED_SWAP_TO_GBEST | Indices: (208, 254) | Local Improvement: 0.0
  Move 5: GUIDED_SWAP_TO_GBEST | Indices: (151, 231) | Local Improvement: 0.0
  Move 6: GUIDED_SWAP_TO_GBEST | Indices: (254, 140) | Local Improvement: 0.0
  Move 7: GUIDED_SWAP_TO_GBEST | Indices: (193, 43) | Local Improvement: 0.0
  Move 8: GUIDED_SWAP_TO_GBEST | Indices: (252, 220) | Local Improvement: 0.0
  Move 9: GUIDED_SWAP_TO_GBEST | Indices: (240, 220) | Local Improvement: 0.0
  Move 10: GUIDED_SWAP_TO_GBEST | Indices: (231, 34) | Local Improvement: 0.0
  Move 11: GUIDED_SWAP_TO_GBEST | Indices: (45, 83) | Local Improvement: 0.0
=================================================================================
=================================================================================
2026-01-28T18:51:17.865 | Step 20 | Particle 42 | GLOBAL BEST ACHIEVED!
Global Improvement: 9.76562500000222e-5
All moves in this step:
  Move 1: GUIDED_SWAP_TO_GBEST | Indices: (87, 111) | Local Improvement: 0.0
  Move 2: GUIDED_SWAP_TO_GBEST | Indices: (111, 82) | Local Improvement: 0.0
  Move 3: GUIDED_SWAP_TO_GBEST | Indices: (165, 253) | Local Improvement: 0.0
  Move 4: GUIDED_SWAP_TO_GBEST | Indices: (155, 150) | Local Improvement: 0.0
  Move 5: GUIDED_SWAP_TO_PBEST | Indices: (82, 111) | Local Improvement: 0.0
  Move 6: GUIDED_SWAP_TO_PBEST | Indices: (253, 165) | Local Improvement: 0.0
  Move 7: GUIDED_SWAP_TO_PBEST | Indices: (111, 87) | Local Improvement: 0.0
  Move 8: GUIDED_SWAP_TO_GBEST | Indices: (253, 165) | Local Improvement: 0.0
  Move 9: GUIDED_SWAP_TO_GBEST | Indices: (111, 82) | Local Improvement: 0.0
  Move 10: GUIDED_SWAP_TO_GBEST | Indices: (87, 82) | Local Improvement: 0.0
  Move 11: TRIPLE_SWAP | Indices: (145, 174, 103) | Local Improvement: 9.76562500000222e-5
=================================================================================
=================================================================================
2026-01-28T18:51:18.039 | Step 21 | Particle 52 | GLOBAL BEST ACHIEVED!
Global Improvement: 0.0011653645833331616
All moves in this step:
  Move 1: GUIDED_SWAP_TO_PBEST | Indices: (64, 182) | Local Improvement: 0.0
  Move 2: GUIDED_SWAP_TO_PBEST | Indices: (207, 142) | Local Improvement: 0.0
  Move 3: GUIDED_SWAP_TO_PBEST | Indices: (77, 98) | Local Improvement: 0.0
  Move 4: GUIDED_SWAP_TO_GBEST | Indices: (103, 174) | Local Improvement: 0.0
  Move 5: GUIDED_SWAP_TO_GBEST | Indices: (145, 174) | Local Improvement: 0.0
  Move 6: GUIDED_SWAP_TO_GBEST | Indices: (13, 128) | Local Improvement: 0.0
  Move 7: GUIDED_SWAP_TO_GBEST | Indices: (82, 87) | Local Improvement: 0.0
  Move 8: GUIDED_SWAP_TO_GBEST | Indices: (111, 87) | Local Improvement: 0.0
  Move 9: GUIDED_SWAP_TO_PBEST | Indices: (13, 128) | Local Improvement: 0.0
  Move 10: GUIDED_SWAP_TO_PBEST | Indices: (174, 103) | Local Improvement: 0.0
  Move 11: GUIDED_SWAP_TO_PBEST | Indices: (103, 145) | Local Improvement: 0.0
  Move 12: GUIDED_SWAP_TO_PBEST | Indices: (87, 82) | Local Improvement: 0.0
  Move 13: GUIDED_SWAP_TO_GBEST | Indices: (103, 174) | Local Improvement: 0.0
  Move 14: GUIDED_SWAP_TO_GBEST | Indices: (120, 135) | Local Improvement: 0.0
  Move 15: GUIDED_SWAP_TO_GBEST | Indices: (128, 13) | Local Improvement: 0.0
  Move 16: GUIDED_SWAP_TO_GBEST | Indices: (193, 184) | Local Improvement: 0.0
  Move 17: GUIDED_SWAP_TO_PBEST | Indices: (193, 184) | Local Improvement: 0.0
  Move 18: GUIDED_SWAP_TO_PBEST | Indices: (135, 120) | Local Improvement: 0.0
  Move 19: GUIDED_SWAP_TO_PBEST | Indices: (128, 13) | Local Improvement: 0.0
  Move 20: GUIDED_SWAP_TO_PBEST | Indices: (82, 111) | Local Improvement: 0.0
  Move 21: GUIDED_SWAP_TO_GBEST | Indices: (193, 184) | Local Improvement: 0.0
  Move 22: GUIDED_SWAP_TO_GBEST | Indices: (13, 128) | Local Improvement: 0.0
  Move 23: GUIDED_SWAP_TO_GBEST | Indices: (174, 145) | Local Improvement: 0.0
  Move 24: GUIDED_SWAP_TO_GBEST | Indices: (82, 87) | Local Improvement: 0.0
=================================================================================
=================================================================================
2026-01-28T18:51:18.619 | Step 22 | Particle 83 | GLOBAL BEST ACHIEVED!
Global Improvement: 9.76562500000222e-5
All moves in this step:
  Move 1: GUIDED_SWAP_TO_GBEST | Indices: (174, 145) | Local Improvement: 0.0
  Move 2: GUIDED_SWAP_TO_GBEST | Indices: (103, 145) | Local Improvement: 0.0
  Move 3: GUIDED_SWAP_TO_GBEST | Indices: (82, 87) | Local Improvement: 0.0
  Move 4: GUIDED_SWAP_TO_GBEST | Indices: (120, 135) | Local Improvement: 0.0
  Move 5: GUIDED_SWAP_TO_PBEST | Indices: (103, 145) | Local Improvement: 0.0
  Move 6: GUIDED_SWAP_TO_PBEST | Indices: (87, 82) | Local Improvement: 0.0
  Move 7: GUIDED_SWAP_TO_PBEST | Indices: (174, 145) | Local Improvement: 0.0
  Move 8: GUIDED_SWAP_TO_PBEST | Indices: (135, 120) | Local Improvement: 0.0
  Move 9: GUIDED_SWAP_TO_GBEST | Indices: (135, 120) | Local Improvement: 0.0
  Move 10: GUIDED_SWAP_TO_GBEST | Indices: (87, 82) | Local Improvement: 0.0
  Move 11: GUIDED_SWAP_TO_GBEST | Indices: (174, 145) | Local Improvement: 0.0
  Move 12: GUIDED_SWAP_TO_GBEST | Indices: (103, 145) | Local Improvement: 0.0
  Move 13: TRIPLE_SWAP | Indices: (123, 39, 154) | Local Improvement: 9.76562500000222e-5
=================================================================================
=================================================================================
2026-01-28T18:51:18.748 | Step 23 | Particle 17 | GLOBAL BEST ACHIEVED!
Global Improvement: 0.0014583333333333393
All moves in this step:
  Move 1: GUIDED_SWAP_TO_GBEST | Indices: (123, 154) | Local Improvement: 0.0
  Move 2: GUIDED_SWAP_TO_GBEST | Indices: (39, 154) | Local Improvement: 0.0
  Move 3: GUIDED_SWAP_TO_PBEST | Indices: (154, 123) | Local Improvement: 0.0
  Move 4: GUIDED_SWAP_TO_PBEST | Indices: (123, 39) | Local Improvement: 0.0
  Move 5: GUIDED_SWAP_TO_GBEST | Indices: (154, 39) | Local Improvement: 0.0
  Move 6: GUIDED_SWAP_TO_GBEST | Indices: (39, 123) | Local Improvement: 0.0
  Move 7: TRIPLE_SWAP | Indices: (166, 97, 147) | Local Improvement: 0.0014583333333333393
=================================================================================
=================================================================================
2026-01-28T18:51:19.302 | Step 24 | Particle 49 | GLOBAL BEST ACHIEVED!
Global Improvement: 9.76562500000222e-5
All moves in this step:
  Move 1: GUIDED_SWAP_TO_PBEST | Indices: (176, 170) | Local Improvement: 0.0
  Move 2: GUIDED_SWAP_TO_PBEST | Indices: (167, 169) | Local Improvement: 0.0
  Move 3: GUIDED_SWAP_TO_PBEST | Indices: (18, 205) | Local Improvement: 0.0
  Move 4: GUIDED_SWAP_TO_GBEST | Indices: (97, 166) | Local Improvement: 0.0
  Move 5: GUIDED_SWAP_TO_GBEST | Indices: (166, 147) | Local Improvement: 0.0
  Move 6: GUIDED_SWAP_TO_GBEST | Indices: (199, 128) | Local Improvement: 0.0
  Move 7: GUIDED_SWAP_TO_PBEST | Indices: (97, 147) | Local Improvement: 0.0
  Move 8: GUIDED_SWAP_TO_PBEST | Indices: (147, 166) | Local Improvement: 0.0
  Move 9: GUIDED_SWAP_TO_PBEST | Indices: (154, 123) | Local Improvement: 0.0
  Move 10: GUIDED_SWAP_TO_PBEST | Indices: (123, 39) | Local Improvement: 0.0
  Move 11: GUIDED_SWAP_TO_GBEST | Indices: (97, 166) | Local Improvement: 0.0
  Move 12: GUIDED_SWAP_TO_GBEST | Indices: (123, 154) | Local Improvement: 0.0
  Move 13: GUIDED_SWAP_TO_GBEST | Indices: (147, 166) | Local Improvement: 0.0
  Move 14: GUIDED_SWAP_TO_GBEST | Indices: (39, 154) | Local Improvement: 0.0
  Move 15: TRIPLE_SWAP | Indices: (24, 33, 213) | Local Improvement: 9.76562500000222e-5
=================================================================================
=================================================================================
2026-01-28T18:51:19.477 | Step 25 | Particle 13 | GLOBAL BEST ACHIEVED!
Global Improvement: 9.76562500000222e-5
All moves in this step:
  Move 1: GUIDED_SWAP_TO_PBEST | Indices: (87, 111) | Local Improvement: 0.0
  Move 2: GUIDED_SWAP_TO_PBEST | Indices: (154, 39) | Local Improvement: 0.0
  Move 3: GUIDED_SWAP_TO_PBEST | Indices: (103, 145) | Local Improvement: 0.0
  Move 4: GUIDED_SWAP_TO_PBEST | Indices: (145, 174) | Local Improvement: 0.0
  Move 5: GUIDED_SWAP_TO_GBEST | Indices: (145, 103) | Local Improvement: 0.0
  Move 6: GUIDED_SWAP_TO_GBEST | Indices: (253, 129) | Local Improvement: 0.0
  Move 7: GUIDED_SWAP_TO_GBEST | Indices: (39, 123) | Local Improvement: 0.0
  Move 8: GUIDED_SWAP_TO_GBEST | Indices: (166, 97) | Local Improvement: 0.0
  Move 9: GUIDED_SWAP_TO_GBEST | Indices: (111, 87) | Local Improvement: 0.0
  Move 10: GUIDED_SWAP_TO_PBEST | Indices: (147, 166) | Local Improvement: 0.0
  Move 11: GUIDED_SWAP_TO_PBEST | Indices: (255, 129) | Local Improvement: 0.0
  Move 12: GUIDED_SWAP_TO_PBEST | Indices: (123, 39) | Local Improvement: 0.0
  Move 13: GUIDED_SWAP_TO_PBEST | Indices: (87, 111) | Local Improvement: 0.0
  Move 14: GUIDED_SWAP_TO_PBEST | Indices: (120, 135) | Local Improvement: 0.0
  Move 15: GUIDED_SWAP_TO_GBEST | Indices: (33, 24) | Local Improvement: 0.0
  Move 16: GUIDED_SWAP_TO_GBEST | Indices: (154, 39) | Local Improvement: 0.0
  Move 17: GUIDED_SWAP_TO_GBEST | Indices: (111, 87) | Local Improvement: 0.0
  Move 18: GUIDED_SWAP_TO_GBEST | Indices: (213, 24) | Local Improvement: 0.0
  Move 19: GUIDED_SWAP_TO_GBEST | Indices: (147, 166) | Local Improvement: 0.0
  Move 20: GUIDED_SWAP_TO_GBEST | Indices: (135, 120) | Local Improvement: 0.0
  Move 21: GUIDED_SWAP_TO_GBEST | Indices: (39, 123) | Local Improvement: 0.0
  Move 22: GUIDED_SWAP_TO_GBEST | Indices: (103, 174) | Local Improvement: 0.0
  Move 23: TRIPLE_SWAP | Indices: (221, 22, 219) | Local Improvement: 9.76562500000222e-5
=================================================================================
=================================================================================
2026-01-28T18:51:20.117 | Step 28 | Particle 63 | GLOBAL BEST ACHIEVED!
Global Improvement: 0.0006770833333332726
All moves in this step:
  Move 1: TRIPLE_SWAP | Indices: (222, 224, 236) | Local Improvement: 0.0006770833333332726
=================================================================================
=================================================================================
2026-01-28T18:51:20.263 | Step 29 | Particle 22 | GLOBAL BEST ACHIEVED!
Global Improvement: 0.0002929687500000666
All moves in this step:
  Move 1: GUIDED_SWAP_TO_GBEST | Indices: (222, 236) | Local Improvement: 0.0
  Move 2: GUIDED_SWAP_TO_GBEST | Indices: (224, 236) | Local Improvement: 0.0
  Move 3: GUIDED_SWAP_TO_PBEST | Indices: (222, 224) | Local Improvement: 0.0
  Move 4: GUIDED_SWAP_TO_PBEST | Indices: (224, 236) | Local Improvement: 0.0
  Move 5: GUIDED_SWAP_TO_GBEST | Indices: (236, 224) | Local Improvement: 0.0
  Move 6: GUIDED_SWAP_TO_GBEST | Indices: (224, 222) | Local Improvement: 0.0
  Move 7: RANDOM_SWAP | Indices: (78, 82) | Local Improvement: 0.0
=================================================================================
=================================================================================
2026-01-28T18:51:20.276 | Step 29 | Particle 37 | GLOBAL BEST ACHIEVED!
Global Improvement: 0.00048828125
All moves in this step:
  Move 1: GUIDED_SWAP_TO_GBEST | Indices: (222, 236) | Local Improvement: 0.0
  Move 2: GUIDED_SWAP_TO_GBEST | Indices: (224, 236) | Local Improvement: 0.0
  Move 3: GUIDED_SWAP_TO_PBEST | Indices: (236, 222) | Local Improvement: 0.0
  Move 4: GUIDED_SWAP_TO_PBEST | Indices: (222, 224) | Local Improvement: 0.0
  Move 5: GUIDED_SWAP_TO_GBEST | Indices: (222, 236) | Local Improvement: 0.0
  Move 6: GUIDED_SWAP_TO_GBEST | Indices: (224, 236) | Local Improvement: 0.0
  Move 7: RANDOM_SWAP | Indices: (223, 47) | Local Improvement: 0.0
=================================================================================
=================================================================================
2026-01-28T18:51:20.497 | Step 30 | Particle 73 | GLOBAL BEST ACHIEVED!
Global Improvement: 0.0001953125000000444
All moves in this step:
  Move 1: GUIDED_SWAP_TO_GBEST | Indices: (47, 223) | Local Improvement: 0.0
  Move 2: GUIDED_SWAP_TO_PBEST | Indices: (223, 47) | Local Improvement: 0.0
  Move 3: GUIDED_SWAP_TO_GBEST | Indices: (47, 223) | Local Improvement: 0.0
  Move 4: GUIDED_SWAP_TO_PBEST | Indices: (47, 223) | Local Improvement: 0.0
  Move 5: GUIDED_SWAP_TO_GBEST | Indices: (223, 47) | Local Improvement: 0.0
  Move 6: TRIPLE_SWAP | Indices: (75, 111, 72) | Local Improvement: 0.0001953125000000444
=================================================================================
=================================================================================
2026-01-28T18:51:20.989 | Step 31 | Particle 37 | GLOBAL BEST ACHIEVED!
Global Improvement: 9.76562500000222e-5
All moves in this step:
  Move 1: GUIDED_SWAP_TO_GBEST | Indices: (72, 111) | Local Improvement: 0.0
  Move 2: GUIDED_SWAP_TO_GBEST | Indices: (111, 75) | Local Improvement: 0.0
  Move 3: TRIPLE_SWAP | Indices: (58, 191, 71) | Local Improvement: 9.76562500000222e-5
=================================================================================
=================================================================================
2026-01-28T18:51:21.198 | Step 32 | Particle 54 | GLOBAL BEST ACHIEVED!
Global Improvement: 0.0011653645833332726
All moves in this step:
  Move 1: GUIDED_SWAP_TO_GBEST | Indices: (75, 72) | Local Improvement: 0.0
  Move 2: GUIDED_SWAP_TO_GBEST | Indices: (58, 71) | Local Improvement: 0.0
  Move 3: GUIDED_SWAP_TO_GBEST | Indices: (111, 72) | Local Improvement: 0.0
  Move 4: GUIDED_SWAP_TO_GBEST | Indices: (191, 71) | Local Improvement: 0.0
  Move 5: GUIDED_SWAP_TO_PBEST | Indices: (75, 111) | Local Improvement: 0.0
  Move 6: GUIDED_SWAP_TO_PBEST | Indices: (191, 71) | Local Improvement: 0.0
  Move 7: GUIDED_SWAP_TO_PBEST | Indices: (72, 111) | Local Improvement: 0.0
  Move 8: GUIDED_SWAP_TO_PBEST | Indices: (71, 58) | Local Improvement: 0.0
  Move 9: GUIDED_SWAP_TO_GBEST | Indices: (71, 191) | Local Improvement: 0.0
  Move 10: GUIDED_SWAP_TO_GBEST | Indices: (58, 191) | Local Improvement: 0.0
  Move 11: GUIDED_SWAP_TO_GBEST | Indices: (72, 111) | Local Improvement: 0.0
  Move 12: GUIDED_SWAP_TO_GBEST | Indices: (111, 75) | Local Improvement: 0.0
  Move 13: GUIDED_SWAP_TO_PBEST | Indices: (191, 71) | Local Improvement: 0.0
  Move 14: GUIDED_SWAP_TO_PBEST | Indices: (58, 71) | Local Improvement: 0.0
  Move 15: GUIDED_SWAP_TO_PBEST | Indices: (111, 72) | Local Improvement: 0.0
  Move 16: GUIDED_SWAP_TO_PBEST | Indices: (72, 75) | Local Improvement: 0.0
  Move 17: GUIDED_SWAP_TO_GBEST | Indices: (75, 72) | Local Improvement: 0.0
  Move 18: GUIDED_SWAP_TO_GBEST | Indices: (71, 191) | Local Improvement: 0.0
  Move 19: GUIDED_SWAP_TO_GBEST | Indices: (191, 58) | Local Improvement: 0.0
  Move 20: GUIDED_SWAP_TO_GBEST | Indices: (111, 72) | Local Improvement: 0.0
  Move 21: RANDOM_SWAP | Indices: (138, 123) | Local Improvement: 0.0
=================================================================================
=================================================================================
2026-01-28T18:51:21.378 | Step 33 | Particle 64 | GLOBAL BEST ACHIEVED!
Global Improvement: 0.0002929687500000666
All moves in this step:
  Move 1: GUIDED_SWAP_TO_GBEST | Indices: (123, 138) | Local Improvement: 0.0
  Move 2: GUIDED_SWAP_TO_PBEST | Indices: (138, 123) | Local Improvement: 0.0
  Move 3: GUIDED_SWAP_TO_GBEST | Indices: (138, 123) | Local Improvement: 0.0
  Move 4: GUIDED_SWAP_TO_PBEST | Indices: (138, 123) | Local Improvement: 0.0
  Move 5: GUIDED_SWAP_TO_GBEST | Indices: (138, 123) | Local Improvement: 0.0
  Move 6: RANDOM_SWAP | Indices: (19, 234) | Local Improvement: 0.0
=================================================================================
=================================================================================
2026-01-28T18:51:21.409 | Step 33 | Particle 99 | GLOBAL BEST ACHIEVED!
Global Improvement: 0.0012630208333334059
All moves in this step:
  Move 1: GUIDED_SWAP_TO_GBEST | Indices: (214, 146) | Local Improvement: 0.0
  Move 2: GUIDED_SWAP_TO_GBEST | Indices: (123, 138) | Local Improvement: 0.0
  Move 3: GUIDED_SWAP_TO_GBEST | Indices: (42, 46) | Local Improvement: 0.0
  Move 4: GUIDED_SWAP_TO_GBEST | Indices: (34, 70) | Local Improvement: 0.0
  Move 5: GUIDED_SWAP_TO_GBEST | Indices: (182, 95) | Local Improvement: 0.0
  Move 6: GUIDED_SWAP_TO_GBEST | Indices: (132, 171) | Local Improvement: 0.0
  Move 7: GUIDED_SWAP_TO_PBEST | Indices: (191, 71) | Local Improvement: 0.0
  Move 8: GUIDED_SWAP_TO_PBEST | Indices: (138, 123) | Local Improvement: 0.0
  Move 9: GUIDED_SWAP_TO_PBEST | Indices: (71, 58) | Local Improvement: 0.0
  Move 10: GUIDED_SWAP_TO_GBEST | Indices: (138, 123) | Local Improvement: 0.0
  Move 11: GUIDED_SWAP_TO_GBEST | Indices: (191, 58) | Local Improvement: 0.0
  Move 12: GUIDED_SWAP_TO_GBEST | Indices: (71, 58) | Local Improvement: 0.0
  Move 13: TRIPLE_SWAP | Indices: (81, 165, 189) | Local Improvement: 0.0012630208333334059
=================================================================================
=================================================================================
2026-01-28T18:51:23.081 | Step 40 | Particle 75 | GLOBAL BEST ACHIEVED!
Global Improvement: 0.0003906249999999778
All moves in this step:
  Move 1: TRIPLE_SWAP | Indices: (27, 200, 88) | Local Improvement: 0.0003906249999999778
=================================================================================
=================================================================================
2026-01-28T18:51:23.083 | Step 40 | Particle 77 | GLOBAL BEST ACHIEVED!
Global Improvement: 0.00048828125
All moves in this step:
  Move 1: GUIDED_SWAP_TO_PBEST | Indices: (84, 40) | Local Improvement: 0.0
  Move 2: GUIDED_SWAP_TO_PBEST | Indices: (59, 5) | Local Improvement: 0.0
  Move 3: GUIDED_SWAP_TO_PBEST | Indices: (63, 178) | Local Improvement: 0.0
  Move 4: TRIPLE_SWAP | Indices: (213, 36, 11) | Local Improvement: 0.00048828125
=================================================================================
=================================================================================
2026-01-28T18:51:49.922 | Step 126 | Particle 67 | GLOBAL BEST ACHIEVED!
Global Improvement: 0.0014583333333333393
All moves in this step:
  Move 1: GUIDED_SWAP_TO_PBEST | Indices: (18, 192) | Local Improvement: 0.0
  Move 2: GUIDED_SWAP_TO_PBEST | Indices: (4, 188) | Local Improvement: 0.0
  Move 3: TRIPLE_SWAP | Indices: (26, 248, 65) | Local Improvement: 0.0014583333333333393
=================================================================================
=================================================================================
2026-01-28T18:51:58.820 | Step 150 | Particle 25 | GLOBAL BEST ACHIEVED!
Global Improvement: 0.001360677083333317
All moves in this step:
  Move 1: TRIPLE_SWAP | Indices: (10, 239, 254) | Local Improvement: 0.001360677083333317
=================================================================================
=================================================================================
2026-01-28T18:52:00.647 | Step 155 | Particle 74 | GLOBAL BEST ACHIEVED!
Global Improvement: 9.76562500000222e-5
All moves in this step:
  Move 1: TRIPLE_SWAP | Indices: (204, 225, 220) | Local Improvement: 9.76562500000222e-5
=================================================================================
=================================================================================
2026-01-28T18:52:04.257 | Step 166 | Particle 34 | GLOBAL BEST ACHIEVED!
Global Improvement: 0.0012630208333332948
All moves in this step:
  Move 1: TRIPLE_SWAP | Indices: (124, 25, 131) | Local Improvement: 0.0012630208333332948
=================================================================================
=================================================================================
2026-01-28T18:52:05.327 | Step 169 | Particle 49 | GLOBAL BEST ACHIEVED!
Global Improvement: 0.0001953125000000444
All moves in this step:
  Move 1: TRIPLE_SWAP | Indices: (246, 80, 52) | Local Improvement: 0.0001953125000000444
=================================================================================
=================================================================================
2026-01-28T18:52:16.270 | Step 199 | Particle 3 | GLOBAL BEST ACHIEVED!
Global Improvement: 0.0009700520833333393
All moves in this step:
  Move 1: GUIDED_SWAP_TO_PBEST | Indices: (60, 77) | Local Improvement: 0.0
  Move 2: GUIDED_SWAP_TO_PBEST | Indices: (62, 219) | Local Improvement: 0.0
  Move 3: TRIPLE_SWAP | Indices: (106, 101, 114) | Local Improvement: 0.0009700520833333393
=================================================================================
=================================================================================
2026-01-28T18:52:17.035 | Step 201 | Particle 16 | GLOBAL BEST ACHIEVED!
Global Improvement: 9.765624999991118e-5
All moves in this step:
  Move 1: TRIPLE_SWAP | Indices: (52, 255, 151) | Local Improvement: 9.765624999991118e-5
=================================================================================
=================================================================================
2026-01-28T18:52:17.781 | Step 203 | Particle 48 | GLOBAL BEST ACHIEVED!
Global Improvement: 9.76562500000222e-5
All moves in this step:
  Move 1: RANDOM_SWAP | Indices: (61, 143) | Local Improvement: 0.0
=================================================================================
=================================================================================
2026-01-28T18:52:18.115 | Step 204 | Particle 40 | GLOBAL BEST ACHIEVED!
Global Improvement: 9.76562500000222e-5
All moves in this step:
  Move 1: GUIDED_SWAP_TO_PBEST | Indices: (77, 211) | Local Improvement: 0.0
  Move 2: GUIDED_SWAP_TO_PBEST | Indices: (47, 121) | Local Improvement: 0.0
  Move 3: GUIDED_SWAP_TO_PBEST | Indices: (101, 114) | Local Improvement: 0.0
  Move 4: GUIDED_SWAP_TO_PBEST | Indices: (255, 151) | Local Improvement: 0.0
  Move 5: GUIDED_SWAP_TO_PBEST | Indices: (12, 51) | Local Improvement: 0.0
  Move 6: GUIDED_SWAP_TO_GBEST | Indices: (151, 255) | Local Improvement: 0.0
  Move 7: GUIDED_SWAP_TO_GBEST | Indices: (114, 101) | Local Improvement: 0.0
  Move 8: GUIDED_SWAP_TO_GBEST | Indices: (143, 61) | Local Improvement: 0.0
  Move 9: GUIDED_SWAP_TO_PBEST | Indices: (143, 61) | Local Improvement: 0.0
  Move 10: GUIDED_SWAP_TO_PBEST | Indices: (255, 151) | Local Improvement: 0.0
  Move 11: GUIDED_SWAP_TO_PBEST | Indices: (151, 52) | Local Improvement: 0.0
  Move 12: GUIDED_SWAP_TO_PBEST | Indices: (101, 114) | Local Improvement: 0.0
  Move 13: GUIDED_SWAP_TO_GBEST | Indices: (61, 143) | Local Improvement: 0.0
  Move 14: GUIDED_SWAP_TO_GBEST | Indices: (151, 255) | Local Improvement: 0.0
  Move 15: GUIDED_SWAP_TO_GBEST | Indices: (52, 255) | Local Improvement: 0.0
=================================================================================
=================================================================================
2026-01-28T18:52:18.128 | Step 204 | Particle 55 | GLOBAL BEST ACHIEVED!
Global Improvement: 0.0001953125000000444
All moves in this step:
  Move 1: GUIDED_SWAP_TO_GBEST | Indices: (61, 143) | Local Improvement: 0.0
  Move 2: GUIDED_SWAP_TO_PBEST | Indices: (61, 143) | Local Improvement: 0.0
  Move 3: GUIDED_SWAP_TO_GBEST | Indices: (61, 143) | Local Improvement: 0.0
  Move 4: GUIDED_SWAP_TO_PBEST | Indices: (143, 61) | Local Improvement: 0.0
  Move 5: TRIPLE_SWAP | Indices: (231, 62, 237) | Local Improvement: 0.0002929687500000666
=================================================================================
=================================================================================
2026-01-28T18:52:20.073 | Step 210 | Particle 61 | GLOBAL BEST ACHIEVED!
Global Improvement: 9.76562500000222e-5
All moves in this step:
  Move 1: GUIDED_SWAP_TO_PBEST | Indices: (143, 138) | Local Improvement: 0.0
  Move 2: GUIDED_SWAP_TO_PBEST | Indices: (170, 161) | Local Improvement: 0.0
  Move 3: TRIPLE_SWAP | Indices: (70, 186, 248) | Local Improvement: 9.76562500000222e-5
=================================================================================
=================================================================================
2026-01-28T19:10:06.993 | Step 553 | Particle 74 | GLOBAL BEST ACHIEVED!
Global Improvement: 0.0011653645833332726
All moves in this step:
  Move 1: TRIPLE_SWAP | Indices: (138, 86, 203) | Local Improvement: 0.0011653645833332726
=================================================================================
=================================================================================
2026-01-28T19:10:07.274 | Step 555 | Particle 16 | GLOBAL BEST ACHIEVED!
Global Improvement: 0.0001953125000000444
All moves in this step:
  Move 1: RANDOM_SWAP | Indices: (99, 102) | Local Improvement: 0.0
=================================================================================
=================================================================================
2026-01-28T19:10:17.242 | Step 582 | Particle 22 | GLOBAL BEST ACHIEVED!
Global Improvement: 9.76562500000222e-5
All moves in this step:
  Move 1: GUIDED_SWAP_TO_PBEST | Indices: (102, 196) | Local Improvement: 0.0
  Move 2: GUIDED_SWAP_TO_PBEST | Indices: (237, 59) | Local Improvement: 0.0
  Move 3: GUIDED_SWAP_TO_PBEST | Indices: (204, 141) | Local Improvement: 0.0
  Move 4: GUIDED_SWAP_TO_GBEST | Indices: (241, 146) | Local Improvement: 0.0
  Move 5: TRIPLE_SWAP | Indices: (74, 97, 83) | Local Improvement: 9.76562500000222e-5
=================================================================================
=================================================================================
2026-01-28T20:34:26.625 | Step 9926 | Particle 100 | GLOBAL BEST ACHIEVED!
Global Improvement: 0.0003717137896824818
All moves in this step:
  Move 1: GUIDED_SWAP_TO_PBEST | Indices: (222, 246) | Local Improvement: 0.0
  Move 2: GUIDED_SWAP_TO_PBEST | Indices: (126, 56) | Local Improvement: 0.0
  Move 3: GUIDED_SWAP_TO_PBEST | Indices: (138, 44) | Local Improvement: 0.0
  Move 4: TRIPLE_SWAP | Indices: (69, 191, 129) | Local Improvement: 0.0003717137896824818
=================================================================================
=================================================================================
2026-01-28T20:34:26.832 | Step 9928 | Particle 68 | GLOBAL BEST ACHIEVED!
Global Improvement: 0.0001953125000000444
All moves in this step:
  Move 1: GUIDED_SWAP_TO_GBEST | Indices: (191, 69) | Local Improvement: 0.0
  Move 2: GUIDED_SWAP_TO_GBEST | Indices: (129, 69) | Local Improvement: 0.0
  Move 3: GUIDED_SWAP_TO_PBEST | Indices: (69, 191) | Local Improvement: 0.0
  Move 4: GUIDED_SWAP_TO_PBEST | Indices: (129, 191) | Local Improvement: 0.0
  Move 5: GUIDED_SWAP_TO_GBEST | Indices: (191, 69) | Local Improvement: 0.0
  Move 6: GUIDED_SWAP_TO_GBEST | Indices: (69, 129) | Local Improvement: 0.0
  Move 7: TRIPLE_SWAP | Indices: (139, 206, 236) | Local Improvement: 0.0001953125000000444
=================================================================================
=================================================================================
2026-01-28T20:34:29.093 | Step 9949 | Particle 94 | GLOBAL BEST ACHIEVED!
Global Improvement: 0.0006959945436507686
All moves in this step:
  Move 1: GUIDED_SWAP_TO_PBEST | Indices: (194, 22) | Local Improvement: 0.0
  Move 2: GUIDED_SWAP_TO_PBEST | Indices: (227, 163) | Local Improvement: 0.0
  Move 3: GUIDED_SWAP_TO_PBEST | Indices: (164, 182) | Local Improvement: 0.0
  Move 4: RANDOM_SWAP | Indices: (195, 200) | Local Improvement: 0.0
=================================================================================
=================================================================================
2026-01-28T20:34:29.927 | Step 9957 | Particle 4 | GLOBAL BEST ACHIEVED!
Global Improvement: 0.0001953125000000444
All moves in this step:
  Move 1: TRIPLE_SWAP | Indices: (62, 20, 241) | Local Improvement: 0.0001953125000000444
=================================================================================
