# Global Best Swaps Only - FIXED THREAD-SAFE DEBUG MODE
# Started on: 2025-07-18T09:33:23.655
# Format: Timestamp | Step | Particle | Operation | Indices | Local | Global | Status
# Note: Each global best S-box is saved in debug_sboxes/ directory
# FIXED: Thread-safe implementation to prevent race conditions

=================================================================================
2025-07-18T09:33:23.773 | Step 1 | Particle 2 | GLOBAL BEST ACHIEVED!
Global Improvement: 4.0
All moves in this step:
  Move 1: TRIPLE_SWAP | Indices: (27, 155, 1) | Local Improvement: 8.0
=================================================================================
=================================================================================
2025-07-18T09:33:23.803 | Step 1 | Particle 6 | GLOBAL BEST ACHIEVED!
Global Improvement: 4.0
All moves in this step:
  Move 1: TRIPLE_SWAP | Indices: (31, 23, 123) | Local Improvement: 10.0
  Move 2: RANDOM_SWAP | Indices: (172, 211) | Local Improvement: 0.0
  Move 3: RANDOM_SWAP | Indices: (162, 120) | Local Improvement: 0.0
=================================================================================
=================================================================================
2025-07-18T09:33:23.822 | Step 1 | Particle 12 | GLOBAL BEST ACHIEVED!
Global Improvement: 4.0
All moves in this step:
  Move 1: TRIPLE_SWAP | Indices: (242, 59, 71) | Local Improvement: 10.0
  Move 2: RANDOM_SWAP | Indices: (135, 25) | Local Improvement: 0.0
  Move 3: RANDOM_SWAP | Indices: (37, 202) | Local Improvement: 0.0
  Move 4: RANDOM_SWAP | Indices: (97, 6) | Local Improvement: 0.0
=================================================================================
=================================================================================
2025-07-18T09:33:23.908 | Step 2 | Particle 6 | GLOBAL BEST ACHIEVED!
Global Improvement: 6.0
All moves in this step:
  Move 1: GUIDED_SWAP_TO_GBEST | Indices: (211, 172) | Local Improvement: 0.0
  Move 2: GUIDED_SWAP_TO_GBEST | Indices: (71, 59) | Local Improvement: 0.0
  Move 3: GUIDED_SWAP_TO_GBEST | Indices: (162, 120) | Local Improvement: 0.0
  Move 4: GUIDED_SWAP_TO_GBEST | Indices: (202, 37) | Local Improvement: 0.0
  Move 5: GUIDED_SWAP_TO_GBEST | Indices: (123, 31) | Local Improvement: 0.0
  Move 6: GUIDED_SWAP_TO_GBEST | Indices: (242, 59) | Local Improvement: 0.0
  Move 7: GUIDED_SWAP_TO_GBEST | Indices: (31, 23) | Local Improvement: 0.0
  Move 8: GUIDED_SWAP_TO_GBEST | Indices: (135, 25) | Local Improvement: 0.0
  Move 9: GUIDED_SWAP_TO_GBEST | Indices: (6, 97) | Local Improvement: 0.0
  Move 10: GUIDED_SWAP_TO_PBEST | Indices: (162, 120) | Local Improvement: 0.0
  Move 11: GUIDED_SWAP_TO_PBEST | Indices: (25, 135) | Local Improvement: 0.0
  Move 12: GUIDED_SWAP_TO_PBEST | Indices: (59, 71) | Local Improvement: 0.0
  Move 13: GUIDED_SWAP_TO_PBEST | Indices: (6, 97) | Local Improvement: 0.0
  Move 14: TRIPLE_SWAP | Indices: (5, 173, 252) | Local Improvement: 10.0
  Move 15: RANDOM_SWAP | Indices: (195, 184) | Local Improvement: 0.0
  Move 16: RANDOM_SWAP | Indices: (192, 256) | Local Improvement: 0.0
=================================================================================
=================================================================================
2025-07-18T09:33:24.248 | Step 3 | Particle 3 | GLOBAL BEST ACHIEVED!
Global Improvement: 2.0
All moves in this step:
  Move 1: GUIDED_SWAP_TO_GBEST | Indices: (120, 162) | Local Improvement: 0.0
  Move 2: GUIDED_SWAP_TO_GBEST | Indices: (218, 46) | Local Improvement: 0.0
  Move 3: GUIDED_SWAP_TO_GBEST | Indices: (252, 173) | Local Improvement: 0.0
  Move 4: GUIDED_SWAP_TO_GBEST | Indices: (173, 5) | Local Improvement: 0.0
  Move 5: GUIDED_SWAP_TO_PBEST | Indices: (120, 162) | Local Improvement: 0.0
  Move 6: GUIDED_SWAP_TO_PBEST | Indices: (252, 5) | Local Improvement: 0.0
  Move 7: GUIDED_SWAP_TO_PBEST | Indices: (173, 5) | Local Improvement: 0.0
  Move 8: GUIDED_SWAP_TO_PBEST | Indices: (46, 218) | Local Improvement: 0.0
  Move 9: GUIDED_SWAP_TO_GBEST | Indices: (218, 46) | Local Improvement: 0.0
  Move 10: GUIDED_SWAP_TO_GBEST | Indices: (162, 120) | Local Improvement: 0.0
  Move 11: GUIDED_SWAP_TO_GBEST | Indices: (6, 97) | Local Improvement: 0.0
  Move 12: GUIDED_SWAP_TO_GBEST | Indices: (5, 252) | Local Improvement: 0.0
  Move 13: GUIDED_SWAP_TO_PBEST | Indices: (46, 218) | Local Improvement: 0.0
  Move 14: GUIDED_SWAP_TO_PBEST | Indices: (162, 120) | Local Improvement: 0.0
  Move 15: GUIDED_SWAP_TO_PBEST | Indices: (252, 5) | Local Improvement: 0.0
  Move 16: GUIDED_SWAP_TO_GBEST | Indices: (5, 252) | Local Improvement: 0.0
  Move 17: GUIDED_SWAP_TO_GBEST | Indices: (195, 184) | Local Improvement: 0.0
  Move 18: GUIDED_SWAP_TO_GBEST | Indices: (46, 139) | Local Improvement: 0.0
  Move 19: GUIDED_SWAP_TO_GBEST | Indices: (256, 192) | Local Improvement: 0.0
  Move 20: GUIDED_SWAP_TO_GBEST | Indices: (255, 253) | Local Improvement: 0.0
=================================================================================
=================================================================================
2025-07-18T09:33:24.250 | Step 3 | Particle 8 | GLOBAL BEST ACHIEVED!
Global Improvement: 10.0
All moves in this step:
  Move 1: GUIDED_SWAP_TO_GBEST | Indices: (16, 133) | Local Improvement: 0.0
  Move 2: GUIDED_SWAP_TO_GBEST | Indices: (135, 25) | Local Improvement: 0.0
  Move 3: GUIDED_SWAP_TO_GBEST | Indices: (155, 126) | Local Improvement: 0.0
  Move 4: GUIDED_SWAP_TO_GBEST | Indices: (120, 162) | Local Improvement: 0.0
  Move 5: GUIDED_SWAP_TO_GBEST | Indices: (71, 242) | Local Improvement: 0.0
  Move 6: GUIDED_SWAP_TO_PBEST | Indices: (135, 25) | Local Improvement: 0.0
  Move 7: GUIDED_SWAP_TO_PBEST | Indices: (16, 133) | Local Improvement: 0.0
  Move 8: GUIDED_SWAP_TO_PBEST | Indices: (162, 120) | Local Improvement: 0.0
  Move 9: GUIDED_SWAP_TO_PBEST | Indices: (126, 155) | Local Improvement: 0.0
  Move 10: GUIDED_SWAP_TO_GBEST | Indices: (184, 195) | Local Improvement: 0.0
  Move 11: GUIDED_SWAP_TO_GBEST | Indices: (135, 25) | Local Improvement: 0.0
  Move 12: GUIDED_SWAP_TO_GBEST | Indices: (192, 256) | Local Improvement: 0.0
  Move 13: GUIDED_SWAP_TO_GBEST | Indices: (133, 16) | Local Improvement: 0.0
  Move 14: GUIDED_SWAP_TO_PBEST | Indices: (256, 192) | Local Improvement: 0.0
  Move 15: GUIDED_SWAP_TO_PBEST | Indices: (195, 184) | Local Improvement: 0.0
  Move 16: GUIDED_SWAP_TO_PBEST | Indices: (25, 135) | Local Improvement: 0.0
  Move 17: GUIDED_SWAP_TO_PBEST | Indices: (133, 16) | Local Improvement: 0.0
  Move 18: GUIDED_SWAP_TO_GBEST | Indices: (173, 5) | Local Improvement: 0.0
  Move 19: GUIDED_SWAP_TO_GBEST | Indices: (195, 184) | Local Improvement: 0.0
  Move 20: GUIDED_SWAP_TO_GBEST | Indices: (25, 135) | Local Improvement: 0.0
  Move 21: GUIDED_SWAP_TO_GBEST | Indices: (256, 192) | Local Improvement: 0.0
  Move 22: TRIPLE_SWAP | Indices: (27, 31, 254) | Local Improvement: 6.0
  Move 23: RANDOM_SWAP | Indices: (41, 5) | Local Improvement: 0.0
  Move 24: RANDOM_SWAP | Indices: (178, 210) | Local Improvement: 0.0
  Move 25: RANDOM_SWAP | Indices: (153, 69) | Local Improvement: 0.0
=================================================================================
=================================================================================
2025-07-18T09:33:24.271 | Step 4 | Particle 3 | GLOBAL BEST ACHIEVED!
Global Improvement: 2.0
All moves in this step:
  Move 1: GUIDED_SWAP_TO_GBEST | Indices: (218, 139) | Local Improvement: 0.0
  Move 2: GUIDED_SWAP_TO_GBEST | Indices: (6, 97) | Local Improvement: 0.0
  Move 3: GUIDED_SWAP_TO_GBEST | Indices: (126, 155) | Local Improvement: 0.0
  Move 4: GUIDED_SWAP_TO_GBEST | Indices: (69, 153) | Local Improvement: 0.0
  Move 5: GUIDED_SWAP_TO_GBEST | Indices: (5, 41) | Local Improvement: 0.0
  Move 6: GUIDED_SWAP_TO_GBEST | Indices: (41, 173) | Local Improvement: 0.0
  Move 7: GUIDED_SWAP_TO_GBEST | Indices: (16, 133) | Local Improvement: 0.0
  Move 8: GUIDED_SWAP_TO_GBEST | Indices: (31, 27) | Local Improvement: 0.0
  Move 9: GUIDED_SWAP_TO_GBEST | Indices: (59, 71) | Local Improvement: 0.0
  Move 10: GUIDED_SWAP_TO_PBEST | Indices: (71, 59) | Local Improvement: 0.0
  Move 11: GUIDED_SWAP_TO_PBEST | Indices: (31, 27) | Local Improvement: 0.0
  Move 12: GUIDED_SWAP_TO_PBEST | Indices: (6, 97) | Local Improvement: 0.0
  Move 13: GUIDED_SWAP_TO_PBEST | Indices: (41, 5) | Local Improvement: 0.0
  Move 14: GUIDED_SWAP_TO_PBEST | Indices: (5, 173) | Local Improvement: 0.0
  Move 15: GUIDED_SWAP_TO_GBEST | Indices: (41, 173) | Local Improvement: 0.0
  Move 16: GUIDED_SWAP_TO_GBEST | Indices: (71, 59) | Local Improvement: 0.0
  Move 17: GUIDED_SWAP_TO_GBEST | Indices: (254, 31) | Local Improvement: 0.0
  Move 18: GUIDED_SWAP_TO_GBEST | Indices: (6, 97) | Local Improvement: 0.0
  Move 19: GUIDED_SWAP_TO_GBEST | Indices: (31, 27) | Local Improvement: 0.0
  Move 20: TRIPLE_SWAP | Indices: (39, 131, 67) | Local Improvement: 4.0
=================================================================================
=================================================================================
2025-07-18T09:33:24.278 | Step 4 | Particle 11 | GLOBAL BEST ACHIEVED!
Global Improvement: 6.0
All moves in this step:
  Move 1: GUIDED_SWAP_TO_GBEST | Indices: (69, 153) | Local Improvement: 0.0
  Move 2: GUIDED_SWAP_TO_GBEST | Indices: (16, 133) | Local Improvement: 0.0
  Move 3: GUIDED_SWAP_TO_GBEST | Indices: (126, 155) | Local Improvement: 0.0
  Move 4: GUIDED_SWAP_TO_GBEST | Indices: (31, 27) | Local Improvement: 0.0
  Move 5: GUIDED_SWAP_TO_GBEST | Indices: (254, 27) | Local Improvement: 0.0
  Move 6: GUIDED_SWAP_TO_GBEST | Indices: (41, 252) | Local Improvement: 0.0
  Move 7: GUIDED_SWAP_TO_GBEST | Indices: (25, 135) | Local Improvement: 0.0
  Move 8: GUIDED_SWAP_TO_GBEST | Indices: (178, 210) | Local Improvement: 0.0
  Move 9: GUIDED_SWAP_TO_GBEST | Indices: (77, 74) | Local Improvement: 0.0
  Move 10: TRIPLE_SWAP | Indices: (198, 165, 201) | Local Improvement: 4.0
=================================================================================
=================================================================================
2025-07-18T09:33:24.313 | Step 5 | Particle 4 | GLOBAL BEST ACHIEVED!
Global Improvement: 2.0
All moves in this step:
  Move 1: GUIDED_SWAP_TO_GBEST | Indices: (165, 198) | Local Improvement: 0.0
  Move 2: GUIDED_SWAP_TO_GBEST | Indices: (72, 116) | Local Improvement: 0.0
  Move 3: GUIDED_SWAP_TO_GBEST | Indices: (116, 35) | Local Improvement: 0.0
  Move 4: GUIDED_SWAP_TO_GBEST | Indices: (5, 252) | Local Improvement: 0.0
  Move 5: GUIDED_SWAP_TO_PBEST | Indices: (252, 5) | Local Improvement: 0.0
  Move 6: GUIDED_SWAP_TO_PBEST | Indices: (72, 35) | Local Improvement: 0.0
  Move 7: GUIDED_SWAP_TO_PBEST | Indices: (198, 165) | Local Improvement: 0.0
  Move 8: GUIDED_SWAP_TO_PBEST | Indices: (35, 116) | Local Improvement: 0.0
  Move 9: GUIDED_SWAP_TO_GBEST | Indices: (252, 5) | Local Improvement: 0.0
  Move 10: GUIDED_SWAP_TO_GBEST | Indices: (72, 116) | Local Improvement: 0.0
  Move 11: GUIDED_SWAP_TO_GBEST | Indices: (141, 74) | Local Improvement: 0.0
  Move 12: GUIDED_SWAP_TO_GBEST | Indices: (201, 165) | Local Improvement: 0.0
  Move 13: GUIDED_SWAP_TO_GBEST | Indices: (35, 116) | Local Improvement: 0.0
  Move 14: GUIDED_SWAP_TO_PBEST | Indices: (116, 72) | Local Improvement: 0.0
  Move 15: GUIDED_SWAP_TO_PBEST | Indices: (72, 35) | Local Improvement: 0.0
  Move 16: GUIDED_SWAP_TO_PBEST | Indices: (5, 252) | Local Improvement: 0.0
  Move 17: TRIPLE_SWAP | Indices: (233, 23, 79) | Local Improvement: 8.0
=================================================================================
=================================================================================
2025-07-18T09:33:24.315 | Step 5 | Particle 14 | GLOBAL BEST ACHIEVED!
Global Improvement: 2.0
All moves in this step:
  Move 1: GUIDED_SWAP_TO_GBEST | Indices: (192, 256) | Local Improvement: 0.0
  Move 2: GUIDED_SWAP_TO_GBEST | Indices: (27, 254) | Local Improvement: 0.0
  Move 3: GUIDED_SWAP_TO_GBEST | Indices: (141, 74) | Local Improvement: 0.0
  Move 4: GUIDED_SWAP_TO_GBEST | Indices: (198, 201) | Local Improvement: 0.0
  Move 5: GUIDED_SWAP_TO_GBEST | Indices: (120, 162) | Local Improvement: 0.0
  Move 6: GUIDED_SWAP_TO_GBEST | Indices: (5, 252) | Local Improvement: 0.0
  Move 7: GUIDED_SWAP_TO_GBEST | Indices: (16, 133) | Local Improvement: 0.0
  Move 8: GUIDED_SWAP_TO_GBEST | Indices: (95, 19) | Local Improvement: 0.0
  Move 9: GUIDED_SWAP_TO_GBEST | Indices: (69, 153) | Local Improvement: 0.0
  Move 10: GUIDED_SWAP_TO_GBEST | Indices: (97, 6) | Local Improvement: 0.0
  Move 11: GUIDED_SWAP_TO_GBEST | Indices: (37, 202) | Local Improvement: 0.0
  Move 12: GUIDED_SWAP_TO_GBEST | Indices: (126, 155) | Local Improvement: 0.0
  Move 13: GUIDED_SWAP_TO_GBEST | Indices: (165, 201) | Local Improvement: 0.0
=================================================================================
=================================================================================
2025-07-18T09:33:24.318 | Step 5 | Particle 24 | GLOBAL BEST ACHIEVED!
Global Improvement: 2.0
All moves in this step:
  Move 1: GUIDED_SWAP_TO_GBEST | Indices: (120, 162) | Local Improvement: 0.0
  Move 2: GUIDED_SWAP_TO_GBEST | Indices: (198, 201) | Local Improvement: 0.0
  Move 3: GUIDED_SWAP_TO_GBEST | Indices: (165, 201) | Local Improvement: 0.0
  Move 4: GUIDED_SWAP_TO_GBEST | Indices: (124, 255) | Local Improvement: 0.0
  Move 5: GUIDED_SWAP_TO_GBEST | Indices: (97, 6) | Local Improvement: 0.0
  Move 6: GUIDED_SWAP_TO_PBEST | Indices: (124, 255) | Local Improvement: 0.0
  Move 7: GUIDED_SWAP_TO_PBEST | Indices: (120, 162) | Local Improvement: 0.0
  Move 8: GUIDED_SWAP_TO_PBEST | Indices: (198, 165) | Local Improvement: 0.0
  Move 9: GUIDED_SWAP_TO_PBEST | Indices: (97, 6) | Local Improvement: 0.0
  Move 10: GUIDED_SWAP_TO_PBEST | Indices: (201, 165) | Local Improvement: 0.0
  Move 11: GUIDED_SWAP_TO_GBEST | Indices: (191, 49) | Local Improvement: 0.0
  Move 12: GUIDED_SWAP_TO_GBEST | Indices: (162, 120) | Local Improvement: 0.0
  Move 13: GUIDED_SWAP_TO_GBEST | Indices: (24, 154) | Local Improvement: 0.0
  Move 14: GUIDED_SWAP_TO_GBEST | Indices: (247, 35) | Local Improvement: 0.0
  Move 15: GUIDED_SWAP_TO_GBEST | Indices: (255, 124) | Local Improvement: 0.0
  Move 16: GUIDED_SWAP_TO_PBEST | Indices: (49, 191) | Local Improvement: 0.0
  Move 17: GUIDED_SWAP_TO_PBEST | Indices: (255, 124) | Local Improvement: 0.0
  Move 18: GUIDED_SWAP_TO_PBEST | Indices: (24, 154) | Local Improvement: 0.0
  Move 19: GUIDED_SWAP_TO_PBEST | Indices: (120, 162) | Local Improvement: 0.0
  Move 20: GUIDED_SWAP_TO_GBEST | Indices: (255, 124) | Local Improvement: 0.0
  Move 21: GUIDED_SWAP_TO_GBEST | Indices: (154, 63) | Local Improvement: 0.0
  Move 22: GUIDED_SWAP_TO_GBEST | Indices: (24, 63) | Local Improvement: 0.0
  Move 23: GUIDED_SWAP_TO_GBEST | Indices: (97, 6) | Local Improvement: 0.0
  Move 24: GUIDED_SWAP_TO_GBEST | Indices: (198, 201) | Local Improvement: 0.0
  Move 25: TRIPLE_SWAP | Indices: (109, 41, 175) | Local Improvement: 6.0
=================================================================================
=================================================================================
2025-07-18T09:33:24.372 | Step 7 | Particle 8 | GLOBAL BEST ACHIEVED!
Global Improvement: 2.0
All moves in this step:
  Move 1: TRIPLE_SWAP | Indices: (203, 19, 96) | Local Improvement: 4.0
=================================================================================
=================================================================================
2025-07-18T09:33:24.470 | Step 8 | Particle 4 | GLOBAL BEST ACHIEVED!
Global Improvement: 2.0
All moves in this step:
  Move 1: GUIDED_SWAP_TO_PBEST | Indices: (54, 105) | Local Improvement: 0.0
  Move 2: GUIDED_SWAP_TO_PBEST | Indices: (5, 92) | Local Improvement: 0.0
  Move 3: GUIDED_SWAP_TO_PBEST | Indices: (165, 198) | Local Improvement: 0.0
  Move 4: GUIDED_SWAP_TO_PBEST | Indices: (41, 175) | Local Improvement: 0.0
  Move 5: GUIDED_SWAP_TO_PBEST | Indices: (35, 72) | Local Improvement: 0.0
  Move 6: GUIDED_SWAP_TO_GBEST | Indices: (5, 252) | Local Improvement: 0.0
  Move 7: GUIDED_SWAP_TO_GBEST | Indices: (198, 165) | Local Improvement: 0.0
  Move 8: GUIDED_SWAP_TO_GBEST | Indices: (40, 185) | Local Improvement: 0.0
  Move 9: GUIDED_SWAP_TO_GBEST | Indices: (19, 203) | Local Improvement: 0.0
  Move 10: GUIDED_SWAP_TO_PBEST | Indices: (198, 201) | Local Improvement: 0.0
  Move 11: GUIDED_SWAP_TO_PBEST | Indices: (79, 23) | Local Improvement: 0.0
  Move 12: GUIDED_SWAP_TO_PBEST | Indices: (175, 109) | Local Improvement: 0.0
  Move 13: GUIDED_SWAP_TO_PBEST | Indices: (179, 92) | Local Improvement: 0.0
  Move 14: GUIDED_SWAP_TO_PBEST | Indices: (74, 141) | Local Improvement: 0.0
  Move 15: GUIDED_SWAP_TO_GBEST | Indices: (79, 23) | Local Improvement: 0.0
  Move 16: GUIDED_SWAP_TO_GBEST | Indices: (198, 201) | Local Improvement: 0.0
  Move 17: GUIDED_SWAP_TO_GBEST | Indices: (35, 72) | Local Improvement: 0.0
  Move 18: GUIDED_SWAP_TO_GBEST | Indices: (191, 49) | Local Improvement: 0.0
  Move 19: GUIDED_SWAP_TO_GBEST | Indices: (96, 203) | Local Improvement: 0.0
  Move 20: GUIDED_SWAP_TO_GBEST | Indices: (37, 98) | Local Improvement: 0.0
  Move 21: GUIDED_SWAP_TO_GBEST | Indices: (41, 175) | Local Improvement: 0.0
  Move 22: GUIDED_SWAP_TO_GBEST | Indices: (116, 72) | Local Improvement: 0.0
  Move 23: GUIDED_SWAP_TO_GBEST | Indices: (207, 13) | Local Improvement: 0.0
  Move 24: GUIDED_SWAP_TO_GBEST | Indices: (223, 13) | Local Improvement: 0.0
=================================================================================
=================================================================================
2025-07-18T09:33:24.473 | Step 8 | Particle 17 | GLOBAL BEST ACHIEVED!
Global Improvement: 4.0
All moves in this step:
  Move 1: GUIDED_SWAP_TO_PBEST | Indices: (135, 226) | Local Improvement: 0.0
  Move 2: GUIDED_SWAP_TO_PBEST | Indices: (49, 191) | Local Improvement: 0.0
  Move 3: GUIDED_SWAP_TO_PBEST | Indices: (179, 5) | Local Improvement: 0.0
  Move 4: GUIDED_SWAP_TO_PBEST | Indices: (162, 120) | Local Improvement: 0.0
  Move 5: GUIDED_SWAP_TO_PBEST | Indices: (133, 16) | Local Improvement: 0.0
  Move 6: GUIDED_SWAP_TO_GBEST | Indices: (185, 40) | Local Improvement: 0.0
  Move 7: GUIDED_SWAP_TO_GBEST | Indices: (19, 203) | Local Improvement: 0.0
  Move 8: GUIDED_SWAP_TO_GBEST | Indices: (31, 254) | Local Improvement: 0.0
  Move 9: GUIDED_SWAP_TO_GBEST | Indices: (98, 235) | Local Improvement: 0.0
  Move 10: GUIDED_SWAP_TO_PBEST | Indices: (235, 98) | Local Improvement: 0.0
  Move 11: GUIDED_SWAP_TO_PBEST | Indices: (185, 40) | Local Improvement: 0.0
  Move 12: GUIDED_SWAP_TO_PBEST | Indices: (254, 31) | Local Improvement: 0.0
  Move 13: GUIDED_SWAP_TO_PBEST | Indices: (203, 19) | Local Improvement: 0.0
  Move 14: GUIDED_SWAP_TO_GBEST | Indices: (135, 61) | Local Improvement: 0.0
  Move 15: GUIDED_SWAP_TO_GBEST | Indices: (226, 61) | Local Improvement: 0.0
  Move 16: GUIDED_SWAP_TO_GBEST | Indices: (41, 109) | Local Improvement: 0.0
  Move 17: GUIDED_SWAP_TO_GBEST | Indices: (74, 141) | Local Improvement: 0.0
  Move 18: GUIDED_SWAP_TO_GBEST | Indices: (96, 19) | Local Improvement: 0.0
  Move 19: GUIDED_SWAP_TO_GBEST | Indices: (191, 49) | Local Improvement: 0.0
  Move 20: GUIDED_SWAP_TO_GBEST | Indices: (210, 178) | Local Improvement: 0.0
  Move 21: GUIDED_SWAP_TO_GBEST | Indices: (254, 31) | Local Improvement: 0.0
  Move 22: GUIDED_SWAP_TO_GBEST | Indices: (37, 98) | Local Improvement: 0.0
  Move 23: TRIPLE_SWAP | Indices: (253, 221, 72) | Local Improvement: 4.0
  Move 24: RANDOM_SWAP | Indices: (142, 159) | Local Improvement: 0.0
  Move 25: RANDOM_SWAP | Indices: (233, 197) | Local Improvement: 0.0
  Move 26: RANDOM_SWAP | Indices: (236, 155) | Local Improvement: 0.0
=================================================================================
=================================================================================
2025-07-18T09:33:24.533 | Step 10 | Particle 17 | GLOBAL BEST ACHIEVED!
Global Improvement: 6.0
All moves in this step:
  Move 1: GUIDED_SWAP_TO_GBEST | Indices: (114, 1) | Local Improvement: 0.0
  Move 2: GUIDED_SWAP_TO_GBEST | Indices: (1, 91) | Local Improvement: 0.0
  Move 3: GUIDED_SWAP_TO_PBEST | Indices: (114, 91) | Local Improvement: 0.0
  Move 4: GUIDED_SWAP_TO_PBEST | Indices: (1, 91) | Local Improvement: 0.0
  Move 5: GUIDED_SWAP_TO_GBEST | Indices: (1, 91) | Local Improvement: 0.0
  Move 6: GUIDED_SWAP_TO_GBEST | Indices: (91, 114) | Local Improvement: 0.0
  Move 7: TRIPLE_SWAP | Indices: (140, 204, 153) | Local Improvement: 2.0
  Move 8: RANDOM_SWAP | Indices: (62, 251) | Local Improvement: 0.0
  Move 9: RANDOM_SWAP | Indices: (177, 39) | Local Improvement: 0.0
  Move 10: RANDOM_SWAP | Indices: (233, 18) | Local Improvement: 0.0
=================================================================================
=================================================================================
2025-07-18T09:33:24.559 | Step 11 | Particle 17 | GLOBAL BEST ACHIEVED!
Global Improvement: 2.0
All moves in this step:
  Move 1: TRIPLE_SWAP | Indices: (3, 143, 231) | Local Improvement: 2.0
=================================================================================
=================================================================================
2025-07-18T09:33:24.784 | Step 15 | Particle 2 | GLOBAL BEST ACHIEVED!
Global Improvement: 2.0
All moves in this step:
  Move 1: GUIDED_SWAP_TO_GBEST | Indices: (114, 1) | Local Improvement: 0.0
  Move 2: GUIDED_SWAP_TO_GBEST | Indices: (253, 72) | Local Improvement: 0.0
  Move 3: GUIDED_SWAP_TO_GBEST | Indices: (3, 231) | Local Improvement: 0.0
  Move 4: GUIDED_SWAP_TO_GBEST | Indices: (143, 231) | Local Improvement: 0.0
  Move 5: GUIDED_SWAP_TO_PBEST | Indices: (114, 1) | Local Improvement: 0.0
  Move 6: GUIDED_SWAP_TO_PBEST | Indices: (231, 3) | Local Improvement: 0.0
  Move 7: GUIDED_SWAP_TO_PBEST | Indices: (3, 143) | Local Improvement: 0.0
  Move 8: GUIDED_SWAP_TO_PBEST | Indices: (253, 72) | Local Improvement: 0.0
  Move 9: GUIDED_SWAP_TO_GBEST | Indices: (143, 3) | Local Improvement: 0.0
  Move 10: GUIDED_SWAP_TO_GBEST | Indices: (18, 233) | Local Improvement: 0.0
  Move 11: GUIDED_SWAP_TO_GBEST | Indices: (127, 75) | Local Improvement: 0.0
  Move 12: GUIDED_SWAP_TO_GBEST | Indices: (253, 72) | Local Improvement: 0.0
  Move 13: GUIDED_SWAP_TO_GBEST | Indices: (75, 249) | Local Improvement: 0.0
  Move 14: GUIDED_SWAP_TO_GBEST | Indices: (3, 231) | Local Improvement: 0.0
  Move 15: GUIDED_SWAP_TO_GBEST | Indices: (98, 214) | Local Improvement: 0.0
  Move 16: GUIDED_SWAP_TO_GBEST | Indices: (1, 91) | Local Improvement: 0.0
  Move 17: GUIDED_SWAP_TO_GBEST | Indices: (142, 214) | Local Improvement: 0.0
  Move 18: GUIDED_SWAP_TO_GBEST | Indices: (91, 114) | Local Improvement: 0.0
  Move 19: TRIPLE_SWAP | Indices: (167, 4, 244) | Local Improvement: 2.0
=================================================================================
=================================================================================
2025-07-18T09:33:24.813 | Step 16 | Particle 8 | GLOBAL BEST ACHIEVED!
Global Improvement: 2.0
All moves in this step:
  Move 1: GUIDED_SWAP_TO_GBEST | Indices: (167, 244) | Local Improvement: 0.0
  Move 2: GUIDED_SWAP_TO_GBEST | Indices: (213, 222) | Local Improvement: 0.0
  Move 3: GUIDED_SWAP_TO_GBEST | Indices: (244, 4) | Local Improvement: 0.0
  Move 4: GUIDED_SWAP_TO_GBEST | Indices: (222, 65) | Local Improvement: 0.0
  Move 5: GUIDED_SWAP_TO_PBEST | Indices: (167, 4) | Local Improvement: 0.0
  Move 6: GUIDED_SWAP_TO_PBEST | Indices: (65, 222) | Local Improvement: 0.0
  Move 7: GUIDED_SWAP_TO_PBEST | Indices: (213, 222) | Local Improvement: 0.0
  Move 8: GUIDED_SWAP_TO_PBEST | Indices: (244, 4) | Local Improvement: 0.0
  Move 9: GUIDED_SWAP_TO_GBEST | Indices: (65, 213) | Local Improvement: 0.0
  Move 10: GUIDED_SWAP_TO_GBEST | Indices: (222, 213) | Local Improvement: 0.0
  Move 11: GUIDED_SWAP_TO_GBEST | Indices: (244, 4) | Local Improvement: 0.0
  Move 12: GUIDED_SWAP_TO_GBEST | Indices: (167, 4) | Local Improvement: 0.0
  Move 13: TRIPLE_SWAP | Indices: (215, 224, 256) | Local Improvement: 2.0
=================================================================================
=================================================================================
2025-07-18T09:33:24.870 | Step 19 | Particle 3 | GLOBAL BEST ACHIEVED!
Global Improvement: 4.0
All moves in this step:
  Move 1: TRIPLE_SWAP | Indices: (77, 168, 256) | Local Improvement: 6.0
=================================================================================
=================================================================================
2025-07-18T09:33:25.003 | Step 24 | Particle 21 | GLOBAL BEST ACHIEVED!
Global Improvement: 2.0
All moves in this step:
  Move 1: RANDOM_SWAP | Indices: (43, 35) | Local Improvement: 0.0
=================================================================================
=================================================================================
2025-07-18T09:33:25.797 | Step 49 | Particle 12 | GLOBAL BEST ACHIEVED!
Global Improvement: 2.0
All moves in this step:
  Move 1: TRIPLE_SWAP | Indices: (243, 233, 9) | Local Improvement: 2.0
=================================================================================
=================================================================================
2025-07-18T09:33:26.072 | Step 56 | Particle 25 | GLOBAL BEST ACHIEVED!
Global Improvement: 2.0
All moves in this step:
  Move 1: GUIDED_SWAP_TO_PBEST | Indices: (21, 10) | Local Improvement: 0.0
  Move 2: GUIDED_SWAP_TO_PBEST | Indices: (98, 112) | Local Improvement: 0.0
  Move 3: GUIDED_SWAP_TO_PBEST | Indices: (94, 185) | Local Improvement: 0.0
  Move 4: GUIDED_SWAP_TO_PBEST | Indices: (2, 43) | Local Improvement: 0.0
  Move 5: GUIDED_SWAP_TO_PBEST | Indices: (41, 123) | Local Improvement: 0.0
  Move 6: TRIPLE_SWAP | Indices: (38, 235, 162) | Local Improvement: 2.0
=================================================================================
=================================================================================
2025-07-18T09:33:27.234 | Step 79 | Particle 12 | GLOBAL BEST ACHIEVED!
Global Improvement: 2.0
All moves in this step:
  Move 1: TRIPLE_SWAP | Indices: (255, 114, 25) | Local Improvement: 2.0
=================================================================================
=================================================================================
2025-07-18T09:33:32.826 | Step 208 | Particle 10 | GLOBAL BEST ACHIEVED!
Global Improvement: 2.0
All moves in this step:
  Move 1: TRIPLE_SWAP | Indices: (14, 129, 250) | Local Improvement: 2.0
=================================================================================
=================================================================================
2025-07-18T09:35:52.487 | Step 3884 | Particle 19 | GLOBAL BEST ACHIEVED!
Global Improvement: 2.0
All moves in this step:
  Move 1: GUIDED_SWAP_TO_PBEST | Indices: (204, 213) | Local Improvement: 0.0
  Move 2: RANDOM_SWAP | Indices: (247, 198) | Local Improvement: 0.0
=================================================================================
=================================================================================
2025-07-18T09:36:00.684 | Step 4252 | Particle 18 | GLOBAL BEST ACHIEVED!
Global Improvement: 2.0
All moves in this step:
  Move 1: GUIDED_SWAP_TO_PBEST | Indices: (210, 229) | Local Improvement: 0.0
  Move 2: GUIDED_SWAP_TO_PBEST | Indices: (193, 57) | Local Improvement: 0.0
  Move 3: GUIDED_SWAP_TO_PBEST | Indices: (135, 216) | Local Improvement: 0.0
  Move 4: GUIDED_SWAP_TO_GBEST | Indices: (113, 120) | Local Improvement: 0.0
  Move 5: GUIDED_SWAP_TO_GBEST | Indices: (217, 129) | Local Improvement: 0.0
  Move 6: TRIPLE_SWAP | Indices: (4, 99, 165) | Local Improvement: 2.0
=================================================================================
=================================================================================
2025-07-18T09:40:20.733 | Step 15975 | Particle 16 | GLOBAL BEST ACHIEVED!
Global Improvement: 2.0
All moves in this step:
  Move 1: GUIDED_SWAP_TO_PBEST | Indices: (68, 54) | Local Improvement: 0.0
  Move 2: GUIDED_SWAP_TO_PBEST | Indices: (159, 232) | Local Improvement: 0.0
  Move 3: GUIDED_SWAP_TO_PBEST | Indices: (166, 82) | Local Improvement: 0.0
  Move 4: GUIDED_SWAP_TO_PBEST | Indices: (177, 238) | Local Improvement: 0.0
  Move 5: GUIDED_SWAP_TO_PBEST | Indices: (54, 138) | Local Improvement: 0.0
  Move 6: TRIPLE_SWAP | Indices: (116, 214, 120) | Local Improvement: 2.0
=================================================================================
=================================================================================
2025-07-18T09:41:54.546 | Step 20248 | Particle 24 | GLOBAL BEST ACHIEVED!
Global Improvement: 2.0
All moves in this step:
  Move 1: TRIPLE_SWAP | Indices: (73, 192, 230) | Local Improvement: 2.0
=================================================================================
