# Global Best Swaps Only - FIXED THREAD-SAFE DEBUG MODE
# Started on: 2025-09-08T23:41:24.875
# Format: Timestamp | Step | Particle | Operation | Indices | Local | Global | Status
# Note: Each global best S-box is saved in debug_sboxes/ directory
# FIXED: Thread-safe implementation to prevent race conditions

=================================================================================
2025-09-08T23:41:25.030 | Step 1 | Particle 9 | GLOBAL BEST ACHIEVED!
Global Improvement: 16.0
All moves in this step:
  Move 1: TRIPLE_SWAP | Indices: (46, 11, 203) | Local Improvement: 8.0
  Move 2: RANDOM_SWAP | Indices: (109, 180) | Local Improvement: 0.0
  Move 3: RANDOM_SWAP | Indices: (170, 22) | Local Improvement: 0.0
=================================================================================
=================================================================================
2025-09-08T23:41:25.071 | Step 1 | Particle 47 | GLOBAL BEST ACHIEVED!
Global Improvement: 18.0
All moves in this step:
  Move 1: TRIPLE_SWAP | Indices: (130, 133, 26) | Local Improvement: 8.0
  Move 2: RANDOM_SWAP | Indices: (5, 131) | Local Improvement: 0.0
  Move 3: RANDOM_SWAP | Indices: (78, 143) | Local Improvement: 0.0
  Move 4: RANDOM_SWAP | Indices: (132, 180) | Local Improvement: 0.0
  Move 5: RANDOM_SWAP | Indices: (178, 223) | Local Improvement: 0.0
=================================================================================
=================================================================================
2025-09-08T23:41:25.080 | Step 1 | Particle 90 | GLOBAL BEST ACHIEVED!
Global Improvement: 24.0
All moves in this step:
  Move 1: TRIPLE_SWAP | Indices: (112, 198, 181) | Local Improvement: 12.0
  Move 2: RANDOM_SWAP | Indices: (149, 79) | Local Improvement: 0.0
  Move 3: RANDOM_SWAP | Indices: (64, 93) | Local Improvement: 0.0
  Move 4: RANDOM_SWAP | Indices: (215, 233) | Local Improvement: 0.0
  Move 5: RANDOM_SWAP | Indices: (45, 124) | Local Improvement: 0.0
  Move 6: RANDOM_SWAP | Indices: (111, 36) | Local Improvement: 0.0
=================================================================================
=================================================================================
2025-09-08T23:41:25.406 | Step 2 | Particle 3 | GLOBAL BEST ACHIEVED!
Global Improvement: 10.0
All moves in this step:
  Move 1: GUIDED_SWAP_TO_GBEST | Indices: (215, 233) | Local Improvement: 0.0
  Move 2: GUIDED_SWAP_TO_GBEST | Indices: (64, 93) | Local Improvement: 0.0
  Move 3: GUIDED_SWAP_TO_GBEST | Indices: (124, 45) | Local Improvement: 0.0
  Move 4: GUIDED_SWAP_TO_GBEST | Indices: (111, 36) | Local Improvement: 0.0
  Move 5: GUIDED_SWAP_TO_PBEST | Indices: (233, 215) | Local Improvement: 0.0
  Move 6: GUIDED_SWAP_TO_PBEST | Indices: (45, 124) | Local Improvement: 0.0
  Move 7: GUIDED_SWAP_TO_PBEST | Indices: (111, 36) | Local Improvement: 0.0
  Move 8: GUIDED_SWAP_TO_PBEST | Indices: (93, 64) | Local Improvement: 0.0
  Move 9: GUIDED_SWAP_TO_GBEST | Indices: (233, 215) | Local Improvement: 0.0
  Move 10: GUIDED_SWAP_TO_GBEST | Indices: (198, 112) | Local Improvement: 0.0
  Move 11: GUIDED_SWAP_TO_GBEST | Indices: (93, 64) | Local Improvement: 0.0
  Move 12: GUIDED_SWAP_TO_GBEST | Indices: (36, 111) | Local Improvement: 0.0
  Move 13: GUIDED_SWAP_TO_GBEST | Indices: (181, 112) | Local Improvement: 0.0
  Move 14: GUIDED_SWAP_TO_PBEST | Indices: (215, 233) | Local Improvement: 0.0
  Move 15: GUIDED_SWAP_TO_PBEST | Indices: (112, 198) | Local Improvement: 0.0
  Move 16: GUIDED_SWAP_TO_PBEST | Indices: (36, 111) | Local Improvement: 0.0
  Move 17: GUIDED_SWAP_TO_PBEST | Indices: (93, 64) | Local Improvement: 0.0
  Move 18: GUIDED_SWAP_TO_GBEST | Indices: (93, 64) | Local Improvement: 0.0
  Move 19: GUIDED_SWAP_TO_GBEST | Indices: (215, 233) | Local Improvement: 0.0
  Move 20: GUIDED_SWAP_TO_GBEST | Indices: (36, 111) | Local Improvement: 0.0
  Move 21: GUIDED_SWAP_TO_GBEST | Indices: (124, 45) | Local Improvement: 0.0
  Move 22: GUIDED_SWAP_TO_GBEST | Indices: (112, 198) | Local Improvement: 0.0
  Move 23: TRIPLE_SWAP | Indices: (147, 175, 13) | Local Improvement: 8.0
  Move 24: RANDOM_SWAP | Indices: (7, 23) | Local Improvement: 0.0
  Move 25: RANDOM_SWAP | Indices: (63, 81) | Local Improvement: 0.0
  Move 26: RANDOM_SWAP | Indices: (109, 90) | Local Improvement: 0.0
  Move 27: RANDOM_SWAP | Indices: (57, 56) | Local Improvement: 0.0
=================================================================================
=================================================================================
2025-09-08T23:41:25.410 | Step 2 | Particle 20 | GLOBAL BEST ACHIEVED!
Global Improvement: 12.0
All moves in this step:
  Move 1: GUIDED_SWAP_TO_GBEST | Indices: (36, 111) | Local Improvement: 0.0
  Move 2: GUIDED_SWAP_TO_GBEST | Indices: (181, 198) | Local Improvement: 0.0
  Move 3: GUIDED_SWAP_TO_GBEST | Indices: (79, 149) | Local Improvement: 0.0
  Move 4: GUIDED_SWAP_TO_GBEST | Indices: (112, 198) | Local Improvement: 0.0
  Move 5: GUIDED_SWAP_TO_GBEST | Indices: (124, 45) | Local Improvement: 0.0
  Move 6: GUIDED_SWAP_TO_GBEST | Indices: (233, 215) | Local Improvement: 0.0
  Move 7: GUIDED_SWAP_TO_GBEST | Indices: (64, 93) | Local Improvement: 0.0
  Move 8: GUIDED_SWAP_TO_PBEST | Indices: (181, 112) | Local Improvement: 0.0
  Move 9: GUIDED_SWAP_TO_PBEST | Indices: (36, 111) | Local Improvement: 0.0
  Move 10: GUIDED_SWAP_TO_PBEST | Indices: (45, 124) | Local Improvement: 0.0
  Move 11: GUIDED_SWAP_TO_PBEST | Indices: (112, 198) | Local Improvement: 0.0
  Move 12: GUIDED_SWAP_TO_GBEST | Indices: (198, 112) | Local Improvement: 0.0
  Move 13: GUIDED_SWAP_TO_GBEST | Indices: (112, 181) | Local Improvement: 0.0
  Move 14: GUIDED_SWAP_TO_GBEST | Indices: (111, 36) | Local Improvement: 0.0
  Move 15: GUIDED_SWAP_TO_GBEST | Indices: (45, 124) | Local Improvement: 0.0
  Move 16: TRIPLE_SWAP | Indices: (23, 216, 229) | Local Improvement: 12.0
=================================================================================
=================================================================================
2025-09-08T23:41:25.914 | Step 3 | Particle 6 | GLOBAL BEST ACHIEVED!
Global Improvement: 10.0
All moves in this step:
  Move 1: GUIDED_SWAP_TO_GBEST | Indices: (229, 216) | Local Improvement: 0.0
  Move 2: GUIDED_SWAP_TO_GBEST | Indices: (112, 181) | Local Improvement: 0.0
  Move 3: GUIDED_SWAP_TO_GBEST | Indices: (105, 177) | Local Improvement: 0.0
  Move 4: GUIDED_SWAP_TO_GBEST | Indices: (79, 5) | Local Improvement: 0.0
  Move 5: GUIDED_SWAP_TO_GBEST | Indices: (122, 127) | Local Improvement: 0.0
  Move 6: GUIDED_SWAP_TO_PBEST | Indices: (5, 79) | Local Improvement: 0.0
  Move 7: GUIDED_SWAP_TO_PBEST | Indices: (181, 112) | Local Improvement: 0.0
  Move 8: GUIDED_SWAP_TO_PBEST | Indices: (177, 105) | Local Improvement: 0.0
  Move 9: GUIDED_SWAP_TO_GBEST | Indices: (177, 105) | Local Improvement: 0.0
  Move 10: GUIDED_SWAP_TO_GBEST | Indices: (127, 254) | Local Improvement: 0.0
  Move 11: GUIDED_SWAP_TO_GBEST | Indices: (216, 23) | Local Improvement: 0.0
  Move 12: GUIDED_SWAP_TO_GBEST | Indices: (149, 79) | Local Improvement: 0.0
  Move 13: TRIPLE_SWAP | Indices: (126, 119, 82) | Local Improvement: 8.0
  Move 14: RANDOM_SWAP | Indices: (107, 174) | Local Improvement: 0.0
  Move 15: RANDOM_SWAP | Indices: (147, 133) | Local Improvement: 0.0
  Move 16: RANDOM_SWAP | Indices: (115, 24) | Local Improvement: 0.0
  Move 17: RANDOM_SWAP | Indices: (221, 83) | Local Improvement: 0.0
  Move 18: RANDOM_SWAP | Indices: (11, 71) | Local Improvement: 0.0
=================================================================================
=================================================================================
2025-09-08T23:41:25.923 | Step 3 | Particle 53 | GLOBAL BEST ACHIEVED!
Global Improvement: 12.0
All moves in this step:
  Move 1: GUIDED_SWAP_TO_GBEST | Indices: (216, 23) | Local Improvement: 0.0
  Move 2: GUIDED_SWAP_TO_GBEST | Indices: (155, 85) | Local Improvement: 0.0
  Move 3: GUIDED_SWAP_TO_GBEST | Indices: (234, 254) | Local Improvement: 0.0
  Move 4: GUIDED_SWAP_TO_GBEST | Indices: (85, 12) | Local Improvement: 0.0
  Move 5: GUIDED_SWAP_TO_GBEST | Indices: (27, 44) | Local Improvement: 0.0
  Move 6: GUIDED_SWAP_TO_PBEST | Indices: (85, 155) | Local Improvement: 0.0
  Move 7: GUIDED_SWAP_TO_PBEST | Indices: (216, 23) | Local Improvement: 0.0
  Move 8: GUIDED_SWAP_TO_PBEST | Indices: (234, 254) | Local Improvement: 0.0
  Move 9: GUIDED_SWAP_TO_PBEST | Indices: (44, 27) | Local Improvement: 0.0
  Move 10: GUIDED_SWAP_TO_GBEST | Indices: (155, 85) | Local Improvement: 0.0
  Move 11: GUIDED_SWAP_TO_GBEST | Indices: (229, 216) | Local Improvement: 0.0
  Move 12: GUIDED_SWAP_TO_GBEST | Indices: (27, 44) | Local Improvement: 0.0
  Move 13: GUIDED_SWAP_TO_GBEST | Indices: (234, 254) | Local Improvement: 0.0
  Move 14: GUIDED_SWAP_TO_PBEST | Indices: (155, 12) | Local Improvement: 0.0
  Move 15: GUIDED_SWAP_TO_PBEST | Indices: (216, 229) | Local Improvement: 0.0
  Move 16: GUIDED_SWAP_TO_PBEST | Indices: (85, 12) | Local Improvement: 0.0
  Move 17: GUIDED_SWAP_TO_PBEST | Indices: (27, 44) | Local Improvement: 0.0
  Move 18: GUIDED_SWAP_TO_GBEST | Indices: (216, 23) | Local Improvement: 0.0
  Move 19: GUIDED_SWAP_TO_GBEST | Indices: (12, 155) | Local Improvement: 0.0
  Move 20: GUIDED_SWAP_TO_GBEST | Indices: (27, 44) | Local Improvement: 0.0
  Move 21: GUIDED_SWAP_TO_GBEST | Indices: (229, 23) | Local Improvement: 0.0
  Move 22: GUIDED_SWAP_TO_GBEST | Indices: (36, 45) | Local Improvement: 0.0
  Move 23: TRIPLE_SWAP | Indices: (97, 119, 105) | Local Improvement: 6.0
=================================================================================
=================================================================================
2025-09-08T23:41:26.192 | Step 4 | Particle 2 | GLOBAL BEST ACHIEVED!
Global Improvement: 4.0
All moves in this step:
  Move 1: GUIDED_SWAP_TO_GBEST | Indices: (235, 117) | Local Improvement: 0.0
  Move 2: GUIDED_SWAP_TO_GBEST | Indices: (187, 121) | Local Improvement: 0.0
  Move 3: GUIDED_SWAP_TO_GBEST | Indices: (119, 117) | Local Improvement: 0.0
  Move 4: GUIDED_SWAP_TO_GBEST | Indices: (105, 117) | Local Improvement: 0.0
  Move 5: GUIDED_SWAP_TO_GBEST | Indices: (97, 117) | Local Improvement: 0.0
  Move 6: GUIDED_SWAP_TO_PBEST | Indices: (117, 235) | Local Improvement: 0.0
  Move 7: GUIDED_SWAP_TO_PBEST | Indices: (235, 119) | Local Improvement: 0.0
  Move 8: GUIDED_SWAP_TO_PBEST | Indices: (121, 187) | Local Improvement: 0.0
  Move 9: GUIDED_SWAP_TO_PBEST | Indices: (119, 105) | Local Improvement: 0.0
  Move 10: GUIDED_SWAP_TO_PBEST | Indices: (97, 105) | Local Improvement: 0.0
  Move 11: GUIDED_SWAP_TO_GBEST | Indices: (117, 97) | Local Improvement: 0.0
  Move 12: GUIDED_SWAP_TO_GBEST | Indices: (187, 121) | Local Improvement: 0.0
  Move 13: GUIDED_SWAP_TO_GBEST | Indices: (119, 235) | Local Improvement: 0.0
  Move 14: GUIDED_SWAP_TO_GBEST | Indices: (85, 155) | Local Improvement: 0.0
  Move 15: TRIPLE_SWAP | Indices: (58, 223, 255) | Local Improvement: 8.0
=================================================================================
=================================================================================
2025-09-08T23:41:26.193 | Step 4 | Particle 6 | GLOBAL BEST ACHIEVED!
Global Improvement: 6.0
All moves in this step:
  Move 1: GUIDED_SWAP_TO_GBEST | Indices: (71, 11) | Local Improvement: 0.0
  Move 2: GUIDED_SWAP_TO_GBEST | Indices: (155, 85) | Local Improvement: 0.0
  Move 3: GUIDED_SWAP_TO_GBEST | Indices: (115, 24) | Local Improvement: 0.0
  Move 4: GUIDED_SWAP_TO_GBEST | Indices: (112, 181) | Local Improvement: 0.0
  Move 5: GUIDED_SWAP_TO_GBEST | Indices: (119, 97) | Local Improvement: 0.0
  Move 6: GUIDED_SWAP_TO_GBEST | Indices: (107, 174) | Local Improvement: 0.0
  Move 7: GUIDED_SWAP_TO_GBEST | Indices: (5, 79) | Local Improvement: 0.0
  Move 8: GUIDED_SWAP_TO_GBEST | Indices: (147, 133) | Local Improvement: 0.0
  Move 9: GUIDED_SWAP_TO_GBEST | Indices: (126, 97) | Local Improvement: 0.0
  Move 10: TRIPLE_SWAP | Indices: (174, 159, 72) | Local Improvement: 6.0
=================================================================================
=================================================================================
2025-09-08T23:41:26.194 | Step 4 | Particle 15 | GLOBAL BEST ACHIEVED!
Global Improvement: 10.0
All moves in this step:
  Move 1: GUIDED_SWAP_TO_GBEST | Indices: (105, 119) | Local Improvement: 0.0
  Move 2: GUIDED_SWAP_TO_GBEST | Indices: (97, 119) | Local Improvement: 0.0
  Move 3: GUIDED_SWAP_TO_GBEST | Indices: (23, 216) | Local Improvement: 0.0
  Move 4: GUIDED_SWAP_TO_GBEST | Indices: (85, 155) | Local Improvement: 0.0
  Move 5: TRIPLE_SWAP | Indices: (203, 131, 192) | Local Improvement: 10.0
=================================================================================
=================================================================================
2025-09-08T23:41:26.206 | Step 4 | Particle 75 | GLOBAL BEST ACHIEVED!
Global Improvement: 14.0
All moves in this step:
  Move 1: GUIDED_SWAP_TO_GBEST | Indices: (170, 181) | Local Improvement: 0.0
  Move 2: GUIDED_SWAP_TO_GBEST | Indices: (155, 85) | Local Improvement: 0.0
  Move 3: GUIDED_SWAP_TO_GBEST | Indices: (60, 175) | Local Improvement: 0.0
  Move 4: GUIDED_SWAP_TO_GBEST | Indices: (94, 90) | Local Improvement: 0.0
  Move 5: GUIDED_SWAP_TO_GBEST | Indices: (119, 97) | Local Improvement: 0.0
  Move 6: GUIDED_SWAP_TO_GBEST | Indices: (194, 125) | Local Improvement: 0.0
  Move 7: GUIDED_SWAP_TO_GBEST | Indices: (97, 105) | Local Improvement: 0.0
  Move 8: GUIDED_SWAP_TO_GBEST | Indices: (68, 256) | Local Improvement: 0.0
  Move 9: GUIDED_SWAP_TO_PBEST | Indices: (85, 155) | Local Improvement: 0.0
  Move 10: GUIDED_SWAP_TO_PBEST | Indices: (175, 60) | Local Improvement: 0.0
  Move 11: GUIDED_SWAP_TO_PBEST | Indices: (68, 256) | Local Improvement: 0.0
  Move 12: GUIDED_SWAP_TO_PBEST | Indices: (181, 170) | Local Improvement: 0.0
  Move 13: GUIDED_SWAP_TO_GBEST | Indices: (36, 111) | Local Improvement: 0.0
  Move 14: GUIDED_SWAP_TO_GBEST | Indices: (181, 170) | Local Improvement: 0.0
  Move 15: GUIDED_SWAP_TO_GBEST | Indices: (68, 256) | Local Improvement: 0.0
  Move 16: GUIDED_SWAP_TO_GBEST | Indices: (155, 85) | Local Improvement: 0.0
  Move 17: TRIPLE_SWAP | Indices: (220, 197, 130) | Local Improvement: 6.0
=================================================================================
=================================================================================
2025-09-08T23:41:26.314 | Step 5 | Particle 26 | GLOBAL BEST ACHIEVED!
Global Improvement: 6.0
All moves in this step:
  Move 1: GUIDED_SWAP_TO_GBEST | Indices: (72, 175) | Local Improvement: 0.0
  Move 2: GUIDED_SWAP_TO_GBEST | Indices: (97, 105) | Local Improvement: 0.0
  Move 3: GUIDED_SWAP_TO_GBEST | Indices: (175, 60) | Local Improvement: 0.0
  Move 4: GUIDED_SWAP_TO_GBEST | Indices: (220, 130) | Local Improvement: 0.0
  Move 5: GUIDED_SWAP_TO_PBEST | Indices: (175, 72) | Local Improvement: 0.0
  Move 6: GUIDED_SWAP_TO_PBEST | Indices: (220, 130) | Local Improvement: 0.0
  Move 7: GUIDED_SWAP_TO_PBEST | Indices: (72, 60) | Local Improvement: 0.0
  Move 8: GUIDED_SWAP_TO_PBEST | Indices: (105, 97) | Local Improvement: 0.0
  Move 9: GUIDED_SWAP_TO_GBEST | Indices: (175, 60) | Local Improvement: 0.0
  Move 10: GUIDED_SWAP_TO_GBEST | Indices: (60, 72) | Local Improvement: 0.0
  Move 11: GUIDED_SWAP_TO_GBEST | Indices: (97, 105) | Local Improvement: 0.0
  Move 12: GUIDED_SWAP_TO_GBEST | Indices: (197, 220) | Local Improvement: 0.0
  Move 13: GUIDED_SWAP_TO_GBEST | Indices: (130, 220) | Local Improvement: 0.0
  Move 14: GUIDED_SWAP_TO_PBEST | Indices: (175, 72) | Local Improvement: 0.0
  Move 15: GUIDED_SWAP_TO_PBEST | Indices: (105, 97) | Local Improvement: 0.0
  Move 16: GUIDED_SWAP_TO_PBEST | Indices: (220, 197) | Local Improvement: 0.0
  Move 17: GUIDED_SWAP_TO_PBEST | Indices: (130, 197) | Local Improvement: 0.0
  Move 18: GUIDED_SWAP_TO_GBEST | Indices: (197, 220) | Local Improvement: 0.0
  Move 19: GUIDED_SWAP_TO_GBEST | Indices: (72, 175) | Local Improvement: 0.0
  Move 20: GUIDED_SWAP_TO_GBEST | Indices: (220, 130) | Local Improvement: 0.0
  Move 21: GUIDED_SWAP_TO_GBEST | Indices: (105, 97) | Local Improvement: 0.0
  Move 22: TRIPLE_SWAP | Indices: (50, 126, 146) | Local Improvement: 6.0
=================================================================================
=================================================================================
2025-09-08T23:41:26.316 | Step 5 | Particle 36 | GLOBAL BEST ACHIEVED!
Global Improvement: 10.0
All moves in this step:
  Move 1: GUIDED_SWAP_TO_GBEST | Indices: (155, 85) | Local Improvement: 0.0
  Move 2: GUIDED_SWAP_TO_GBEST | Indices: (147, 58) | Local Improvement: 0.0
  Move 3: GUIDED_SWAP_TO_GBEST | Indices: (130, 197) | Local Improvement: 0.0
  Move 4: GUIDED_SWAP_TO_GBEST | Indices: (217, 181) | Local Improvement: 0.0
  Move 5: GUIDED_SWAP_TO_PBEST | Indices: (58, 147) | Local Improvement: 0.0
  Move 6: GUIDED_SWAP_TO_PBEST | Indices: (85, 155) | Local Improvement: 0.0
  Move 7: GUIDED_SWAP_TO_PBEST | Indices: (130, 197) | Local Improvement: 0.0
  Move 8: GUIDED_SWAP_TO_PBEST | Indices: (181, 217) | Local Improvement: 0.0
  Move 9: GUIDED_SWAP_TO_GBEST | Indices: (130, 197) | Local Improvement: 0.0
  Move 10: GUIDED_SWAP_TO_GBEST | Indices: (60, 72) | Local Improvement: 0.0
  Move 11: GUIDED_SWAP_TO_GBEST | Indices: (155, 85) | Local Improvement: 0.0
  Move 12: GUIDED_SWAP_TO_GBEST | Indices: (220, 197) | Local Improvement: 0.0
  Move 13: GUIDED_SWAP_TO_PBEST | Indices: (130, 220) | Local Improvement: 0.0
  Move 14: GUIDED_SWAP_TO_PBEST | Indices: (220, 197) | Local Improvement: 0.0
  Move 15: GUIDED_SWAP_TO_PBEST | Indices: (72, 60) | Local Improvement: 0.0
  Move 16: GUIDED_SWAP_TO_GBEST | Indices: (72, 175) | Local Improvement: 0.0
  Move 17: GUIDED_SWAP_TO_GBEST | Indices: (147, 58) | Local Improvement: 0.0
  Move 18: GUIDED_SWAP_TO_GBEST | Indices: (220, 130) | Local Improvement: 0.0
  Move 19: GUIDED_SWAP_TO_GBEST | Indices: (197, 130) | Local Improvement: 0.0
  Move 20: GUIDED_SWAP_TO_GBEST | Indices: (181, 217) | Local Improvement: 0.0
  Move 21: TRIPLE_SWAP | Indices: (84, 165, 192) | Local Improvement: 6.0
  Move 22: RANDOM_SWAP | Indices: (46, 26) | Local Improvement: 0.0
  Move 23: RANDOM_SWAP | Indices: (156, 212) | Local Improvement: 0.0
  Move 24: RANDOM_SWAP | Indices: (156, 25) | Local Improvement: 0.0
=================================================================================
=================================================================================
2025-09-08T23:41:26.394 | Step 6 | Particle 28 | GLOBAL BEST ACHIEVED!
Global Improvement: 6.0
All moves in this step:
  Move 1: GUIDED_SWAP_TO_GBEST | Indices: (25, 212) | Local Improvement: 0.0
  Move 2: GUIDED_SWAP_TO_GBEST | Indices: (43, 250) | Local Improvement: 0.0
  Move 3: GUIDED_SWAP_TO_GBEST | Indices: (26, 46) | Local Improvement: 0.0
  Move 4: GUIDED_SWAP_TO_GBEST | Indices: (72, 60) | Local Improvement: 0.0
  Move 5: GUIDED_SWAP_TO_GBEST | Indices: (150, 177) | Local Improvement: 0.0
  Move 6: GUIDED_SWAP_TO_PBEST | Indices: (43, 250) | Local Improvement: 0.0
  Move 7: GUIDED_SWAP_TO_PBEST | Indices: (60, 72) | Local Improvement: 0.0
  Move 8: GUIDED_SWAP_TO_PBEST | Indices: (26, 46) | Local Improvement: 0.0
  Move 9: GUIDED_SWAP_TO_PBEST | Indices: (177, 150) | Local Improvement: 0.0
  Move 10: GUIDED_SWAP_TO_GBEST | Indices: (72, 60) | Local Improvement: 0.0
  Move 11: GUIDED_SWAP_TO_GBEST | Indices: (242, 140) | Local Improvement: 0.0
  Move 12: GUIDED_SWAP_TO_GBEST | Indices: (84, 192) | Local Improvement: 0.0
  Move 13: GUIDED_SWAP_TO_GBEST | Indices: (130, 197) | Local Improvement: 0.0
  Move 14: GUIDED_SWAP_TO_GBEST | Indices: (197, 150) | Local Improvement: 0.0
  Move 15: GUIDED_SWAP_TO_GBEST | Indices: (26, 46) | Local Improvement: 0.0
  Move 16: GUIDED_SWAP_TO_GBEST | Indices: (165, 192) | Local Improvement: 0.0
  Move 17: GUIDED_SWAP_TO_GBEST | Indices: (97, 119) | Local Improvement: 0.0
  Move 18: GUIDED_SWAP_TO_GBEST | Indices: (60, 175) | Local Improvement: 0.0
  Move 19: GUIDED_SWAP_TO_GBEST | Indices: (43, 250) | Local Improvement: 0.0
  Move 20: TRIPLE_SWAP | Indices: (254, 113, 130) | Local Improvement: 4.0
=================================================================================
=================================================================================
2025-09-08T23:41:26.462 | Step 7 | Particle 85 | GLOBAL BEST ACHIEVED!
Global Improvement: 4.0
All moves in this step:
  Move 1: GUIDED_SWAP_TO_GBEST | Indices: (150, 129) | Local Improvement: 0.0
  Move 2: GUIDED_SWAP_TO_GBEST | Indices: (129, 163) | Local Improvement: 0.0
  Move 3: GUIDED_SWAP_TO_GBEST | Indices: (130, 113) | Local Improvement: 0.0
  Move 4: GUIDED_SWAP_TO_GBEST | Indices: (250, 184) | Local Improvement: 0.0
  Move 5: GUIDED_SWAP_TO_GBEST | Indices: (254, 113) | Local Improvement: 0.0
  Move 6: GUIDED_SWAP_TO_GBEST | Indices: (177, 163) | Local Improvement: 0.0
  Move 7: TRIPLE_SWAP | Indices: (20, 48, 210) | Local Improvement: 4.0
=================================================================================
=================================================================================
2025-09-08T23:41:26.508 | Step 8 | Particle 28 | GLOBAL BEST ACHIEVED!
Global Improvement: 2.0
All moves in this step:
  Move 1: GUIDED_SWAP_TO_GBEST | Indices: (210, 48) | Local Improvement: 0.0
  Move 2: GUIDED_SWAP_TO_GBEST | Indices: (20, 48) | Local Improvement: 0.0
  Move 3: GUIDED_SWAP_TO_PBEST | Indices: (210, 20) | Local Improvement: 0.0
  Move 4: GUIDED_SWAP_TO_PBEST | Indices: (20, 48) | Local Improvement: 0.0
  Move 5: GUIDED_SWAP_TO_GBEST | Indices: (210, 48) | Local Improvement: 0.0
  Move 6: GUIDED_SWAP_TO_GBEST | Indices: (48, 20) | Local Improvement: 0.0
  Move 7: TRIPLE_SWAP | Indices: (21, 161, 159) | Local Improvement: 2.0
=================================================================================
=================================================================================
2025-09-08T23:41:26.520 | Step 8 | Particle 94 | GLOBAL BEST ACHIEVED!
Global Improvement: 4.0
All moves in this step:
  Move 1: GUIDED_SWAP_TO_GBEST | Indices: (213, 89) | Local Improvement: 0.0
  Move 2: GUIDED_SWAP_TO_GBEST | Indices: (184, 250) | Local Improvement: 0.0
  Move 3: GUIDED_SWAP_TO_GBEST | Indices: (20, 210) | Local Improvement: 0.0
  Move 4: GUIDED_SWAP_TO_GBEST | Indices: (210, 48) | Local Improvement: 0.0
  Move 5: GUIDED_SWAP_TO_GBEST | Indices: (220, 218) | Local Improvement: 0.0
  Move 6: GUIDED_SWAP_TO_PBEST | Indices: (20, 48) | Local Improvement: 0.0
  Move 7: GUIDED_SWAP_TO_PBEST | Indices: (211, 71) | Local Improvement: 0.0
  Move 8: GUIDED_SWAP_TO_PBEST | Indices: (71, 89) | Local Improvement: 0.0
  Move 9: GUIDED_SWAP_TO_PBEST | Indices: (170, 216) | Local Improvement: 0.0
  Move 10: GUIDED_SWAP_TO_PBEST | Indices: (130, 254) | Local Improvement: 0.0
  Move 11: GUIDED_SWAP_TO_GBEST | Indices: (48, 20) | Local Improvement: 0.0
  Move 12: GUIDED_SWAP_TO_GBEST | Indices: (172, 179) | Local Improvement: 0.0
  Move 13: GUIDED_SWAP_TO_GBEST | Indices: (212, 25) | Local Improvement: 0.0
  Move 14: GUIDED_SWAP_TO_GBEST | Indices: (150, 177) | Local Improvement: 0.0
  Move 15: GUIDED_SWAP_TO_GBEST | Indices: (179, 169) | Local Improvement: 0.0
  Move 16: GUIDED_SWAP_TO_GBEST | Indices: (130, 254) | Local Improvement: 0.0
  Move 17: GUIDED_SWAP_TO_GBEST | Indices: (107, 116) | Local Improvement: 0.0
  Move 18: TRIPLE_SWAP | Indices: (236, 174, 165) | Local Improvement: 4.0
=================================================================================
=================================================================================
2025-09-08T23:41:26.625 | Step 9 | Particle 44 | GLOBAL BEST ACHIEVED!
Global Improvement: 2.0
All moves in this step:
  Move 1: GUIDED_SWAP_TO_PBEST | Indices: (55, 176) | Local Improvement: 0.0
  Move 2: GUIDED_SWAP_TO_PBEST | Indices: (156, 212) | Local Improvement: 0.0
  Move 3: GUIDED_SWAP_TO_PBEST | Indices: (176, 247) | Local Improvement: 0.0
  Move 4: GUIDED_SWAP_TO_GBEST | Indices: (84, 192) | Local Improvement: 0.0
  Move 5: GUIDED_SWAP_TO_GBEST | Indices: (254, 113) | Local Improvement: 0.0
  Move 6: GUIDED_SWAP_TO_GBEST | Indices: (212, 156) | Local Improvement: 0.0
  Move 7: GUIDED_SWAP_TO_GBEST | Indices: (175, 72) | Local Improvement: 0.0
  Move 8: GUIDED_SWAP_TO_GBEST | Indices: (177, 150) | Local Improvement: 0.0
  Move 9: GUIDED_SWAP_TO_PBEST | Indices: (212, 156) | Local Improvement: 0.0
  Move 10: GUIDED_SWAP_TO_PBEST | Indices: (254, 113) | Local Improvement: 0.0
  Move 11: GUIDED_SWAP_TO_PBEST | Indices: (84, 192) | Local Improvement: 0.0
  Move 12: GUIDED_SWAP_TO_GBEST | Indices: (236, 165) | Local Improvement: 0.0
  Move 13: GUIDED_SWAP_TO_GBEST | Indices: (98, 12) | Local Improvement: 0.0
  Move 14: GUIDED_SWAP_TO_GBEST | Indices: (192, 84) | Local Improvement: 0.0
  Move 15: GUIDED_SWAP_TO_GBEST | Indices: (254, 113) | Local Improvement: 0.0
  Move 16: GUIDED_SWAP_TO_GBEST | Indices: (250, 184) | Local Improvement: 0.0
  Move 17: GUIDED_SWAP_TO_GBEST | Indices: (20, 210) | Local Improvement: 0.0
  Move 18: GUIDED_SWAP_TO_GBEST | Indices: (156, 212) | Local Improvement: 0.0
  Move 19: GUIDED_SWAP_TO_GBEST | Indices: (48, 210) | Local Improvement: 0.0
=================================================================================
=================================================================================
2025-09-08T23:41:26.694 | Step 10 | Particle 13 | GLOBAL BEST ACHIEVED!
Global Improvement: 2.0
All moves in this step:
  Move 1: GUIDED_SWAP_TO_GBEST | Indices: (48, 210) | Local Improvement: 0.0
  Move 2: GUIDED_SWAP_TO_GBEST | Indices: (202, 128) | Local Improvement: 0.0
  Move 3: GUIDED_SWAP_TO_GBEST | Indices: (74, 12) | Local Improvement: 0.0
  Move 4: GUIDED_SWAP_TO_PBEST | Indices: (12, 74) | Local Improvement: 0.0
  Move 5: GUIDED_SWAP_TO_PBEST | Indices: (210, 48) | Local Improvement: 0.0
  Move 6: GUIDED_SWAP_TO_PBEST | Indices: (202, 128) | Local Improvement: 0.0
  Move 7: GUIDED_SWAP_TO_GBEST | Indices: (12, 74) | Local Improvement: 0.0
  Move 8: GUIDED_SWAP_TO_GBEST | Indices: (202, 128) | Local Improvement: 0.0
  Move 9: GUIDED_SWAP_TO_GBEST | Indices: (48, 210) | Local Improvement: 0.0
  Move 10: TRIPLE_SWAP | Indices: (169, 51, 239) | Local Improvement: 2.0
=================================================================================
=================================================================================
2025-09-08T23:41:26.752 | Step 11 | Particle 69 | GLOBAL BEST ACHIEVED!
Global Improvement: 2.0
All moves in this step:
  Move 1: GUIDED_SWAP_TO_GBEST | Indices: (74, 186) | Local Improvement: 0.0
  Move 2: GUIDED_SWAP_TO_GBEST | Indices: (130, 220) | Local Improvement: 0.0
  Move 3: GUIDED_SWAP_TO_GBEST | Indices: (256, 84) | Local Improvement: 0.0
  Move 4: GUIDED_SWAP_TO_GBEST | Indices: (84, 165) | Local Improvement: 0.0
  Move 5: GUIDED_SWAP_TO_GBEST | Indices: (51, 169) | Local Improvement: 0.0
  Move 6: GUIDED_SWAP_TO_PBEST | Indices: (165, 84) | Local Improvement: 0.0
  Move 7: GUIDED_SWAP_TO_PBEST | Indices: (74, 186) | Local Improvement: 0.0
  Move 8: GUIDED_SWAP_TO_PBEST | Indices: (130, 220) | Local Improvement: 0.0
  Move 9: GUIDED_SWAP_TO_PBEST | Indices: (51, 169) | Local Improvement: 0.0
  Move 10: GUIDED_SWAP_TO_GBEST | Indices: (130, 220) | Local Improvement: 0.0
  Move 11: GUIDED_SWAP_TO_GBEST | Indices: (74, 186) | Local Improvement: 0.0
  Move 12: GUIDED_SWAP_TO_GBEST | Indices: (84, 165) | Local Improvement: 0.0
  Move 13: GUIDED_SWAP_TO_GBEST | Indices: (169, 239) | Local Improvement: 0.0
  Move 14: GUIDED_SWAP_TO_GBEST | Indices: (51, 239) | Local Improvement: 0.0
  Move 15: TRIPLE_SWAP | Indices: (256, 245, 18) | Local Improvement: 2.0
=================================================================================
=================================================================================
2025-09-08T23:41:26.867 | Step 12 | Particle 34 | GLOBAL BEST ACHIEVED!
Global Improvement: 4.0
All moves in this step:
  Move 1: GUIDED_SWAP_TO_GBEST | Indices: (20, 48) | Local Improvement: 0.0
  Move 2: GUIDED_SWAP_TO_GBEST | Indices: (12, 74) | Local Improvement: 0.0
  Move 3: GUIDED_SWAP_TO_GBEST | Indices: (187, 232) | Local Improvement: 0.0
  Move 4: GUIDED_SWAP_TO_GBEST | Indices: (93, 37) | Local Improvement: 0.0
  Move 5: GUIDED_SWAP_TO_PBEST | Indices: (93, 37) | Local Improvement: 0.0
  Move 6: GUIDED_SWAP_TO_PBEST | Indices: (187, 232) | Local Improvement: 0.0
  Move 7: GUIDED_SWAP_TO_PBEST | Indices: (12, 74) | Local Improvement: 0.0
  Move 8: GUIDED_SWAP_TO_PBEST | Indices: (20, 48) | Local Improvement: 0.0
  Move 9: GUIDED_SWAP_TO_GBEST | Indices: (245, 187) | Local Improvement: 0.0
  Move 10: GUIDED_SWAP_TO_GBEST | Indices: (12, 74) | Local Improvement: 0.0
  Move 11: GUIDED_SWAP_TO_GBEST | Indices: (187, 232) | Local Improvement: 0.0
  Move 12: GUIDED_SWAP_TO_GBEST | Indices: (37, 93) | Local Improvement: 0.0
  Move 13: GUIDED_SWAP_TO_PBEST | Indices: (93, 37) | Local Improvement: 0.0
  Move 14: GUIDED_SWAP_TO_PBEST | Indices: (245, 232) | Local Improvement: 0.0
  Move 15: GUIDED_SWAP_TO_PBEST | Indices: (12, 74) | Local Improvement: 0.0
  Move 16: GUIDED_SWAP_TO_PBEST | Indices: (232, 187) | Local Improvement: 0.0
  Move 17: GUIDED_SWAP_TO_GBEST | Indices: (93, 37) | Local Improvement: 0.0
  Move 18: GUIDED_SWAP_TO_GBEST | Indices: (256, 18) | Local Improvement: 0.0
  Move 19: GUIDED_SWAP_TO_GBEST | Indices: (12, 74) | Local Improvement: 0.0
  Move 20: GUIDED_SWAP_TO_GBEST | Indices: (236, 165) | Local Improvement: 0.0
  Move 21: TRIPLE_SWAP | Indices: (96, 195, 92) | Local Improvement: 2.0
=================================================================================
=================================================================================
2025-09-08T23:41:26.922 | Step 13 | Particle 69 | GLOBAL BEST ACHIEVED!
Global Improvement: 2.0
All moves in this step:
  Move 1: GUIDED_SWAP_TO_PBEST | Indices: (80, 151) | Local Improvement: 0.0
  Move 2: GUIDED_SWAP_TO_PBEST | Indices: (129, 17) | Local Improvement: 0.0
  Move 3: GUIDED_SWAP_TO_GBEST | Indices: (48, 20) | Local Improvement: 0.0
  Move 4: GUIDED_SWAP_TO_GBEST | Indices: (245, 18) | Local Improvement: 0.0
  Move 5: GUIDED_SWAP_TO_GBEST | Indices: (114, 228) | Local Improvement: 0.0
  Move 6: GUIDED_SWAP_TO_GBEST | Indices: (18, 232) | Local Improvement: 0.0
  Move 7: GUIDED_SWAP_TO_GBEST | Indices: (195, 96) | Local Improvement: 0.0
  Move 8: GUIDED_SWAP_TO_PBEST | Indices: (96, 195) | Local Improvement: 0.0
  Move 9: GUIDED_SWAP_TO_PBEST | Indices: (48, 20) | Local Improvement: 0.0
  Move 10: GUIDED_SWAP_TO_PBEST | Indices: (232, 18) | Local Improvement: 0.0
  Move 11: GUIDED_SWAP_TO_PBEST | Indices: (114, 228) | Local Improvement: 0.0
  Move 12: GUIDED_SWAP_TO_GBEST | Indices: (232, 187) | Local Improvement: 0.0
  Move 13: GUIDED_SWAP_TO_GBEST | Indices: (248, 142) | Local Improvement: 0.0
  Move 14: GUIDED_SWAP_TO_GBEST | Indices: (96, 92) | Local Improvement: 0.0
  Move 15: GUIDED_SWAP_TO_GBEST | Indices: (143, 204) | Local Improvement: 0.0
  Move 16: GUIDED_SWAP_TO_GBEST | Indices: (187, 18) | Local Improvement: 0.0
  Move 17: GUIDED_SWAP_TO_GBEST | Indices: (195, 92) | Local Improvement: 0.0
  Move 18: GUIDED_SWAP_TO_GBEST | Indices: (228, 83) | Local Improvement: 0.0
  Move 19: GUIDED_SWAP_TO_GBEST | Indices: (48, 20) | Local Improvement: 0.0
  Move 20: GUIDED_SWAP_TO_GBEST | Indices: (83, 114) | Local Improvement: 0.0
  Move 21: TRIPLE_SWAP | Indices: (239, 191, 25) | Local Improvement: 2.0
=================================================================================
=================================================================================
2025-09-08T23:41:27.337 | Step 17 | Particle 57 | GLOBAL BEST ACHIEVED!
Global Improvement: 2.0
All moves in this step:
  Move 1: GUIDED_SWAP_TO_GBEST | Indices: (83, 228) | Local Improvement: 0.0
  Move 2: GUIDED_SWAP_TO_GBEST | Indices: (52, 50) | Local Improvement: 0.0
  Move 3: GUIDED_SWAP_TO_GBEST | Indices: (50, 246) | Local Improvement: 0.0
  Move 4: GUIDED_SWAP_TO_GBEST | Indices: (187, 232) | Local Improvement: 0.0
  Move 5: GUIDED_SWAP_TO_PBEST | Indices: (228, 83) | Local Improvement: 0.0
  Move 6: GUIDED_SWAP_TO_PBEST | Indices: (52, 246) | Local Improvement: 0.0
  Move 7: GUIDED_SWAP_TO_PBEST | Indices: (246, 50) | Local Improvement: 0.0
  Move 8: GUIDED_SWAP_TO_PBEST | Indices: (232, 187) | Local Improvement: 0.0
  Move 9: GUIDED_SWAP_TO_GBEST | Indices: (228, 83) | Local Improvement: 0.0
  Move 10: GUIDED_SWAP_TO_GBEST | Indices: (232, 187) | Local Improvement: 0.0
  Move 11: GUIDED_SWAP_TO_GBEST | Indices: (52, 50) | Local Improvement: 0.0
  Move 12: GUIDED_SWAP_TO_GBEST | Indices: (50, 246) | Local Improvement: 0.0
  Move 13: GUIDED_SWAP_TO_PBEST | Indices: (246, 50) | Local Improvement: 0.0
  Move 14: GUIDED_SWAP_TO_PBEST | Indices: (232, 187) | Local Improvement: 0.0
  Move 15: GUIDED_SWAP_TO_PBEST | Indices: (52, 50) | Local Improvement: 0.0
=================================================================================
=================================================================================
2025-09-08T23:41:27.380 | Step 18 | Particle 67 | GLOBAL BEST ACHIEVED!
Global Improvement: 2.0
All moves in this step:
  Move 1: GUIDED_SWAP_TO_GBEST | Indices: (195, 92) | Local Improvement: 0.0
  Move 2: GUIDED_SWAP_TO_GBEST | Indices: (111, 239) | Local Improvement: 0.0
  Move 3: GUIDED_SWAP_TO_GBEST | Indices: (50, 52) | Local Improvement: 0.0
  Move 4: GUIDED_SWAP_TO_GBEST | Indices: (48, 20) | Local Improvement: 0.0
  Move 5: GUIDED_SWAP_TO_GBEST | Indices: (66, 179) | Local Improvement: 0.0
  Move 6: GUIDED_SWAP_TO_PBEST | Indices: (195, 92) | Local Improvement: 0.0
  Move 7: GUIDED_SWAP_TO_PBEST | Indices: (179, 66) | Local Improvement: 0.0
  Move 8: GUIDED_SWAP_TO_PBEST | Indices: (111, 239) | Local Improvement: 0.0
  Move 9: GUIDED_SWAP_TO_PBEST | Indices: (50, 52) | Local Improvement: 0.0
  Move 10: GUIDED_SWAP_TO_GBEST | Indices: (111, 239) | Local Improvement: 0.0
  Move 11: GUIDED_SWAP_TO_GBEST | Indices: (66, 179) | Local Improvement: 0.0
  Move 12: GUIDED_SWAP_TO_GBEST | Indices: (246, 50) | Local Improvement: 0.0
  Move 13: GUIDED_SWAP_TO_GBEST | Indices: (52, 50) | Local Improvement: 0.0
  Move 14: GUIDED_SWAP_TO_GBEST | Indices: (195, 92) | Local Improvement: 0.0
  Move 15: GUIDED_SWAP_TO_PBEST | Indices: (239, 111) | Local Improvement: 0.0
  Move 16: GUIDED_SWAP_TO_PBEST | Indices: (20, 48) | Local Improvement: 0.0
  Move 17: GUIDED_SWAP_TO_PBEST | Indices: (195, 92) | Local Improvement: 0.0
  Move 18: GUIDED_SWAP_TO_PBEST | Indices: (66, 179) | Local Improvement: 0.0
  Move 19: GUIDED_SWAP_TO_GBEST | Indices: (187, 232) | Local Improvement: 0.0
  Move 20: GUIDED_SWAP_TO_GBEST | Indices: (195, 92) | Local Improvement: 0.0
  Move 21: GUIDED_SWAP_TO_GBEST | Indices: (66, 179) | Local Improvement: 0.0
  Move 22: GUIDED_SWAP_TO_GBEST | Indices: (111, 239) | Local Improvement: 0.0
=================================================================================
=================================================================================
2025-09-08T23:41:28.072 | Step 26 | Particle 88 | GLOBAL BEST ACHIEVED!
Global Improvement: 2.0
All moves in this step:
  Move 1: RANDOM_SWAP | Indices: (117, 97) | Local Improvement: 0.0
=================================================================================
=================================================================================
2025-09-08T23:41:30.239 | Step 60 | Particle 55 | GLOBAL BEST ACHIEVED!
Global Improvement: 2.0
All moves in this step:
  Move 1: TRIPLE_SWAP | Indices: (223, 83, 207) | Local Improvement: 2.0
=================================================================================
=================================================================================
2025-09-08T23:41:42.087 | Step 208 | Particle 61 | GLOBAL BEST ACHIEVED!
Global Improvement: 2.0
All moves in this step:
  Move 1: TRIPLE_SWAP | Indices: (108, 215, 134) | Local Improvement: 2.0
=================================================================================
=================================================================================
2025-09-08T23:43:54.418 | Step 1812 | Particle 30 | GLOBAL BEST ACHIEVED!
Global Improvement: 2.0
All moves in this step:
  Move 1: TRIPLE_SWAP | Indices: (125, 242, 93) | Local Improvement: 2.0
=================================================================================
=================================================================================
2025-09-08T23:45:21.025 | Step 2862 | Particle 57 | GLOBAL BEST ACHIEVED!
Global Improvement: 2.0
All moves in this step:
  Move 1: TRIPLE_SWAP | Indices: (39, 151, 18) | Local Improvement: 2.0
=================================================================================
=================================================================================
2025-09-08T23:45:51.678 | Step 3230 | Particle 53 | GLOBAL BEST ACHIEVED!
Global Improvement: 2.0
All moves in this step:
  Move 1: GUIDED_SWAP_TO_PBEST | Indices: (156, 28) | Local Improvement: 0.0
  Move 2: GUIDED_SWAP_TO_PBEST | Indices: (46, 113) | Local Improvement: 0.0
  Move 3: GUIDED_SWAP_TO_PBEST | Indices: (170, 161) | Local Improvement: 0.0
  Move 4: GUIDED_SWAP_TO_GBEST | Indices: (182, 115) | Local Improvement: 0.0
  Move 5: GUIDED_SWAP_TO_GBEST | Indices: (59, 176) | Local Improvement: 0.0
  Move 6: TRIPLE_SWAP | Indices: (80, 21, 90) | Local Improvement: 2.0
=================================================================================
=================================================================================
2025-09-08T23:46:47.631 | Step 3898 | Particle 10 | GLOBAL BEST ACHIEVED!
Global Improvement: 2.0
All moves in this step:
  Move 1: GUIDED_SWAP_TO_PBEST | Indices: (157, 112) | Local Improvement: 0.0
  Move 2: GUIDED_SWAP_TO_PBEST | Indices: (139, 247) | Local Improvement: 0.0
  Move 3: GUIDED_SWAP_TO_PBEST | Indices: (73, 234) | Local Improvement: 0.0
  Move 4: GUIDED_SWAP_TO_GBEST | Indices: (89, 17) | Local Improvement: 0.0
  Move 5: TRIPLE_SWAP | Indices: (76, 49, 14) | Local Improvement: 2.0
=================================================================================
