# Global Best Swaps Only - FIXED THREAD-SAFE DEBUG MODE
# Started on: 2025-07-16T15:00:24.645
# Format: Timestamp | Step | Particle | Operation | Indices | Local | Global | Status
# Note: Each global best S-box is saved in debug_sboxes/ directory
# FIXED: Thread-safe implementation to prevent race conditions

=================================================================================
2025-07-16T15:00:24.969 | Step 1 | Particle 2 | GLOBAL BEST ACHIEVED!
Global Improvement: 4.0
All moves in this step:
  Move 1: TRIPLE_SWAP | Indices: (153, 216, 164) | Local Improvement: 4.0
=================================================================================
=================================================================================
2025-07-16T15:00:24.992 | Step 1 | Particle 4 | GLOBAL BEST ACHIEVED!
Global Improvement: 2.0
All moves in this step:
  Move 1: TRIPLE_SWAP | Indices: (120, 189, 221) | Local Improvement: 6.0
=================================================================================
=================================================================================
2025-07-16T15:00:24.997 | Step 1 | Particle 27 | GLOBAL BEST ACHIEVED!
Global Improvement: 4.0
All moves in this step:
  Move 1: TRIPLE_SWAP | Indices: (135, 85, 144) | Local Improvement: 4.0
  Move 2: RANDOM_SWAP | Indices: (56, 209) | Local Improvement: 0.0
  Move 3: RANDOM_SWAP | Indices: (188, 114) | Local Improvement: 0.0
  Move 4: RANDOM_SWAP | Indices: (126, 189) | Local Improvement: 0.0
  Move 5: RANDOM_SWAP | Indices: (200, 105) | Local Improvement: 0.0
=================================================================================
=================================================================================
2025-07-16T15:00:25.499 | Step 2 | Particle 6 | GLOBAL BEST ACHIEVED!
Global Improvement: 6.0
All moves in this step:
  Move 1: GUIDED_SWAP_TO_GBEST | Indices: (85, 135) | Local Improvement: 0.0
  Move 2: GUIDED_SWAP_TO_GBEST | Indices: (209, 56) | Local Improvement: 0.0
  Move 3: GUIDED_SWAP_TO_GBEST | Indices: (135, 144) | Local Improvement: 0.0
  Move 4: GUIDED_SWAP_TO_GBEST | Indices: (48, 220) | Local Improvement: 0.0
  Move 5: GUIDED_SWAP_TO_PBEST | Indices: (48, 220) | Local Improvement: 0.0
  Move 6: GUIDED_SWAP_TO_PBEST | Indices: (85, 144) | Local Improvement: 0.0
  Move 7: GUIDED_SWAP_TO_PBEST | Indices: (209, 56) | Local Improvement: 0.0
  Move 8: GUIDED_SWAP_TO_PBEST | Indices: (135, 144) | Local Improvement: 0.0
  Move 9: GUIDED_SWAP_TO_GBEST | Indices: (85, 135) | Local Improvement: 0.0
  Move 10: GUIDED_SWAP_TO_GBEST | Indices: (48, 220) | Local Improvement: 0.0
  Move 11: GUIDED_SWAP_TO_GBEST | Indices: (126, 189) | Local Improvement: 0.0
  Move 12: GUIDED_SWAP_TO_GBEST | Indices: (105, 200) | Local Improvement: 0.0
  Move 13: GUIDED_SWAP_TO_GBEST | Indices: (144, 135) | Local Improvement: 0.0
  Move 14: GUIDED_SWAP_TO_PBEST | Indices: (126, 189) | Local Improvement: 0.0
  Move 15: GUIDED_SWAP_TO_PBEST | Indices: (220, 48) | Local Improvement: 0.0
  Move 16: GUIDED_SWAP_TO_PBEST | Indices: (105, 200) | Local Improvement: 0.0
  Move 17: GUIDED_SWAP_TO_GBEST | Indices: (189, 126) | Local Improvement: 0.0
  Move 18: GUIDED_SWAP_TO_GBEST | Indices: (48, 220) | Local Improvement: 0.0
  Move 19: GUIDED_SWAP_TO_GBEST | Indices: (12, 220) | Local Improvement: 0.0
  Move 20: GUIDED_SWAP_TO_GBEST | Indices: (56, 209) | Local Improvement: 0.0
  Move 21: GUIDED_SWAP_TO_GBEST | Indices: (188, 114) | Local Improvement: 0.0
  Move 22: TRIPLE_SWAP | Indices: (57, 90, 39) | Local Improvement: 10.0
=================================================================================
=================================================================================
2025-07-16T15:00:25.540 | Step 3 | Particle 12 | GLOBAL BEST ACHIEVED!
Global Improvement: 2.0
All moves in this step:
  Move 1: GUIDED_SWAP_TO_GBEST | Indices: (188, 114) | Local Improvement: 0.0
  Move 2: GUIDED_SWAP_TO_GBEST | Indices: (209, 56) | Local Improvement: 0.0
  Move 3: GUIDED_SWAP_TO_GBEST | Indices: (85, 135) | Local Improvement: 0.0
  Move 4: GUIDED_SWAP_TO_GBEST | Indices: (105, 200) | Local Improvement: 0.0
  Move 5: GUIDED_SWAP_TO_GBEST | Indices: (57, 39) | Local Improvement: 0.0
  Move 6: GUIDED_SWAP_TO_GBEST | Indices: (90, 39) | Local Improvement: 0.0
  Move 7: GUIDED_SWAP_TO_GBEST | Indices: (168, 197) | Local Improvement: 0.0
  Move 8: GUIDED_SWAP_TO_PBEST | Indices: (209, 56) | Local Improvement: 0.0
  Move 9: GUIDED_SWAP_TO_PBEST | Indices: (57, 90) | Local Improvement: 0.0
  Move 10: GUIDED_SWAP_TO_PBEST | Indices: (197, 168) | Local Improvement: 0.0
  Move 11: GUIDED_SWAP_TO_PBEST | Indices: (90, 39) | Local Improvement: 0.0
  Move 12: GUIDED_SWAP_TO_PBEST | Indices: (200, 105) | Local Improvement: 0.0
  Move 13: GUIDED_SWAP_TO_GBEST | Indices: (105, 200) | Local Improvement: 0.0
  Move 14: GUIDED_SWAP_TO_GBEST | Indices: (168, 197) | Local Improvement: 0.0
  Move 15: GUIDED_SWAP_TO_GBEST | Indices: (90, 57) | Local Improvement: 0.0
  Move 16: GUIDED_SWAP_TO_GBEST | Indices: (57, 39) | Local Improvement: 0.0
  Move 17: TRIPLE_SWAP | Indices: (98, 185, 38) | Local Improvement: 2.0
=================================================================================
=================================================================================
2025-07-16T15:00:25.584 | Step 4 | Particle 8 | GLOBAL BEST ACHIEVED!
Global Improvement: 2.0
All moves in this step:
  Move 1: GUIDED_SWAP_TO_GBEST | Indices: (185, 98) | Local Improvement: 0.0
  Move 2: GUIDED_SWAP_TO_GBEST | Indices: (98, 38) | Local Improvement: 0.0
  Move 3: GUIDED_SWAP_TO_GBEST | Indices: (29, 167) | Local Improvement: 0.0
  Move 4: GUIDED_SWAP_TO_GBEST | Indices: (178, 167) | Local Improvement: 0.0
  Move 5: GUIDED_SWAP_TO_PBEST | Indices: (98, 185) | Local Improvement: 0.0
  Move 6: GUIDED_SWAP_TO_PBEST | Indices: (38, 185) | Local Improvement: 0.0
  Move 7: GUIDED_SWAP_TO_PBEST | Indices: (178, 167) | Local Improvement: 0.0
  Move 8: GUIDED_SWAP_TO_PBEST | Indices: (29, 167) | Local Improvement: 0.0
  Move 9: GUIDED_SWAP_TO_GBEST | Indices: (56, 209) | Local Improvement: 0.0
  Move 10: GUIDED_SWAP_TO_GBEST | Indices: (98, 38) | Local Improvement: 0.0
  Move 11: GUIDED_SWAP_TO_GBEST | Indices: (29, 167) | Local Improvement: 0.0
  Move 12: GUIDED_SWAP_TO_GBEST | Indices: (178, 167) | Local Improvement: 0.0
  Move 13: GUIDED_SWAP_TO_GBEST | Indices: (38, 185) | Local Improvement: 0.0
  Move 14: GUIDED_SWAP_TO_PBEST | Indices: (209, 56) | Local Improvement: 0.0
  Move 15: GUIDED_SWAP_TO_PBEST | Indices: (38, 98) | Local Improvement: 0.0
  Move 16: GUIDED_SWAP_TO_PBEST | Indices: (167, 29) | Local Improvement: 0.0
  Move 17: GUIDED_SWAP_TO_PBEST | Indices: (98, 185) | Local Improvement: 0.0
  Move 18: GUIDED_SWAP_TO_GBEST | Indices: (76, 197) | Local Improvement: 0.0
  Move 19: GUIDED_SWAP_TO_GBEST | Indices: (56, 209) | Local Improvement: 0.0
  Move 20: GUIDED_SWAP_TO_GBEST | Indices: (38, 185) | Local Improvement: 0.0
  Move 21: GUIDED_SWAP_TO_GBEST | Indices: (98, 185) | Local Improvement: 0.0
  Move 22: GUIDED_SWAP_TO_GBEST | Indices: (167, 29) | Local Improvement: 0.0
  Move 23: TRIPLE_SWAP | Indices: (83, 155, 248) | Local Improvement: 2.0
=================================================================================
=================================================================================
2025-07-16T15:00:25.616 | Step 5 | Particle 12 | GLOBAL BEST ACHIEVED!
Global Improvement: 2.0
All moves in this step:
  Move 1: GUIDED_SWAP_TO_PBEST | Indices: (167, 27) | Local Improvement: 0.0
  Move 2: GUIDED_SWAP_TO_GBEST | Indices: (155, 83) | Local Improvement: 0.0
  Move 3: GUIDED_SWAP_TO_GBEST | Indices: (83, 248) | Local Improvement: 0.0
  Move 4: GUIDED_SWAP_TO_PBEST | Indices: (248, 83) | Local Improvement: 0.0
  Move 5: GUIDED_SWAP_TO_PBEST | Indices: (155, 83) | Local Improvement: 0.0
  Move 6: GUIDED_SWAP_TO_GBEST | Indices: (248, 155) | Local Improvement: 0.0
  Move 7: GUIDED_SWAP_TO_GBEST | Indices: (83, 155) | Local Improvement: 0.0
  Move 8: TRIPLE_SWAP | Indices: (120, 25, 92) | Local Improvement: 4.0
=================================================================================
=================================================================================
2025-07-16T15:00:25.647 | Step 6 | Particle 31 | GLOBAL BEST ACHIEVED!
Global Improvement: 2.0
All moves in this step:
  Move 1: GUIDED_SWAP_TO_PBEST | Indices: (207, 134) | Local Improvement: 0.0
  Move 2: GUIDED_SWAP_TO_PBEST | Indices: (46, 134) | Local Improvement: 0.0
  Move 3: GUIDED_SWAP_TO_PBEST | Indices: (83, 155) | Local Improvement: 0.0
  Move 4: GUIDED_SWAP_TO_PBEST | Indices: (248, 155) | Local Improvement: 0.0
  Move 5: GUIDED_SWAP_TO_PBEST | Indices: (180, 134) | Local Improvement: 0.0
  Move 6: GUIDED_SWAP_TO_GBEST | Indices: (25, 120) | Local Improvement: 0.0
  Move 7: GUIDED_SWAP_TO_GBEST | Indices: (120, 92) | Local Improvement: 0.0
  Move 8: GUIDED_SWAP_TO_GBEST | Indices: (155, 83) | Local Improvement: 0.0
  Move 9: GUIDED_SWAP_TO_GBEST | Indices: (207, 46) | Local Improvement: 0.0
  Move 10: GUIDED_SWAP_TO_GBEST | Indices: (46, 180) | Local Improvement: 0.0
  Move 11: TRIPLE_SWAP | Indices: (249, 60, 52) | Local Improvement: 8.0
=================================================================================
=================================================================================
2025-07-16T15:00:25.668 | Step 7 | Particle 10 | GLOBAL BEST ACHIEVED!
Global Improvement: 2.0
All moves in this step:
  Move 1: GUIDED_SWAP_TO_GBEST | Indices: (83, 248) | Local Improvement: 0.0
  Move 2: GUIDED_SWAP_TO_GBEST | Indices: (248, 220) | Local Improvement: 0.0
  Move 3: GUIDED_SWAP_TO_GBEST | Indices: (180, 134) | Local Improvement: 0.0
  Move 4: GUIDED_SWAP_TO_PBEST | Indices: (220, 248) | Local Improvement: 0.0
  Move 5: GUIDED_SWAP_TO_PBEST | Indices: (134, 180) | Local Improvement: 0.0
  Move 6: GUIDED_SWAP_TO_PBEST | Indices: (83, 248) | Local Improvement: 0.0
  Move 7: GUIDED_SWAP_TO_GBEST | Indices: (52, 60) | Local Improvement: 0.0
  Move 8: GUIDED_SWAP_TO_GBEST | Indices: (249, 60) | Local Improvement: 0.0
  Move 9: GUIDED_SWAP_TO_GBEST | Indices: (83, 248) | Local Improvement: 0.0
  Move 10: GUIDED_SWAP_TO_GBEST | Indices: (248, 220) | Local Improvement: 0.0
  Move 11: GUIDED_SWAP_TO_PBEST | Indices: (248, 83) | Local Improvement: 0.0
  Move 12: GUIDED_SWAP_TO_PBEST | Indices: (52, 249) | Local Improvement: 0.0
  Move 13: GUIDED_SWAP_TO_PBEST | Indices: (220, 83) | Local Improvement: 0.0
  Move 14: GUIDED_SWAP_TO_PBEST | Indices: (249, 60) | Local Improvement: 0.0
  Move 15: GUIDED_SWAP_TO_GBEST | Indices: (180, 134) | Local Improvement: 0.0
  Move 16: GUIDED_SWAP_TO_GBEST | Indices: (249, 52) | Local Improvement: 0.0
  Move 17: GUIDED_SWAP_TO_GBEST | Indices: (220, 83) | Local Improvement: 0.0
  Move 18: GUIDED_SWAP_TO_GBEST | Indices: (248, 83) | Local Improvement: 0.0
  Move 19: TRIPLE_SWAP | Indices: (54, 20, 248) | Local Improvement: 2.0
=================================================================================
=================================================================================
2025-07-16T15:00:25.706 | Step 8 | Particle 30 | GLOBAL BEST ACHIEVED!
Global Improvement: 2.0
All moves in this step:
  Move 1: GUIDED_SWAP_TO_GBEST | Indices: (38, 185) | Local Improvement: 0.0
  Move 2: GUIDED_SWAP_TO_GBEST | Indices: (60, 52) | Local Improvement: 0.0
  Move 3: GUIDED_SWAP_TO_GBEST | Indices: (248, 20) | Local Improvement: 0.0
  Move 4: GUIDED_SWAP_TO_GBEST | Indices: (54, 20) | Local Improvement: 0.0
  Move 5: GUIDED_SWAP_TO_PBEST | Indices: (185, 38) | Local Improvement: 0.0
  Move 6: GUIDED_SWAP_TO_PBEST | Indices: (54, 20) | Local Improvement: 0.0
  Move 7: GUIDED_SWAP_TO_PBEST | Indices: (248, 20) | Local Improvement: 0.0
  Move 8: GUIDED_SWAP_TO_PBEST | Indices: (52, 60) | Local Improvement: 0.0
  Move 9: GUIDED_SWAP_TO_GBEST | Indices: (248, 20) | Local Improvement: 0.0
  Move 10: GUIDED_SWAP_TO_GBEST | Indices: (54, 20) | Local Improvement: 0.0
  Move 11: GUIDED_SWAP_TO_GBEST | Indices: (60, 52) | Local Improvement: 0.0
  Move 12: GUIDED_SWAP_TO_GBEST | Indices: (185, 38) | Local Improvement: 0.0
  Move 13: TRIPLE_SWAP | Indices: (39, 156, 240) | Local Improvement: 2.0
=================================================================================
=================================================================================
2025-07-16T15:00:25.728 | Step 9 | Particle 9 | GLOBAL BEST ACHIEVED!
Global Improvement: 2.0
All moves in this step:
  Move 1: GUIDED_SWAP_TO_GBEST | Indices: (39, 240) | Local Improvement: 0.0
  Move 2: GUIDED_SWAP_TO_GBEST | Indices: (240, 156) | Local Improvement: 0.0
  Move 3: GUIDED_SWAP_TO_PBEST | Indices: (240, 39) | Local Improvement: 0.0
  Move 4: GUIDED_SWAP_TO_PBEST | Indices: (156, 39) | Local Improvement: 0.0
  Move 5: GUIDED_SWAP_TO_GBEST | Indices: (240, 156) | Local Improvement: 0.0
  Move 6: GUIDED_SWAP_TO_GBEST | Indices: (39, 156) | Local Improvement: 0.0
  Move 7: GUIDED_SWAP_TO_PBEST | Indices: (39, 156) | Local Improvement: 0.0
  Move 8: GUIDED_SWAP_TO_PBEST | Indices: (240, 156) | Local Improvement: 0.0
  Move 9: GUIDED_SWAP_TO_GBEST | Indices: (156, 39) | Local Improvement: 0.0
  Move 10: GUIDED_SWAP_TO_GBEST | Indices: (39, 240) | Local Improvement: 0.0
  Move 11: TRIPLE_SWAP | Indices: (21, 25, 165) | Local Improvement: 2.0
=================================================================================
=================================================================================
2025-07-16T15:00:25.856 | Step 13 | Particle 44 | GLOBAL BEST ACHIEVED!
Global Improvement: 2.0
All moves in this step:
  Move 1: GUIDED_SWAP_TO_PBEST | Indices: (222, 168) | Local Improvement: 0.0
  Move 2: GUIDED_SWAP_TO_PBEST | Indices: (193, 210) | Local Improvement: 0.0
  Move 3: GUIDED_SWAP_TO_PBEST | Indices: (168, 35) | Local Improvement: 0.0
  Move 4: GUIDED_SWAP_TO_PBEST | Indices: (223, 207) | Local Improvement: 0.0
  Move 5: GUIDED_SWAP_TO_PBEST | Indices: (220, 104) | Local Improvement: 0.0
  Move 6: TRIPLE_SWAP | Indices: (201, 32, 19) | Local Improvement: 2.0
=================================================================================
=================================================================================
2025-07-16T15:00:25.907 | Step 14 | Particle 25 | GLOBAL BEST ACHIEVED!
Global Improvement: 2.0
All moves in this step:
  Move 1: GUIDED_SWAP_TO_PBEST | Indices: (243, 137) | Local Improvement: 0.0
  Move 2: GUIDED_SWAP_TO_GBEST | Indices: (201, 19) | Local Improvement: 0.0
  Move 3: GUIDED_SWAP_TO_GBEST | Indices: (19, 32) | Local Improvement: 0.0
  Move 4: TRIPLE_SWAP | Indices: (165, 150, 145) | Local Improvement: 2.0
=================================================================================
=================================================================================
2025-07-16T15:00:31.444 | Step 151 | Particle 32 | GLOBAL BEST ACHIEVED!
Global Improvement: 2.0
All moves in this step:
  Move 1: GUIDED_SWAP_TO_PBEST | Indices: (227, 223) | Local Improvement: 0.0
  Move 2: TRIPLE_SWAP | Indices: (24, 15, 190) | Local Improvement: 2.0
=================================================================================
=================================================================================
2025-07-16T15:00:31.929 | Step 163 | Particle 45 | GLOBAL BEST ACHIEVED!
Global Improvement: 2.0
All moves in this step:
  Move 1: TRIPLE_SWAP | Indices: (234, 223, 159) | Local Improvement: 2.0
=================================================================================
=================================================================================
2025-07-16T15:00:39.541 | Step 331 | Particle 39 | GLOBAL BEST ACHIEVED!
Global Improvement: 2.0
All moves in this step:
  Move 1: TRIPLE_SWAP | Indices: (153, 112, 115) | Local Improvement: 2.0
=================================================================================
=================================================================================
2025-07-16T15:00:51.982 | Step 617 | Particle 32 | GLOBAL BEST ACHIEVED!
Global Improvement: 2.0
All moves in this step:
  Move 1: TRIPLE_SWAP | Indices: (75, 4, 148) | Local Improvement: 2.0
=================================================================================
=================================================================================
2025-07-16T15:00:59.692 | Step 807 | Particle 22 | GLOBAL BEST ACHIEVED!
Global Improvement: 2.0
All moves in this step:
  Move 1: TRIPLE_SWAP | Indices: (76, 172, 141) | Local Improvement: 2.0
=================================================================================
=================================================================================
2025-07-16T15:01:28.234 | Step 1479 | Particle 18 | GLOBAL BEST ACHIEVED!
Global Improvement: 2.0
All moves in this step:
  Move 1: GUIDED_SWAP_TO_PBEST | Indices: (221, 139) | Local Improvement: 0.0
  Move 2: GUIDED_SWAP_TO_PBEST | Indices: (178, 8) | Local Improvement: 0.0
  Move 3: GUIDED_SWAP_TO_PBEST | Indices: (110, 117) | Local Improvement: 0.0
  Move 4: GUIDED_SWAP_TO_GBEST | Indices: (250, 202) | Local Improvement: 0.0
  Move 5: TRIPLE_SWAP | Indices: (33, 54, 36) | Local Improvement: 2.0
=================================================================================
=================================================================================
2025-07-16T15:01:42.893 | Step 1818 | Particle 49 | GLOBAL BEST ACHIEVED!
Global Improvement: 2.0
All moves in this step:
  Move 1: TRIPLE_SWAP | Indices: (156, 112, 254) | Local Improvement: 2.0
=================================================================================
=================================================================================
2025-07-16T15:05:56.667 | Step 7834 | Particle 42 | GLOBAL BEST ACHIEVED!
Global Improvement: 2.0
All moves in this step:
  Move 1: TRIPLE_SWAP | Indices: (248, 34, 80) | Local Improvement: 2.0
=================================================================================
