# Global Best Swaps Only - COMPOSITE FITNESS MODE WITH EARLY STOPPING
# Started on: 2026-01-29T08:12:55.870
# Format: Timestamp | Step | Particle | Operation | Indices | Local | Global | Status
# Note: Each global best S-box is saved in debug_sboxes/ directory
# Using composite fitness function with NL, SAC, DDT, and Entropy
# Early stopping enabled based on NL threshold

=================================================================================
2026-01-29T08:12:55.974 | Step 1 | Particle 9 | GLOBAL BEST ACHIEVED!
Global Improvement: 0.0069010416666666075
All moves in this step:
  Move 1: TRIPLE_SWAP | Indices: (150, 134, 164) | Local Improvement: 0.0069010416666666075
=================================================================================
=================================================================================
2026-01-29T08:12:55.999 | Step 1 | Particle 15 | GLOBAL BEST ACHIEVED!
Global Improvement: 0.010598958333333353
All moves in this step:
  Move 1: TRIPLE_SWAP | Indices: (202, 48, 172) | Local Improvement: 0.0073893229166666075
  Move 2: RANDOM_SWAP | Indices: (115, 161) | Local Improvement: 0.0
  Move 3: RANDOM_SWAP | Indices: (136, 189) | Local Improvement: 0.0
=================================================================================
=================================================================================
2026-01-29T08:12:56.377 | Step 2 | Particle 3 | GLOBAL BEST ACHIEVED!
Global Improvement: 0.0033072916666666563
All moves in this step:
  Move 1: GUIDED_SWAP_TO_GBEST | Indices: (172, 48) | Local Improvement: 0.0
  Move 2: GUIDED_SWAP_TO_GBEST | Indices: (189, 136) | Local Improvement: 0.0
  Move 3: GUIDED_SWAP_TO_GBEST | Indices: (202, 203) | Local Improvement: 0.0
  Move 4: GUIDED_SWAP_TO_GBEST | Indices: (48, 203) | Local Improvement: 0.0
  Move 5: GUIDED_SWAP_TO_PBEST | Indices: (48, 172) | Local Improvement: 0.0
  Move 6: GUIDED_SWAP_TO_PBEST | Indices: (136, 189) | Local Improvement: 0.0
  Move 7: GUIDED_SWAP_TO_PBEST | Indices: (172, 203) | Local Improvement: 0.0
  Move 8: GUIDED_SWAP_TO_PBEST | Indices: (202, 203) | Local Improvement: 0.0
  Move 9: GUIDED_SWAP_TO_GBEST | Indices: (61, 172) | Local Improvement: 0.0
  Move 10: GUIDED_SWAP_TO_GBEST | Indices: (48, 202) | Local Improvement: 0.0
  Move 11: GUIDED_SWAP_TO_GBEST | Indices: (172, 202) | Local Improvement: 0.0
  Move 12: GUIDED_SWAP_TO_GBEST | Indices: (189, 136) | Local Improvement: 0.0
  Move 13: GUIDED_SWAP_TO_PBEST | Indices: (61, 202) | Local Improvement: 0.0
  Move 14: GUIDED_SWAP_TO_PBEST | Indices: (48, 172) | Local Improvement: 0.0
  Move 15: GUIDED_SWAP_TO_PBEST | Indices: (172, 202) | Local Improvement: 0.0
  Move 16: GUIDED_SWAP_TO_PBEST | Indices: (189, 136) | Local Improvement: 0.0
  Move 17: GUIDED_SWAP_TO_GBEST | Indices: (172, 48) | Local Improvement: 0.0
  Move 18: GUIDED_SWAP_TO_GBEST | Indices: (61, 48) | Local Improvement: 0.0
  Move 19: GUIDED_SWAP_TO_GBEST | Indices: (203, 48) | Local Improvement: 0.0
  Move 20: GUIDED_SWAP_TO_GBEST | Indices: (161, 115) | Local Improvement: 0.0
  Move 21: GUIDED_SWAP_TO_GBEST | Indices: (48, 202) | Local Improvement: 0.0
  Move 22: TRIPLE_SWAP | Indices: (73, 139, 60) | Local Improvement: 0.004570312499999951
=================================================================================
=================================================================================
2026-01-29T08:12:56.380 | Step 2 | Particle 8 | GLOBAL BEST ACHIEVED!
Global Improvement: 0.0034049479166666785
All moves in this step:
  Move 1: GUIDED_SWAP_TO_GBEST | Indices: (209, 30) | Local Improvement: 0.0
  Move 2: GUIDED_SWAP_TO_GBEST | Indices: (172, 48) | Local Improvement: 0.0
  Move 3: GUIDED_SWAP_TO_GBEST | Indices: (202, 48) | Local Improvement: 0.0
  Move 4: GUIDED_SWAP_TO_GBEST | Indices: (170, 30) | Local Improvement: 0.0
  Move 5: GUIDED_SWAP_TO_GBEST | Indices: (136, 189) | Local Improvement: 0.0
  Move 6: GUIDED_SWAP_TO_GBEST | Indices: (115, 161) | Local Improvement: 0.0
  Move 7: RANDOM_SWAP | Indices: (236, 175) | Local Improvement: 0.0
  Move 8: RANDOM_SWAP | Indices: (1, 62) | Local Improvement: 0.0
  Move 9: RANDOM_SWAP | Indices: (29, 112) | Local Improvement: 0.0
=================================================================================
=================================================================================
2026-01-29T08:12:56.385 | Step 2 | Particle 22 | GLOBAL BEST ACHIEVED!
Global Improvement: 0.003600260416666723
All moves in this step:
  Move 1: GUIDED_SWAP_TO_GBEST | Indices: (189, 136) | Local Improvement: 0.0
  Move 2: GUIDED_SWAP_TO_GBEST | Indices: (115, 161) | Local Improvement: 0.0
  Move 3: GUIDED_SWAP_TO_GBEST | Indices: (202, 172) | Local Improvement: 0.0
  Move 4: GUIDED_SWAP_TO_GBEST | Indices: (61, 149) | Local Improvement: 0.0
  Move 5: GUIDED_SWAP_TO_PBEST | Indices: (61, 149) | Local Improvement: 0.0
  Move 6: GUIDED_SWAP_TO_PBEST | Indices: (202, 172) | Local Improvement: 0.0
  Move 7: GUIDED_SWAP_TO_PBEST | Indices: (189, 136) | Local Improvement: 0.0
  Move 8: GUIDED_SWAP_TO_PBEST | Indices: (115, 161) | Local Improvement: 0.0
  Move 9: GUIDED_SWAP_TO_GBEST | Indices: (61, 149) | Local Improvement: 0.0
  Move 10: GUIDED_SWAP_TO_GBEST | Indices: (202, 172) | Local Improvement: 0.0
  Move 11: GUIDED_SWAP_TO_GBEST | Indices: (115, 161) | Local Improvement: 0.0
  Move 12: GUIDED_SWAP_TO_GBEST | Indices: (157, 149) | Local Improvement: 0.0
  Move 13: GUIDED_SWAP_TO_GBEST | Indices: (136, 189) | Local Improvement: 0.0
  Move 14: GUIDED_SWAP_TO_PBEST | Indices: (149, 61) | Local Improvement: 0.0
  Move 15: GUIDED_SWAP_TO_PBEST | Indices: (161, 115) | Local Improvement: 0.0
  Move 16: GUIDED_SWAP_TO_PBEST | Indices: (172, 202) | Local Improvement: 0.0
  Move 17: GUIDED_SWAP_TO_PBEST | Indices: (61, 157) | Local Improvement: 0.0
  Move 18: GUIDED_SWAP_TO_GBEST | Indices: (48, 202) | Local Improvement: 0.0
  Move 19: GUIDED_SWAP_TO_GBEST | Indices: (149, 157) | Local Improvement: 0.0
  Move 20: GUIDED_SWAP_TO_GBEST | Indices: (61, 157) | Local Improvement: 0.0
  Move 21: GUIDED_SWAP_TO_GBEST | Indices: (115, 161) | Local Improvement: 0.0
  Move 22: GUIDED_SWAP_TO_GBEST | Indices: (202, 172) | Local Improvement: 0.0
  Move 23: TRIPLE_SWAP | Indices: (1, 53, 14) | Local Improvement: 0.003600260416666723
=================================================================================
=================================================================================
2026-01-29T08:12:56.388 | Step 2 | Particle 30 | GLOBAL BEST ACHIEVED!
Global Improvement: 0.006016245039682455
All moves in this step:
  Move 1: GUIDED_SWAP_TO_GBEST | Indices: (76, 134) | Local Improvement: 0.0
  Move 2: GUIDED_SWAP_TO_GBEST | Indices: (202, 172) | Local Improvement: 0.0
  Move 3: GUIDED_SWAP_TO_GBEST | Indices: (189, 134) | Local Improvement: 0.0
  Move 4: GUIDED_SWAP_TO_GBEST | Indices: (172, 48) | Local Improvement: 0.0
  Move 5: GUIDED_SWAP_TO_GBEST | Indices: (136, 134) | Local Improvement: 0.0
  Move 6: GUIDED_SWAP_TO_PBEST | Indices: (172, 202) | Local Improvement: 0.0
  Move 7: GUIDED_SWAP_TO_PBEST | Indices: (202, 48) | Local Improvement: 0.0
  Move 8: GUIDED_SWAP_TO_PBEST | Indices: (134, 76) | Local Improvement: 0.0
  Move 9: GUIDED_SWAP_TO_PBEST | Indices: (189, 136) | Local Improvement: 0.0
  Move 10: GUIDED_SWAP_TO_GBEST | Indices: (189, 136) | Local Improvement: 0.0
  Move 11: GUIDED_SWAP_TO_GBEST | Indices: (172, 48) | Local Improvement: 0.0
  Move 12: GUIDED_SWAP_TO_GBEST | Indices: (48, 202) | Local Improvement: 0.0
  Move 13: GUIDED_SWAP_TO_GBEST | Indices: (161, 115) | Local Improvement: 0.0
  Move 14: GUIDED_SWAP_TO_PBEST | Indices: (189, 136) | Local Improvement: 0.0
  Move 15: GUIDED_SWAP_TO_PBEST | Indices: (136, 76) | Local Improvement: 0.0
  Move 16: GUIDED_SWAP_TO_PBEST | Indices: (161, 115) | Local Improvement: 0.0
  Move 17: GUIDED_SWAP_TO_PBEST | Indices: (48, 172) | Local Improvement: 0.0
  Move 18: GUIDED_SWAP_TO_PBEST | Indices: (172, 202) | Local Improvement: 0.0
  Move 19: GUIDED_SWAP_TO_GBEST | Indices: (136, 189) | Local Improvement: 0.0
  Move 20: GUIDED_SWAP_TO_GBEST | Indices: (115, 161) | Local Improvement: 0.0
  Move 21: GUIDED_SWAP_TO_GBEST | Indices: (202, 172) | Local Improvement: 0.0
  Move 22: GUIDED_SWAP_TO_GBEST | Indices: (48, 172) | Local Improvement: 0.0
  Move 23: TRIPLE_SWAP | Indices: (34, 234, 250) | Local Improvement: 0.0035026041666665897
=================================================================================
=================================================================================
2026-01-29T08:12:56.390 | Step 2 | Particle 33 | GLOBAL BEST ACHIEVED!
Global Improvement: 0.006328124999999907
All moves in this step:
  Move 1: GUIDED_SWAP_TO_GBEST | Indices: (202, 172) | Local Improvement: 0.0
  Move 2: GUIDED_SWAP_TO_GBEST | Indices: (115, 161) | Local Improvement: 0.0
  Move 3: GUIDED_SWAP_TO_GBEST | Indices: (150, 212) | Local Improvement: 0.0
  Move 4: GUIDED_SWAP_TO_GBEST | Indices: (212, 234) | Local Improvement: 0.0
  Move 5: GUIDED_SWAP_TO_PBEST | Indices: (161, 115) | Local Improvement: 0.0
  Move 6: GUIDED_SWAP_TO_PBEST | Indices: (202, 172) | Local Improvement: 0.0
  Move 7: GUIDED_SWAP_TO_PBEST | Indices: (212, 150) | Local Improvement: 0.0
  Move 8: GUIDED_SWAP_TO_PBEST | Indices: (234, 150) | Local Improvement: 0.0
  Move 9: GUIDED_SWAP_TO_GBEST | Indices: (161, 115) | Local Improvement: 0.0
  Move 10: GUIDED_SWAP_TO_GBEST | Indices: (48, 202) | Local Improvement: 0.0
  Move 11: GUIDED_SWAP_TO_GBEST | Indices: (189, 136) | Local Improvement: 0.0
  Move 12: GUIDED_SWAP_TO_GBEST | Indices: (212, 234) | Local Improvement: 0.0
  Move 13: GUIDED_SWAP_TO_GBEST | Indices: (202, 172) | Local Improvement: 0.0
  Move 14: TRIPLE_SWAP | Indices: (35, 58, 152) | Local Improvement: 0.0020442708333332504
  Move 15: RANDOM_SWAP | Indices: (8, 52) | Local Improvement: 0.0
  Move 16: RANDOM_SWAP | Indices: (35, 117) | Local Improvement: 0.0
  Move 17: RANDOM_SWAP | Indices: (3, 223) | Local Improvement: 0.0
=================================================================================
=================================================================================
2026-01-29T08:12:56.400 | Step 2 | Particle 59 | GLOBAL BEST ACHIEVED!
Global Improvement: 0.006790984623015861
All moves in this step:
  Move 1: GUIDED_SWAP_TO_GBEST | Indices: (172, 48) | Local Improvement: 0.0
  Move 2: GUIDED_SWAP_TO_GBEST | Indices: (202, 48) | Local Improvement: 0.0
  Move 3: GUIDED_SWAP_TO_GBEST | Indices: (161, 115) | Local Improvement: 0.0
  Move 4: GUIDED_SWAP_TO_GBEST | Indices: (100, 234) | Local Improvement: 0.0
  Move 5: GUIDED_SWAP_TO_PBEST | Indices: (161, 115) | Local Improvement: 0.0
  Move 6: GUIDED_SWAP_TO_PBEST | Indices: (202, 48) | Local Improvement: 0.0
  Move 7: GUIDED_SWAP_TO_PBEST | Indices: (100, 234) | Local Improvement: 0.0
  Move 8: GUIDED_SWAP_TO_PBEST | Indices: (48, 172) | Local Improvement: 0.0
  Move 9: GUIDED_SWAP_TO_GBEST | Indices: (161, 115) | Local Improvement: 0.0
  Move 10: GUIDED_SWAP_TO_GBEST | Indices: (189, 136) | Local Improvement: 0.0
  Move 11: GUIDED_SWAP_TO_GBEST | Indices: (202, 172) | Local Improvement: 0.0
  Move 12: TRIPLE_SWAP | Indices: (233, 149, 10) | Local Improvement: 0.0020253596230159765
=================================================================================
=================================================================================
2026-01-29T08:12:56.716 | Step 3 | Particle 2 | GLOBAL BEST ACHIEVED!
Global Improvement: 0.0038932291666666785
All moves in this step:
  Move 1: GUIDED_SWAP_TO_GBEST | Indices: (10, 149) | Local Improvement: 0.0
  Move 2: GUIDED_SWAP_TO_GBEST | Indices: (161, 115) | Local Improvement: 0.0
  Move 3: GUIDED_SWAP_TO_GBEST | Indices: (131, 234) | Local Improvement: 0.0
  Move 4: GUIDED_SWAP_TO_GBEST | Indices: (149, 233) | Local Improvement: 0.0
  Move 5: GUIDED_SWAP_TO_GBEST | Indices: (189, 136) | Local Improvement: 0.0
  Move 6: GUIDED_SWAP_TO_PBEST | Indices: (189, 136) | Local Improvement: 0.0
  Move 7: GUIDED_SWAP_TO_PBEST | Indices: (149, 10) | Local Improvement: 0.0
  Move 8: GUIDED_SWAP_TO_PBEST | Indices: (115, 161) | Local Improvement: 0.0
  Move 9: GUIDED_SWAP_TO_PBEST | Indices: (233, 10) | Local Improvement: 0.0
  Move 10: GUIDED_SWAP_TO_GBEST | Indices: (25, 55) | Local Improvement: 0.0
  Move 11: GUIDED_SWAP_TO_GBEST | Indices: (202, 172) | Local Improvement: 0.0
  Move 12: GUIDED_SWAP_TO_GBEST | Indices: (78, 244) | Local Improvement: 0.0
  Move 13: GUIDED_SWAP_TO_GBEST | Indices: (209, 174) | Local Improvement: 0.0
  Move 14: GUIDED_SWAP_TO_GBEST | Indices: (207, 183) | Local Improvement: 0.0
  Move 15: GUIDED_SWAP_TO_PBEST | Indices: (183, 207) | Local Improvement: 0.0
  Move 16: GUIDED_SWAP_TO_PBEST | Indices: (25, 55) | Local Improvement: 0.0
  Move 17: GUIDED_SWAP_TO_PBEST | Indices: (244, 78) | Local Improvement: 0.0
  Move 18: GUIDED_SWAP_TO_GBEST | Indices: (100, 234) | Local Improvement: 0.0
  Move 19: GUIDED_SWAP_TO_GBEST | Indices: (233, 10) | Local Improvement: 0.0
  Move 20: GUIDED_SWAP_TO_GBEST | Indices: (183, 207) | Local Improvement: 0.0
  Move 21: GUIDED_SWAP_TO_GBEST | Indices: (149, 10) | Local Improvement: 0.0
  Move 22: TRIPLE_SWAP | Indices: (235, 94, 133) | Local Improvement: 0.006321614583333357
=================================================================================
=================================================================================
2026-01-29T08:12:56.719 | Step 3 | Particle 9 | GLOBAL BEST ACHIEVED!
Global Improvement: 0.004960937499999929
All moves in this step:
  Move 1: GUIDED_SWAP_TO_GBEST | Indices: (234, 100) | Local Improvement: 0.0
  Move 2: GUIDED_SWAP_TO_GBEST | Indices: (131, 100) | Local Improvement: 0.0
  Move 3: GUIDED_SWAP_TO_GBEST | Indices: (239, 192) | Local Improvement: 0.0
  Move 4: GUIDED_SWAP_TO_GBEST | Indices: (192, 74) | Local Improvement: 0.0
  Move 5: GUIDED_SWAP_TO_PBEST | Indices: (100, 234) | Local Improvement: 0.0
  Move 6: GUIDED_SWAP_TO_PBEST | Indices: (192, 239) | Local Improvement: 0.0
  Move 7: GUIDED_SWAP_TO_PBEST | Indices: (239, 74) | Local Improvement: 0.0
  Move 8: GUIDED_SWAP_TO_PBEST | Indices: (131, 234) | Local Improvement: 0.0
  Move 9: GUIDED_SWAP_TO_GBEST | Indices: (234, 100) | Local Improvement: 0.0
  Move 10: GUIDED_SWAP_TO_GBEST | Indices: (149, 233) | Local Improvement: 0.0
  Move 11: GUIDED_SWAP_TO_GBEST | Indices: (131, 100) | Local Improvement: 0.0
  Move 12: GUIDED_SWAP_TO_GBEST | Indices: (74, 239) | Local Improvement: 0.0
  Move 13: GUIDED_SWAP_TO_PBEST | Indices: (239, 74) | Local Improvement: 0.0
  Move 14: GUIDED_SWAP_TO_PBEST | Indices: (233, 149) | Local Improvement: 0.0
  Move 15: GUIDED_SWAP_TO_PBEST | Indices: (131, 100) | Local Improvement: 0.0
  Move 16: GUIDED_SWAP_TO_PBEST | Indices: (100, 234) | Local Improvement: 0.0
  Move 17: GUIDED_SWAP_TO_GBEST | Indices: (234, 100) | Local Improvement: 0.0
  Move 18: GUIDED_SWAP_TO_GBEST | Indices: (10, 149) | Local Improvement: 0.0
  Move 19: GUIDED_SWAP_TO_GBEST | Indices: (172, 48) | Local Improvement: 0.0
  Move 20: GUIDED_SWAP_TO_GBEST | Indices: (233, 149) | Local Improvement: 0.0
  Move 21: TRIPLE_SWAP | Indices: (131, 159, 179) | Local Improvement: 0.003209635416666634
=================================================================================
=================================================================================
2026-01-29T08:12:56.753 | Step 3 | Particle 96 | GLOBAL BEST ACHIEVED!
Global Improvement: 0.005644531249999973
All moves in this step:
  Move 1: GUIDED_SWAP_TO_GBEST | Indices: (100, 131) | Local Improvement: 0.0
  Move 2: GUIDED_SWAP_TO_GBEST | Indices: (234, 131) | Local Improvement: 0.0
  Move 3: GUIDED_SWAP_TO_GBEST | Indices: (188, 31) | Local Improvement: 0.0
  Move 4: GUIDED_SWAP_TO_GBEST | Indices: (48, 172) | Local Improvement: 0.0
  Move 5: GUIDED_SWAP_TO_GBEST | Indices: (149, 233) | Local Improvement: 0.0
  Move 6: GUIDED_SWAP_TO_PBEST | Indices: (188, 31) | Local Improvement: 0.0
  Move 7: GUIDED_SWAP_TO_PBEST | Indices: (233, 149) | Local Improvement: 0.0
  Move 8: GUIDED_SWAP_TO_PBEST | Indices: (48, 172) | Local Improvement: 0.0
  Move 9: GUIDED_SWAP_TO_PBEST | Indices: (234, 131) | Local Improvement: 0.0
  Move 10: GUIDED_SWAP_TO_GBEST | Indices: (157, 188) | Local Improvement: 0.0
  Move 11: GUIDED_SWAP_TO_GBEST | Indices: (31, 188) | Local Improvement: 0.0
  Move 12: GUIDED_SWAP_TO_GBEST | Indices: (10, 149) | Local Improvement: 0.0
  Move 13: GUIDED_SWAP_TO_GBEST | Indices: (131, 234) | Local Improvement: 0.0
  Move 14: GUIDED_SWAP_TO_PBEST | Indices: (188, 157) | Local Improvement: 0.0
  Move 15: GUIDED_SWAP_TO_PBEST | Indices: (31, 157) | Local Improvement: 0.0
  Move 16: GUIDED_SWAP_TO_PBEST | Indices: (234, 131) | Local Improvement: 0.0
  Move 17: GUIDED_SWAP_TO_PBEST | Indices: (149, 10) | Local Improvement: 0.0
  Move 18: GUIDED_SWAP_TO_GBEST | Indices: (136, 189) | Local Improvement: 0.0
  Move 19: GUIDED_SWAP_TO_GBEST | Indices: (149, 233) | Local Improvement: 0.0
  Move 20: GUIDED_SWAP_TO_GBEST | Indices: (131, 234) | Local Improvement: 0.0
  Move 21: GUIDED_SWAP_TO_GBEST | Indices: (172, 48) | Local Improvement: 0.0
  Move 22: GUIDED_SWAP_TO_GBEST | Indices: (233, 10) | Local Improvement: 0.0
  Move 23: TRIPLE_SWAP | Indices: (39, 167, 164) | Local Improvement: 0.0037890624999999956
  Move 24: RANDOM_SWAP | Indices: (89, 175) | Local Improvement: 0.0
  Move 25: RANDOM_SWAP | Indices: (76, 112) | Local Improvement: 0.0
  Move 26: RANDOM_SWAP | Indices: (177, 202) | Local Improvement: 0.0
=================================================================================
=================================================================================
2026-01-29T08:12:57.075 | Step 4 | Particle 11 | GLOBAL BEST ACHIEVED!
Global Improvement: 0.004082031250000062
All moves in this step:
  Move 1: GUIDED_SWAP_TO_GBEST | Indices: (157, 31) | Local Improvement: 0.0
  Move 2: GUIDED_SWAP_TO_GBEST | Indices: (39, 164) | Local Improvement: 0.0
  Move 3: GUIDED_SWAP_TO_GBEST | Indices: (177, 202) | Local Improvement: 0.0
  Move 4: GUIDED_SWAP_TO_GBEST | Indices: (48, 105) | Local Improvement: 0.0
  Move 5: GUIDED_SWAP_TO_GBEST | Indices: (175, 89) | Local Improvement: 0.0
  Move 6: GUIDED_SWAP_TO_PBEST | Indices: (48, 105) | Local Improvement: 0.0
  Move 7: GUIDED_SWAP_TO_PBEST | Indices: (164, 39) | Local Improvement: 0.0
  Move 8: GUIDED_SWAP_TO_PBEST | Indices: (175, 89) | Local Improvement: 0.0
  Move 9: GUIDED_SWAP_TO_GBEST | Indices: (89, 175) | Local Improvement: 0.0
  Move 10: GUIDED_SWAP_TO_GBEST | Indices: (188, 31) | Local Improvement: 0.0
  Move 11: GUIDED_SWAP_TO_GBEST | Indices: (51, 25) | Local Improvement: 0.0
  Move 12: GUIDED_SWAP_TO_GBEST | Indices: (105, 39) | Local Improvement: 0.0
  Move 13: GUIDED_SWAP_TO_GBEST | Indices: (131, 234) | Local Improvement: 0.0
  Move 14: GUIDED_SWAP_TO_GBEST | Indices: (167, 48) | Local Improvement: 0.0
  Move 15: GUIDED_SWAP_TO_GBEST | Indices: (164, 48) | Local Improvement: 0.0
  Move 16: GUIDED_SWAP_TO_GBEST | Indices: (39, 48) | Local Improvement: 0.0
  Move 17: TRIPLE_SWAP | Indices: (173, 8, 1) | Local Improvement: 0.004375000000000018
  Move 18: RANDOM_SWAP | Indices: (30, 45) | Local Improvement: 0.0
  Move 19: RANDOM_SWAP | Indices: (120, 132) | Local Improvement: 0.0
  Move 20: RANDOM_SWAP | Indices: (60, 118) | Local Improvement: 0.0
  Move 21: RANDOM_SWAP | Indices: (21, 242) | Local Improvement: 0.0
  Move 22: RANDOM_SWAP | Indices: (121, 190) | Local Improvement: 0.0
=================================================================================
=================================================================================
2026-01-29T08:12:57.086 | Step 4 | Particle 39 | GLOBAL BEST ACHIEVED!
Global Improvement: 0.0047656249999999956
All moves in this step:
  Move 1: GUIDED_SWAP_TO_GBEST | Indices: (175, 89) | Local Improvement: 0.0
  Move 2: GUIDED_SWAP_TO_GBEST | Indices: (31, 188) | Local Improvement: 0.0
  Move 3: GUIDED_SWAP_TO_GBEST | Indices: (188, 157) | Local Improvement: 0.0
  Move 4: GUIDED_SWAP_TO_PBEST | Indices: (175, 89) | Local Improvement: 0.0
  Move 5: GUIDED_SWAP_TO_PBEST | Indices: (188, 31) | Local Improvement: 0.0
  Move 6: GUIDED_SWAP_TO_PBEST | Indices: (31, 157) | Local Improvement: 0.0
  Move 7: GUIDED_SWAP_TO_GBEST | Indices: (164, 167) | Local Improvement: 0.0
  Move 8: GUIDED_SWAP_TO_GBEST | Indices: (31, 188) | Local Improvement: 0.0
  Move 9: GUIDED_SWAP_TO_GBEST | Indices: (39, 167) | Local Improvement: 0.0
  Move 10: GUIDED_SWAP_TO_GBEST | Indices: (112, 76) | Local Improvement: 0.0
  Move 11: GUIDED_SWAP_TO_GBEST | Indices: (188, 157) | Local Improvement: 0.0
  Move 12: GUIDED_SWAP_TO_GBEST | Indices: (202, 177) | Local Improvement: 0.0
  Move 13: GUIDED_SWAP_TO_GBEST | Indices: (175, 89) | Local Improvement: 0.0
  Move 14: TRIPLE_SWAP | Indices: (107, 173, 118) | Local Improvement: 0.0047656249999999956
=================================================================================
=================================================================================
2026-01-29T08:12:57.093 | Step 4 | Particle 56 | GLOBAL BEST ACHIEVED!
Global Improvement: 0.0057421874999999956
All moves in this step:
  Move 1: GUIDED_SWAP_TO_GBEST | Indices: (177, 202) | Local Improvement: 0.0
  Move 2: GUIDED_SWAP_TO_GBEST | Indices: (89, 175) | Local Improvement: 0.0
  Move 3: GUIDED_SWAP_TO_GBEST | Indices: (188, 157) | Local Improvement: 0.0
  Move 4: GUIDED_SWAP_TO_GBEST | Indices: (39, 164) | Local Improvement: 0.0
  Move 5: GUIDED_SWAP_TO_GBEST | Indices: (31, 157) | Local Improvement: 0.0
  Move 6: GUIDED_SWAP_TO_PBEST | Indices: (31, 157) | Local Improvement: 0.0
  Move 7: GUIDED_SWAP_TO_PBEST | Indices: (39, 164) | Local Improvement: 0.0
  Move 8: GUIDED_SWAP_TO_PBEST | Indices: (188, 157) | Local Improvement: 0.0
  Move 9: GUIDED_SWAP_TO_PBEST | Indices: (175, 89) | Local Improvement: 0.0
  Move 10: GUIDED_SWAP_TO_GBEST | Indices: (76, 112) | Local Improvement: 0.0
  Move 11: GUIDED_SWAP_TO_GBEST | Indices: (31, 188) | Local Improvement: 0.0
  Move 12: GUIDED_SWAP_TO_GBEST | Indices: (164, 167) | Local Improvement: 0.0
  Move 13: GUIDED_SWAP_TO_GBEST | Indices: (175, 89) | Local Improvement: 0.0
  Move 14: GUIDED_SWAP_TO_PBEST | Indices: (164, 167) | Local Improvement: 0.0
  Move 15: GUIDED_SWAP_TO_PBEST | Indices: (76, 112) | Local Improvement: 0.0
  Move 16: GUIDED_SWAP_TO_PBEST | Indices: (202, 177) | Local Improvement: 0.0
  Move 17: GUIDED_SWAP_TO_GBEST | Indices: (76, 112) | Local Improvement: 0.0
  Move 18: GUIDED_SWAP_TO_GBEST | Indices: (177, 202) | Local Improvement: 0.0
  Move 19: GUIDED_SWAP_TO_GBEST | Indices: (157, 188) | Local Improvement: 0.0
  Move 20: GUIDED_SWAP_TO_GBEST | Indices: (167, 39) | Local Improvement: 0.0
  Move 21: TRIPLE_SWAP | Indices: (193, 25, 119) | Local Improvement: 0.00544921875000004
=================================================================================
=================================================================================
2026-01-29T08:12:57.161 | Step 5 | Particle 6 | GLOBAL BEST ACHIEVED!
Global Improvement: 0.0011653645833333837
All moves in this step:
  Move 1: GUIDED_SWAP_TO_GBEST | Indices: (173, 42) | Local Improvement: 0.0
  Move 2: GUIDED_SWAP_TO_GBEST | Indices: (39, 164) | Local Improvement: 0.0
  Move 3: GUIDED_SWAP_TO_GBEST | Indices: (202, 177) | Local Improvement: 0.0
  Move 4: GUIDED_SWAP_TO_GBEST | Indices: (157, 31) | Local Improvement: 0.0
  Move 5: GUIDED_SWAP_TO_GBEST | Indices: (193, 119) | Local Improvement: 0.0
  Move 6: GUIDED_SWAP_TO_GBEST | Indices: (164, 167) | Local Improvement: 0.0
  Move 7: GUIDED_SWAP_TO_GBEST | Indices: (119, 25) | Local Improvement: 0.0
  Move 8: GUIDED_SWAP_TO_GBEST | Indices: (150, 64) | Local Improvement: 0.0
  Move 9: GUIDED_SWAP_TO_PBEST | Indices: (202, 177) | Local Improvement: 0.0
  Move 10: GUIDED_SWAP_TO_PBEST | Indices: (150, 64) | Local Improvement: 0.0
  Move 11: GUIDED_SWAP_TO_PBEST | Indices: (119, 193) | Local Improvement: 0.0
  Move 12: GUIDED_SWAP_TO_PBEST | Indices: (167, 164) | Local Improvement: 0.0
  Move 13: GUIDED_SWAP_TO_PBEST | Indices: (39, 164) | Local Improvement: 0.0
  Move 14: GUIDED_SWAP_TO_GBEST | Indices: (237, 150) | Local Improvement: 0.0
  Move 15: GUIDED_SWAP_TO_GBEST | Indices: (193, 119) | Local Improvement: 0.0
  Move 16: GUIDED_SWAP_TO_GBEST | Indices: (64, 150) | Local Improvement: 0.0
  Move 17: GUIDED_SWAP_TO_GBEST | Indices: (167, 39) | Local Improvement: 0.0
  Move 18: GUIDED_SWAP_TO_GBEST | Indices: (39, 164) | Local Improvement: 0.0
  Move 19: TRIPLE_SWAP | Indices: (9, 33, 217) | Local Improvement: 0.0028190104166666563
=================================================================================
=================================================================================
2026-01-29T08:12:57.164 | Step 5 | Particle 14 | GLOBAL BEST ACHIEVED!
Global Improvement: 0.0013541666666665453
All moves in this step:
  Move 1: GUIDED_SWAP_TO_GBEST | Indices: (119, 25) | Local Improvement: 0.0
  Move 2: GUIDED_SWAP_TO_GBEST | Indices: (39, 164) | Local Improvement: 0.0
  Move 3: GUIDED_SWAP_TO_GBEST | Indices: (193, 25) | Local Improvement: 0.0
  Move 4: GUIDED_SWAP_TO_GBEST | Indices: (76, 36) | Local Improvement: 0.0
  Move 5: GUIDED_SWAP_TO_PBEST | Indices: (39, 164) | Local Improvement: 0.0
  Move 6: GUIDED_SWAP_TO_PBEST | Indices: (25, 119) | Local Improvement: 0.0
  Move 7: GUIDED_SWAP_TO_PBEST | Indices: (36, 76) | Local Improvement: 0.0
  Move 8: GUIDED_SWAP_TO_GBEST | Indices: (227, 76) | Local Improvement: 0.0
  Move 9: GUIDED_SWAP_TO_GBEST | Indices: (36, 76) | Local Improvement: 0.0
  Move 10: GUIDED_SWAP_TO_GBEST | Indices: (202, 177) | Local Improvement: 0.0
  Move 11: GUIDED_SWAP_TO_GBEST | Indices: (39, 164) | Local Improvement: 0.0
  Move 12: GUIDED_SWAP_TO_PBEST | Indices: (39, 164) | Local Improvement: 0.0
  Move 13: GUIDED_SWAP_TO_PBEST | Indices: (227, 36) | Local Improvement: 0.0
  Move 14: GUIDED_SWAP_TO_PBEST | Indices: (193, 119) | Local Improvement: 0.0
  Move 15: GUIDED_SWAP_TO_PBEST | Indices: (177, 202) | Local Improvement: 0.0
  Move 16: GUIDED_SWAP_TO_PBEST | Indices: (36, 76) | Local Improvement: 0.0
  Move 17: TRIPLE_SWAP | Indices: (208, 60, 116) | Local Improvement: 0.0035026041666664787
=================================================================================
=================================================================================
2026-01-29T08:12:57.176 | Step 5 | Particle 42 | GLOBAL BEST ACHIEVED!
Global Improvement: 0.002636098710317336
All moves in this step:
  Move 1: GUIDED_SWAP_TO_GBEST | Indices: (117, 16) | Local Improvement: 0.0
  Move 2: GUIDED_SWAP_TO_GBEST | Indices: (97, 16) | Local Improvement: 0.0
  Move 3: GUIDED_SWAP_TO_GBEST | Indices: (193, 119) | Local Improvement: 0.0
  Move 4: GUIDED_SWAP_TO_GBEST | Indices: (164, 39) | Local Improvement: 0.0
  Move 5: GUIDED_SWAP_TO_PBEST | Indices: (119, 193) | Local Improvement: 0.0
  Move 6: GUIDED_SWAP_TO_PBEST | Indices: (39, 164) | Local Improvement: 0.0
  Move 7: GUIDED_SWAP_TO_PBEST | Indices: (16, 117) | Local Improvement: 0.0
  Move 8: GUIDED_SWAP_TO_GBEST | Indices: (16, 117) | Local Improvement: 0.0
  Move 9: GUIDED_SWAP_TO_GBEST | Indices: (193, 119) | Local Improvement: 0.0
  Move 10: GUIDED_SWAP_TO_GBEST | Indices: (39, 164) | Local Improvement: 0.0
  Move 11: GUIDED_SWAP_TO_GBEST | Indices: (25, 119) | Local Improvement: 0.0
  Move 12: GUIDED_SWAP_TO_PBEST | Indices: (117, 97) | Local Improvement: 0.0
  Move 13: GUIDED_SWAP_TO_PBEST | Indices: (97, 16) | Local Improvement: 0.0
  Move 14: GUIDED_SWAP_TO_PBEST | Indices: (119, 193) | Local Improvement: 0.0
  Move 15: GUIDED_SWAP_TO_PBEST | Indices: (39, 164) | Local Improvement: 0.0
  Move 16: TRIPLE_SWAP | Indices: (214, 3, 57) | Local Improvement: 0.003515004960317314
=================================================================================
=================================================================================
2026-01-29T08:12:57.536 | Step 7 | Particle 3 | GLOBAL BEST ACHIEVED!
Global Improvement: 0.003600260416666612
All moves in this step:
  Move 1: GUIDED_SWAP_TO_GBEST | Indices: (1, 227) | Local Improvement: 0.0
  Move 2: GUIDED_SWAP_TO_GBEST | Indices: (164, 39) | Local Improvement: 0.0
  Move 3: GUIDED_SWAP_TO_GBEST | Indices: (54, 183) | Local Improvement: 0.0
  Move 4: GUIDED_SWAP_TO_GBEST | Indices: (16, 97) | Local Improvement: 0.0
  Move 5: GUIDED_SWAP_TO_GBEST | Indices: (247, 183) | Local Improvement: 0.0
  Move 6: GUIDED_SWAP_TO_GBEST | Indices: (67, 227) | Local Improvement: 0.0
  Move 7: GUIDED_SWAP_TO_PBEST | Indices: (164, 39) | Local Improvement: 0.0
  Move 8: GUIDED_SWAP_TO_PBEST | Indices: (227, 1) | Local Improvement: 0.0
  Move 9: GUIDED_SWAP_TO_PBEST | Indices: (16, 97) | Local Improvement: 0.0
  Move 10: GUIDED_SWAP_TO_PBEST | Indices: (247, 183) | Local Improvement: 0.0
  Move 11: GUIDED_SWAP_TO_PBEST | Indices: (183, 54) | Local Improvement: 0.0
  Move 12: GUIDED_SWAP_TO_GBEST | Indices: (247, 54) | Local Improvement: 0.0
  Move 13: GUIDED_SWAP_TO_GBEST | Indices: (54, 183) | Local Improvement: 0.0
  Move 14: GUIDED_SWAP_TO_GBEST | Indices: (1, 227) | Local Improvement: 0.0
  Move 15: GUIDED_SWAP_TO_GBEST | Indices: (97, 16) | Local Improvement: 0.0
  Move 16: GUIDED_SWAP_TO_GBEST | Indices: (39, 164) | Local Improvement: 0.0
  Move 17: TRIPLE_SWAP | Indices: (208, 174, 256) | Local Improvement: 0.003600260416666612
=================================================================================
=================================================================================
2026-01-29T08:12:57.649 | Step 8 | Particle 35 | GLOBAL BEST ACHIEVED!
Global Improvement: 0.001360677083333317
All moves in this step:
  Move 1: GUIDED_SWAP_TO_GBEST | Indices: (113, 131) | Local Improvement: 0.0
  Move 2: GUIDED_SWAP_TO_GBEST | Indices: (131, 206) | Local Improvement: 0.0
  Move 3: GUIDED_SWAP_TO_GBEST | Indices: (174, 208) | Local Improvement: 0.0
  Move 4: GUIDED_SWAP_TO_GBEST | Indices: (208, 256) | Local Improvement: 0.0
  Move 5: GUIDED_SWAP_TO_GBEST | Indices: (227, 67) | Local Improvement: 0.0
  Move 6: GUIDED_SWAP_TO_PBEST | Indices: (131, 113) | Local Improvement: 0.0
  Move 7: GUIDED_SWAP_TO_PBEST | Indices: (174, 256) | Local Improvement: 0.0
  Move 8: GUIDED_SWAP_TO_PBEST | Indices: (208, 256) | Local Improvement: 0.0
  Move 9: GUIDED_SWAP_TO_PBEST | Indices: (67, 227) | Local Improvement: 0.0
  Move 10: GUIDED_SWAP_TO_PBEST | Indices: (113, 206) | Local Improvement: 0.0
  Move 11: GUIDED_SWAP_TO_GBEST | Indices: (227, 67) | Local Improvement: 0.0
  Move 12: GUIDED_SWAP_TO_GBEST | Indices: (131, 206) | Local Improvement: 0.0
  Move 13: GUIDED_SWAP_TO_GBEST | Indices: (174, 208) | Local Improvement: 0.0
  Move 14: GUIDED_SWAP_TO_GBEST | Indices: (208, 256) | Local Improvement: 0.0
  Move 15: TRIPLE_SWAP | Indices: (154, 152, 18) | Local Improvement: 9.765624999991118e-5
=================================================================================
=================================================================================
2026-01-29T08:12:57.669 | Step 8 | Particle 87 | GLOBAL BEST ACHIEVED!
Global Improvement: 0.0015559895833333615
All moves in this step:
  Move 1: GUIDED_SWAP_TO_GBEST | Indices: (242, 224) | Local Improvement: 0.0
  Move 2: GUIDED_SWAP_TO_GBEST | Indices: (208, 256) | Local Improvement: 0.0
  Move 3: GUIDED_SWAP_TO_GBEST | Indices: (174, 256) | Local Improvement: 0.0
  Move 4: GUIDED_SWAP_TO_GBEST | Indices: (224, 151) | Local Improvement: 0.0
  Move 5: GUIDED_SWAP_TO_PBEST | Indices: (174, 256) | Local Improvement: 0.0
  Move 6: GUIDED_SWAP_TO_PBEST | Indices: (151, 224) | Local Improvement: 0.0
  Move 7: GUIDED_SWAP_TO_PBEST | Indices: (256, 208) | Local Improvement: 0.0
  Move 8: GUIDED_SWAP_TO_PBEST | Indices: (224, 242) | Local Improvement: 0.0
  Move 9: GUIDED_SWAP_TO_GBEST | Indices: (224, 151) | Local Improvement: 0.0
  Move 10: GUIDED_SWAP_TO_GBEST | Indices: (151, 242) | Local Improvement: 0.0
  Move 11: GUIDED_SWAP_TO_GBEST | Indices: (256, 174) | Local Improvement: 0.0
  Move 12: GUIDED_SWAP_TO_GBEST | Indices: (174, 208) | Local Improvement: 0.0
  Move 13: GUIDED_SWAP_TO_PBEST | Indices: (256, 208) | Local Improvement: 0.0
  Move 14: GUIDED_SWAP_TO_PBEST | Indices: (151, 224) | Local Improvement: 0.0
  Move 15: GUIDED_SWAP_TO_PBEST | Indices: (224, 242) | Local Improvement: 0.0
  Move 16: GUIDED_SWAP_TO_PBEST | Indices: (174, 208) | Local Improvement: 0.0
  Move 17: GUIDED_SWAP_TO_GBEST | Indices: (174, 208) | Local Improvement: 0.0
  Move 18: GUIDED_SWAP_TO_GBEST | Indices: (224, 151) | Local Improvement: 0.0
  Move 19: GUIDED_SWAP_TO_GBEST | Indices: (151, 242) | Local Improvement: 0.0
  Move 20: GUIDED_SWAP_TO_GBEST | Indices: (208, 256) | Local Improvement: 0.0
  Move 21: TRIPLE_SWAP | Indices: (27, 196, 43) | Local Improvement: 0.0015559895833333615
=================================================================================
=================================================================================
2026-01-29T08:12:57.729 | Step 9 | Particle 24 | GLOBAL BEST ACHIEVED!
Global Improvement: 0.0014583333333333393
All moves in this step:
  Move 1: GUIDED_SWAP_TO_GBEST | Indices: (43, 196) | Local Improvement: 0.0
  Move 2: GUIDED_SWAP_TO_GBEST | Indices: (196, 27) | Local Improvement: 0.0
  Move 3: GUIDED_SWAP_TO_PBEST | Indices: (196, 43) | Local Improvement: 0.0
  Move 4: GUIDED_SWAP_TO_PBEST | Indices: (27, 43) | Local Improvement: 0.0
  Move 5: GUIDED_SWAP_TO_GBEST | Indices: (196, 27) | Local Improvement: 0.0
  Move 6: GUIDED_SWAP_TO_GBEST | Indices: (27, 43) | Local Improvement: 0.0
  Move 7: GUIDED_SWAP_TO_PBEST | Indices: (43, 27) | Local Improvement: 0.0
  Move 8: GUIDED_SWAP_TO_PBEST | Indices: (196, 27) | Local Improvement: 0.0
  Move 9: GUIDED_SWAP_TO_GBEST | Indices: (196, 27) | Local Improvement: 0.0
  Move 10: GUIDED_SWAP_TO_GBEST | Indices: (43, 27) | Local Improvement: 0.0
  Move 11: TRIPLE_SWAP | Indices: (131, 203, 213) | Local Improvement: 0.0014583333333333393
=================================================================================
=================================================================================
2026-01-29T08:12:57.836 | Step 10 | Particle 4 | GLOBAL BEST ACHIEVED!
Global Improvement: 0.0029166666666665675
All moves in this step:
  Move 1: GUIDED_SWAP_TO_PBEST | Indices: (230, 227) | Local Improvement: 0.0
  Move 2: GUIDED_SWAP_TO_PBEST | Indices: (43, 27) | Local Improvement: 0.0
  Move 3: GUIDED_SWAP_TO_PBEST | Indices: (27, 196) | Local Improvement: 0.0
  Move 4: GUIDED_SWAP_TO_GBEST | Indices: (213, 203) | Local Improvement: 0.0
  Move 5: GUIDED_SWAP_TO_GBEST | Indices: (43, 196) | Local Improvement: 0.0
  Move 6: GUIDED_SWAP_TO_GBEST | Indices: (196, 27) | Local Improvement: 0.0
  Move 7: GUIDED_SWAP_TO_GBEST | Indices: (131, 203) | Local Improvement: 0.0
  Move 8: GUIDED_SWAP_TO_PBEST | Indices: (213, 131) | Local Improvement: 0.0
  Move 9: GUIDED_SWAP_TO_PBEST | Indices: (196, 43) | Local Improvement: 0.0
  Move 10: GUIDED_SWAP_TO_PBEST | Indices: (203, 131) | Local Improvement: 0.0
  Move 11: GUIDED_SWAP_TO_PBEST | Indices: (43, 27) | Local Improvement: 0.0
  Move 12: GUIDED_SWAP_TO_GBEST | Indices: (27, 43) | Local Improvement: 0.0
  Move 13: GUIDED_SWAP_TO_GBEST | Indices: (196, 43) | Local Improvement: 0.0
  Move 14: GUIDED_SWAP_TO_GBEST | Indices: (213, 203) | Local Improvement: 0.0
  Move 15: GUIDED_SWAP_TO_GBEST | Indices: (131, 203) | Local Improvement: 0.0
  Move 16: TRIPLE_SWAP | Indices: (32, 132, 122) | Local Improvement: 0.0029166666666665675
=================================================================================
=================================================================================
2026-01-29T08:12:57.921 | Step 11 | Particle 38 | GLOBAL BEST ACHIEVED!
Global Improvement: 9.76562500000222e-5
All moves in this step:
  Move 1: GUIDED_SWAP_TO_GBEST | Indices: (132, 32) | Local Improvement: 0.0
  Move 2: GUIDED_SWAP_TO_GBEST | Indices: (43, 41) | Local Improvement: 0.0
  Move 3: GUIDED_SWAP_TO_GBEST | Indices: (244, 41) | Local Improvement: 0.0
  Move 4: GUIDED_SWAP_TO_GBEST | Indices: (122, 32) | Local Improvement: 0.0
  Move 5: GUIDED_SWAP_TO_GBEST | Indices: (214, 3) | Local Improvement: 0.0
  Move 6: GUIDED_SWAP_TO_PBEST | Indices: (214, 3) | Local Improvement: 0.0
  Move 7: GUIDED_SWAP_TO_PBEST | Indices: (41, 43) | Local Improvement: 0.0
  Move 8: GUIDED_SWAP_TO_PBEST | Indices: (132, 122) | Local Improvement: 0.0
  Move 9: GUIDED_SWAP_TO_PBEST | Indices: (122, 32) | Local Improvement: 0.0
  Move 10: GUIDED_SWAP_TO_PBEST | Indices: (244, 43) | Local Improvement: 0.0
  Move 11: GUIDED_SWAP_TO_GBEST | Indices: (43, 41) | Local Improvement: 0.0
  Move 12: GUIDED_SWAP_TO_GBEST | Indices: (244, 41) | Local Improvement: 0.0
  Move 13: GUIDED_SWAP_TO_GBEST | Indices: (3, 214) | Local Improvement: 0.0
  Move 14: GUIDED_SWAP_TO_GBEST | Indices: (132, 32) | Local Improvement: 0.0
=================================================================================
=================================================================================
2026-01-29T08:12:58.764 | Step 15 | Particle 79 | GLOBAL BEST ACHIEVED!
Global Improvement: 0.001360677083333317
All moves in this step:
  Move 1: GUIDED_SWAP_TO_GBEST | Indices: (240, 60) | Local Improvement: 0.0
  Move 2: GUIDED_SWAP_TO_GBEST | Indices: (43, 27) | Local Improvement: 0.0
  Move 3: GUIDED_SWAP_TO_GBEST | Indices: (256, 174) | Local Improvement: 0.0
  Move 4: GUIDED_SWAP_TO_PBEST | Indices: (240, 60) | Local Improvement: 0.0
  Move 5: GUIDED_SWAP_TO_PBEST | Indices: (43, 27) | Local Improvement: 0.0
  Move 6: GUIDED_SWAP_TO_PBEST | Indices: (174, 256) | Local Improvement: 0.0
  Move 7: GUIDED_SWAP_TO_GBEST | Indices: (27, 43) | Local Improvement: 0.0
  Move 8: GUIDED_SWAP_TO_GBEST | Indices: (240, 60) | Local Improvement: 0.0
  Move 9: GUIDED_SWAP_TO_GBEST | Indices: (256, 174) | Local Improvement: 0.0
  Move 10: GUIDED_SWAP_TO_PBEST | Indices: (256, 174) | Local Improvement: 0.0
  Move 11: GUIDED_SWAP_TO_PBEST | Indices: (27, 43) | Local Improvement: 0.0
  Move 12: GUIDED_SWAP_TO_PBEST | Indices: (60, 240) | Local Improvement: 0.0
  Move 13: GUIDED_SWAP_TO_GBEST | Indices: (43, 27) | Local Improvement: 0.0
  Move 14: GUIDED_SWAP_TO_GBEST | Indices: (240, 60) | Local Improvement: 0.0
  Move 15: GUIDED_SWAP_TO_GBEST | Indices: (256, 174) | Local Improvement: 0.0
  Move 16: TRIPLE_SWAP | Indices: (237, 50, 65) | Local Improvement: 0.001360677083333317
=================================================================================
=================================================================================
2026-01-29T08:12:58.896 | Step 17 | Particle 83 | GLOBAL BEST ACHIEVED!
Global Improvement: 0.0011653645833332726
All moves in this step:
  Move 1: TRIPLE_SWAP | Indices: (160, 81, 215) | Local Improvement: 0.0011653645833332726
=================================================================================
=================================================================================
2026-01-29T08:12:58.961 | Step 18 | Particle 63 | GLOBAL BEST ACHIEVED!
Global Improvement: 0.0001953125000000444
All moves in this step:
  Move 1: GUIDED_SWAP_TO_GBEST | Indices: (160, 215) | Local Improvement: 0.0
  Move 2: GUIDED_SWAP_TO_GBEST | Indices: (81, 215) | Local Improvement: 0.0
  Move 3: GUIDED_SWAP_TO_PBEST | Indices: (160, 81) | Local Improvement: 0.0
  Move 4: GUIDED_SWAP_TO_PBEST | Indices: (215, 81) | Local Improvement: 0.0
  Move 5: GUIDED_SWAP_TO_GBEST | Indices: (215, 81) | Local Improvement: 0.0
  Move 6: GUIDED_SWAP_TO_GBEST | Indices: (160, 81) | Local Improvement: 0.0
  Move 7: GUIDED_SWAP_TO_PBEST | Indices: (81, 215) | Local Improvement: 0.0
  Move 8: GUIDED_SWAP_TO_PBEST | Indices: (160, 215) | Local Improvement: 0.0
  Move 9: GUIDED_SWAP_TO_GBEST | Indices: (160, 215) | Local Improvement: 0.0
  Move 10: GUIDED_SWAP_TO_GBEST | Indices: (81, 215) | Local Improvement: 0.0
  Move 11: TRIPLE_SWAP | Indices: (16, 106, 141) | Local Improvement: 0.0001953125000000444
=================================================================================
=================================================================================
2026-01-29T08:12:59.164 | Step 21 | Particle 74 | GLOBAL BEST ACHIEVED!
Global Improvement: 0.0001953125000000444
All moves in this step:
  Move 1: GUIDED_SWAP_TO_PBEST | Indices: (7, 148) | Local Improvement: 0.0
  Move 2: GUIDED_SWAP_TO_PBEST | Indices: (85, 89) | Local Improvement: 0.0
  Move 3: GUIDED_SWAP_TO_PBEST | Indices: (75, 240) | Local Improvement: 0.0
  Move 4: GUIDED_SWAP_TO_PBEST | Indices: (88, 16) | Local Improvement: 0.0
  Move 5: GUIDED_SWAP_TO_PBEST | Indices: (16, 106) | Local Improvement: 0.0
  Move 6: GUIDED_SWAP_TO_PBEST | Indices: (237, 50) | Local Improvement: 0.0
  Move 7: GUIDED_SWAP_TO_PBEST | Indices: (81, 215) | Local Improvement: 0.0
  Move 8: GUIDED_SWAP_TO_PBEST | Indices: (65, 50) | Local Improvement: 0.0
  Move 9: GUIDED_SWAP_TO_PBEST | Indices: (160, 215) | Local Improvement: 0.0
  Move 10: GUIDED_SWAP_TO_GBEST | Indices: (65, 47) | Local Improvement: 0.0
  Move 11: GUIDED_SWAP_TO_GBEST | Indices: (141, 106) | Local Improvement: 0.0
  Move 12: GUIDED_SWAP_TO_GBEST | Indices: (16, 106) | Local Improvement: 0.0
  Move 13: GUIDED_SWAP_TO_GBEST | Indices: (237, 47) | Local Improvement: 0.0
  Move 14: GUIDED_SWAP_TO_GBEST | Indices: (47, 50) | Local Improvement: 0.0
  Move 15: GUIDED_SWAP_TO_PBEST | Indices: (65, 237) | Local Improvement: 0.0
  Move 16: GUIDED_SWAP_TO_PBEST | Indices: (16, 106) | Local Improvement: 0.0
  Move 17: GUIDED_SWAP_TO_PBEST | Indices: (50, 237) | Local Improvement: 0.0
  Move 18: GUIDED_SWAP_TO_PBEST | Indices: (106, 141) | Local Improvement: 0.0
  Move 19: GUIDED_SWAP_TO_GBEST | Indices: (16, 141) | Local Improvement: 0.0
  Move 20: GUIDED_SWAP_TO_GBEST | Indices: (215, 81) | Local Improvement: 0.0
  Move 21: GUIDED_SWAP_TO_GBEST | Indices: (237, 65) | Local Improvement: 0.0
  Move 22: GUIDED_SWAP_TO_GBEST | Indices: (65, 50) | Local Improvement: 0.0
=================================================================================
=================================================================================
2026-01-29T08:13:03.112 | Step 60 | Particle 15 | GLOBAL BEST ACHIEVED!
Global Improvement: 0.0028190104166666563
All moves in this step:
  Move 1: GUIDED_SWAP_TO_PBEST | Indices: (220, 172) | Local Improvement: 0.0
  Move 2: GUIDED_SWAP_TO_PBEST | Indices: (223, 181) | Local Improvement: 0.0
  Move 3: TRIPLE_SWAP | Indices: (63, 254, 42) | Local Improvement: 0.0028190104166666563
=================================================================================
=================================================================================
2026-01-29T08:13:03.979 | Step 68 | Particle 29 | GLOBAL BEST ACHIEVED!
Global Improvement: 9.76562500000222e-5
All moves in this step:
  Move 1: TRIPLE_SWAP | Indices: (107, 129, 5) | Local Improvement: 9.76562500000222e-5
=================================================================================
=================================================================================
2026-01-29T08:15:00.683 | Step 1095 | Particle 57 | GLOBAL BEST ACHIEVED!
Global Improvement: 0.0012630208333332948
All moves in this step:
  Move 1: TRIPLE_SWAP | Indices: (203, 71, 132) | Local Improvement: 0.0012630208333332948
=================================================================================
=================================================================================
2026-01-29T08:15:00.902 | Step 1097 | Particle 53 | GLOBAL BEST ACHIEVED!
Global Improvement: 9.76562500000222e-5
All moves in this step:
  Move 1: GUIDED_SWAP_TO_PBEST | Indices: (54, 28) | Local Improvement: 0.0
  Move 2: GUIDED_SWAP_TO_PBEST | Indices: (71, 132) | Local Improvement: 0.0
  Move 3: GUIDED_SWAP_TO_PBEST | Indices: (203, 132) | Local Improvement: 0.0
  Move 4: GUIDED_SWAP_TO_PBEST | Indices: (46, 72) | Local Improvement: 0.0
  Move 5: GUIDED_SWAP_TO_GBEST | Indices: (71, 203) | Local Improvement: 0.0
  Move 6: GUIDED_SWAP_TO_GBEST | Indices: (132, 203) | Local Improvement: 0.0
  Move 7: GUIDED_SWAP_TO_PBEST | Indices: (132, 203) | Local Improvement: 0.0
  Move 8: GUIDED_SWAP_TO_PBEST | Indices: (71, 203) | Local Improvement: 0.0
  Move 9: GUIDED_SWAP_TO_GBEST | Indices: (132, 71) | Local Improvement: 0.0
  Move 10: GUIDED_SWAP_TO_GBEST | Indices: (203, 71) | Local Improvement: 0.0
  Move 11: GUIDED_SWAP_TO_PBEST | Indices: (71, 132) | Local Improvement: 0.0
  Move 12: GUIDED_SWAP_TO_PBEST | Indices: (203, 132) | Local Improvement: 0.0
  Move 13: GUIDED_SWAP_TO_GBEST | Indices: (71, 203) | Local Improvement: 0.0
  Move 14: GUIDED_SWAP_TO_GBEST | Indices: (132, 203) | Local Improvement: 0.0
  Move 15: TRIPLE_SWAP | Indices: (7, 254, 88) | Local Improvement: 9.76562500000222e-5
=================================================================================
=================================================================================
2026-01-29T08:15:01.012 | Step 1098 | Particle 49 | GLOBAL BEST ACHIEVED!
Global Improvement: 9.76562500000222e-5
All moves in this step:
  Move 1: GUIDED_SWAP_TO_GBEST | Indices: (88, 254) | Local Improvement: 0.0
  Move 2: GUIDED_SWAP_TO_GBEST | Indices: (254, 7) | Local Improvement: 0.0
  Move 3: GUIDED_SWAP_TO_PBEST | Indices: (88, 7) | Local Improvement: 0.0
  Move 4: GUIDED_SWAP_TO_PBEST | Indices: (254, 7) | Local Improvement: 0.0
  Move 5: GUIDED_SWAP_TO_GBEST | Indices: (88, 254) | Local Improvement: 0.0
  Move 6: GUIDED_SWAP_TO_GBEST | Indices: (7, 254) | Local Improvement: 0.0
  Move 7: TRIPLE_SWAP | Indices: (20, 211, 173) | Local Improvement: 9.76562500000222e-5
=================================================================================
=================================================================================
2026-01-29T08:15:20.584 | Step 1268 | Particle 60 | GLOBAL BEST ACHIEVED!
Global Improvement: 0.0012630208333332948
All moves in this step:
  Move 1: TRIPLE_SWAP | Indices: (219, 154, 153) | Local Improvement: 0.0012630208333332948
=================================================================================
=================================================================================
2026-01-29T08:15:20.909 | Step 1271 | Particle 47 | GLOBAL BEST ACHIEVED!
Global Improvement: 9.76562500000222e-5
All moves in this step:
  Move 1: TRIPLE_SWAP | Indices: (72, 69, 47) | Local Improvement: 9.76562500000222e-5
=================================================================================
=================================================================================
2026-01-29T08:15:22.092 | Step 1282 | Particle 29 | GLOBAL BEST ACHIEVED!
Global Improvement: 9.76562500000222e-5
All moves in this step:
  Move 1: TRIPLE_SWAP | Indices: (45, 157, 21) | Local Improvement: 9.76562500000222e-5
=================================================================================
=================================================================================
2026-01-29T08:15:40.108 | Step 1442 | Particle 66 | GLOBAL BEST ACHIEVED!
Global Improvement: 0.0010677083333332504
All moves in this step:
  Move 1: GUIDED_SWAP_TO_PBEST | Indices: (214, 71) | Local Improvement: 0.0
  Move 2: GUIDED_SWAP_TO_PBEST | Indices: (89, 153) | Local Improvement: 0.0
  Move 3: GUIDED_SWAP_TO_PBEST | Indices: (31, 83) | Local Improvement: 0.0
  Move 4: GUIDED_SWAP_TO_PBEST | Indices: (56, 115) | Local Improvement: 0.0
  Move 5: GUIDED_SWAP_TO_GBEST | Indices: (211, 73) | Local Improvement: 0.0
  Move 6: TRIPLE_SWAP | Indices: (122, 7, 166) | Local Improvement: 0.0010677083333332504
=================================================================================
=================================================================================
2026-01-29T08:15:43.132 | Step 1469 | Particle 69 | GLOBAL BEST ACHIEVED!
Global Improvement: 9.76562500000222e-5
All moves in this step:
  Move 1: TRIPLE_SWAP | Indices: (199, 75, 163) | Local Improvement: 9.76562500000222e-5
=================================================================================
=================================================================================
2026-01-29T08:15:43.364 | Step 1471 | Particle 98 | GLOBAL BEST ACHIEVED!
Global Improvement: 0.0001953125000000444
All moves in this step:
  Move 1: GUIDED_SWAP_TO_PBEST | Indices: (199, 75) | Local Improvement: 0.0
  Move 2: GUIDED_SWAP_TO_PBEST | Indices: (193, 32) | Local Improvement: 0.0
  Move 3: GUIDED_SWAP_TO_PBEST | Indices: (16, 110) | Local Improvement: 0.0
  Move 4: GUIDED_SWAP_TO_PBEST | Indices: (62, 139) | Local Improvement: 0.0
  Move 5: GUIDED_SWAP_TO_PBEST | Indices: (33, 253) | Local Improvement: 0.0
  Move 6: GUIDED_SWAP_TO_GBEST | Indices: (75, 199) | Local Improvement: 0.0
  Move 7: GUIDED_SWAP_TO_PBEST | Indices: (75, 163) | Local Improvement: 0.0
  Move 8: GUIDED_SWAP_TO_PBEST | Indices: (163, 199) | Local Improvement: 0.0
  Move 9: GUIDED_SWAP_TO_GBEST | Indices: (75, 199) | Local Improvement: 0.0
  Move 10: GUIDED_SWAP_TO_GBEST | Indices: (163, 199) | Local Improvement: 0.0
  Move 11: GUIDED_SWAP_TO_PBEST | Indices: (199, 75) | Local Improvement: 0.0
  Move 12: GUIDED_SWAP_TO_PBEST | Indices: (163, 75) | Local Improvement: 0.0
  Move 13: GUIDED_SWAP_TO_GBEST | Indices: (75, 199) | Local Improvement: 0.0
  Move 14: GUIDED_SWAP_TO_GBEST | Indices: (199, 163) | Local Improvement: 0.0
  Move 15: RANDOM_SWAP | Indices: (52, 252) | Local Improvement: 0.0
=================================================================================
=================================================================================
2026-01-29T08:15:43.754 | Step 1475 | Particle 27 | GLOBAL BEST ACHIEVED!
Global Improvement: 9.76562500000222e-5
All moves in this step:
  Move 1: GUIDED_SWAP_TO_PBEST | Indices: (1, 18) | Local Improvement: 0.0
  Move 2: GUIDED_SWAP_TO_PBEST | Indices: (218, 37) | Local Improvement: 0.0
  Move 3: GUIDED_SWAP_TO_PBEST | Indices: (52, 252) | Local Improvement: 0.0
  Move 4: GUIDED_SWAP_TO_PBEST | Indices: (149, 14) | Local Improvement: 0.0
  Move 5: GUIDED_SWAP_TO_PBEST | Indices: (28, 183) | Local Improvement: 0.0
  Move 6: GUIDED_SWAP_TO_GBEST | Indices: (52, 252) | Local Improvement: 0.0
  Move 7: RANDOM_SWAP | Indices: (254, 229) | Local Improvement: 0.0
=================================================================================
=================================================================================
2026-01-29T08:21:30.504 | Step 4554 | Particle 65 | GLOBAL BEST ACHIEVED!
Global Improvement: 0.0009700520833333393
All moves in this step:
  Move 1: TRIPLE_SWAP | Indices: (33, 90, 46) | Local Improvement: 0.0009700520833333393
=================================================================================
=================================================================================
2026-01-29T08:21:33.379 | Step 4577 | Particle 87 | GLOBAL BEST ACHIEVED!
Global Improvement: 9.765624999991118e-5
All moves in this step:
  Move 1: RANDOM_SWAP | Indices: (28, 20) | Local Improvement: 0.0
=================================================================================
=================================================================================
2026-01-29T08:21:35.363 | Step 4594 | Particle 45 | GLOBAL BEST ACHIEVED!
Global Improvement: 9.76562500000222e-5
All moves in this step:
  Move 1: TRIPLE_SWAP | Indices: (192, 114, 170) | Local Improvement: 9.76562500000222e-5
=================================================================================
=================================================================================
2026-01-29T08:21:36.912 | Step 4608 | Particle 32 | GLOBAL BEST ACHIEVED!
Global Improvement: 0.0002929687500000666
All moves in this step:
  Move 1: TRIPLE_SWAP | Indices: (219, 27, 192) | Local Improvement: 0.0002929687500000666
=================================================================================
