# V4: PERTURBATION KAPALI - Ablation Study
# Started on: 2026-01-21T21:30:45.935

=================================================================================
2026-01-21T21:30:46.170 | Step 1 | Particle 3 | GLOBAL BEST!
Global Improvement: 0.0008789062499998668
  Move 1: TRIPLE_SWAP | Indices: (211, 85, 126)
=================================================================================
=================================================================================
2026-01-21T21:30:46.192 | Step 1 | Particle 12 | GLOBAL BEST!
Global Improvement: 0.003617311507936538
  Move 1: TRIPLE_SWAP | Indices: (225, 136, 135)
=================================================================================
=================================================================================
2026-01-21T21:30:46.535 | Step 2 | Particle 3 | GLOBAL BEST!
Global Improvement: 0.00024739583333333037
  Move 1: GUIDED_SWAP_TO_GBEST | Indices: (225, 135)
  Move 2: GUIDED_SWAP_TO_GBEST | Indices: (85, 126)
  Move 3: GUIDED_SWAP_TO_GBEST | Indices: (135, 136)
  Move 4: GUIDED_SWAP_TO_GBEST | Indices: (126, 211)
  Move 5: TRIPLE_SWAP | Indices: (156, 31, 61)
=================================================================================
=================================================================================
2026-01-21T21:30:46.547 | Step 2 | Particle 4 | GLOBAL BEST!
Global Improvement: 0.00019531249999982236
  Move 1: GUIDED_SWAP_TO_GBEST | Indices: (225, 135)
  Move 2: GUIDED_SWAP_TO_GBEST | Indices: (136, 135)
  Move 3: GUIDED_SWAP_TO_PBEST | Indices: (225, 136)
  Move 4: GUIDED_SWAP_TO_PBEST | Indices: (136, 135)
  Move 5: GUIDED_SWAP_TO_GBEST | Indices: (136, 225)
  Move 6: GUIDED_SWAP_TO_GBEST | Indices: (225, 135)
  Move 7: TRIPLE_SWAP | Indices: (52, 237, 205)
=================================================================================
=================================================================================
2026-01-21T21:30:46.548 | Step 2 | Particle 6 | GLOBAL BEST!
Global Improvement: 0.002057291666666794
  Move 1: GUIDED_SWAP_TO_GBEST | Indices: (12, 137)
  Move 2: GUIDED_SWAP_TO_GBEST | Indices: (137, 256)
  Move 3: GUIDED_SWAP_TO_GBEST | Indices: (136, 225)
  Move 4: GUIDED_SWAP_TO_GBEST | Indices: (135, 225)
  Move 5: GUIDED_SWAP_TO_PBEST | Indices: (137, 12)
  Move 6: GUIDED_SWAP_TO_PBEST | Indices: (136, 135)
  Move 7: GUIDED_SWAP_TO_PBEST | Indices: (225, 135)
  Move 8: GUIDED_SWAP_TO_PBEST | Indices: (256, 12)
  Move 9: GUIDED_SWAP_TO_GBEST | Indices: (225, 135)
  Move 10: GUIDED_SWAP_TO_GBEST | Indices: (136, 135)
  Move 11: GUIDED_SWAP_TO_GBEST | Indices: (12, 137)
  Move 12: GUIDED_SWAP_TO_GBEST | Indices: (256, 137)
  Move 13: GUIDED_SWAP_TO_PBEST | Indices: (256, 137)
  Move 14: GUIDED_SWAP_TO_PBEST | Indices: (225, 136)
  Move 15: GUIDED_SWAP_TO_PBEST | Indices: (137, 12)
  Move 16: GUIDED_SWAP_TO_PBEST | Indices: (135, 136)
  Move 17: GUIDED_SWAP_TO_GBEST | Indices: (135, 136)
  Move 18: GUIDED_SWAP_TO_GBEST | Indices: (136, 225)
  Move 19: GUIDED_SWAP_TO_GBEST | Indices: (256, 12)
  Move 20: GUIDED_SWAP_TO_GBEST | Indices: (12, 137)
  Move 21: TRIPLE_SWAP | Indices: (243, 182, 252)
=================================================================================
=================================================================================
2026-01-21T21:30:46.890 | Step 3 | Particle 2 | GLOBAL BEST!
Global Improvement: 0.00034505208333324155
  Move 1: GUIDED_SWAP_TO_GBEST | Indices: (182, 243)
  Move 2: GUIDED_SWAP_TO_GBEST | Indices: (252, 243)
  Move 3: GUIDED_SWAP_TO_PBEST | Indices: (182, 252)
  Move 4: GUIDED_SWAP_TO_PBEST | Indices: (243, 252)
  Move 5: GUIDED_SWAP_TO_GBEST | Indices: (182, 243)
  Move 6: GUIDED_SWAP_TO_GBEST | Indices: (243, 252)
  Move 7: GUIDED_SWAP_TO_PBEST | Indices: (182, 252)
  Move 8: GUIDED_SWAP_TO_PBEST | Indices: (252, 243)
  Move 9: GUIDED_SWAP_TO_GBEST | Indices: (252, 182)
  Move 10: GUIDED_SWAP_TO_GBEST | Indices: (243, 182)
  Move 11: TRIPLE_SWAP | Indices: (254, 153, 114)
=================================================================================
=================================================================================
2026-01-21T21:30:46.891 | Step 3 | Particle 3 | GLOBAL BEST!
Global Improvement: 0.00048828125
  Move 1: GUIDED_SWAP_TO_GBEST | Indices: (31, 61)
  Move 2: GUIDED_SWAP_TO_GBEST | Indices: (182, 243)
  Move 3: GUIDED_SWAP_TO_GBEST | Indices: (156, 61)
  Move 4: GUIDED_SWAP_TO_GBEST | Indices: (243, 252)
  Move 5: GUIDED_SWAP_TO_PBEST | Indices: (252, 243)
  Move 6: GUIDED_SWAP_TO_PBEST | Indices: (243, 182)
  Move 7: GUIDED_SWAP_TO_PBEST | Indices: (61, 31)
  Move 8: GUIDED_SWAP_TO_PBEST | Indices: (31, 156)
  Move 9: GUIDED_SWAP_TO_GBEST | Indices: (252, 182)
  Move 10: GUIDED_SWAP_TO_GBEST | Indices: (61, 156)
  Move 11: GUIDED_SWAP_TO_GBEST | Indices: (182, 243)
  Move 12: GUIDED_SWAP_TO_GBEST | Indices: (31, 156)
  Move 13: TRIPLE_SWAP | Indices: (146, 19, 42)
=================================================================================
=================================================================================
2026-01-21T21:30:46.897 | Step 3 | Particle 17 | GLOBAL BEST!
Global Improvement: 0.0012760416666668384
  Move 1: GUIDED_SWAP_TO_GBEST | Indices: (182, 243)
  Move 2: GUIDED_SWAP_TO_GBEST | Indices: (252, 243)
  Move 3: GUIDED_SWAP_TO_GBEST | Indices: (138, 144)
  Move 4: GUIDED_SWAP_TO_GBEST | Indices: (211, 144)
  Move 5: GUIDED_SWAP_TO_PBEST | Indices: (243, 182)
  Move 6: GUIDED_SWAP_TO_PBEST | Indices: (144, 138)
  Move 7: GUIDED_SWAP_TO_PBEST | Indices: (182, 252)
  Move 8: GUIDED_SWAP_TO_PBEST | Indices: (211, 138)
  Move 9: GUIDED_SWAP_TO_GBEST | Indices: (182, 243)
  Move 10: GUIDED_SWAP_TO_GBEST | Indices: (211, 138)
  Move 11: GUIDED_SWAP_TO_GBEST | Indices: (138, 144)
  Move 12: GUIDED_SWAP_TO_GBEST | Indices: (252, 243)
  Move 13: TRIPLE_SWAP | Indices: (134, 123, 75)
=================================================================================
=================================================================================
2026-01-21T21:30:46.914 | Step 3 | Particle 62 | GLOBAL BEST!
Global Improvement: 0.0007356770833333304
  Move 1: GUIDED_SWAP_TO_GBEST | Indices: (135, 136)
  Move 2: GUIDED_SWAP_TO_GBEST | Indices: (252, 182)
  Move 3: GUIDED_SWAP_TO_GBEST | Indices: (136, 225)
  Move 4: GUIDED_SWAP_TO_GBEST | Indices: (182, 243)
  Move 5: GUIDED_SWAP_TO_PBEST | Indices: (252, 243)
  Move 6: GUIDED_SWAP_TO_PBEST | Indices: (243, 182)
  Move 7: GUIDED_SWAP_TO_PBEST | Indices: (225, 136)
  Move 8: GUIDED_SWAP_TO_PBEST | Indices: (136, 135)
  Move 9: GUIDED_SWAP_TO_GBEST | Indices: (225, 135)
  Move 10: GUIDED_SWAP_TO_GBEST | Indices: (135, 136)
  Move 11: GUIDED_SWAP_TO_GBEST | Indices: (252, 182)
  Move 12: GUIDED_SWAP_TO_GBEST | Indices: (243, 182)
  Move 13: GUIDED_SWAP_TO_PBEST | Indices: (252, 243)
  Move 14: GUIDED_SWAP_TO_PBEST | Indices: (136, 135)
  Move 15: GUIDED_SWAP_TO_PBEST | Indices: (135, 225)
  Move 16: GUIDED_SWAP_TO_PBEST | Indices: (243, 182)
  Move 17: GUIDED_SWAP_TO_GBEST | Indices: (243, 252)
  Move 18: GUIDED_SWAP_TO_GBEST | Indices: (135, 136)
  Move 19: GUIDED_SWAP_TO_GBEST | Indices: (252, 182)
  Move 20: GUIDED_SWAP_TO_GBEST | Indices: (225, 136)
  Move 21: TRIPLE_SWAP | Indices: (75, 216, 52)
=================================================================================
=================================================================================
2026-01-21T21:30:47.067 | Step 4 | Particle 9 | GLOBAL BEST!
Global Improvement: 0.0002929687499999556
  Move 1: GUIDED_SWAP_TO_GBEST | Indices: (55, 159)
  Move 2: GUIDED_SWAP_TO_GBEST | Indices: (52, 216)
  Move 3: GUIDED_SWAP_TO_GBEST | Indices: (159, 63)
  Move 4: GUIDED_SWAP_TO_GBEST | Indices: (216, 75)
  Move 5: GUIDED_SWAP_TO_PBEST | Indices: (63, 159)
  Move 6: GUIDED_SWAP_TO_PBEST | Indices: (55, 159)
  Move 7: GUIDED_SWAP_TO_PBEST | Indices: (75, 216)
  Move 8: GUIDED_SWAP_TO_PBEST | Indices: (52, 216)
  Move 9: GUIDED_SWAP_TO_GBEST | Indices: (63, 55)
  Move 10: GUIDED_SWAP_TO_GBEST | Indices: (52, 216)
  Move 11: GUIDED_SWAP_TO_GBEST | Indices: (75, 216)
  Move 12: GUIDED_SWAP_TO_GBEST | Indices: (159, 55)
  Move 13: TRIPLE_SWAP | Indices: (140, 238, 53)
=================================================================================
=================================================================================
2026-01-21T21:30:47.072 | Step 4 | Particle 19 | GLOBAL BEST!
Global Improvement: 9.765624999991118e-5
  Move 1: GUIDED_SWAP_TO_GBEST | Indices: (52, 216)
  Move 2: GUIDED_SWAP_TO_GBEST | Indices: (216, 75)
  Move 3: GUIDED_SWAP_TO_PBEST | Indices: (52, 75)
  Move 4: GUIDED_SWAP_TO_PBEST | Indices: (75, 216)
  Move 5: GUIDED_SWAP_TO_GBEST | Indices: (75, 52)
  Move 6: GUIDED_SWAP_TO_GBEST | Indices: (216, 52)
  Move 7: TRIPLE_SWAP | Indices: (158, 86, 38)
=================================================================================
=================================================================================
2026-01-21T21:30:47.073 | Step 4 | Particle 21 | GLOBAL BEST!
Global Improvement: 0.000540364583333508
  Move 1: GUIDED_SWAP_TO_GBEST | Indices: (148, 153)
  Move 2: GUIDED_SWAP_TO_GBEST | Indices: (153, 45)
  Move 3: GUIDED_SWAP_TO_GBEST | Indices: (216, 75)
  Move 4: GUIDED_SWAP_TO_GBEST | Indices: (75, 52)
  Move 5: GUIDED_SWAP_TO_PBEST | Indices: (148, 45)
  Move 6: GUIDED_SWAP_TO_PBEST | Indices: (75, 216)
  Move 7: GUIDED_SWAP_TO_PBEST | Indices: (216, 52)
  Move 8: GUIDED_SWAP_TO_PBEST | Indices: (45, 153)
  Move 9: GUIDED_SWAP_TO_GBEST | Indices: (75, 52)
  Move 10: GUIDED_SWAP_TO_GBEST | Indices: (216, 52)
  Move 11: GUIDED_SWAP_TO_GBEST | Indices: (45, 148)
  Move 12: GUIDED_SWAP_TO_GBEST | Indices: (153, 148)
  Move 13: TRIPLE_SWAP | Indices: (35, 9, 134)
=================================================================================
=================================================================================
2026-01-21T21:30:47.079 | Step 4 | Particle 38 | GLOBAL BEST!
Global Improvement: 0.00019531249999982236
  Move 1: GUIDED_SWAP_TO_GBEST | Indices: (179, 26)
  Move 2: GUIDED_SWAP_TO_GBEST | Indices: (75, 52)
  Move 3: GUIDED_SWAP_TO_GBEST | Indices: (52, 216)
  Move 4: GUIDED_SWAP_TO_GBEST | Indices: (216, 26)
  Move 5: GUIDED_SWAP_TO_PBEST | Indices: (179, 216)
  Move 6: GUIDED_SWAP_TO_PBEST | Indices: (52, 75)
  Move 7: GUIDED_SWAP_TO_PBEST | Indices: (75, 26)
  Move 8: GUIDED_SWAP_TO_PBEST | Indices: (216, 26)
  Move 9: GUIDED_SWAP_TO_GBEST | Indices: (75, 52)
  Move 10: GUIDED_SWAP_TO_GBEST | Indices: (26, 52)
  Move 11: GUIDED_SWAP_TO_GBEST | Indices: (52, 216)
  Move 12: GUIDED_SWAP_TO_GBEST | Indices: (179, 216)
  Move 13: TRIPLE_SWAP | Indices: (6, 46, 161)
=================================================================================
=================================================================================
2026-01-21T21:30:47.110 | Step 4 | Particle 120 | GLOBAL BEST!
Global Improvement: 0.0013736979166667496
  Move 1: GUIDED_SWAP_TO_GBEST | Indices: (243, 252)
  Move 2: GUIDED_SWAP_TO_GBEST | Indices: (252, 182)
  Move 3: GUIDED_SWAP_TO_GBEST | Indices: (238, 167)
  Move 4: GUIDED_SWAP_TO_GBEST | Indices: (3, 178)
  Move 5: GUIDED_SWAP_TO_GBEST | Indices: (75, 52)
  Move 6: GUIDED_SWAP_TO_PBEST | Indices: (3, 178)
  Move 7: GUIDED_SWAP_TO_PBEST | Indices: (75, 52)
  Move 8: GUIDED_SWAP_TO_PBEST | Indices: (167, 238)
  Move 9: GUIDED_SWAP_TO_PBEST | Indices: (252, 243)
  Move 10: GUIDED_SWAP_TO_PBEST | Indices: (243, 182)
  Move 11: GUIDED_SWAP_TO_GBEST | Indices: (52, 216)
  Move 12: GUIDED_SWAP_TO_GBEST | Indices: (243, 252)
  Move 13: GUIDED_SWAP_TO_GBEST | Indices: (75, 216)
  Move 14: GUIDED_SWAP_TO_GBEST | Indices: (178, 212)
  Move 15: GUIDED_SWAP_TO_GBEST | Indices: (252, 182)
  Move 16: TRIPLE_SWAP | Indices: (111, 245, 82)
=================================================================================
=================================================================================
2026-01-21T21:30:47.264 | Step 5 | Particle 82 | GLOBAL BEST!
Global Improvement: 0.0002929687499999556
  Move 1: GUIDED_SWAP_TO_GBEST | Indices: (245, 111)
  Move 2: GUIDED_SWAP_TO_GBEST | Indices: (3, 212)
  Move 3: GUIDED_SWAP_TO_GBEST | Indices: (82, 111)
  Move 4: GUIDED_SWAP_TO_GBEST | Indices: (147, 167)
  Move 5: GUIDED_SWAP_TO_GBEST | Indices: (167, 238)
  Move 6: TRIPLE_SWAP | Indices: (248, 72, 8)
=================================================================================
=================================================================================
2026-01-21T21:30:47.429 | Step 6 | Particle 30 | GLOBAL BEST!
Global Improvement: 0.000540364583333508
  Move 1: GUIDED_SWAP_TO_PBEST | Indices: (243, 212)
  Move 2: GUIDED_SWAP_TO_PBEST | Indices: (212, 236)
  Move 3: GUIDED_SWAP_TO_PBEST | Indices: (82, 245)
  Move 4: GUIDED_SWAP_TO_GBEST | Indices: (245, 111)
  Move 5: GUIDED_SWAP_TO_GBEST | Indices: (238, 147)
  Move 6: GUIDED_SWAP_TO_GBEST | Indices: (212, 3)
  Move 7: GUIDED_SWAP_TO_GBEST | Indices: (167, 147)
  Move 8: GUIDED_SWAP_TO_PBEST | Indices: (3, 212)
  Move 9: GUIDED_SWAP_TO_PBEST | Indices: (238, 167)
  Move 10: GUIDED_SWAP_TO_PBEST | Indices: (245, 111)
  Move 11: GUIDED_SWAP_TO_PBEST | Indices: (167, 147)
  Move 12: GUIDED_SWAP_TO_GBEST | Indices: (245, 111)
  Move 13: GUIDED_SWAP_TO_GBEST | Indices: (111, 82)
  Move 14: GUIDED_SWAP_TO_GBEST | Indices: (238, 147)
  Move 15: GUIDED_SWAP_TO_GBEST | Indices: (8, 72)
  Move 16: GUIDED_SWAP_TO_GBEST | Indices: (212, 3)
  Move 17: GUIDED_SWAP_TO_PBEST | Indices: (245, 82)
  Move 18: GUIDED_SWAP_TO_PBEST | Indices: (8, 72)
  Move 19: GUIDED_SWAP_TO_PBEST | Indices: (3, 212)
  Move 20: GUIDED_SWAP_TO_GBEST | Indices: (8, 72)
  Move 21: GUIDED_SWAP_TO_GBEST | Indices: (72, 248)
  Move 22: GUIDED_SWAP_TO_GBEST | Indices: (82, 245)
  Move 23: GUIDED_SWAP_TO_GBEST | Indices: (212, 3)
  Move 24: GUIDED_SWAP_TO_GBEST | Indices: (147, 167)
  Move 25: TRIPLE_SWAP | Indices: (182, 215, 146)
=================================================================================
=================================================================================
2026-01-21T21:30:47.434 | Step 6 | Particle 41 | GLOBAL BEST!
Global Improvement: 9.765624999991118e-5
  Move 1: GUIDED_SWAP_TO_GBEST | Indices: (3, 212)
  Move 2: GUIDED_SWAP_TO_GBEST | Indices: (248, 8)
  Move 3: GUIDED_SWAP_TO_GBEST | Indices: (62, 200)
  Move 4: GUIDED_SWAP_TO_GBEST | Indices: (72, 8)
  Move 5: GUIDED_SWAP_TO_GBEST | Indices: (200, 71)
  Move 6: TRIPLE_SWAP | Indices: (230, 130, 63)
=================================================================================
=================================================================================
2026-01-21T21:30:47.438 | Step 6 | Particle 50 | GLOBAL BEST!
Global Improvement: 9.765625000013323e-5
  Move 1: GUIDED_SWAP_TO_GBEST | Indices: (248, 8)
  Move 2: GUIDED_SWAP_TO_GBEST | Indices: (193, 172)
  Move 3: GUIDED_SWAP_TO_GBEST | Indices: (8, 72)
  Move 4: GUIDED_SWAP_TO_GBEST | Indices: (147, 167)
  Move 5: GUIDED_SWAP_TO_PBEST | Indices: (193, 172)
  Move 6: GUIDED_SWAP_TO_PBEST | Indices: (8, 248)
  Move 7: GUIDED_SWAP_TO_PBEST | Indices: (72, 248)
  Move 8: GUIDED_SWAP_TO_PBEST | Indices: (147, 167)
  Move 9: GUIDED_SWAP_TO_GBEST | Indices: (242, 193)
  Move 10: GUIDED_SWAP_TO_GBEST | Indices: (8, 72)
  Move 11: GUIDED_SWAP_TO_GBEST | Indices: (248, 72)
  Move 12: GUIDED_SWAP_TO_GBEST | Indices: (193, 172)
  Move 13: GUIDED_SWAP_TO_GBEST | Indices: (167, 147)
  Move 14: TRIPLE_SWAP | Indices: (175, 226, 153)
=================================================================================
=================================================================================
2026-01-21T21:30:47.443 | Step 6 | Particle 63 | GLOBAL BEST!
Global Improvement: 0.0007356770833333304
  Move 1: GUIDED_SWAP_TO_PBEST | Indices: (245, 82)
  Move 2: GUIDED_SWAP_TO_PBEST | Indices: (238, 167)
  Move 3: GUIDED_SWAP_TO_PBEST | Indices: (147, 167)
  Move 4: GUIDED_SWAP_TO_PBEST | Indices: (111, 82)
  Move 5: GUIDED_SWAP_TO_PBEST | Indices: (212, 161)
  Move 6: GUIDED_SWAP_TO_GBEST | Indices: (82, 245)
  Move 7: GUIDED_SWAP_TO_GBEST | Indices: (238, 147)
  Move 8: GUIDED_SWAP_TO_GBEST | Indices: (248, 8)
  Move 9: GUIDED_SWAP_TO_GBEST | Indices: (245, 111)
  Move 10: GUIDED_SWAP_TO_GBEST | Indices: (147, 167)
  Move 11: GUIDED_SWAP_TO_GBEST | Indices: (53, 212)
  Move 12: GUIDED_SWAP_TO_GBEST | Indices: (161, 212)
  Move 13: GUIDED_SWAP_TO_GBEST | Indices: (72, 8)
  Move 14: GUIDED_SWAP_TO_PBEST | Indices: (248, 72)
  Move 15: GUIDED_SWAP_TO_PBEST | Indices: (3, 212)
  Move 16: GUIDED_SWAP_TO_PBEST | Indices: (147, 238)
  Move 17: GUIDED_SWAP_TO_PBEST | Indices: (161, 212)
  Move 18: GUIDED_SWAP_TO_PBEST | Indices: (212, 53)
  Move 19: GUIDED_SWAP_TO_GBEST | Indices: (212, 3)
  Move 20: GUIDED_SWAP_TO_GBEST | Indices: (147, 238)
  Move 21: GUIDED_SWAP_TO_GBEST | Indices: (248, 72)
  Move 22: GUIDED_SWAP_TO_GBEST | Indices: (161, 53)
  Move 23: GUIDED_SWAP_TO_GBEST | Indices: (53, 3)
  Move 24: TRIPLE_SWAP | Indices: (177, 129, 42)
=================================================================================
=================================================================================
2026-01-21T21:30:47.662 | Step 7 | Particle 8 | GLOBAL BEST!
Global Improvement: 0.0006380208333331971
  Move 1: GUIDED_SWAP_TO_GBEST | Indices: (177, 42)
  Move 2: GUIDED_SWAP_TO_GBEST | Indices: (42, 129)
  Move 3: GUIDED_SWAP_TO_PBEST | Indices: (42, 177)
  Move 4: GUIDED_SWAP_TO_PBEST | Indices: (129, 177)
  Move 5: GUIDED_SWAP_TO_GBEST | Indices: (177, 42)
  Move 6: GUIDED_SWAP_TO_GBEST | Indices: (42, 129)
  Move 7: GUIDED_SWAP_TO_PBEST | Indices: (129, 42)
  Move 8: GUIDED_SWAP_TO_PBEST | Indices: (42, 177)
  Move 9: GUIDED_SWAP_TO_GBEST | Indices: (42, 129)
  Move 10: GUIDED_SWAP_TO_GBEST | Indices: (129, 177)
  Move 11: TRIPLE_SWAP | Indices: (6, 173, 63)
=================================================================================
=================================================================================
2026-01-21T21:30:47.664 | Step 7 | Particle 13 | GLOBAL BEST!
Global Improvement: 9.765625000013323e-5
  Move 1: GUIDED_SWAP_TO_GBEST | Indices: (173, 193)
  Move 2: GUIDED_SWAP_TO_GBEST | Indices: (42, 129)
  Move 3: GUIDED_SWAP_TO_GBEST | Indices: (248, 8)
  Move 4: GUIDED_SWAP_TO_GBEST | Indices: (129, 177)
  Move 5: GUIDED_SWAP_TO_GBEST | Indices: (147, 167)
  Move 6: GUIDED_SWAP_TO_GBEST | Indices: (72, 8)
  Move 7: GUIDED_SWAP_TO_PBEST | Indices: (177, 129)
  Move 8: GUIDED_SWAP_TO_PBEST | Indices: (193, 173)
  Move 9: GUIDED_SWAP_TO_PBEST | Indices: (129, 42)
  Move 10: GUIDED_SWAP_TO_PBEST | Indices: (167, 147)
  Move 11: GUIDED_SWAP_TO_PBEST | Indices: (173, 219)
  Move 12: GUIDED_SWAP_TO_GBEST | Indices: (177, 42)
  Move 13: GUIDED_SWAP_TO_GBEST | Indices: (219, 173)
  Move 14: GUIDED_SWAP_TO_GBEST | Indices: (167, 147)
  Move 15: GUIDED_SWAP_TO_GBEST | Indices: (129, 42)
=================================================================================
=================================================================================
2026-01-21T21:30:47.680 | Step 7 | Particle 54 | GLOBAL BEST!
Global Improvement: 0.0009309895833333748
  Move 1: GUIDED_SWAP_TO_GBEST | Indices: (232, 248)
  Move 2: GUIDED_SWAP_TO_GBEST | Indices: (71, 248)
  Move 3: GUIDED_SWAP_TO_GBEST | Indices: (42, 129)
  Move 4: GUIDED_SWAP_TO_GBEST | Indices: (177, 129)
  Move 5: GUIDED_SWAP_TO_GBEST | Indices: (248, 8)
  Move 6: GUIDED_SWAP_TO_PBEST | Indices: (129, 42)
  Move 7: GUIDED_SWAP_TO_PBEST | Indices: (248, 232)
  Move 8: GUIDED_SWAP_TO_PBEST | Indices: (42, 177)
  Move 9: GUIDED_SWAP_TO_PBEST | Indices: (71, 8)
  Move 10: GUIDED_SWAP_TO_PBEST | Indices: (232, 8)
  Move 11: GUIDED_SWAP_TO_GBEST | Indices: (72, 71)
  Move 12: GUIDED_SWAP_TO_GBEST | Indices: (42, 129)
  Move 13: GUIDED_SWAP_TO_GBEST | Indices: (248, 8)
  Move 14: GUIDED_SWAP_TO_GBEST | Indices: (8, 71)
  Move 15: GUIDED_SWAP_TO_GBEST | Indices: (129, 177)
=================================================================================
=================================================================================
2026-01-21T21:30:47.828 | Step 8 | Particle 24 | GLOBAL BEST!
Global Improvement: 9.765624999991118e-5
  Move 1: GUIDED_SWAP_TO_GBEST | Indices: (163, 48)
  Move 2: GUIDED_SWAP_TO_GBEST | Indices: (71, 232)
  Move 3: GUIDED_SWAP_TO_GBEST | Indices: (48, 79)
  Move 4: GUIDED_SWAP_TO_PBEST | Indices: (48, 163)
  Move 5: GUIDED_SWAP_TO_PBEST | Indices: (232, 71)
  Move 6: GUIDED_SWAP_TO_PBEST | Indices: (79, 163)
  Move 7: GUIDED_SWAP_TO_GBEST | Indices: (163, 48)
  Move 8: GUIDED_SWAP_TO_GBEST | Indices: (71, 232)
  Move 9: GUIDED_SWAP_TO_GBEST | Indices: (48, 79)
  Move 10: GUIDED_SWAP_TO_PBEST | Indices: (48, 163)
  Move 11: GUIDED_SWAP_TO_PBEST | Indices: (163, 79)
  Move 12: GUIDED_SWAP_TO_PBEST | Indices: (71, 232)
  Move 13: GUIDED_SWAP_TO_GBEST | Indices: (71, 232)
  Move 14: GUIDED_SWAP_TO_GBEST | Indices: (48, 79)
  Move 15: GUIDED_SWAP_TO_GBEST | Indices: (79, 163)
  Move 16: TRIPLE_SWAP | Indices: (242, 63, 127)
=================================================================================
=================================================================================
2026-01-21T21:30:47.841 | Step 8 | Particle 58 | GLOBAL BEST!
Global Improvement: 0.0006380208333334192
  Move 1: GUIDED_SWAP_TO_GBEST | Indices: (71, 232)
  Move 2: TRIPLE_SWAP | Indices: (130, 206, 127)
=================================================================================
=================================================================================
2026-01-21T21:30:47.854 | Step 8 | Particle 91 | GLOBAL BEST!
Global Improvement: 0.00019531249999982236
  Move 1: GUIDED_SWAP_TO_GBEST | Indices: (232, 71)
  Move 2: GUIDED_SWAP_TO_GBEST | Indices: (60, 192)
  Move 3: GUIDED_SWAP_TO_GBEST | Indices: (192, 4)
  Move 4: GUIDED_SWAP_TO_PBEST | Indices: (71, 232)
  Move 5: GUIDED_SWAP_TO_PBEST | Indices: (192, 60)
  Move 6: GUIDED_SWAP_TO_PBEST | Indices: (60, 4)
  Move 7: GUIDED_SWAP_TO_GBEST | Indices: (232, 71)
  Move 8: GUIDED_SWAP_TO_GBEST | Indices: (4, 60)
  Move 9: GUIDED_SWAP_TO_GBEST | Indices: (192, 60)
  Move 10: GUIDED_SWAP_TO_PBEST | Indices: (60, 4)
  Move 11: GUIDED_SWAP_TO_PBEST | Indices: (71, 232)
  Move 12: GUIDED_SWAP_TO_PBEST | Indices: (192, 4)
  Move 13: GUIDED_SWAP_TO_GBEST | Indices: (232, 71)
  Move 14: GUIDED_SWAP_TO_GBEST | Indices: (4, 60)
  Move 15: GUIDED_SWAP_TO_GBEST | Indices: (192, 60)
  Move 16: TRIPLE_SWAP | Indices: (98, 220, 6)
=================================================================================
=================================================================================
2026-01-21T21:30:48.029 | Step 9 | Particle 143 | GLOBAL BEST!
Global Improvement: 0.0007356770833335524
  Move 1: GUIDED_SWAP_TO_GBEST | Indices: (220, 98)
  Move 2: GUIDED_SWAP_TO_GBEST | Indices: (98, 6)
  Move 3: GUIDED_SWAP_TO_PBEST | Indices: (98, 220)
  Move 4: GUIDED_SWAP_TO_PBEST | Indices: (6, 220)
  Move 5: GUIDED_SWAP_TO_GBEST | Indices: (220, 98)
  Move 6: GUIDED_SWAP_TO_GBEST | Indices: (6, 98)
  Move 7: GUIDED_SWAP_TO_PBEST | Indices: (98, 220)
  Move 8: GUIDED_SWAP_TO_PBEST | Indices: (220, 6)
  Move 9: GUIDED_SWAP_TO_GBEST | Indices: (6, 220)
  Move 10: GUIDED_SWAP_TO_GBEST | Indices: (220, 98)
  Move 11: TRIPLE_SWAP | Indices: (28, 8, 180)
=================================================================================
=================================================================================
2026-01-21T21:30:48.298 | Step 10 | Particle 25 | GLOBAL BEST!
Global Improvement: 9.765624999991118e-5
  Move 1: GUIDED_SWAP_TO_GBEST | Indices: (248, 178)
  Move 2: GUIDED_SWAP_TO_GBEST | Indices: (28, 180)
  Move 3: GUIDED_SWAP_TO_GBEST | Indices: (180, 8)
  Move 4: GUIDED_SWAP_TO_GBEST | Indices: (2, 238)
  Move 5: GUIDED_SWAP_TO_GBEST | Indices: (129, 177)
  Move 6: GUIDED_SWAP_TO_GBEST | Indices: (147, 167)
  Move 7: GUIDED_SWAP_TO_GBEST | Indices: (240, 178)
  Move 8: GUIDED_SWAP_TO_GBEST | Indices: (245, 111)
  Move 9: GUIDED_SWAP_TO_GBEST | Indices: (238, 167)
  Move 10: GUIDED_SWAP_TO_PBEST | Indices: (238, 2)
  Move 11: GUIDED_SWAP_TO_PBEST | Indices: (129, 177)
  Move 12: GUIDED_SWAP_TO_PBEST | Indices: (248, 240)
  Move 13: GUIDED_SWAP_TO_PBEST | Indices: (178, 240)
  Move 14: GUIDED_SWAP_TO_GBEST | Indices: (111, 82)
  Move 15: GUIDED_SWAP_TO_GBEST | Indices: (177, 129)
  Move 16: GUIDED_SWAP_TO_GBEST | Indices: (2, 238)
  Move 17: GUIDED_SWAP_TO_GBEST | Indices: (240, 248)
=================================================================================
=================================================================================
2026-01-21T21:30:48.300 | Step 10 | Particle 30 | GLOBAL BEST!
Global Improvement: 0.00034505208333324155
  Move 1: GUIDED_SWAP_TO_GBEST | Indices: (28, 180)
  Move 2: GUIDED_SWAP_TO_GBEST | Indices: (180, 8)
  Move 3: GUIDED_SWAP_TO_PBEST | Indices: (180, 28)
  Move 4: GUIDED_SWAP_TO_PBEST | Indices: (28, 8)
  Move 5: GUIDED_SWAP_TO_GBEST | Indices: (28, 180)
  Move 6: GUIDED_SWAP_TO_GBEST | Indices: (8, 180)
  Move 7: TRIPLE_SWAP | Indices: (215, 65, 116)
=================================================================================
=================================================================================
2026-01-21T21:30:48.304 | Step 10 | Particle 40 | GLOBAL BEST!
Global Improvement: 0.0001953125000000444
  Move 1: GUIDED_SWAP_TO_GBEST | Indices: (220, 98)
  Move 2: GUIDED_SWAP_TO_GBEST | Indices: (6, 98)
  Move 3: GUIDED_SWAP_TO_GBEST | Indices: (28, 180)
  Move 4: GUIDED_SWAP_TO_GBEST | Indices: (8, 180)
  Move 5: GUIDED_SWAP_TO_PBEST | Indices: (220, 6)
  Move 6: GUIDED_SWAP_TO_PBEST | Indices: (6, 98)
  Move 7: GUIDED_SWAP_TO_PBEST | Indices: (28, 8)
  Move 8: GUIDED_SWAP_TO_PBEST | Indices: (8, 180)
  Move 9: GUIDED_SWAP_TO_GBEST | Indices: (8, 28)
  Move 10: GUIDED_SWAP_TO_GBEST | Indices: (28, 180)
  Move 11: GUIDED_SWAP_TO_GBEST | Indices: (98, 6)
  Move 12: GUIDED_SWAP_TO_GBEST | Indices: (220, 6)
  Move 13: TRIPLE_SWAP | Indices: (112, 215, 127)
=================================================================================
=================================================================================
2026-01-21T21:30:48.336 | Step 10 | Particle 123 | GLOBAL BEST!
Global Improvement: 0.0001953125000000444
  Move 1: GUIDED_SWAP_TO_GBEST | Indices: (250, 124)
  Move 2: GUIDED_SWAP_TO_GBEST | Indices: (124, 46)
  Move 3: GUIDED_SWAP_TO_GBEST | Indices: (220, 6)
  Move 4: GUIDED_SWAP_TO_GBEST | Indices: (8, 28)
  Move 5: GUIDED_SWAP_TO_PBEST | Indices: (250, 46)
  Move 6: GUIDED_SWAP_TO_PBEST | Indices: (6, 220)
  Move 7: GUIDED_SWAP_TO_PBEST | Indices: (46, 124)
  Move 8: GUIDED_SWAP_TO_PBEST | Indices: (28, 8)
  Move 9: GUIDED_SWAP_TO_GBEST | Indices: (250, 124)
  Move 10: GUIDED_SWAP_TO_GBEST | Indices: (8, 28)
  Move 11: GUIDED_SWAP_TO_GBEST | Indices: (28, 180)
  Move 12: GUIDED_SWAP_TO_GBEST | Indices: (124, 46)
  Move 13: GUIDED_SWAP_TO_GBEST | Indices: (71, 232)
  Move 14: GUIDED_SWAP_TO_PBEST | Indices: (180, 28)
  Move 15: GUIDED_SWAP_TO_PBEST | Indices: (28, 8)
  Move 16: GUIDED_SWAP_TO_PBEST | Indices: (232, 71)
  Move 17: GUIDED_SWAP_TO_PBEST | Indices: (124, 250)
  Move 18: GUIDED_SWAP_TO_GBEST | Indices: (71, 232)
  Move 19: GUIDED_SWAP_TO_GBEST | Indices: (6, 220)
  Move 20: GUIDED_SWAP_TO_GBEST | Indices: (8, 28)
  Move 21: GUIDED_SWAP_TO_GBEST | Indices: (180, 28)
=================================================================================
=================================================================================
2026-01-21T21:30:48.347 | Step 10 | Particle 150 | GLOBAL BEST!
Global Improvement: 0.0007356770833333304
  Move 1: GUIDED_SWAP_TO_GBEST | Indices: (8, 28)
  Move 2: GUIDED_SWAP_TO_GBEST | Indices: (180, 28)
  Move 3: GUIDED_SWAP_TO_PBEST | Indices: (180, 28)
  Move 4: GUIDED_SWAP_TO_PBEST | Indices: (8, 28)
  Move 5: GUIDED_SWAP_TO_GBEST | Indices: (8, 28)
  Move 6: GUIDED_SWAP_TO_GBEST | Indices: (28, 180)
  Move 7: TRIPLE_SWAP | Indices: (150, 135, 146)
=================================================================================
=================================================================================
2026-01-21T21:30:48.478 | Step 11 | Particle 61 | GLOBAL BEST!
Global Improvement: 0.0001953125000000444
  Move 1: GUIDED_SWAP_TO_GBEST | Indices: (150, 146)
  Move 2: GUIDED_SWAP_TO_GBEST | Indices: (135, 146)
  Move 3: GUIDED_SWAP_TO_PBEST | Indices: (150, 135)
  Move 4: GUIDED_SWAP_TO_PBEST | Indices: (146, 135)
  Move 5: GUIDED_SWAP_TO_GBEST | Indices: (150, 146)
  Move 6: GUIDED_SWAP_TO_GBEST | Indices: (135, 146)
  Move 7: TRIPLE_SWAP | Indices: (30, 202, 107)
=================================================================================
=================================================================================
2026-01-21T21:30:48.831 | Step 13 | Particle 101 | GLOBAL BEST!
Global Improvement: 0.0007356770833333304
  Move 1: TRIPLE_SWAP | Indices: (40, 43, 120)
=================================================================================
=================================================================================
2026-01-21T21:30:49.108 | Step 15 | Particle 78 | GLOBAL BEST!
Global Improvement: 5.2083333333285964e-5
  Move 1: TRIPLE_SWAP | Indices: (70, 172, 231)
=================================================================================
=================================================================================
2026-01-21T21:30:49.126 | Step 15 | Particle 122 | GLOBAL BEST!
Global Improvement: 4.557291666662522e-5
  Move 1: TRIPLE_SWAP | Indices: (67, 144, 253)
=================================================================================
=================================================================================
2026-01-21T21:30:49.427 | Step 17 | Particle 177 | GLOBAL BEST!
Global Improvement: 0.0008333333333332416
  Move 1: TRIPLE_SWAP | Indices: (190, 206, 191)
=================================================================================
=================================================================================
2026-01-21T21:30:51.719 | Step 32 | Particle 56 | GLOBAL BEST!
Global Improvement: 0.0006380208333334192
  Move 1: TRIPLE_SWAP | Indices: (87, 106, 21)
=================================================================================
=================================================================================
2026-01-21T21:30:51.994 | Step 33 | Particle 148 | GLOBAL BEST!
Global Improvement: 9.765625000013323e-5
  Move 1: GUIDED_SWAP_TO_GBEST | Indices: (87, 21)
  Move 2: GUIDED_SWAP_TO_GBEST | Indices: (106, 21)
  Move 3: GUIDED_SWAP_TO_PBEST | Indices: (106, 21)
  Move 4: GUIDED_SWAP_TO_PBEST | Indices: (87, 21)
  Move 5: GUIDED_SWAP_TO_GBEST | Indices: (21, 106)
  Move 6: GUIDED_SWAP_TO_GBEST | Indices: (87, 106)
  Move 7: GUIDED_SWAP_TO_PBEST | Indices: (87, 106)
  Move 8: GUIDED_SWAP_TO_PBEST | Indices: (21, 106)
  Move 9: GUIDED_SWAP_TO_GBEST | Indices: (87, 21)
  Move 10: GUIDED_SWAP_TO_GBEST | Indices: (106, 21)
  Move 11: TRIPLE_SWAP | Indices: (21, 157, 8)
=================================================================================
=================================================================================
2026-01-21T21:30:52.009 | Step 33 | Particle 186 | GLOBAL BEST!
Global Improvement: 9.765624999991118e-5
  Move 1: GUIDED_SWAP_TO_GBEST | Indices: (106, 87)
  Move 2: GUIDED_SWAP_TO_GBEST | Indices: (21, 87)
  Move 3: GUIDED_SWAP_TO_PBEST | Indices: (106, 21)
  Move 4: GUIDED_SWAP_TO_PBEST | Indices: (87, 21)
  Move 5: GUIDED_SWAP_TO_GBEST | Indices: (106, 87)
  Move 6: GUIDED_SWAP_TO_GBEST | Indices: (21, 87)
  Move 7: TRIPLE_SWAP | Indices: (116, 29, 225)
=================================================================================
=================================================================================
2026-01-21T21:31:06.689 | Step 102 | Particle 136 | GLOBAL BEST!
Global Improvement: 0.000540364583333286
  Move 1: TRIPLE_SWAP | Indices: (236, 202, 228)
=================================================================================
=================================================================================
2026-01-21T21:31:06.898 | Step 103 | Particle 74 | GLOBAL BEST!
Global Improvement: 0.0001953125000000444
  Move 1: GUIDED_SWAP_TO_GBEST | Indices: (228, 202)
  Move 2: GUIDED_SWAP_TO_GBEST | Indices: (236, 202)
  Move 3: GUIDED_SWAP_TO_PBEST | Indices: (236, 202)
  Move 4: GUIDED_SWAP_TO_PBEST | Indices: (228, 202)
  Move 5: GUIDED_SWAP_TO_GBEST | Indices: (236, 228)
  Move 6: GUIDED_SWAP_TO_GBEST | Indices: (228, 202)
  Move 7: GUIDED_SWAP_TO_PBEST | Indices: (236, 202)
  Move 8: GUIDED_SWAP_TO_PBEST | Indices: (228, 202)
  Move 9: GUIDED_SWAP_TO_GBEST | Indices: (202, 236)
  Move 10: GUIDED_SWAP_TO_GBEST | Indices: (236, 228)
  Move 11: TRIPLE_SWAP | Indices: (61, 157, 202)
=================================================================================
=================================================================================
2026-01-21T21:31:07.548 | Step 106 | Particle 195 | GLOBAL BEST!
Global Improvement: 9.765624999991118e-5
  Move 1: TRIPLE_SWAP | Indices: (34, 37, 26)
=================================================================================
=================================================================================
2026-01-21T21:31:09.881 | Step 118 | Particle 196 | GLOBAL BEST!
Global Improvement: 0.0008333333333334636
  Move 1: TRIPLE_SWAP | Indices: (61, 124, 95)
=================================================================================
=================================================================================
2026-01-21T21:32:57.347 | Step 613 | Particle 152 | GLOBAL BEST!
Global Improvement: 0.0004427083333333748
  Move 1: TRIPLE_SWAP | Indices: (192, 26, 230)
=================================================================================
=================================================================================
2026-01-21T21:32:57.510 | Step 614 | Particle 7 | GLOBAL BEST!
Global Improvement: 0.0002929687499999556
  Move 1: GUIDED_SWAP_TO_GBEST | Indices: (230, 26)
  Move 2: GUIDED_SWAP_TO_GBEST | Indices: (192, 26)
  Move 3: GUIDED_SWAP_TO_PBEST | Indices: (26, 230)
  Move 4: GUIDED_SWAP_TO_PBEST | Indices: (192, 230)
  Move 5: GUIDED_SWAP_TO_GBEST | Indices: (192, 230)
  Move 6: GUIDED_SWAP_TO_GBEST | Indices: (26, 230)
  Move 7: TRIPLE_SWAP | Indices: (95, 110, 56)
=================================================================================
=================================================================================
2026-01-21T21:32:57.952 | Step 616 | Particle 17 | GLOBAL BEST!
Global Improvement: 9.765624999991118e-5
  Move 1: GUIDED_SWAP_TO_GBEST | Indices: (95, 56)
  Move 2: GUIDED_SWAP_TO_GBEST | Indices: (56, 110)
  Move 3: GUIDED_SWAP_TO_PBEST | Indices: (110, 56)
  Move 4: GUIDED_SWAP_TO_PBEST | Indices: (95, 56)
  Move 5: GUIDED_SWAP_TO_GBEST | Indices: (110, 95)
  Move 6: GUIDED_SWAP_TO_GBEST | Indices: (56, 95)
  Move 7: TRIPLE_SWAP | Indices: (233, 17, 110)
=================================================================================
=================================================================================
2026-01-21T21:32:58.219 | Step 617 | Particle 154 | GLOBAL BEST!
Global Improvement: 0.0003450520833334636
  Move 1: GUIDED_SWAP_TO_GBEST | Indices: (233, 110)
  Move 2: GUIDED_SWAP_TO_GBEST | Indices: (17, 110)
  Move 3: GUIDED_SWAP_TO_PBEST | Indices: (110, 233)
  Move 4: GUIDED_SWAP_TO_PBEST | Indices: (233, 17)
  Move 5: GUIDED_SWAP_TO_GBEST | Indices: (110, 17)
  Move 6: GUIDED_SWAP_TO_GBEST | Indices: (233, 17)
  Move 7: GUIDED_SWAP_TO_PBEST | Indices: (110, 233)
  Move 8: GUIDED_SWAP_TO_PBEST | Indices: (17, 233)
  Move 9: GUIDED_SWAP_TO_GBEST | Indices: (110, 17)
  Move 10: GUIDED_SWAP_TO_GBEST | Indices: (233, 17)
  Move 11: TRIPLE_SWAP | Indices: (209, 176, 202)
=================================================================================
=================================================================================
2026-01-21T21:32:58.414 | Step 618 | Particle 103 | GLOBAL BEST!
Global Improvement: 0.0003906249999998668
  Move 1: GUIDED_SWAP_TO_GBEST | Indices: (17, 56)
  Move 2: GUIDED_SWAP_TO_GBEST | Indices: (192, 230)
  Move 3: GUIDED_SWAP_TO_GBEST | Indices: (202, 176)
  Move 4: GUIDED_SWAP_TO_GBEST | Indices: (56, 110)
  Move 5: GUIDED_SWAP_TO_GBEST | Indices: (26, 230)
  Move 6: GUIDED_SWAP_TO_GBEST | Indices: (209, 176)
  Move 7: GUIDED_SWAP_TO_GBEST | Indices: (233, 95)
  Move 8: GUIDED_SWAP_TO_PBEST | Indices: (95, 233)
  Move 9: GUIDED_SWAP_TO_PBEST | Indices: (202, 209)
  Move 10: GUIDED_SWAP_TO_PBEST | Indices: (56, 233)
  Move 11: GUIDED_SWAP_TO_PBEST | Indices: (26, 230)
  Move 12: GUIDED_SWAP_TO_PBEST | Indices: (110, 233)
  Move 13: GUIDED_SWAP_TO_GBEST | Indices: (230, 26)
  Move 14: GUIDED_SWAP_TO_GBEST | Indices: (202, 209)
  Move 15: GUIDED_SWAP_TO_GBEST | Indices: (233, 95)
  Move 16: GUIDED_SWAP_TO_GBEST | Indices: (95, 56)
=================================================================================
=================================================================================
2026-01-21T21:33:00.720 | Step 629 | Particle 9 | GLOBAL BEST!
Global Improvement: 9.765625000013323e-5
  Move 1: TRIPLE_SWAP | Indices: (121, 150, 127)
=================================================================================
=================================================================================
2026-01-21T21:33:25.725 | Step 740 | Particle 130 | GLOBAL BEST!
Global Improvement: 0.0007356770833333304
  Move 1: TRIPLE_SWAP | Indices: (235, 9, 209)
=================================================================================
=================================================================================
2026-01-21T21:33:28.360 | Step 752 | Particle 71 | GLOBAL BEST!
Global Improvement: 9.765624999991118e-5
  Move 1: TRIPLE_SWAP | Indices: (34, 141, 224)
=================================================================================
=================================================================================
2026-01-21T21:34:47.593 | Step 1101 | Particle 59 | GLOBAL BEST!
Global Improvement: 0.0006380208333334192
  Move 1: TRIPLE_SWAP | Indices: (85, 102, 26)
=================================================================================
=================================================================================
2026-01-21T21:34:49.619 | Step 1110 | Particle 173 | GLOBAL BEST!
Global Improvement: 9.765624999991118e-5
  Move 1: TRIPLE_SWAP | Indices: (236, 133, 59)
=================================================================================
=================================================================================
2026-01-21T21:34:54.523 | Step 1132 | Particle 23 | GLOBAL BEST!
Global Improvement: 9.765624999991118e-5
  Move 1: TRIPLE_SWAP | Indices: (186, 87, 136)
=================================================================================
=================================================================================
2026-01-21T21:35:03.741 | Step 1173 | Particle 189 | GLOBAL BEST!
Global Improvement: 0.00018632192460321662
  Move 1: TRIPLE_SWAP | Indices: (89, 74, 251)
=================================================================================
=================================================================================
2026-01-21T21:35:04.117 | Step 1175 | Particle 23 | GLOBAL BEST!
Global Improvement: 0.0003906250000000888
  Move 1: TRIPLE_SWAP | Indices: (171, 137, 22)
=================================================================================
=================================================================================
2026-01-21T21:35:04.384 | Step 1176 | Particle 154 | GLOBAL BEST!
Global Improvement: 0.0007356770833333304
  Move 1: GUIDED_SWAP_TO_GBEST | Indices: (137, 171)
  Move 2: GUIDED_SWAP_TO_GBEST | Indices: (171, 22)
  Move 3: GUIDED_SWAP_TO_PBEST | Indices: (171, 137)
  Move 4: GUIDED_SWAP_TO_PBEST | Indices: (22, 137)
  Move 5: GUIDED_SWAP_TO_GBEST | Indices: (137, 171)
  Move 6: GUIDED_SWAP_TO_GBEST | Indices: (171, 22)
  Move 7: TRIPLE_SWAP | Indices: (82, 212, 15)
=================================================================================
=================================================================================
2026-01-21T21:35:05.635 | Step 1182 | Particle 117 | GLOBAL BEST!
Global Improvement: 0.0001953125000000444
  Move 1: TRIPLE_SWAP | Indices: (125, 246, 163)
=================================================================================
=================================================================================
2026-01-21T21:35:07.958 | Step 1193 | Particle 9 | GLOBAL BEST!
Global Improvement: 0.0007356770833333304
  Move 1: TRIPLE_SWAP | Indices: (233, 107, 177)
=================================================================================
=================================================================================
2026-01-21T21:35:09.689 | Step 1201 | Particle 35 | GLOBAL BEST!
Global Improvement: 9.765624999991118e-5
  Move 1: TRIPLE_SWAP | Indices: (62, 251, 165)
=================================================================================
