# Global Best Swaps Only - COMPOSITE FITNESS MODE WITH EARLY STOPPING
# Started on: 2026-01-29T14:27:27.969
# Format: Timestamp | Step | Particle | Operation | Indices | Local | Global | Status
# Note: Each global best S-box is saved in debug_sboxes/ directory
# Using composite fitness function with NL, SAC, DDT, and Entropy
# Early stopping enabled based on NL threshold

=================================================================================
2026-01-29T14:27:43.332 | Step 14 | Particle 874 | GLOBAL BEST ACHIEVED!
Global Improvement: 0.0001953125000000444
All moves in this step:
  Move 1: RANDOM_SWAP | Indices: (90, 175) | Local Improvement: 0.0
=================================================================================
=================================================================================
2026-01-29T14:27:58.164 | Step 28 | Particle 105 | GLOBAL BEST ACHIEVED!
Global Improvement: 9.765624999991118e-5
All moves in this step:
  Move 1: TRIPLE_SWAP | Indices: (28, 204, 72) | Local Improvement: 9.765624999991118e-5
=================================================================================
=================================================================================
2026-01-29T14:28:02.893 | Step 32 | Particle 537 | GLOBAL BEST ACHIEVED!
Global Improvement: 9.76562500000222e-5
All moves in this step:
  Move 1: TRIPLE_SWAP | Indices: (13, 181, 55) | Local Improvement: 9.76562500000222e-5
=================================================================================
=================================================================================
2026-01-29T14:28:07.166 | Step 36 | Particle 618 | GLOBAL BEST ACHIEVED!
Global Improvement: 9.76562500000222e-5
All moves in this step:
  Move 1: TRIPLE_SWAP | Indices: (249, 134, 224) | Local Improvement: 9.76562500000222e-5
=================================================================================
=================================================================================
2026-01-29T14:28:12.761 | Step 42 | Particle 148 | GLOBAL BEST ACHIEVED!
Global Improvement: 9.76562500000222e-5
All moves in this step:
  Move 1: GUIDED_SWAP_TO_GBEST | Indices: (229, 212) | Local Improvement: 0.0
  Move 2: GUIDED_SWAP_TO_GBEST | Indices: (135, 129) | Local Improvement: 0.0
  Move 3: GUIDED_SWAP_TO_GBEST | Indices: (56, 77) | Local Improvement: 0.0
  Move 4: GUIDED_SWAP_TO_GBEST | Indices: (228, 251) | Local Improvement: 0.0
  Move 5: TRIPLE_SWAP | Indices: (248, 80, 226) | Local Improvement: 9.76562500000222e-5
=================================================================================
=================================================================================
2026-01-29T14:28:15.619 | Step 45 | Particle 464 | GLOBAL BEST ACHIEVED!
Global Improvement: 0.0001953124999999334
All moves in this step:
  Move 1: TRIPLE_SWAP | Indices: (235, 4, 210) | Local Improvement: 0.0001953124999999334
=================================================================================
=================================================================================
2026-01-29T14:28:16.340 | Step 46 | Particle 102 | GLOBAL BEST ACHIEVED!
Global Improvement: 9.76562500000222e-5
All moves in this step:
  Move 1: GUIDED_SWAP_TO_GBEST | Indices: (4, 235) | Local Improvement: 0.0
  Move 2: GUIDED_SWAP_TO_GBEST | Indices: (210, 235) | Local Improvement: 0.0
  Move 3: GUIDED_SWAP_TO_PBEST | Indices: (235, 4) | Local Improvement: 0.0
  Move 4: GUIDED_SWAP_TO_PBEST | Indices: (4, 210) | Local Improvement: 0.0
  Move 5: GUIDED_SWAP_TO_GBEST | Indices: (210, 4) | Local Improvement: 0.0
  Move 6: GUIDED_SWAP_TO_GBEST | Indices: (235, 4) | Local Improvement: 0.0
  Move 7: TRIPLE_SWAP | Indices: (216, 244, 62) | Local Improvement: 9.76562500000222e-5
=================================================================================
=================================================================================
2026-01-29T14:28:17.585 | Step 47 | Particle 877 | GLOBAL BEST ACHIEVED!
Global Improvement: 9.76562500000222e-5
All moves in this step:
  Move 1: GUIDED_SWAP_TO_PBEST | Indices: (21, 123) | Local Improvement: 0.0
  Move 2: GUIDED_SWAP_TO_PBEST | Indices: (163, 22) | Local Improvement: 0.0
  Move 3: GUIDED_SWAP_TO_GBEST | Indices: (216, 62) | Local Improvement: 0.0
  Move 4: GUIDED_SWAP_TO_GBEST | Indices: (248, 226) | Local Improvement: 0.0
  Move 5: GUIDED_SWAP_TO_GBEST | Indices: (210, 4) | Local Improvement: 0.0
  Move 6: GUIDED_SWAP_TO_GBEST | Indices: (226, 80) | Local Improvement: 0.0
  Move 7: GUIDED_SWAP_TO_GBEST | Indices: (4, 235) | Local Improvement: 0.0
  Move 8: GUIDED_SWAP_TO_PBEST | Indices: (248, 80) | Local Improvement: 0.0
  Move 9: GUIDED_SWAP_TO_PBEST | Indices: (80, 226) | Local Improvement: 0.0
  Move 10: GUIDED_SWAP_TO_PBEST | Indices: (235, 4) | Local Improvement: 0.0
  Move 11: GUIDED_SWAP_TO_PBEST | Indices: (62, 216) | Local Improvement: 0.0
  Move 12: GUIDED_SWAP_TO_GBEST | Indices: (80, 248) | Local Improvement: 0.0
  Move 13: GUIDED_SWAP_TO_GBEST | Indices: (226, 248) | Local Improvement: 0.0
  Move 14: GUIDED_SWAP_TO_GBEST | Indices: (4, 235) | Local Improvement: 0.0
  Move 15: GUIDED_SWAP_TO_GBEST | Indices: (244, 216) | Local Improvement: 0.0
  Move 16: GUIDED_SWAP_TO_PBEST | Indices: (226, 248) | Local Improvement: 0.0
  Move 17: GUIDED_SWAP_TO_PBEST | Indices: (248, 80) | Local Improvement: 0.0
  Move 18: GUIDED_SWAP_TO_PBEST | Indices: (216, 244) | Local Improvement: 0.0
  Move 19: GUIDED_SWAP_TO_PBEST | Indices: (4, 210) | Local Improvement: 0.0
  Move 20: GUIDED_SWAP_TO_GBEST | Indices: (226, 80) | Local Improvement: 0.0
  Move 21: GUIDED_SWAP_TO_GBEST | Indices: (248, 80) | Local Improvement: 0.0
  Move 22: GUIDED_SWAP_TO_GBEST | Indices: (216, 62) | Local Improvement: 0.0
  Move 23: GUIDED_SWAP_TO_GBEST | Indices: (210, 4) | Local Improvement: 0.0
=================================================================================
=================================================================================
2026-01-29T14:28:18.930 | Step 49 | Particle 176 | GLOBAL BEST ACHIEVED!
Global Improvement: 0.0003906249999999778
All moves in this step:
  Move 1: RANDOM_SWAP | Indices: (4, 192) | Local Improvement: 0.0
=================================================================================
=================================================================================
2026-01-29T14:28:19.633 | Step 50 | Particle 12 | GLOBAL BEST ACHIEVED!
Global Improvement: 9.76562500000222e-5
All moves in this step:
  Move 1: GUIDED_SWAP_TO_PBEST | Indices: (62, 244) | Local Improvement: 0.0
  Move 2: GUIDED_SWAP_TO_PBEST | Indices: (207, 113) | Local Improvement: 0.0
  Move 3: GUIDED_SWAP_TO_PBEST | Indices: (92, 7) | Local Improvement: 0.0
  Move 4: GUIDED_SWAP_TO_PBEST | Indices: (103, 246) | Local Improvement: 0.0
  Move 5: GUIDED_SWAP_TO_PBEST | Indices: (175, 19) | Local Improvement: 0.0
  Move 6: GUIDED_SWAP_TO_GBEST | Indices: (4, 192) | Local Improvement: 0.0
  Move 7: GUIDED_SWAP_TO_GBEST | Indices: (224, 195) | Local Improvement: 0.0
  Move 8: GUIDED_SWAP_TO_GBEST | Indices: (244, 62) | Local Improvement: 0.0
  Move 9: RANDOM_SWAP | Indices: (95, 240) | Local Improvement: 0.0
=================================================================================
=================================================================================
2026-01-29T14:28:19.785 | Step 50 | Particle 355 | GLOBAL BEST ACHIEVED!
Global Improvement: 0.0001953125000000444
All moves in this step:
  Move 1: GUIDED_SWAP_TO_GBEST | Indices: (4, 192) | Local Improvement: 0.0
  Move 2: GUIDED_SWAP_TO_PBEST | Indices: (192, 4) | Local Improvement: 0.0
  Move 3: GUIDED_SWAP_TO_GBEST | Indices: (4, 192) | Local Improvement: 0.0
  Move 4: GUIDED_SWAP_TO_PBEST | Indices: (192, 4) | Local Improvement: 0.0
  Move 5: GUIDED_SWAP_TO_GBEST | Indices: (192, 4) | Local Improvement: 0.0
  Move 6: TRIPLE_SWAP | Indices: (181, 122, 93) | Local Improvement: 0.0001953125000000444
=================================================================================
=================================================================================
2026-01-29T14:28:20.033 | Step 50 | Particle 970 | GLOBAL BEST ACHIEVED!
Global Improvement: 0.00048828125
All moves in this step:
  Move 1: GUIDED_SWAP_TO_GBEST | Indices: (192, 4) | Local Improvement: 0.0
  Move 2: GUIDED_SWAP_TO_PBEST | Indices: (4, 192) | Local Improvement: 0.0
  Move 3: GUIDED_SWAP_TO_GBEST | Indices: (4, 192) | Local Improvement: 0.0
  Move 4: GUIDED_SWAP_TO_PBEST | Indices: (192, 4) | Local Improvement: 0.0
  Move 5: GUIDED_SWAP_TO_GBEST | Indices: (4, 192) | Local Improvement: 0.0
  Move 6: TRIPLE_SWAP | Indices: (236, 167, 249) | Local Improvement: 0.00048828125
=================================================================================
=================================================================================
2026-01-29T14:28:21.508 | Step 52 | Particle 830 | GLOBAL BEST ACHIEVED!
Global Improvement: 9.76562500000222e-5
All moves in this step:
  Move 1: RANDOM_SWAP | Indices: (164, 228) | Local Improvement: 0.0
=================================================================================
=================================================================================
2026-01-29T14:28:26.463 | Step 59 | Particle 817 | GLOBAL BEST ACHIEVED!
Global Improvement: 9.76562500000222e-5
All moves in this step:
  Move 1: TRIPLE_SWAP | Indices: (244, 209, 5) | Local Improvement: 9.76562500000222e-5
=================================================================================
=================================================================================
2026-01-29T14:28:32.079 | Step 68 | Particle 244 | GLOBAL BEST ACHIEVED!
Global Improvement: 0.0002929687499999556
All moves in this step:
  Move 1: RANDOM_SWAP | Indices: (96, 144) | Local Improvement: 0.0
=================================================================================
=================================================================================
2026-01-29T14:28:39.420 | Step 78 | Particle 205 | GLOBAL BEST ACHIEVED!
Global Improvement: 0.0001953125000000444
All moves in this step:
  Move 1: TRIPLE_SWAP | Indices: (144, 67, 221) | Local Improvement: 0.0001953125000000444
=================================================================================
=================================================================================
2026-01-29T14:28:41.133 | Step 80 | Particle 468 | GLOBAL BEST ACHIEVED!
Global Improvement: 9.76562500000222e-5
All moves in this step:
  Move 1: GUIDED_SWAP_TO_GBEST | Indices: (221, 67) | Local Improvement: 0.0
  Move 2: GUIDED_SWAP_TO_GBEST | Indices: (144, 67) | Local Improvement: 0.0
  Move 3: RANDOM_SWAP | Indices: (95, 240) | Local Improvement: 0.0
=================================================================================
=================================================================================
2026-01-29T14:29:52.972 | Step 148 | Particle 988 | GLOBAL BEST ACHIEVED!
Global Improvement: 0.0014583333333333393
All moves in this step:
  Move 1: TRIPLE_SWAP | Indices: (188, 88, 130) | Local Improvement: 0.0014583333333333393
=================================================================================
